IQ-TREE multicore version 2.3.6 for MacOS ARM 64-bit built Aug  1 2024
Developed by Bui Quang Minh, Nguyen Lam Tung, Olga Chernomor, Heiko Schmidt,
Dominik Schrempf, Michael Woodhams, Ly Trong Nhan, Thomas Wong

Host:    karol.bx.psu.edu (SSE4.2, 16 GB RAM)
Command: /Users/kxp5629/tools/iqtree-2.3.6-macOS/bin/iqtree2 -s output/RBMY_RBMX_RRM-RBMX-like_domain/alignment.dedup.fasta -bb 1000 --prefix output/RBMY_RBMX_RRM-RBMX-like_domain/tree -keep-ident --redo -o GorGor_chrX_RBMX_148580455_nonP-closest-Q18.2B-at-983454_nonC_-
Seed:    71865 (Using SPRNG - Scalable Parallel Random Number Generator)
Time:    Thu Apr 23 17:32:06 2026
Kernel:  SSE2 - 1 threads (12 CPU cores detected)

HINT: Use -nt option to specify number of threads because your CPU has 12 cores!
HINT: -nt AUTO will automatically determine the best number of threads to use.

Reading alignment file output/RBMY_RBMX_RRM-RBMX-like_domain/alignment.dedup.fasta ... Fasta format detected
Reading fasta file: done in 7.41482e-05 secs using 83.62% CPU
Alignment most likely contains DNA/RNA sequences
Alignment has 20 sequences with 255 columns, 66 distinct patterns
24 parsimony-informative, 72 singleton sites, 159 constant sites
                                                                           Gap/Ambiguity  Composition  p-value
Analyzing sequences: done in 2.86102e-06 secs using 104.9% CPU
   1  GorGor_chrY_LOC129530238_19671638_nonP-closest-Q10B-at-60465_nonC_-          0.00%    passed     99.69%
   2  GorGor_chrY_LOC129530249_25725362_nonP-closest-Q13A-at-289492_nonC_-         0.00%    passed     99.80%
   3  GorGor_chrY_LOC129530256_15477440_nonP-closest-Q2A-at-428101_nonC_t          0.00%    passed     98.12%
   4  GorGor_chrY_LOC129530261_16137383_nonP-closest-Q2A-at-9455_nonC_-            0.00%    passed     98.40%
   5  GorGor_chrY_LOC129530243_19602754_Q10B_nonC_-                                0.00%    passed     99.57%
   6  GorGor_chrY_LOC129530266_16415999_Q2B_nonC_t                                 0.00%    passed     99.97%
   7  HomSap_chrY_RBMY1A1_22410130_Q7.3A_nonC_t                                    0.00%    passed     98.57%
   8  HomSap_chrY_RBMY1F_23239128_Q7.7B_nonC_t                                     0.00%    passed     99.50%
   9  PanPan_chrY_LOC129395525_32259993_Q7A_C3_-                                   0.00%    passed     99.69%
  10  PanPan_chrY_LOC129395779_29435508_Q9.3B_C3_t                                 0.00%    passed     99.69%
  11  PanTro_chrY_LOC740336_24040994_Q4A_C3_-                                      0.00%    passed     99.49%
  12  PanPan_chrY_LOC129395733_26495121_Q12.6A_C3_-                                0.00%    passed     99.46%
  13  GorGor_chrY_LOC129530259_15918165_Q2A_nonC_-                                 0.00%    passed     98.39%
  14  GorGor_chrY_LOC129530267_16438966_nonP-closest-Q2B-at-11653_nonC_t           0.00%    passed     99.80%
  15  PonAbe_chrY_LOC129053464_11360201_Q4A_C3_t                                   0.00%    passed     99.50%
  16  SymSyn_chrY_LOC129476690_19589548_Q6.1A_nonC_t                               0.00%    passed     97.47%
  17  SymSyn_chrY_LOC129476703_19871324_Q6.2A_nonC_-                               0.00%    passed     97.79%
  18  GorGor_chrY_LOC129530264_16264504_Q2B_nonC_t                                 0.00%    passed     99.96%
  19  PonPyg_chrY_LOC129025868-exPG_15712776_nonP-closest-Q4B-at-4388024_nonC_-    0.00%    passed     28.22%
  20  GorGor_chrX_RBMX_148580455_nonP-closest-Q18.2B-at-983454_nonC_-              0.00%    passed     50.01%
****  TOTAL                                                                        0.00%  0 sequences failed composition chi2 test (p-value<5%; df=3)


Create initial parsimony tree by phylogenetic likelihood library (PLL)... 0.000 seconds
Perform fast likelihood tree search using GTR+I+G model...
Estimate model parameters (epsilon = 5.000)
Perform nearest neighbor interchange...
Estimate model parameters (epsilon = 1.000)
1. Initial log-likelihood: -938.283
Optimal log-likelihood: -938.282
Rate parameters:  A-C: 1.33090  A-G: 3.74540  A-T: 0.66321  C-G: 3.32565  C-T: 2.50944  G-T: 1.00000
Base frequencies:  A: 0.362  C: 0.168  G: 0.229  T: 0.241
Proportion of invariable sites: 0.305
Gamma shape alpha: 4.936
Parameters optimization took 1 rounds (0.001 sec)
Time for fast ML tree search: 0.011 seconds

NOTE: ModelFinder requires 0 MB RAM!
ModelFinder will test up to 484 DNA models (sample size: 255 epsilon: 0.100) ...
 No. Model         -LnL         df  AIC          AICc         BIC
  1  GTR+F         943.414      45  1976.828     1996.636     2136.184
  2  GTR+F+I       938.480      46  1968.960     1989.748     2131.858
  3  GTR+F+G4      938.505      46  1969.010     1989.798     2131.908
  4  GTR+F+I+G4    938.282      47  1970.564     1992.361     2137.003
  5  GTR+F+R2      938.792      47  1971.583     1993.380     2138.023
  6  GTR+F+R3      938.658      49  1975.316     1999.218     2148.838
 14  GTR+F+I+R2    938.432      48  1972.864     1995.699     2142.844
 15  GTR+F+I+R3    938.351      50  1976.701     2001.701     2153.764
 23  SYM           955.148      42  1994.296     2011.334     2143.029
 24  SYM+I         950.577      43  1987.154     2005.088     2139.428
 25  SYM+G4        950.269      43  1986.537     2004.471     2138.812
 26  SYM+I+G4      950.248      44  1988.497     2007.354     2144.312
 27  SYM+R2        950.568      44  1989.137     2007.994     2144.952
 45  TVM+F         943.744      44  1975.488     1994.346     2131.304
 46  TVM+F+I       939.275      45  1968.550     1988.358     2127.907
 47  TVM+F+G4      939.230      45  1968.461     1988.269     2127.817
 48  TVM+F+I+G4    939.101      46  1970.202     1990.991     2133.100
 49  TVM+F+R2      939.363      46  1970.726     1991.514     2133.624
 67  TVMe          957.326      41  1996.652     2012.821     2141.844
 68  TVMe+I        953.651      42  1991.302     2008.340     2140.035
 69  TVMe+G4       953.326      42  1990.652     2007.690     2139.385
 70  TVMe+I+G4     953.409      43  1992.818     2010.752     2145.092
 71  TVMe+R2       953.485      43  1992.970     2010.904     2145.244
 89  TIM3+F        945.207      43  1976.415     1994.349     2128.689
 90  TIM3+F+I      941.290      44  1970.580     1989.438     2126.396
 91  TIM3+F+G4     941.030      44  1970.060     1988.917     2125.875
 92  TIM3+F+I+G4   941.061      45  1972.122     1991.931     2131.479
 93  TIM3+F+R2     941.170      45  1972.339     1992.148     2131.696
111  TIM3e         956.112      40  1992.224     2007.551     2133.874
112  TIM3e+I       952.023      41  1986.045     2002.214     2131.237
113  TIM3e+G4      951.485      41  1984.971     2001.140     2130.163
114  TIM3e+I+G4    951.624      42  1987.248     2004.286     2135.981
115  TIM3e+R2      951.720      42  1987.440     2004.478     2136.173
133  TIM2+F        948.754      43  1983.509     2001.442     2135.783
134  TIM2+F+I      943.995      44  1975.990     1994.848     2131.806
135  TIM2+F+G4     943.789      44  1975.577     1994.434     2131.393
136  TIM2+F+I+G4   943.695      45  1977.390     1997.199     2136.747
137  TIM2+F+R2     943.996      45  1977.993     1997.801     2137.350
155  TIM2e         958.322      40  1996.644     2011.971     2138.294
156  TIM2e+I       953.894      41  1989.789     2005.958     2134.981
157  TIM2e+G4      953.357      41  1988.713     2004.882     2133.905
158  TIM2e+I+G4    953.432      42  1990.863     2007.901     2139.596
159  TIM2e+R2      953.617      42  1991.234     2008.272     2139.967
177  TIM+F         950.108      43  1986.216     2004.150     2138.490
178  TIM+F+I       946.242      44  1980.483     1999.340     2136.299
179  TIM+F+G4      945.877      44  1979.753     1998.610     2135.569
180  TIM+F+I+G4    945.938      45  1981.875     2001.684     2141.232
181  TIM+F+R2      946.035      45  1982.070     2001.878     2141.427
199  TIMe          958.610      40  1997.220     2012.547     2138.871
200  TIMe+I        954.505      41  1991.010     2007.179     2136.202
201  TIMe+G4       953.889      41  1989.778     2005.947     2134.970
202  TIMe+I+G4     954.035      42  1992.070     2009.108     2140.803
203  TIMe+R2       954.118      42  1992.235     2009.273     2140.968
221  TPM3u+F       945.505      42  1975.010     1992.048     2123.743
222  TPM3u+F+I     941.872      43  1969.745     1987.679     2122.019
223  TPM3u+F+G4    941.574      43  1969.148     1987.081     2121.422
224  TPM3u+F+I+G4  941.644      44  1971.288     1990.145     2127.103
225  TPM3u+F+R2    941.703      44  1971.406     1990.263     2127.222
243  TPM3          958.218      39  1994.437     2008.948     2132.546
244  TPM3+I        954.846      40  1989.691     2005.019     2131.342
245  TPM3+G4       954.382      40  1988.765     2004.092     2130.415
246  TPM3+I+G4     954.552      41  1991.105     2007.274     2136.297
247  TPM3+R2       954.539      41  1991.078     2007.247     2136.269
265  TPM2u+F       949.090      42  1982.180     1999.217     2130.913
266  TPM2u+F+I     944.813      43  1975.625     1993.559     2127.900
267  TPM2u+F+G4    944.561      43  1975.123     1993.056     2127.397
268  TPM2u+F+I+G4  944.529      44  1977.059     1995.916     2132.874
269  TPM2u+F+R2    944.708      44  1977.417     1996.274     2133.232
287  TPM2          960.545      39  1999.089     2013.601     2137.199
288  TPM2+I        956.846      40  1993.693     2009.020     2135.343
289  TPM2+G4       956.392      40  1992.783     2008.110     2134.434
290  TPM2+I+G4     956.501      41  1995.001     2011.170     2140.193
291  TPM2+R2       956.560      41  1995.121     2011.290     2140.313
309  K3Pu+F        950.415      42  1984.831     2001.868     2133.564
310  K3Pu+F+I      946.834      43  1979.668     1997.602     2131.942
311  K3Pu+F+G4     946.471      43  1978.942     1996.876     2131.216
312  K3Pu+F+I+G4   946.551      44  1981.101     1999.958     2136.917
313  K3Pu+F+R2     946.613      44  1981.226     2000.083     2137.042
331  K3P           960.777      39  1999.554     2014.065     2137.663
332  K3P+I         957.294      40  1994.587     2009.914     2136.238
333  K3P+G4        956.795      40  1993.589     2008.916     2135.240
334  K3P+I+G4      956.947      41  1995.894     2012.063     2141.086
335  K3P+R2        956.958      41  1995.916     2012.085     2141.108
353  TN+F          950.198      42  1984.397     2001.434     2133.130
354  TN+F+I        946.367      43  1978.734     1996.668     2131.008
355  TN+F+G4       945.987      43  1977.974     1995.907     2130.248
356  TN+F+I+G4     946.039      44  1980.077     1998.934     2135.893
357  TN+F+R2       946.138      44  1980.277     1999.134     2136.092
375  TNe           958.892      39  1995.784     2010.296     2133.893
376  TNe+I         954.852      40  1989.703     2005.030     2131.354
377  TNe+G4        954.203      40  1988.407     2003.734     2130.057
378  TNe+I+G4      954.344      41  1990.688     2006.857     2135.880
379  TNe+R2        954.417      41  1990.833     2007.002     2136.025
397  HKY+F         950.507      41  1983.013     1999.182     2128.205
398  HKY+F+I       946.961      42  1977.921     1994.959     2126.655
399  HKY+F+G4      946.586      42  1977.173     1994.210     2125.906
400  HKY+F+I+G4    946.665      43  1979.330     1997.263     2131.604
401  HKY+F+R2      946.725      43  1979.451     1997.385     2131.725
419  K2P           961.057      38  1998.113     2011.835     2132.681
420  K2P+I         957.628      39  1993.256     2007.767     2131.365
421  K2P+G4        957.104      39  1992.208     2006.720     2130.318
422  K2P+I+G4      957.262      40  1994.523     2009.850     2136.174
423  K2P+R2        957.261      40  1994.523     2009.850     2136.173
441  F81+F         960.225      40  2000.450     2015.777     2142.101
442  F81+F+I       956.815      41  1995.630     2011.799     2140.822
443  F81+F+G4      956.453      41  1994.906     2011.075     2140.098
444  F81+F+I+G4    956.528      42  1997.056     2014.094     2145.789
445  F81+F+R2      956.583      42  1997.166     2014.203     2145.899
463  JC            971.348      37  2016.697     2029.655     2147.724
464  JC+I          968.073      38  2012.146     2025.868     2146.714
465  JC+G4         967.593      38  2011.185     2024.908     2145.753
466  JC+I+G4       967.733      39  2013.466     2027.977     2151.575
467  JC+R2         967.739      39  2013.478     2027.989     2151.587
Akaike Information Criterion:           TVM+F+G4
Corrected Akaike Information Criterion: TPM3u+F+G4
Bayesian Information Criterion:         TPM3u+F+G4
Best-fit model: TPM3u+F+G4 chosen according to BIC

All model information printed to output/RBMY_RBMX_RRM-RBMX-like_domain/tree.model.gz
CPU time for ModelFinder: 0.201 seconds (0h:0m:0s)
Wall-clock time for ModelFinder: 0.218 seconds (0h:0m:0s)
Generating 1000 samples for ultrafast bootstrap (seed: 71865)...

NOTE: 0 MB RAM (0 GB) is required!
Estimate model parameters (epsilon = 0.100)
1. Initial log-likelihood: -956.457
2. Current log-likelihood: -941.656
Optimal log-likelihood: -941.574
Rate parameters:  A-C: 2.64761  A-G: 4.05776  A-T: 1.00000  C-G: 2.64761  C-T: 4.05776  G-T: 1.00000
Base frequencies:  A: 0.362  C: 0.168  G: 0.229  T: 0.241
Gamma shape alpha: 1.190
Parameters optimization took 2 rounds (0.004 sec)
Wrote distance file to... 
Computing ML distances based on estimated model parameters...
Calculating distance matrix: done in 0.000751019 secs using 99.33% CPU
Computing ML distances took 0.000776 sec (of wall-clock time) 0.000764 sec (of CPU time)
Setting up auxiliary I and S matrices: done in 3.40939e-05 secs using 76.26% CPU
Computing RapidNJ tree took 0.000150 sec (of wall-clock time) 0.000099 sec (of CPU time)
Log-likelihood of RapidNJ tree: -944.663
--------------------------------------------------------------------
|             INITIALIZING CANDIDATE TREE SET                      |
--------------------------------------------------------------------
Generating 98 parsimony trees... 0.030 second
Computing log-likelihood of 98 initial trees ... 0.026 seconds
Current best score: -941.574

Do NNI search on 20 best initial trees
Estimate model parameters (epsilon = 0.100)
BETTER TREE FOUND at iteration 1: -941.572
BETTER TREE FOUND at iteration 2: -941.571
BETTER TREE FOUND at iteration 3: -941.571
BETTER TREE FOUND at iteration 4: -941.571
BETTER TREE FOUND at iteration 8: -941.571
Iteration 10 / LogL: -941.571 / Time: 0h:0m:0s
BETTER TREE FOUND at iteration 19: -941.571
Iteration 20 / LogL: -941.571 / Time: 0h:0m:0s
Finish initializing candidate tree set (19)
Current best tree score: -941.571 / CPU time: 0.159
Number of iterations: 20
--------------------------------------------------------------------
|               OPTIMIZING CANDIDATE TREE SET                      |
--------------------------------------------------------------------
Iteration 30 / LogL: -941.571 / Time: 0h:0m:0s (0h:0m:0s left)
Iteration 40 / LogL: -941.574 / Time: 0h:0m:0s (0h:0m:0s left)
BETTER TREE FOUND at iteration 43: -941.567
Iteration 50 / LogL: -941.567 / Time: 0h:0m:0s (0h:0m:0s left)
Log-likelihood cutoff on original alignment: -968.119
Iteration 60 / LogL: -943.598 / Time: 0h:0m:0s (0h:0m:0s left)
Iteration 70 / LogL: -941.567 / Time: 0h:0m:0s (0h:0m:0s left)
Iteration 80 / LogL: -941.567 / Time: 0h:0m:0s (0h:0m:0s left)
Iteration 90 / LogL: -944.129 / Time: 0h:0m:0s (0h:0m:0s left)
Iteration 100 / LogL: -941.567 / Time: 0h:0m:1s (0h:0m:0s left)
Log-likelihood cutoff on original alignment: -968.486
NOTE: Bootstrap correlation coefficient of split occurrence frequencies: 0.947
NOTE: UFBoot does not converge, continue at least 100 more iterations
Iteration 110 / LogL: -941.568 / Time: 0h:0m:1s (0h:0m:0s left)
Iteration 120 / LogL: -941.567 / Time: 0h:0m:1s (0h:0m:0s left)
BETTER TREE FOUND at iteration 127: -941.567
BETTER TREE FOUND at iteration 129: -941.567
Iteration 130 / LogL: -941.567 / Time: 0h:0m:1s (0h:0m:0s left)
Iteration 140 / LogL: -941.567 / Time: 0h:0m:1s (0h:0m:0s left)
Iteration 150 / LogL: -941.567 / Time: 0h:0m:1s (0h:0m:0s left)
Log-likelihood cutoff on original alignment: -969.563
BETTER TREE FOUND at iteration 157: -941.567
Iteration 160 / LogL: -941.567 / Time: 0h:0m:1s (0h:0m:0s left)
BETTER TREE FOUND at iteration 167: -941.567
Iteration 170 / LogL: -941.568 / Time: 0h:0m:1s (0h:0m:0s left)
BETTER TREE FOUND at iteration 172: -941.566
BETTER TREE FOUND at iteration 173: -941.566
Iteration 180 / LogL: -941.567 / Time: 0h:0m:1s (0h:0m:0s left)
Iteration 190 / LogL: -941.567 / Time: 0h:0m:1s (0h:0m:0s left)
BETTER TREE FOUND at iteration 191: -941.566
Iteration 200 / LogL: -942.361 / Time: 0h:0m:1s (0h:0m:0s left)
Log-likelihood cutoff on original alignment: -968.885
NOTE: Bootstrap correlation coefficient of split occurrence frequencies: 0.926
NOTE: UFBoot does not converge, continue at least 100 more iterations
BETTER TREE FOUND at iteration 204: -941.566
Iteration 210 / LogL: -942.686 / Time: 0h:0m:2s (0h:0m:0s left)
Iteration 220 / LogL: -941.567 / Time: 0h:0m:2s (0h:0m:0s left)
BETTER TREE FOUND at iteration 221: -941.566
BETTER TREE FOUND at iteration 222: -941.566
Iteration 230 / LogL: -941.567 / Time: 0h:0m:2s (0h:0m:0s left)
Iteration 240 / LogL: -941.574 / Time: 0h:0m:2s (0h:0m:0s left)
Iteration 250 / LogL: -941.567 / Time: 0h:0m:2s (0h:0m:0s left)
Log-likelihood cutoff on original alignment: -969.419
Iteration 260 / LogL: -941.567 / Time: 0h:0m:2s (0h:0m:0s left)
Iteration 270 / LogL: -941.568 / Time: 0h:0m:2s (0h:0m:0s left)
Iteration 280 / LogL: -944.128 / Time: 0h:0m:2s (0h:0m:0s left)
Iteration 290 / LogL: -941.567 / Time: 0h:0m:2s (0h:0m:0s left)
Iteration 300 / LogL: -941.567 / Time: 0h:0m:2s (0h:0m:0s left)
Log-likelihood cutoff on original alignment: -969.419
NOTE: Bootstrap correlation coefficient of split occurrence frequencies: 0.986
NOTE: UFBoot does not converge, continue at least 100 more iterations
Iteration 310 / LogL: -941.567 / Time: 0h:0m:3s (0h:0m:0s left)
Iteration 320 / LogL: -941.567 / Time: 0h:0m:3s (0h:0m:0s left)
Iteration 330 / LogL: -941.566 / Time: 0h:0m:3s (0h:0m:0s left)
Iteration 340 / LogL: -942.854 / Time: 0h:0m:3s (0h:0m:0s left)
Iteration 350 / LogL: -942.480 / Time: 0h:0m:3s (0h:0m:0s left)
Log-likelihood cutoff on original alignment: -969.419
Iteration 360 / LogL: -941.574 / Time: 0h:0m:3s (0h:0m:0s left)
BETTER TREE FOUND at iteration 368: -941.566
Iteration 370 / LogL: -941.567 / Time: 0h:0m:3s (0h:0m:0s left)
Iteration 380 / LogL: -941.566 / Time: 0h:0m:3s (0h:0m:0s left)
Iteration 390 / LogL: -946.847 / Time: 0h:0m:3s (0h:0m:0s left)
Iteration 400 / LogL: -944.543 / Time: 0h:0m:4s (0h:0m:0s left)
Log-likelihood cutoff on original alignment: -969.419
NOTE: Bootstrap correlation coefficient of split occurrence frequencies: 0.985
NOTE: UFBoot does not converge, continue at least 100 more iterations
BETTER TREE FOUND at iteration 408: -941.566
Iteration 410 / LogL: -941.566 / Time: 0h:0m:4s (0h:0m:0s left)
BETTER TREE FOUND at iteration 417: -941.566
Iteration 420 / LogL: -941.567 / Time: 0h:0m:4s (0h:0m:0s left)
Iteration 430 / LogL: -941.569 / Time: 0h:0m:4s (0h:0m:0s left)
UPDATE BEST LOG-LIKELIHOOD: -941.566
Iteration 440 / LogL: -941.567 / Time: 0h:0m:4s (0h:0m:0s left)
Iteration 450 / LogL: -941.574 / Time: 0h:0m:4s (0h:0m:0s left)
Log-likelihood cutoff on original alignment: -969.419
Iteration 460 / LogL: -941.573 / Time: 0h:0m:4s (0h:0m:0s left)
Iteration 470 / LogL: -941.568 / Time: 0h:0m:4s (0h:0m:0s left)
Iteration 480 / LogL: -941.567 / Time: 0h:0m:5s (0h:0m:0s left)
Iteration 490 / LogL: -953.241 / Time: 0h:0m:5s (0h:0m:0s left)
BETTER TREE FOUND at iteration 496: -941.566
Iteration 500 / LogL: -945.829 / Time: 0h:0m:5s (0h:0m:0s left)
Log-likelihood cutoff on original alignment: -970.150
NOTE: Bootstrap correlation coefficient of split occurrence frequencies: 0.988
NOTE: UFBoot does not converge, continue at least 100 more iterations
UPDATE BEST LOG-LIKELIHOOD: -941.566
Iteration 510 / LogL: -941.566 / Time: 0h:0m:5s (0h:0m:0s left)
Iteration 520 / LogL: -945.140 / Time: 0h:0m:5s (0h:0m:0s left)
Iteration 530 / LogL: -943.324 / Time: 0h:0m:5s (0h:0m:0s left)
Iteration 540 / LogL: -941.566 / Time: 0h:0m:5s (0h:0m:0s left)
Iteration 550 / LogL: -941.567 / Time: 0h:0m:6s (0h:0m:0s left)
Log-likelihood cutoff on original alignment: -970.150
Iteration 560 / LogL: -941.567 / Time: 0h:0m:6s (0h:0m:0s left)
Iteration 570 / LogL: -941.573 / Time: 0h:0m:6s (0h:0m:0s left)
UPDATE BEST LOG-LIKELIHOOD: -941.566
Iteration 580 / LogL: -941.566 / Time: 0h:0m:6s (0h:0m:0s left)
Iteration 590 / LogL: -941.567 / Time: 0h:0m:6s (0h:0m:0s left)
Iteration 600 / LogL: -941.567 / Time: 0h:0m:6s (0h:0m:0s left)
Log-likelihood cutoff on original alignment: -969.419
NOTE: Bootstrap correlation coefficient of split occurrence frequencies: 0.990
TREE SEARCH COMPLETED AFTER 600 ITERATIONS / Time: 0h:0m:6s

--------------------------------------------------------------------
|                    FINALIZING TREE SEARCH                        |
--------------------------------------------------------------------
Performs final model parameters optimization
Estimate model parameters (epsilon = 0.010)
1. Initial log-likelihood: -941.566
2. Current log-likelihood: -941.500
Optimal log-likelihood: -941.492
Rate parameters:  A-C: 2.65500  A-G: 4.28500  A-T: 1.00000  C-G: 2.65500  C-T: 4.28500  G-T: 1.00000
Base frequencies:  A: 0.362  C: 0.168  G: 0.229  T: 0.241
Gamma shape alpha: 1.028
Parameters optimization took 2 rounds (0.002 sec)
BEST SCORE FOUND : -941.492
Creating bootstrap support values...
Split supports printed to NEXUS file output/RBMY_RBMX_RRM-RBMX-like_domain/tree.splits.nex
Total tree length: 0.616

Total number of iterations: 600
CPU time used for tree search: 6.149 sec (0h:0m:6s)
Wall-clock time used for tree search: 6.414 sec (0h:0m:6s)
Total CPU time used: 6.390 sec (0h:0m:6s)
Total wall-clock time used: 6.707 sec (0h:0m:6s)

Computing bootstrap consensus tree...
Reading input file output/RBMY_RBMX_RRM-RBMX-like_domain/tree.splits.nex...
20 taxa and 646 splits.
Consensus tree written to output/RBMY_RBMX_RRM-RBMX-like_domain/tree.contree
Reading input trees file output/RBMY_RBMX_RRM-RBMX-like_domain/tree.contree
Log-likelihood of consensus tree: -941.498

Analysis results written to: 
  IQ-TREE report:                output/RBMY_RBMX_RRM-RBMX-like_domain/tree.iqtree
  Maximum-likelihood tree:       output/RBMY_RBMX_RRM-RBMX-like_domain/tree.treefile
  Likelihood distances:          output/RBMY_RBMX_RRM-RBMX-like_domain/tree.mldist

Ultrafast bootstrap approximation results written to:
  Split support values:          output/RBMY_RBMX_RRM-RBMX-like_domain/tree.splits.nex
  Consensus tree:                output/RBMY_RBMX_RRM-RBMX-like_domain/tree.contree
  Screen log file:               output/RBMY_RBMX_RRM-RBMX-like_domain/tree.log

Date and Time: Thu Apr 23 17:32:12 2026
