IQ-TREE multicore version 2.3.6 for MacOS ARM 64-bit built Aug  1 2024
Developed by Bui Quang Minh, Nguyen Lam Tung, Olga Chernomor, Heiko Schmidt,
Dominik Schrempf, Michael Woodhams, Ly Trong Nhan, Thomas Wong

Host:    karol.bx.psu.edu (SSE4.2, 16 GB RAM)
Command: /Users/kxp5629/tools/iqtree-2.3.6-macOS/bin/iqtree2 -s output/HSFY_HSF-DNA-binding_domain/alignment.clean.fasta -bb 1000 --prefix output/HSFY_HSF-DNA-binding_domain/tree -keep-ident --redo -o SymSyn_chrY_LOC129476741_-_129476741_-_LOC129476741_CDS,SymSyn_chrY_LOC129476748_-_129476748_-_LOC129476748_CDS__reversed_,SymSyn_chrY_LOC129476753_-_129476753_-_LOC129476753_CDS,SymSyn_chrY_LOC129476760_-_129476760_-_LOC129476760_CDS__reversed_,SymSyn_chrY_LOC129476768_-_129476768_-_LOC129476768_CDS__reversed_
Seed:    839172 (Using SPRNG - Scalable Parallel Random Number Generator)
Time:    Tue Apr 21 14:48:17 2026
Kernel:  SSE2 - 1 threads (12 CPU cores detected)

HINT: Use -nt option to specify number of threads because your CPU has 12 cores!
HINT: -nt AUTO will automatically determine the best number of threads to use.

Reading alignment file output/HSFY_HSF-DNA-binding_domain/alignment.clean.fasta ... Fasta format detected
Reading fasta file: done in 9.08375e-05 secs using 86.97% CPU
Alignment most likely contains DNA/RNA sequences
Alignment has 21 sequences with 345 columns, 23 distinct patterns
23 parsimony-informative, 2 singleton sites, 320 constant sites
                                                                    Gap/Ambiguity  Composition  p-value
Analyzing sequences: done in 2.86102e-06 secs using 104.9% CPU
   1  HomSap_chrY_HSFY1_-_86614_-_HSFY1_CDS                                 0.00%    passed     99.40%
   2  HomSap_chrY_HSFY2_-_159119_-_HSFY2_CDS__reversed_                     0.00%    passed     99.40%
   3  PonPyg_chrY_LOC129025837_-_129025837_-_LOC129025837_CDS__reversed_    0.00%    passed     99.99%
   4  PonPyg_chrY_LOC129025904_-_129025904_-_LOC129025904_CDS               0.00%    passed     99.82%
   5  PonPyg_chrY_LOC129025964_-_129025964_-_LOC129025964_CDS               0.00%    passed     99.82%
   6  PonPyg_chrY_LOC129025967_-_129025967_-_LOC129025967_CDS               0.00%    passed     99.82%
   7  PonAbe_chrY_LOC129053171_-_129053171_-_LOC129053171_CDS__reversed_    0.00%    passed     99.82%
   8  PonAbe_chrY_LOC129053184_-_129053184_-_LOC129053184_CDS__reversed_    0.00%    passed     99.82%
   9  PonAbe_chrY_LOC129053190_-_129053190_-_LOC129053190_CDS__reversed_    0.00%    passed     99.82%
  10  PonAbe_chrY_LOC129053362_-_129053362_-_LOC129053362_CDS               0.00%    passed     99.82%
  11  PonAbe_chrY_LOC129053487_-_129053487_-_LOC129053487_CDS__reversed_    0.00%    passed     99.82%
  12  SymSyn_chrY_LOC129476741_-_129476741_-_LOC129476741_CDS               0.00%    passed     99.35%
  13  SymSyn_chrY_LOC129476748_-_129476748_-_LOC129476748_CDS__reversed_    0.00%    passed     99.35%
  14  SymSyn_chrY_LOC129476753_-_129476753_-_LOC129476753_CDS               0.00%    passed     99.35%
  15  SymSyn_chrY_LOC129476760_-_129476760_-_LOC129476760_CDS__reversed_    0.00%    passed     99.35%
  16  SymSyn_chrY_LOC129476768_-_129476768_-_LOC129476768_CDS__reversed_    0.00%    passed     99.35%
  17  GorGor_chrY_LOC129530208_-_129530208_-_LOC129530208_CDS               0.00%    passed     98.84%
  18  GorGor_chrY_LOC129530236_-_129530236_-_LOC129530236_CDS__reversed_    0.00%    passed     99.69%
  19  GorGor_chrY_LOC129530237_-_129530237_-_LOC129530237_CDS               0.00%    passed     99.69%
  20  GorGor_chrY_LOC129530294_-_129530294_-_LOC129530294_CDS               0.00%    passed     99.69%
  21  GorGor_chrY_LOC129530295_-_129530295_-_LOC129530295_CDS__reversed_    0.00%    passed     99.69%
****  TOTAL                                                                 0.00%  0 sequences failed composition chi2 test (p-value<5%; df=3)


Create initial parsimony tree by phylogenetic likelihood library (PLL)... 0.000 seconds
Perform fast likelihood tree search using GTR+I+G model...
Estimate model parameters (epsilon = 5.000)
Perform nearest neighbor interchange...
Estimate model parameters (epsilon = 1.000)
1. Initial log-likelihood: -628.859
Optimal log-likelihood: -628.686
Rate parameters:  A-C: 1.11729  A-G: 3.61336  A-T: 0.00010  C-G: 4.16227  C-T: 1.77311  G-T: 1.00000
Warning! Some parameters hit the boundaries
Base frequencies:  A: 0.349  C: 0.170  G: 0.184  T: 0.297
Proportion of invariable sites: 0.461
Gamma shape alpha: 0.499
Parameters optimization took 1 rounds (0.001 sec)
Time for fast ML tree search: 0.005 seconds

NOTE: ModelFinder requires 0 MB RAM!
ModelFinder will test up to 484 DNA models (sample size: 345 epsilon: 0.100) ...
 No. Model         -LnL         df  AIC          AICc         BIC
  1  GTR+F         630.354      47  1354.708     1369.899     1535.354
  2  GTR+F+I       628.612      48  1353.224     1369.116     1537.714
  3  GTR+F+G4      628.554      48  1353.108     1369.000     1537.598
  4  GTR+F+I+G4    628.396      49  1354.793     1371.403     1543.127
  5  GTR+F+R2      629.104      49  1356.207     1372.818     1544.541
  6  GTR+F+R3      628.819      51  1359.639     1377.741     1555.660
 14  GTR+F+I+R2    628.566      50  1357.132     1374.479     1549.309
 15  GTR+F+I+R3    628.540      52  1361.080     1379.957     1560.944
 23  SYM           645.342      44  1378.684     1391.884     1547.800
 24  SYM+I         644.351      45  1378.703     1392.549     1551.662
 25  SYM+G4        644.211      45  1378.422     1392.268     1551.382
 26  SYM+I+G4      644.139      46  1380.277     1394.787     1557.080
 27  SYM+R2        644.506      46  1381.012     1395.522     1557.815
 45  TVM+F         630.875      46  1353.751     1368.261     1530.554
 46  TVM+F+I       629.244      47  1352.487     1367.679     1533.134
 47  TVM+F+G4      629.213      47  1352.425     1367.617     1533.072
 48  TVM+F+I+G4    629.093      48  1354.185     1370.077     1538.675
 49  TVM+F+R2      629.762      48  1355.525     1371.417     1540.015
 67  TVMe          646.298      43  1378.595     1391.167     1543.868
 68  TVMe+I        645.216      44  1378.432     1391.632     1547.548
 69  TVMe+G4       645.111      44  1378.222     1391.422     1547.338
 70  TVMe+I+G4     645.033      45  1380.066     1393.912     1553.026
 71  TVMe+R2       645.427      45  1380.854     1394.700     1553.814
 89  TIM3+F        635.284      45  1360.567     1374.413     1533.527
 90  TIM3+F+I      634.072      46  1360.143     1374.653     1536.946
 91  TIM3+F+G4     633.989      46  1359.977     1374.487     1536.780
 92  TIM3+F+I+G4   633.898      47  1361.796     1376.988     1542.443
 93  TIM3+F+R2     634.345      47  1362.689     1377.881     1543.336
111  TIM3e         649.193      42  1382.385     1394.345     1543.814
112  TIM3e+I       648.333      43  1382.665     1395.237     1547.938
113  TIM3e+G4      648.179      43  1382.357     1394.929     1547.630
114  TIM3e+I+G4    648.129      44  1384.257     1397.457     1553.373
115  TIM3e+R2      648.426      44  1384.852     1398.052     1553.968
133  TIM2+F        634.866      45  1359.732     1373.578     1532.691
134  TIM2+F+I      633.241      46  1358.482     1372.992     1535.285
135  TIM2+F+G4     633.213      46  1358.426     1372.936     1535.229
136  TIM2+F+I+G4   632.999      47  1359.998     1375.190     1540.645
137  TIM2+F+R2     633.744      47  1361.488     1376.680     1542.134
155  TIM2e         648.858      42  1381.717     1393.677     1543.146
156  TIM2e+I       647.793      43  1381.586     1394.158     1546.859
157  TIM2e+G4      647.663      43  1381.326     1393.897     1546.598
158  TIM2e+I+G4    647.550      44  1383.100     1396.300     1552.216
159  TIM2e+R2      647.970      44  1383.939     1397.139     1553.055
177  TIM+F         637.570      45  1365.140     1378.986     1538.099
178  TIM+F+I       636.538      46  1365.077     1379.587     1541.880
179  TIM+F+G4      636.410      46  1364.820     1379.330     1541.623
180  TIM+F+I+G4    636.327      47  1366.655     1381.847     1547.301
181  TIM+F+R2      636.688      47  1367.376     1382.568     1548.023
199  TIMe          650.632      42  1385.264     1397.224     1546.692
200  TIMe+I        649.829      43  1385.657     1398.229     1550.930
201  TIMe+G4       649.656      43  1385.313     1397.884     1550.585
202  TIMe+I+G4     649.611      44  1387.221     1400.421     1556.337
203  TIMe+R2       649.885      44  1387.771     1400.971     1556.887
221  TPM3u+F       636.000      44  1360.001     1373.201     1529.117
222  TPM3u+F+I     634.668      45  1359.337     1373.183     1532.296
223  TPM3u+F+G4    634.616      45  1359.231     1373.078     1532.191
224  TPM3u+F+I+G4  634.529      46  1361.059     1375.569     1537.862
225  TPM3u+F+R2    634.969      46  1361.938     1376.448     1538.741
243  TPM3          650.151      41  1382.302     1393.669     1539.888
244  TPM3+I        649.216      42  1382.433     1394.393     1543.862
245  TPM3+G4       649.087      42  1382.174     1394.135     1543.603
246  TPM3+I+G4     649.030      43  1384.061     1396.632     1549.333
247  TPM3+R2       649.318      43  1384.636     1397.207     1549.908
265  TPM2u+F       635.596      44  1359.192     1372.392     1528.308
266  TPM2u+F+I     633.986      45  1357.972     1371.818     1530.931
267  TPM2u+F+G4    633.966      45  1357.931     1371.777     1530.891
268  TPM2u+F+I+G4  633.774      46  1359.548     1374.058     1536.351
269  TPM2u+F+R2    634.437      46  1360.874     1375.384     1537.677
287  TPM2          649.835      41  1381.671     1393.037     1539.256
288  TPM2+I        648.652      42  1381.304     1393.265     1542.733
289  TPM2+G4       648.553      42  1381.106     1393.066     1542.534
290  TPM2+I+G4     648.429      43  1382.857     1395.429     1548.130
291  TPM2+R2       648.857      43  1383.714     1396.285     1548.986
309  K3Pu+F        638.292      44  1364.583     1377.783     1533.699
310  K3Pu+F+I      637.207      45  1364.415     1378.261     1537.374
311  K3Pu+F+G4     637.098      45  1364.196     1378.042     1537.156
312  K3Pu+F+I+G4   637.015      46  1366.029     1380.539     1542.832
313  K3Pu+F+R2     637.354      46  1366.707     1381.217     1543.510
331  K3P           651.598      41  1385.196     1396.562     1542.781
332  K3P+I         650.714      42  1385.428     1397.388     1546.857
333  K3P+G4        650.563      42  1385.127     1397.087     1546.556
334  K3P+I+G4      650.505      43  1387.011     1399.582     1552.283
335  K3P+R2        650.779      43  1387.557     1400.129     1552.830
353  TN+F          638.227      44  1364.454     1377.654     1533.570
354  TN+F+I        637.201      45  1364.402     1378.248     1537.362
355  TN+F+G4       637.071      45  1364.141     1377.988     1537.101
356  TN+F+I+G4     636.985      46  1365.969     1380.479     1542.772
357  TN+F+R2       637.316      46  1366.633     1381.143     1543.436
375  TNe           650.971      41  1383.942     1395.308     1541.527
376  TNe+I         650.147      42  1384.293     1396.254     1545.722
377  TNe+G4        649.977      42  1383.955     1395.915     1545.383
378  TNe+I+G4      649.926      43  1385.852     1398.424     1551.125
379  TNe+R2        650.188      43  1386.376     1398.948     1551.648
397  HKY+F         638.949      43  1363.897     1376.469     1529.170
398  HKY+F+I       637.868      44  1363.737     1376.937     1532.853
399  HKY+F+G4      637.757      44  1363.514     1376.714     1532.630
400  HKY+F+I+G4    637.669      45  1365.339     1379.185     1538.298
401  HKY+F+R2      638.004      45  1366.008     1379.854     1538.968
419  K2P           651.936      40  1383.873     1394.662     1537.614
420  K2P+I         651.029      41  1384.057     1395.424     1541.643
421  K2P+G4        650.882      41  1383.764     1395.131     1541.350
422  K2P+I+G4      650.819      42  1385.637     1397.597     1547.066
423  K2P+R2        651.094      42  1386.188     1398.149     1547.617
441  F81+F         641.391      42  1366.782     1378.742     1528.211
442  F81+F+I       640.406      43  1366.812     1379.383     1532.084
443  F81+F+G4      640.279      43  1366.559     1379.130     1531.831
444  F81+F+I+G4    640.209      44  1368.418     1381.618     1537.534
445  F81+F+R2      640.497      44  1368.994     1382.194     1538.110
463  JC            653.907      39  1385.815     1396.044     1535.713
464  JC+I          653.033      40  1386.065     1396.855     1539.807
465  JC+G4         652.884      40  1385.768     1396.557     1539.510
466  JC+I+G4       652.830      41  1387.660     1399.026     1545.245
467  JC+R2         653.083      41  1388.167     1399.533     1545.752
Akaike Information Criterion:           TVM+F+G4
Corrected Akaike Information Criterion: TVM+F+G4
Bayesian Information Criterion:         F81+F
Best-fit model: F81+F chosen according to BIC

All model information printed to output/HSFY_HSF-DNA-binding_domain/tree.model.gz
CPU time for ModelFinder: 0.124 seconds (0h:0m:0s)
Wall-clock time for ModelFinder: 0.127 seconds (0h:0m:0s)
Generating 1000 samples for ultrafast bootstrap (seed: 839172)...

NOTE: 0 MB RAM (0 GB) is required!
Estimate model parameters (epsilon = 0.100)
1. Initial log-likelihood: -641.396
Optimal log-likelihood: -641.391
Rate parameters:  A-C: 1.00000  A-G: 1.00000  A-T: 1.00000  C-G: 1.00000  C-T: 1.00000  G-T: 1.00000
Base frequencies:  A: 0.349  C: 0.170  G: 0.184  T: 0.297
Parameters optimization took 1 rounds (0.000 sec)
Wrote distance file to... 
Computing ML distances based on estimated model parameters...
Calculating distance matrix: done in 0.000366926 secs using 98.93% CPU
Computing ML distances took 0.000386 sec (of wall-clock time) 0.000376 sec (of CPU time)
Setting up auxiliary I and S matrices: done in 1.90735e-05 secs using 62.91% CPU
Computing RapidNJ tree took 0.000073 sec (of wall-clock time) 0.000048 sec (of CPU time)
Log-likelihood of RapidNJ tree: -641.395
--------------------------------------------------------------------
|             INITIALIZING CANDIDATE TREE SET                      |
--------------------------------------------------------------------
Generating 98 parsimony trees... 0.019 second
Computing log-likelihood of 98 initial trees ... 0.010 seconds
Current best score: -641.391

Do NNI search on 20 best initial trees
Estimate model parameters (epsilon = 0.100)
BETTER TREE FOUND at iteration 1: -641.391
BETTER TREE FOUND at iteration 6: -641.391
BETTER TREE FOUND at iteration 7: -641.391
BETTER TREE FOUND at iteration 10: -641.391
Iteration 10 / LogL: -641.391 / Time: 0h:0m:0s
Iteration 20 / LogL: -641.391 / Time: 0h:0m:0s
Finish initializing candidate tree set (20)
Current best tree score: -641.391 / CPU time: 0.050
Number of iterations: 20
--------------------------------------------------------------------
|               OPTIMIZING CANDIDATE TREE SET                      |
--------------------------------------------------------------------
Iteration 30 / LogL: -641.391 / Time: 0h:0m:0s (0h:0m:0s left)
Iteration 40 / LogL: -641.391 / Time: 0h:0m:0s (0h:0m:0s left)
BETTER TREE FOUND at iteration 50: -641.391
Iteration 50 / LogL: -641.391 / Time: 0h:0m:0s (0h:0m:0s left)
Log-likelihood cutoff on original alignment: -665.908
Iteration 60 / LogL: -641.391 / Time: 0h:0m:0s (0h:0m:0s left)
BETTER TREE FOUND at iteration 67: -641.391
Iteration 70 / LogL: -641.392 / Time: 0h:0m:0s (0h:0m:0s left)
BETTER TREE FOUND at iteration 80: -641.391
Iteration 80 / LogL: -641.391 / Time: 0h:0m:0s (0h:0m:0s left)
BETTER TREE FOUND at iteration 84: -641.391
BETTER TREE FOUND at iteration 88: -641.391
Iteration 90 / LogL: -641.391 / Time: 0h:0m:0s (0h:0m:0s left)
BETTER TREE FOUND at iteration 93: -641.391
Iteration 100 / LogL: -641.391 / Time: 0h:0m:0s (0h:0m:0s left)
Log-likelihood cutoff on original alignment: -665.908
NOTE: Bootstrap correlation coefficient of split occurrence frequencies: 0.823
NOTE: UFBoot does not converge, continue at least 100 more iterations
Iteration 110 / LogL: -641.392 / Time: 0h:0m:0s (0h:0m:0s left)
Iteration 120 / LogL: -641.391 / Time: 0h:0m:0s (0h:0m:0s left)
Iteration 130 / LogL: -641.391 / Time: 0h:0m:0s (0h:0m:0s left)
Iteration 140 / LogL: -641.392 / Time: 0h:0m:0s (0h:0m:0s left)
Iteration 150 / LogL: -641.391 / Time: 0h:0m:0s (0h:0m:0s left)
Log-likelihood cutoff on original alignment: -665.872
Iteration 160 / LogL: -641.392 / Time: 0h:0m:0s (0h:0m:0s left)
BETTER TREE FOUND at iteration 169: -641.391
Iteration 170 / LogL: -668.405 / Time: 0h:0m:0s (0h:0m:0s left)
Iteration 180 / LogL: -641.392 / Time: 0h:0m:0s (0h:0m:0s left)
BETTER TREE FOUND at iteration 181: -641.391
Iteration 190 / LogL: -641.391 / Time: 0h:0m:0s (0h:0m:0s left)
Iteration 200 / LogL: -641.391 / Time: 0h:0m:0s (0h:0m:0s left)
Log-likelihood cutoff on original alignment: -666.277
NOTE: Bootstrap correlation coefficient of split occurrence frequencies: 0.853
NOTE: UFBoot does not converge, continue at least 100 more iterations
Iteration 210 / LogL: -641.391 / Time: 0h:0m:0s (0h:0m:0s left)
BETTER TREE FOUND at iteration 218: -641.391
Iteration 220 / LogL: -641.391 / Time: 0h:0m:0s (0h:0m:0s left)
BETTER TREE FOUND at iteration 225: -641.391
Iteration 230 / LogL: -641.391 / Time: 0h:0m:0s (0h:0m:0s left)
Iteration 240 / LogL: -641.391 / Time: 0h:0m:0s (0h:0m:0s left)
BETTER TREE FOUND at iteration 247: -641.391
Iteration 250 / LogL: -641.391 / Time: 0h:0m:1s (0h:0m:0s left)
Log-likelihood cutoff on original alignment: -666.277
BETTER TREE FOUND at iteration 259: -641.391
Iteration 260 / LogL: -641.391 / Time: 0h:0m:1s (0h:0m:0s left)
Iteration 270 / LogL: -641.391 / Time: 0h:0m:1s (0h:0m:0s left)
Iteration 280 / LogL: -641.391 / Time: 0h:0m:1s (0h:0m:0s left)
Iteration 290 / LogL: -641.391 / Time: 0h:0m:1s (0h:0m:0s left)
Iteration 300 / LogL: -641.391 / Time: 0h:0m:1s (0h:0m:0s left)
Log-likelihood cutoff on original alignment: -666.277
NOTE: Bootstrap correlation coefficient of split occurrence frequencies: 0.887
NOTE: UFBoot does not converge, continue at least 100 more iterations
Iteration 310 / LogL: -641.392 / Time: 0h:0m:1s (0h:0m:0s left)
Iteration 320 / LogL: -641.391 / Time: 0h:0m:1s (0h:0m:0s left)
Iteration 330 / LogL: -641.391 / Time: 0h:0m:1s (0h:0m:0s left)
Iteration 340 / LogL: -641.391 / Time: 0h:0m:1s (0h:0m:0s left)
Iteration 350 / LogL: -641.391 / Time: 0h:0m:1s (0h:0m:0s left)
Log-likelihood cutoff on original alignment: -666.277
BETTER TREE FOUND at iteration 356: -641.391
Iteration 360 / LogL: -641.392 / Time: 0h:0m:1s (0h:0m:0s left)
Iteration 370 / LogL: -641.391 / Time: 0h:0m:1s (0h:0m:0s left)
Iteration 380 / LogL: -641.391 / Time: 0h:0m:1s (0h:0m:0s left)
Iteration 390 / LogL: -641.391 / Time: 0h:0m:1s (0h:0m:0s left)
Iteration 400 / LogL: -641.391 / Time: 0h:0m:1s (0h:0m:0s left)
Log-likelihood cutoff on original alignment: -666.277
NOTE: Bootstrap correlation coefficient of split occurrence frequencies: 0.902
NOTE: UFBoot does not converge, continue at least 100 more iterations
Iteration 410 / LogL: -641.391 / Time: 0h:0m:1s (0h:0m:0s left)
Iteration 420 / LogL: -641.391 / Time: 0h:0m:1s (0h:0m:0s left)
Iteration 430 / LogL: -641.391 / Time: 0h:0m:1s (0h:0m:0s left)
Iteration 440 / LogL: -641.392 / Time: 0h:0m:1s (0h:0m:0s left)
Iteration 450 / LogL: -641.392 / Time: 0h:0m:1s (0h:0m:0s left)
Log-likelihood cutoff on original alignment: -666.277
Iteration 460 / LogL: -641.391 / Time: 0h:0m:1s (0h:0m:0s left)
Iteration 470 / LogL: -641.392 / Time: 0h:0m:1s (0h:0m:0s left)
BETTER TREE FOUND at iteration 476: -641.391
Iteration 480 / LogL: -695.956 / Time: 0h:0m:2s (0h:0m:0s left)
Iteration 490 / LogL: -641.391 / Time: 0h:0m:2s (0h:0m:0s left)
Iteration 500 / LogL: -641.391 / Time: 0h:0m:2s (0h:0m:0s left)
Log-likelihood cutoff on original alignment: -666.277
NOTE: Bootstrap correlation coefficient of split occurrence frequencies: 0.906
NOTE: UFBoot does not converge, continue at least 100 more iterations
Iteration 510 / LogL: -641.391 / Time: 0h:0m:2s (0h:0m:0s left)
Iteration 520 / LogL: -641.391 / Time: 0h:0m:2s (0h:0m:0s left)
BETTER TREE FOUND at iteration 528: -641.391
Iteration 530 / LogL: -641.391 / Time: 0h:0m:2s (0h:0m:0s left)
Iteration 540 / LogL: -641.391 / Time: 0h:0m:2s (0h:0m:0s left)
Iteration 550 / LogL: -641.391 / Time: 0h:0m:2s (0h:0m:0s left)
Log-likelihood cutoff on original alignment: -666.277
Iteration 560 / LogL: -641.393 / Time: 0h:0m:2s (0h:0m:0s left)
Iteration 570 / LogL: -641.392 / Time: 0h:0m:2s (0h:0m:0s left)
Iteration 580 / LogL: -641.391 / Time: 0h:0m:2s (0h:0m:0s left)
Iteration 590 / LogL: -641.392 / Time: 0h:0m:2s (0h:0m:0s left)
Iteration 600 / LogL: -641.391 / Time: 0h:0m:2s (0h:0m:0s left)
Log-likelihood cutoff on original alignment: -666.277
NOTE: Bootstrap correlation coefficient of split occurrence frequencies: 0.858
NOTE: UFBoot does not converge, continue at least 100 more iterations
Iteration 610 / LogL: -641.391 / Time: 0h:0m:2s (0h:0m:0s left)
Iteration 620 / LogL: -641.393 / Time: 0h:0m:2s (0h:0m:0s left)
Iteration 630 / LogL: -641.391 / Time: 0h:0m:2s (0h:0m:0s left)
Iteration 640 / LogL: -641.393 / Time: 0h:0m:2s (0h:0m:0s left)
BETTER TREE FOUND at iteration 649: -641.391
Iteration 650 / LogL: -641.391 / Time: 0h:0m:2s (0h:0m:0s left)
Log-likelihood cutoff on original alignment: -666.277
Iteration 660 / LogL: -641.392 / Time: 0h:0m:2s (0h:0m:0s left)
Iteration 670 / LogL: -641.391 / Time: 0h:0m:3s (0h:0m:0s left)
Iteration 680 / LogL: -641.393 / Time: 0h:0m:3s (0h:0m:0s left)
Iteration 690 / LogL: -641.392 / Time: 0h:0m:3s (0h:0m:0s left)
Iteration 700 / LogL: -641.391 / Time: 0h:0m:3s (0h:0m:0s left)
Log-likelihood cutoff on original alignment: -666.277
NOTE: Bootstrap correlation coefficient of split occurrence frequencies: 0.857
NOTE: UFBoot does not converge, continue at least 100 more iterations
Iteration 710 / LogL: -641.391 / Time: 0h:0m:3s (0h:0m:0s left)
Iteration 720 / LogL: -668.405 / Time: 0h:0m:3s (0h:0m:0s left)
Iteration 730 / LogL: -641.391 / Time: 0h:0m:3s (0h:0m:0s left)
BETTER TREE FOUND at iteration 740: -641.391
Iteration 740 / LogL: -641.391 / Time: 0h:0m:3s (0h:0m:0s left)
Iteration 750 / LogL: -641.391 / Time: 0h:0m:3s (0h:0m:0s left)
Log-likelihood cutoff on original alignment: -666.277
Iteration 760 / LogL: -641.391 / Time: 0h:0m:3s (0h:0m:0s left)
Iteration 770 / LogL: -641.391 / Time: 0h:0m:3s (0h:0m:0s left)
Iteration 780 / LogL: -641.392 / Time: 0h:0m:3s (0h:0m:0s left)
Iteration 790 / LogL: -641.391 / Time: 0h:0m:3s (0h:0m:0s left)
Iteration 800 / LogL: -641.392 / Time: 0h:0m:3s (0h:0m:0s left)
Log-likelihood cutoff on original alignment: -666.277
NOTE: Bootstrap correlation coefficient of split occurrence frequencies: 0.885
NOTE: UFBoot does not converge, continue at least 100 more iterations
Iteration 810 / LogL: -641.391 / Time: 0h:0m:3s (0h:0m:0s left)
Iteration 820 / LogL: -641.391 / Time: 0h:0m:3s (0h:0m:0s left)
Iteration 830 / LogL: -659.736 / Time: 0h:0m:4s (0h:0m:0s left)
Iteration 840 / LogL: -641.391 / Time: 0h:0m:4s (0h:0m:0s left)
Iteration 850 / LogL: -641.391 / Time: 0h:0m:4s (0h:0m:0s left)
Log-likelihood cutoff on original alignment: -666.277
Iteration 860 / LogL: -641.391 / Time: 0h:0m:4s (0h:0m:0s left)
Iteration 870 / LogL: -708.075 / Time: 0h:0m:4s (0h:0m:0s left)
Iteration 880 / LogL: -641.391 / Time: 0h:0m:4s (0h:0m:0s left)
Iteration 890 / LogL: -641.392 / Time: 0h:0m:4s (0h:0m:0s left)
Iteration 900 / LogL: -641.392 / Time: 0h:0m:4s (0h:0m:0s left)
Log-likelihood cutoff on original alignment: -666.277
NOTE: Bootstrap correlation coefficient of split occurrence frequencies: 0.896
NOTE: UFBoot does not converge, continue at least 100 more iterations
Iteration 910 / LogL: -641.391 / Time: 0h:0m:4s (0h:0m:0s left)
Iteration 920 / LogL: -641.391 / Time: 0h:0m:4s (0h:0m:0s left)
Iteration 930 / LogL: -641.391 / Time: 0h:0m:4s (0h:0m:0s left)
Iteration 940 / LogL: -641.391 / Time: 0h:0m:4s (0h:0m:0s left)
Iteration 950 / LogL: -641.391 / Time: 0h:0m:4s (0h:0m:0s left)
Log-likelihood cutoff on original alignment: -666.277
Iteration 960 / LogL: -641.391 / Time: 0h:0m:4s (0h:0m:0s left)
BETTER TREE FOUND at iteration 963: -641.391
Iteration 970 / LogL: -641.391 / Time: 0h:0m:4s (0h:0m:0s left)
Iteration 980 / LogL: -641.393 / Time: 0h:0m:5s (0h:0m:0s left)
Iteration 990 / LogL: -641.391 / Time: 0h:0m:5s (0h:0m:0s left)
Iteration 1000 / LogL: -641.391 / Time: 0h:0m:5s (0h:0m:0s left)
Log-likelihood cutoff on original alignment: -666.277
NOTE: Bootstrap correlation coefficient of split occurrence frequencies: 0.908
NOTE: UFBoot does not converge, continue at least 100 more iterations
WARNING: bootstrap analysis did not converge. You should rerun with higher number of iterations (-nm option)
TREE SEARCH COMPLETED AFTER 1001 ITERATIONS / Time: 0h:0m:5s

--------------------------------------------------------------------
|                    FINALIZING TREE SEARCH                        |
--------------------------------------------------------------------
Performs final model parameters optimization
Estimate model parameters (epsilon = 0.010)
1. Initial log-likelihood: -641.391
Optimal log-likelihood: -641.391
Rate parameters:  A-C: 1.00000  A-G: 1.00000  A-T: 1.00000  C-G: 1.00000  C-T: 1.00000  G-T: 1.00000
Base frequencies:  A: 0.349  C: 0.170  G: 0.184  T: 0.297
Parameters optimization took 1 rounds (0.000 sec)
BEST SCORE FOUND : -641.391
Creating bootstrap support values...
Split supports printed to NEXUS file output/HSFY_HSF-DNA-binding_domain/tree.splits.nex
Total tree length: 0.080

Total number of iterations: 1001
CPU time used for tree search: 5.007 sec (0h:0m:5s)
Wall-clock time used for tree search: 5.078 sec (0h:0m:5s)
Total CPU time used: 5.156 sec (0h:0m:5s)
Total wall-clock time used: 5.238 sec (0h:0m:5s)

Computing bootstrap consensus tree...
Reading input file output/HSFY_HSF-DNA-binding_domain/tree.splits.nex...
21 taxa and 349 splits.
Consensus tree written to output/HSFY_HSF-DNA-binding_domain/tree.contree
Reading input trees file output/HSFY_HSF-DNA-binding_domain/tree.contree
Log-likelihood of consensus tree: -641.406

Analysis results written to: 
  IQ-TREE report:                output/HSFY_HSF-DNA-binding_domain/tree.iqtree
  Maximum-likelihood tree:       output/HSFY_HSF-DNA-binding_domain/tree.treefile
  Likelihood distances:          output/HSFY_HSF-DNA-binding_domain/tree.mldist

Ultrafast bootstrap approximation results written to:
  Split support values:          output/HSFY_HSF-DNA-binding_domain/tree.splits.nex
  Consensus tree:                output/HSFY_HSF-DNA-binding_domain/tree.contree
  Screen log file:               output/HSFY_HSF-DNA-binding_domain/tree.log

Date and Time: Tue Apr 21 14:48:23 2026
