IQ-TREE multicore version 2.3.6 for MacOS ARM 64-bit built Aug  1 2024
Developed by Bui Quang Minh, Nguyen Lam Tung, Olga Chernomor, Heiko Schmidt,
Dominik Schrempf, Michael Woodhams, Ly Trong Nhan, Thomas Wong

Host:    karol.bx.psu.edu (SSE4.2, 16 GB RAM)
Command: /Users/kxp5629/tools/iqtree-2.3.6-macOS/bin/iqtree2 -s output/CDY_CDYL_Chromodomain/alignment.dedup.fasta -bb 1000 --prefix output/CDY_CDYL_Chromodomain/tree -keep-ident --redo -o GorGor_chr5_CDYL_22394017_NA_nonC_t,HomSap_chr6_CDYL_4575080_NA_nonC_t,PanPan_chr5_CDYL_19400677_NA_nonC_t,PanTro_chr5_CDYL_10660151_NA_nonC_t,PonAbe_chr5_CDYL_4587803_NA_nonC_t,PonPyg_chr5_CDYL_4592538_NA_nonC_t,SymSyn_chr23_CDYL_65930269_NA_nonC_-
Seed:    161872 (Using SPRNG - Scalable Parallel Random Number Generator)
Time:    Thu Apr 23 17:25:36 2026
Kernel:  SSE2 - 1 threads (12 CPU cores detected)

HINT: Use -nt option to specify number of threads because your CPU has 12 cores!
HINT: -nt AUTO will automatically determine the best number of threads to use.

Reading alignment file output/CDY_CDYL_Chromodomain/alignment.dedup.fasta ... Fasta format detected
Reading fasta file: done in 0.00010705 secs using 40.17% CPU
Alignment most likely contains DNA/RNA sequences
Alignment has 19 sequences with 153 columns, 38 distinct patterns
42 parsimony-informative, 5 singleton sites, 106 constant sites
                                                                           Gap/Ambiguity  Composition  p-value
Analyzing sequences: done in 1.90735e-06 secs using 157.3% CPU
   1  GorGor_chrY_LOC129530301-exPG_16914474_nonP-closest-Q4.A-at-199039_nonC_t    0.00%    passed     86.45%
   2  HomSap_chrY_CDY1_26434508_nonP-closest-Q12B-at-66643_nonC_t                  0.00%    passed     79.15%
   3  PanPan_chrY_LOC129395542-exPG_7871634_nonP-closest-Q22B-at-452392_nonC_t     0.00%    passed     81.27%
   4  PanTro_chrY_LOC745547_5358723_nonP-closest-Q14B-at-988449_nonC_t             0.00%    passed     80.70%
   5  PonAbe_chrY_LOC129053503_51692121_Q30B_C1_t                                  0.00%    passed     66.20%
   6  PonAbe_chrY_LOC129053476_45770263_Q20B_C1_t                                  0.00%    passed     90.20%
   7  PonAbe_chrY_LOC129053442_37080427_Q7B_C1_t                                   0.00%    passed     81.54%
   8  PonAbe_chrY_LOC129053440_35954132_Q5.1B_C1_t                                 0.00%    passed     86.45%
   9  PonAbe_chrY_LOC129053358_52467350_Q31B_C1_t                                  0.00%    passed     97.67%
  10  PonAbe_chrY_LOC129053145_56048677_Q36B_C1_t                                  0.00%    passed     93.62%
  11  PonPyg_chrY_LOC129025896_25891571_Q5.1A_C1_-                                 0.00%    passed     76.23%
  12  SymSyn_chrY_LOC129476678_19362995_Q6.1A_nonC_-                               0.00%    passed     90.20%
  13  GorGor_chr5_CDYL_22394017_NA_nonC_t                                          0.00%    passed     60.56%
  14  HomSap_chr6_CDYL_4575080_NA_nonC_t                                           0.00%    passed     57.84%
  15  PanPan_chr5_CDYL_19400677_NA_nonC_t                                          0.00%    passed     60.45%
  16  PanTro_chr5_CDYL_10660151_NA_nonC_t                                          0.00%    passed     52.37%
  17  PonAbe_chr5_CDYL_4587803_NA_nonC_t                                           0.00%    passed     67.12%
  18  PonPyg_chr5_CDYL_4592538_NA_nonC_t                                           0.00%    passed     42.55%
  19  SymSyn_chr23_CDYL_65930269_NA_nonC_-                                         0.00%    passed     37.24%
****  TOTAL                                                                        0.00%  0 sequences failed composition chi2 test (p-value<5%; df=3)


Create initial parsimony tree by phylogenetic likelihood library (PLL)... 0.000 seconds
Perform fast likelihood tree search using GTR+I+G model...
Estimate model parameters (epsilon = 5.000)
Perform nearest neighbor interchange...
Estimate model parameters (epsilon = 1.000)
1. Initial log-likelihood: -520.252
Optimal log-likelihood: -520.224
Rate parameters:  A-C: 2.41773  A-G: 10.66563  A-T: 1.64813  C-G: 17.46112  C-T: 31.67218  G-T: 1.00000
Base frequencies:  A: 0.369  C: 0.139  G: 0.268  T: 0.223
Proportion of invariable sites: 0.331
Gamma shape alpha: 1.893
Parameters optimization took 1 rounds (0.004 sec)
Time for fast ML tree search: 0.024 seconds

NOTE: ModelFinder requires 0 MB RAM!
ModelFinder will test up to 484 DNA models (sample size: 153 epsilon: 0.100) ...
 No. Model         -LnL         df  AIC          AICc         BIC
  1  GTR+F         525.450      43  1136.900     1171.615     1267.209
  2  GTR+F+I       520.660      44  1129.320     1165.986     1262.659
  3  GTR+F+G4      520.192      44  1128.384     1165.051     1261.724
  4  GTR+F+I+G4    520.228      45  1130.457     1169.148     1266.827
  5  GTR+F+R2      520.580      45  1131.160     1169.852     1267.530
  6  GTR+F+R3      520.212      47  1134.425     1177.396     1276.855
 14  GTR+F+I+R2    520.360      46  1132.721     1173.513     1272.121
 15  GTR+F+I+R3    520.286      48  1136.572     1181.802     1282.033
 23  SYM           535.708      40  1151.415     1180.701     1272.633
 24  SYM+I         531.157      41  1144.314     1175.341     1268.562
 25  SYM+G4        530.677      41  1143.354     1174.381     1267.602
 26  SYM+I+G4      530.717      42  1145.435     1178.271     1272.713
 27  SYM+R2        531.003      42  1146.007     1178.843     1273.285
 45  TVM+F         530.120      42  1144.240     1177.076     1271.518
 46  TVM+F+I       524.788      43  1135.576     1170.292     1265.885
 47  TVM+F+G4      523.982      43  1133.964     1168.679     1264.273
 48  TVM+F+I+G4    523.958      44  1135.917     1172.583     1269.256
 49  TVM+F+R2      524.425      44  1136.851     1173.518     1270.190
 67  TVMe          536.523      39  1151.045     1178.656     1269.232
 68  TVMe+I        531.819      40  1143.638     1172.923     1264.855
 69  TVMe+G4       531.176      40  1142.351     1171.637     1263.569
 70  TVMe+I+G4     531.201      41  1144.401     1175.428     1268.649
 71  TVMe+R2       531.452      41  1144.905     1175.932     1269.153
 89  TIM3+F        528.638      41  1139.275     1170.302     1263.523
 90  TIM3+F+I      524.538      42  1133.077     1165.913     1260.355
 91  TIM3+F+G4     523.757      42  1131.515     1164.351     1258.793
 92  TIM3+F+I+G4   523.915      43  1133.830     1168.545     1264.138
 93  TIM3+F+R2     523.968      43  1133.936     1168.651     1264.244
111  TIM3e         538.419      38  1152.838     1178.838     1267.994
112  TIM3e+I       534.385      39  1146.771     1174.381     1264.958
113  TIM3e+G4      533.670      39  1145.340     1172.951     1263.527
114  TIM3e+I+G4    533.777      40  1147.555     1176.841     1268.773
115  TIM3e+R2      533.876      40  1147.751     1177.037     1268.969
133  TIM2+F        530.379      41  1142.759     1173.786     1267.007
134  TIM2+F+I      526.575      42  1137.150     1169.987     1264.429
135  TIM2+F+G4     525.956      42  1135.912     1168.749     1263.191
136  TIM2+F+I+G4   526.082      43  1138.164     1172.879     1268.472
137  TIM2+F+R2     526.091      43  1138.181     1172.897     1268.490
155  TIM2e         538.800      38  1153.599     1179.599     1268.756
156  TIM2e+I       534.942      39  1147.885     1175.495     1266.072
157  TIM2e+G4      534.302      39  1146.605     1174.215     1264.792
158  TIM2e+I+G4    534.405      40  1148.811     1178.097     1270.029
159  TIM2e+R2      534.448      40  1148.895     1178.181     1270.113
177  TIM+F         531.526      41  1145.051     1176.078     1269.299
178  TIM+F+I       527.254      42  1138.508     1171.344     1265.786
179  TIM+F+G4      527.033      42  1138.067     1170.903     1265.345
180  TIM+F+I+G4    527.076      43  1140.153     1174.868     1270.461
181  TIM+F+R2      527.045      43  1140.089     1174.805     1270.398
199  TIMe          539.222      38  1154.445     1180.445     1269.601
200  TIMe+I        534.678      39  1147.356     1174.966     1265.543
201  TIMe+G4       534.434      39  1146.868     1174.479     1265.055
202  TIMe+I+G4     534.469      40  1148.937     1178.223     1270.155
203  TIMe+R2       534.477      40  1148.954     1178.240     1270.171
221  TPM3u+F       533.295      40  1146.591     1175.876     1267.808
222  TPM3u+F+I     529.009      41  1140.018     1171.045     1264.266
223  TPM3u+F+G4    527.917      41  1137.833     1168.860     1262.081
224  TPM3u+F+I+G4  527.998      42  1139.996     1172.832     1267.274
225  TPM3u+F+R2    528.135      42  1140.269     1173.105     1267.547
243  TPM3          539.220      37  1152.440     1176.892     1264.566
244  TPM3+I        535.086      38  1146.173     1172.173     1261.330
245  TPM3+G4       534.225      38  1144.450     1170.450     1259.607
246  TPM3+I+G4     534.303      39  1146.605     1174.216     1264.792
247  TPM3+R2       534.355      39  1146.710     1174.321     1264.898
265  TPM2u+F       534.617      40  1149.234     1178.520     1270.452
266  TPM2u+F+I     530.411      41  1142.821     1173.848     1267.069
267  TPM2u+F+G4    529.404      41  1140.808     1171.835     1265.056
268  TPM2u+F+I+G4  529.480      42  1142.961     1175.797     1270.239
269  TPM2u+F+R2    529.501      42  1143.002     1175.838     1270.281
287  TPM2          539.455      37  1152.910     1177.362     1265.036
288  TPM2+I        535.538      38  1147.076     1173.076     1262.233
289  TPM2+G4       534.752      38  1145.504     1171.504     1260.660
290  TPM2+I+G4     534.837      39  1147.673     1175.284     1265.860
291  TPM2+R2       534.792      39  1147.583     1175.194     1265.771
309  K3Pu+F        536.010      40  1152.020     1181.306     1273.238
310  K3Pu+F+I      531.492      41  1144.985     1176.012     1269.233
311  K3Pu+F+G4     530.849      41  1143.698     1174.725     1267.946
312  K3Pu+F+I+G4   530.893      42  1145.787     1178.623     1273.065
313  K3Pu+F+R2     530.865      42  1145.730     1178.567     1273.009
331  K3P           539.985      37  1153.969     1178.421     1266.095
332  K3P+I         535.404      38  1146.809     1172.809     1261.966
333  K3P+G4        534.971      38  1145.942     1171.942     1261.099
334  K3P+I+G4      535.002      39  1148.004     1175.615     1266.191
335  K3P+R2        534.971      39  1147.942     1175.552     1266.129
353  TN+F          532.512      40  1145.024     1174.310     1266.242
354  TN+F+I        528.923      41  1139.845     1170.872     1264.093
355  TN+F+G4       528.445      41  1138.891     1169.918     1263.139
356  TN+F+I+G4     528.552      42  1141.103     1173.939     1268.381
357  TN+F+R2       528.413      42  1140.827     1173.663     1268.105
375  TNe           540.456      37  1154.912     1179.364     1267.038
376  TNe+I         536.659      38  1149.318     1175.318     1264.474
377  TNe+G4        536.150      38  1148.301     1174.301     1263.458
378  TNe+I+G4      536.233      39  1150.466     1178.076     1268.653
379  TNe+R2        536.110      39  1150.219     1177.830     1268.406
397  HKY+F         536.835      39  1151.671     1179.282     1269.858
398  HKY+F+I       532.979      40  1145.957     1175.243     1267.175
399  HKY+F+G4      532.172      40  1144.343     1173.629     1265.561
400  HKY+F+I+G4    532.259      41  1146.518     1177.545     1270.766
401  HKY+F+R2      532.092      41  1146.184     1177.211     1270.432
419  K2P           541.148      36  1154.295     1177.261     1263.391
420  K2P+I         537.284      37  1148.568     1173.020     1260.694
421  K2P+G4        536.642      37  1147.283     1171.735     1259.409
422  K2P+I+G4      536.716      38  1149.432     1175.432     1264.589
423  K2P+R2        536.562      38  1149.125     1175.125     1264.282
441  F81+F         547.561      38  1171.122     1197.122     1286.279
442  F81+F+I       543.948      39  1165.896     1193.507     1284.083
443  F81+F+G4      543.511      39  1165.022     1192.632     1283.209
444  F81+F+I+G4    543.570      40  1167.139     1196.425     1288.357
445  F81+F+R2      543.464      40  1166.929     1196.215     1288.146
463  JC            554.190      35  1178.379     1199.917     1284.444
464  JC+I          550.349      36  1172.698     1195.664     1281.794
465  JC+G4         549.885      36  1171.770     1194.736     1280.866
466  JC+I+G4       549.933      37  1173.865     1198.318     1285.992
467  JC+R2         549.830      37  1173.660     1198.113     1285.787
Akaike Information Criterion:           GTR+F+G4
Corrected Akaike Information Criterion: TIM3+F+G4
Bayesian Information Criterion:         TIM3+F+G4
Best-fit model: TIM3+F+G4 chosen according to BIC

All model information printed to output/CDY_CDYL_Chromodomain/tree.model.gz
CPU time for ModelFinder: 0.169 seconds (0h:0m:0s)
Wall-clock time for ModelFinder: 0.181 seconds (0h:0m:0s)
Generating 1000 samples for ultrafast bootstrap (seed: 161872)...

NOTE: 0 MB RAM (0 GB) is required!
Estimate model parameters (epsilon = 0.100)
1. Initial log-likelihood: -543.519
2. Current log-likelihood: -524.046
3. Current log-likelihood: -523.759
Optimal log-likelihood: -523.757
Rate parameters:  A-C: 5.74662  A-G: 6.93727  A-T: 1.00000  C-G: 5.74662  C-T: 21.23174  G-T: 1.00000
Base frequencies:  A: 0.369  C: 0.139  G: 0.268  T: 0.223
Gamma shape alpha: 0.648
Parameters optimization took 3 rounds (0.016 sec)
Wrote distance file to... 
Computing ML distances based on estimated model parameters...
Calculating distance matrix: done in 0.00265694 secs using 35.98% CPU
Computing ML distances took 0.002797 sec (of wall-clock time) 0.000996 sec (of CPU time)
Setting up auxiliary I and S matrices: done in 0.000124931 secs using 24.01% CPU
Computing RapidNJ tree took 0.000250 sec (of wall-clock time) 0.000076 sec (of CPU time)
Log-likelihood of RapidNJ tree: -521.152
--------------------------------------------------------------------
|             INITIALIZING CANDIDATE TREE SET                      |
--------------------------------------------------------------------
Generating 98 parsimony trees... 0.045 second
Computing log-likelihood of 98 initial trees ... 0.019 seconds
Current best score: -521.152

Do NNI search on 20 best initial trees
Estimate model parameters (epsilon = 0.100)
BETTER TREE FOUND at iteration 1: -520.728
Iteration 10 / LogL: -521.639 / Time: 0h:0m:0s
UPDATE BEST LOG-LIKELIHOOD: -520.726
Iteration 20 / LogL: -520.726 / Time: 0h:0m:0s
Finish initializing candidate tree set (3)
Current best tree score: -520.726 / CPU time: 0.126
Number of iterations: 20
--------------------------------------------------------------------
|               OPTIMIZING CANDIDATE TREE SET                      |
--------------------------------------------------------------------
Iteration 30 / LogL: -520.726 / Time: 0h:0m:0s (0h:0m:0s left)
Iteration 40 / LogL: -520.727 / Time: 0h:0m:0s (0h:0m:0s left)
Iteration 50 / LogL: -522.962 / Time: 0h:0m:0s (0h:0m:0s left)
Log-likelihood cutoff on original alignment: -538.585
Iteration 60 / LogL: -520.726 / Time: 0h:0m:0s (0h:0m:0s left)
Iteration 70 / LogL: -522.051 / Time: 0h:0m:0s (0h:0m:0s left)
Iteration 80 / LogL: -520.726 / Time: 0h:0m:0s (0h:0m:0s left)
Iteration 90 / LogL: -521.640 / Time: 0h:0m:0s (0h:0m:0s left)
Iteration 100 / LogL: -520.727 / Time: 0h:0m:0s (0h:0m:0s left)
Log-likelihood cutoff on original alignment: -539.131
NOTE: Bootstrap correlation coefficient of split occurrence frequencies: 0.971
NOTE: UFBoot does not converge, continue at least 100 more iterations
Iteration 110 / LogL: -522.685 / Time: 0h:0m:0s (0h:0m:0s left)
Iteration 120 / LogL: -522.784 / Time: 0h:0m:0s (0h:0m:0s left)
Iteration 130 / LogL: -520.726 / Time: 0h:0m:0s (0h:0m:0s left)
Iteration 140 / LogL: -520.727 / Time: 0h:0m:1s (0h:0m:0s left)
Iteration 150 / LogL: -520.727 / Time: 0h:0m:1s (0h:0m:0s left)
Log-likelihood cutoff on original alignment: -539.938
Iteration 160 / LogL: -520.726 / Time: 0h:0m:1s (0h:0m:0s left)
Iteration 170 / LogL: -520.727 / Time: 0h:0m:1s (0h:0m:0s left)
Iteration 180 / LogL: -520.727 / Time: 0h:0m:1s (0h:0m:0s left)
Iteration 190 / LogL: -520.726 / Time: 0h:0m:1s (0h:0m:0s left)
Iteration 200 / LogL: -521.132 / Time: 0h:0m:1s (0h:0m:0s left)
Log-likelihood cutoff on original alignment: -540.738
NOTE: Bootstrap correlation coefficient of split occurrence frequencies: 0.997
TREE SEARCH COMPLETED AFTER 200 ITERATIONS / Time: 0h:0m:1s

--------------------------------------------------------------------
|                    FINALIZING TREE SEARCH                        |
--------------------------------------------------------------------
Performs final model parameters optimization
Estimate model parameters (epsilon = 0.010)
1. Initial log-likelihood: -520.726
Optimal log-likelihood: -520.726
Rate parameters:  A-C: 5.79069  A-G: 7.57044  A-T: 1.00000  C-G: 5.79069  C-T: 25.19719  G-T: 1.00000
Base frequencies:  A: 0.369  C: 0.139  G: 0.268  T: 0.223
Gamma shape alpha: 0.701
Parameters optimization took 1 rounds (0.001 sec)
BEST SCORE FOUND : -520.726
Creating bootstrap support values...
Split supports printed to NEXUS file output/CDY_CDYL_Chromodomain/tree.splits.nex
Total tree length: 0.508

Total number of iterations: 200
CPU time used for tree search: 1.145 sec (0h:0m:1s)
Wall-clock time used for tree search: 1.201 sec (0h:0m:1s)
Total CPU time used: 1.344 sec (0h:0m:1s)
Total wall-clock time used: 1.446 sec (0h:0m:1s)

Computing bootstrap consensus tree...
Reading input file output/CDY_CDYL_Chromodomain/tree.splits.nex...
19 taxa and 142 splits.
Consensus tree written to output/CDY_CDYL_Chromodomain/tree.contree
Reading input trees file output/CDY_CDYL_Chromodomain/tree.contree
Log-likelihood of consensus tree: -520.728

Analysis results written to: 
  IQ-TREE report:                output/CDY_CDYL_Chromodomain/tree.iqtree
  Maximum-likelihood tree:       output/CDY_CDYL_Chromodomain/tree.treefile
  Likelihood distances:          output/CDY_CDYL_Chromodomain/tree.mldist

Ultrafast bootstrap approximation results written to:
  Split support values:          output/CDY_CDYL_Chromodomain/tree.splits.nex
  Consensus tree:                output/CDY_CDYL_Chromodomain/tree.contree
  Screen log file:               output/CDY_CDYL_Chromodomain/tree.log

Date and Time: Thu Apr 23 17:25:37 2026
