IQ-TREE multicore version 2.3.6 for MacOS ARM 64-bit built Aug  1 2024
Developed by Bui Quang Minh, Nguyen Lam Tung, Olga Chernomor, Heiko Schmidt,
Dominik Schrempf, Michael Woodhams, Ly Trong Nhan, Thomas Wong

Host:    karol.bx.psu.edu (SSE4.2, 16 GB RAM)
Command: /Users/kxp5629/tools/iqtree-2.3.6-macOS/bin/iqtree2 -s output/TSPY_nodomain/alignment.clean.fasta -bb 1000 --prefix output/TSPY_nodomain/tree -keep-ident --redo -o SymSyn_chrY_LOC129476679_-_129476679_Mod_RF_-_LOC129476679_CDS__reversed_,SymSyn_chrY_LOC129476680_-_129476680_Mod_RF_-_LOC129476680_CDS__reversed_,SymSyn_chrY_LOC129476681_-_129476681_Mod_RF_-_LOC129476681_CDS__reversed_,SymSyn_chrY_LOC129476682_-_NC_072448.2_extraction__reversed__-_LOC129476742_CDS,SymSyn_chrY_LOC129476683_-_NC_072448.2_extraction__reversed__-_LOC129476742_CDS,SymSyn_chrY_LOC129476684_-_NC_072448.2_extraction__reversed__-_LOC129476742_CDS,SymSyn_chrY_LOC129476742_-_129476742_Mod_RF_-_LOC129476742_CDS,SymSyn_chrY_LOC129476743_-_NC_072448.2_extraction_-_LOC129476742_CDS,SymSyn_chrY_LOC129476754_-_129476754_Mod_RF_-_LOC129476754_CDS,SymSyn_chrY_LOC129476756_-_NC_072448.2_extraction_-_LOC129476742_CDS
Seed:    393800 (Using SPRNG - Scalable Parallel Random Number Generator)
Time:    Wed Apr 22 18:32:21 2026
Kernel:  SSE2 - 1 threads (12 CPU cores detected)

HINT: Use -nt option to specify number of threads because your CPU has 12 cores!
HINT: -nt AUTO will automatically determine the best number of threads to use.

Reading alignment file output/TSPY_nodomain/alignment.clean.fasta ... Fasta format detected
Reading fasta file: done in 0.000672102 secs using 89.42% CPU
Alignment most likely contains DNA/RNA sequences
Alignment has 163 sequences with 399 columns, 69 distinct patterns
34 parsimony-informative, 29 singleton sites, 336 constant sites
                                                                                             Gap/Ambiguity  Composition  p-value
Analyzing sequences: done in 1.40667e-05 secs using 99.53% CPU
   1  PanTro_chrY_LOC737822_extraction_-_LOC739765_CDS                                               8.27%    passed     99.25%
   2  PanTro_chrY_LOC739765_-_739765_-_LOC739765_CDS                                                 8.27%    passed     99.80%
   3  PanTro_chrY_LOC745089_-_745089_Mod_RF_-_LOC745089_CDS                                          8.27%    passed     99.80%
   4  PanTro_chrY_LOC745124_-_745124_-_LOC745124_CDS                                                 8.27%    passed     99.41%
   5  PanTro_chrY_LOC745154_-_745154_-_LOC745154_CDS                                                 8.27%    passed     99.80%
   6  PanTro_chrY_LOC107973386_-_107973386_-_LOC107973386_CDS                                        8.27%    passed     99.80%
   7  PanTro_chrY_LOC112207444_-_112207444_Mod_RF_-_LOC112207444_CDS                                 8.27%    passed     99.80%
   8  PanTro_chrY_LOC112207446_-_112207446_-_LOC112207446_CDS                                        8.27%    passed     99.80%
   9  PanTro_chrY_LOC129135297_-_129135297_-_LOC129135297_CDS                                        8.27%    passed     99.35%
  10  PanTro_chrY_LOC129135429_-_129135429_-_LOC129135429_CDS                                        8.27%    passed     99.80%
  11  PanTro_chrY_LOC129138941_-_129138941_-_LOC129138941_CDS                                        8.27%    passed     99.41%
  12  PanTro_chrY_LOC129138942_-_129138942_-_LOC129138942_CDS                                        8.27%    passed     99.80%
  13  PanTro_chrY_LOC129138948_-_129138948_-_LOC129138948_CDS                                        8.27%    passed     99.80%
  14  PanTro_chrY_LOC129138949_-_129138949_-_LOC129138949_CDS                                        8.27%    passed     99.80%
  15  PanTro_chrY_LOC129138954_-_129138954_-_LOC129138954_CDS                                        8.27%    passed     99.41%
  16  PanTro_chrY_LOC129138955_-_129138955_-_LOC129138955_CDS                                        8.27%    passed     99.80%
  17  PanTro_chrY_LOC129138956_-_129138956_-_LOC129138956_CDS                                        8.27%    passed     99.80%
  18  PanTro_chrY_LOC129138957_-_129138957_-_LOC129138957_CDS                                        8.27%    passed     99.41%
  19  PanTro_chrY_LOC129138958_-_129138958_-_LOC129138958_CDS                                        8.27%    passed     99.41%
  20  PanTro_chrY_LOC129138959_-_129138959_-_LOC129138959_CDS                                        8.27%    passed     99.80%
  21  PanTro_chrY_LOC129138960_-_129138960_-_LOC129138960_CDS                                        8.27%    passed     99.80%
  22  PanPan_chrY_LOC129395564__pseudo__-_LOC129395764_CDS                                           8.27%    passed     99.80%
  23  PanPan_chrY_LOC129395568__pseudo__-_LOC129395764_CDS                                           6.77%    passed     99.91%
  24  PanPan_chrY_LOC129395572_-_129395572_-_LOC129395572_CDS__reversed_                             8.27%    passed     99.80%
  25  PanPan_chrY_LOC129395585_-_129395585_Mod_RF_-_LOC129395585_CDS                                 8.27%    passed     99.80%
  26  PanPan_chrY_LOC129395599__pseudo__-_LOC129395764_CDS                                           8.27%    passed     99.80%
  27  PanPan_chrY_LOC129395602_-_129395602_-_LOC129395602_CDS__reversed_                             8.27%    passed     99.80%
  28  PanPan_chrY_LOC129395610__pseudo__-_LOC129395764_CDS                                           8.27%    passed     99.31%
  29  PanPan_chrY_LOC129395718__pseudo__-_LOC129395764_CDS                                           6.77%    passed     99.96%
  30  PanPan_chrY_LOC129395748_-_129395748_-_LOC129395748_CDS                                        8.27%    passed     99.80%
  31  PanPan_chrY_LOC129395750_-_129395750_-_LOC129395750_CDS                                        8.27%    passed     99.80%
  32  PanPan_chrY_LOC129395751_-_129395751_-_LOC129395751_CDS                                        8.27%    passed     99.80%
  33  PanPan_chrY_LOC129395752_-_129395752_-_LOC129395752_CDS                                        8.27%    passed     99.80%
  34  PanPan_chrY_LOC129395753_-_129395753_-_LOC129395753_CDS                                        8.27%    passed     99.80%
  35  PanPan_chrY_LOC129395754__pseudo__-_LOC129395764_CDS                                           8.27%    passed     98.86%
  36  PanPan_chrY_LOC129395755_-_129395755_-_LOC129395755_CDS                                        8.27%    passed     99.80%
  37  PanPan_chrY_LOC129395758_-_129395758_Mod_RF_-_LOC129395758_CDS__reversed_                      8.27%    passed     99.80%
  38  PanPan_chrY_LOC129395763__pseudo__-_LOC129395764_CDS                                           8.27%    passed     98.86%
  39  PanPan_chrY_LOC129395764_-_129395764_-_LOC129395764_CDS                                        8.27%    passed     99.80%
  40  PanPan_chrY_LOC129395765__pseudo__-_LOC129395764_CDS                                           8.27%    passed     99.21%
  41  PanPan_chrY_LOC129395766_-_129395766_-_LOC129395766_CDS                                        8.27%    passed     98.86%
  42  PanPan_chrY_LOC129395767_-_extraction_Mod_RF_-_LOC129395764_CDS                                8.27%    passed     98.86%
  43  PanPan_chrY_LOC129395769__pseudo__-_LOC129395764_CDS                                           8.27%    passed     98.86%
  44  PanPan_chrY_LOC129395772_-_129395772_Mod_RF_-_LOC129395772_CDS__reversed_                      8.27%    passed     99.80%
  45  PanPan_chrY_LOC129395775_-_129395775_Mod_RF_-_LOC129395775_CDS                                 8.27%    passed     99.80%
  46  PanPan_chrY_LOC129395781_-_129395781_Mod_RF_-_LOC129395781_CDS__reversed_                      8.27%    passed     99.80%
  47  HomSap_chrY_LOC124905614_-_124905614_-_LOC124905614_CDS                                        1.50%    passed     93.98%
  48  HomSap_chrY_LOC124905615_-_124905615_-_LOC124905615_CDS                                        6.02%    passed     99.85%
  49  HomSap_chrY_LOC124905616_-_124905616_-_LOC124905616_CDS                                        6.02%    passed     99.85%
  50  HomSap_chrY_LOC124905617_-_124905617_-_LOC124905617_CDS                                        6.02%    passed     99.32%
  51  HomSap_chrY_LOC124905618_-_124905618_-_LOC124905618_CDS                                        6.02%    passed     99.87%
  52  HomSap_chrY_LOC124905619_-_124905619_-_LOC124905619_CDS                                        6.02%    passed     99.87%
  53  HomSap_chrY_LOC124905620_-_124905620_-_LOC124905620_CDS                                        6.02%    passed     99.87%
  54  HomSap_chrY_LOC124905621_-_124905621_-_LOC124905621_CDS                                        6.02%    passed     99.85%
  55  HomSap_chrY_LOC124905624_-_124905624_-_LOC124905624_CDS                                        6.02%    passed     99.85%
  56  HomSap_chrY_LOC124905625_-_124905625_-_LOC124905625_CDS                                        6.02%    passed     99.85%
  57  HomSap_chrY_LOC124905627_-_124905627_-_LOC124905627_CDS                                        6.02%    passed     99.32%
  58  HomSap_chrY_LOC124905628_-_124905628_-_LOC124905628_CDS                                        6.02%    passed     99.85%
  59  HomSap_chrY_LOC124908978_-_124908978_-_LOC124908978_CDS                                        6.02%    passed     99.85%
  60  HomSap_chrY_LOC124908979_-_124908979_-_LOC124908979_CDS                                        6.02%    passed     99.85%
  61  HomSap_chrY_LOC124908980_-_124908980_-_LOC124908980_CDS                                        6.02%    passed     99.32%
  62  HomSap_chrY_LOC124908981_-_124908981_-_LOC124908981_CDS                                        6.02%    passed     99.85%
  63  HomSap_chrY_LOC124908988_-_124908988_-_LOC124908988_CDS                                        6.02%    passed     99.85%
  64  HomSap_chrY_LOC124909015_-_124909015_-_LOC124909015_CDS                                        6.02%    passed     99.87%
  65  HomSap_chrY_LOC124909084_-_124909084_-_LOC124909084_CDS                                        6.02%    passed     99.20%
  66  HomSap_chrY_LOC124909093_-_124909093_-_LOC124909093_CDS                                        6.02%    passed     99.32%
  67  HomSap_chrY_LOC124909293_-_124909293_-_LOC124909293_CDS                                        1.50%    passed     96.38%
  68  HomSap_chrY_LOC124909294_-_124909294_-_LOC124909294_CDS                                        6.02%    passed     99.85%
  69  HomSap_chrY_LOC124909305_-_124909305_-_LOC124909305_CDS                                        1.50%    passed     96.38%
  70  HomSap_chrY_LOC124909306_-_124909306_-_LOC124909306_CDS                                        6.02%    passed     99.32%
  71  HomSap_chrY_LOC124909317_-_124909317_-_LOC124909317_CDS                                        1.50%    passed     93.98%
  72  HomSap_chrY_LOC124909318_-_124909318_-_LOC124909318_CDS                                        6.02%    passed     99.87%
  73  HomSap_chrY_LOC124909320_-_124909320_-_LOC124909320_CDS                                        6.02%    passed     99.87%
  74  HomSap_chrY_LOC124909329_-_124909329_-_LOC124909329_CDS                                        1.50%    passed     96.38%
  75  HomSap_chrY_LOC124909330_-_124909330_-_LOC124909330_CDS                                        6.02%    passed     99.56%
  76  HomSap_chrY_LOC124909332_-_124909332_-_LOC124909332_CDS                                        1.50%    passed     90.60%
  77  HomSap_chrY_LOC128966591_-_128966591_-_LOC128966591_CDS                                        1.50%    passed     93.98%
  78  HomSap_chrY_LOC128966595_-_128966595_-_LOC128966595_CDS                                        6.02%    passed     99.32%
  79  HomSap_chrY_LOC128966599_-_128966599_-_LOC128966599_CDS                                        6.02%    passed     99.85%
  80  HomSap_chrY_LOC128966647_-_128966647_-_LOC128966647_CDS                                        6.02%    passed     99.85%
  81  HomSap_chrY_LOC128966655_-_128966655_-_LOC128966655_CDS                                        6.02%    passed     99.85%
  82  HomSap_chrY_LOC128966656_-_128966656_-_LOC128966656_CDS                                        6.02%    passed     99.87%
  83  HomSap_chrY_TSPY1_-_7258_-_TSPY1_CDS                                                           6.02%    passed     98.57%
  84  HomSap_chrY_TSPY2_-_64591_-_TSPY2_CDS                                                          6.02%    passed     99.32%
  85  HomSap_chrY_TSPY3_-_728137_-_TSPY3_CDS                                                         6.02%    passed     99.85%
  86  HomSap_chrY_TSPY4_-_728395_-_TSPY4_CDS                                                         1.50%    passed     96.38%
  87  HomSap_chrY_TSPY6P_-_annotation_from_Arang                                                     1.50%    passed     96.38%
  88  HomSap_chrY_TSPY7P_-_annotation_from_Arang                                                     6.02%    passed     99.85%
  89  HomSap_chrY_TSPY8_-_728403_-_TSPY8_CDS                                                         6.02%    passed     99.85%
  90  HomSap_chrY_TSPY9_-_728132_-_TSPY9_CDS                                                         1.50%    passed     93.98%
  91  HomSap_chrY_TSPY10_-_100289087_-_TSPY10_CDS                                                    6.02%    passed     99.85%
  92  PonPyg_chrY_exPG_LOC129025842_-_129025842_-_LOC129025684_CDS__reversed_                        8.27%    passed     99.56%
  93  PonPyg_chrY_exPG_LOC129025843_-_129025843_-_LOC129025684_CDS__reversed_                        8.27%    passed     99.56%
  94  PonPyg_chrY_exPG_LOC129025844_-_129025844_-_LOC129025684_CDS__reversed_                        8.27%    passed     99.56%
  95  PonPyg_chrY_exPG_LOC129025871_-_129025871_-_LOC129025684_CDS__reversed_                        8.27%    passed     88.07%
  96  PonPyg_chrY_exPG_LOC129025885_-_129025885_-_LOC129025684_CDS__reversed_                        8.27%    passed     89.83%
  97  PonPyg_chrY_exPG_LOC129025988_-_129025988_-_LOC129025684_CDS__reversed_                        8.27%    passed     99.56%
  98  PonPyg_chrY_LOC129025684_-_129025684_-_LOC129025684_CDS__reversed_                             8.27%    passed     97.51%
  99  PonPyg_chrY_LOC129025810_-_129025810_-_LOC129025810_CDS__reversed_                             8.27%    passed     99.56%
 100  PonPyg_chrY_LOC129025811_-_129025811_-_LOC129025811_CDS__reversed_                             8.27%    passed     99.56%
 101  PonPyg_chrY_LOC129025812_-_129025812_-_LOC129025812_CDS__reversed_                             8.27%    passed     99.56%
 102  PonPyg_chrY_LOC129025813_-_129025813_-_LOC129025813_CDS__reversed_                             8.27%    passed     99.56%
 103  PonPyg_chrY_LOC129025814_-_129025814_-_LOC129025814_CDS__reversed_                             8.27%    passed     99.56%
 104  PonPyg_chrY_LOC129025815_-_129025815_-_LOC129025815_CDS__reversed_                             8.27%    passed     99.56%
 105  PonPyg_chrY_LOC129025816_-_129025816_-_LOC129025816_CDS__reversed_                             8.27%    passed     99.56%
 106  PonPyg_chrY_LOC129025817_-_129025817_-_LOC129025817_CDS__reversed_                             8.27%    passed     99.56%
 107  PonPyg_chrY_LOC129025818_-_129025818_-_LOC129025818_CDS__reversed_                             8.27%    passed     99.56%
 108  PonPyg_chrY_LOC129025819_-_129025819_-_LOC129025819_CDS__reversed_                             8.27%    passed     99.56%
 109  PonPyg_chrY_LOC129025820_-_129025820_-_LOC129025820_CDS__reversed_                             8.27%    passed     99.56%
 110  PonPyg_chrY_LOC129025822_-_129025822_-_LOC129025822_CDS__reversed_                             8.27%    passed     99.56%
 111  PonPyg_chrY_LOC129025823_-_129025823_-_LOC129025823_CDS__reversed_                             8.27%    passed     99.56%
 112  PonPyg_chrY_LOC129025824_-_129025824_-_LOC129025824_CDS__reversed_                             8.27%    passed     99.56%
 113  PonPyg_chrY_LOC129025825_-_129025825_-_LOC129025825_CDS__reversed_                             8.27%    passed     99.56%
 114  PonPyg_chrY_LOC129025826_-_129025826_-_LOC129025826_CDS__reversed_                             8.27%    passed     99.56%
 115  PonPyg_chrY_LOC129025827_-_129025827_-_LOC129025827_CDS__reversed_                             8.27%    passed     99.56%
 116  PonPyg_chrY_LOC129025829_-_129025829_-_LOC129025829_CDS__reversed_                             8.27%    passed     99.56%
 117  PonPyg_chrY_LOC129025830_-_129025830_-_LOC129025830_CDS__reversed_                             8.27%    passed     99.56%
 118  PonPyg_chrY_LOC129025834_-_129025834_-_LOC129025834_CDS__reversed_                             8.27%    passed     99.56%
 119  PonPyg_chrY_LOC129025859_-_129025859_-_LOC129025859_CDS__reversed_                             8.27%    passed     99.15%
 120  PonPyg_chrY_LOC129025869_-_129025869_-_LOC129025869_CDS__reversed_                             8.27%    passed     99.56%
 121  PonPyg_chrY_LOC129025922_-_129025922_-_LOC129025922_CDS__reversed_                             8.27%    passed     99.56%
 122  PonPyg_chrY_LOC129025949_-_129025949_-_LOC129025949_CDS__reversed_                             8.27%    passed     99.56%
 123  PonPyg_chrY_LOC129025974_-_129025974_-_LOC129025974_CDS__reversed__Mod_RF__last_ex_removed_    8.27%    passed     99.56%
 124  SymSyn_chrY_LOC129476679_-_129476679_Mod_RF_-_LOC129476679_CDS__reversed_                      8.27%    passed     96.57%
 125  SymSyn_chrY_LOC129476680_-_129476680_Mod_RF_-_LOC129476680_CDS__reversed_                      8.27%    passed     96.57%
 126  SymSyn_chrY_LOC129476681_-_129476681_Mod_RF_-_LOC129476681_CDS__reversed_                      8.27%    passed     96.57%
 127  SymSyn_chrY_LOC129476682_-_NC_072448.2_extraction__reversed__-_LOC129476742_CDS                8.27%    passed     96.57%
 128  SymSyn_chrY_LOC129476683_-_NC_072448.2_extraction__reversed__-_LOC129476742_CDS                8.27%    passed     96.57%
 129  SymSyn_chrY_LOC129476684_-_NC_072448.2_extraction__reversed__-_LOC129476742_CDS                8.27%    passed     93.84%
 130  SymSyn_chrY_LOC129476742_-_129476742_Mod_RF_-_LOC129476742_CDS                                 8.27%    passed     96.57%
 131  SymSyn_chrY_LOC129476743_-_NC_072448.2_extraction_-_LOC129476742_CDS                           8.27%    passed     96.57%
 132  SymSyn_chrY_LOC129476754_-_129476754_Mod_RF_-_LOC129476754_CDS                                 8.27%    passed     96.57%
 133  SymSyn_chrY_LOC129476756_-_NC_072448.2_extraction_-_LOC129476742_CDS                           8.27%    passed     93.84%
 134  GorGor_chrY_LOC129530254_-_129530254_trim_-_LOC129530254_CDS__reversed_                        8.27%    passed     96.48%
 135  GorGor_chrY_LOC129530275_-_129530275_-_LOC129530275_CDS__reversed_                             8.27%    passed     99.68%
 136  GorGor_chrY_LOC129530276_-_129530276_Mod_RF_-_LOC129530276_CDS__reversed_                      8.27%    passed     98.98%
 137  GorGor_chrY_LOC129530277_-_129530277_-_LOC129530277_CDS__reversed_                             8.27%    passed     99.68%
 138  GorGor_chrY_LOC129530278_-_129530278_-_LOC129530278_CDS__reversed_                             8.27%    passed     99.68%
 139  GorGor_chrY_LOC129530279_-_129530279_-_LOC129530279_CDS__reversed_                             8.27%    passed     99.68%
 140  GorGor_chrY_LOC129530280_-_129530280_-_LOC129530280_CDS__reversed_                             8.27%    passed     99.68%
 141  PonAbe_chrY_exPG_LOC129053418_-_129053418_-_LOC129053385_CDS__reversed_                        8.27%    passed     99.56%
 142  PonAbe_chrY_exPG_LOC129053421_-_129053421_-_LOC129053385_CDS__reversed_                        8.27%    passed     99.56%
 143  PonAbe_chrY_exPG_LOC129053425_-_129053425_-_LOC129053385_CDS__reversed_                        8.27%    passed     99.15%
 144  PonAbe_chrY_exPG_LOC129053428_-_129053428_-_LOC129053385_CDS__reversed_                        8.27%    passed     99.56%
 145  PonAbe_chrY_exPG_LOC129053458_-_129053458_-_LOC129053385_CDS__reversed_                        8.27%    passed     90.03%
 146  PonAbe_chrY_LOC129053384_-_129053384_-_LOC129053384_CDS__reversed_                             8.27%    passed     99.56%
 147  PonAbe_chrY_LOC129053385_-_129053385_-_LOC129053385_CDS__reversed_                             8.27%    passed     99.56%
 148  PonAbe_chrY_LOC129053386_-_129053386_-_LOC129053386_CDS__reversed_                             8.27%    passed     99.56%
 149  PonAbe_chrY_LOC129053387_-_129053387_-_LOC129053387_CDS__reversed_                             8.27%    passed     99.56%
 150  PonAbe_chrY_LOC129053388_-_129053388_-_LOC129053388_CDS__reversed_                             8.27%    passed     99.56%
 151  PonAbe_chrY_LOC129053389_-_129053389_-_LOC129053389_CDS__reversed_                             8.27%    passed     99.56%
 152  PonAbe_chrY_LOC129053405_-_129053405_-_LOC129053405_CDS__reversed_                             8.27%    passed     99.56%
 153  PonAbe_chrY_LOC129053407_-_129053407_-_LOC129053407_CDS__reversed_                             8.27%    passed     99.56%
 154  PonAbe_chrY_LOC129053408_-_129053408_-_LOC129053408_CDS__reversed_                             8.27%    passed     99.56%
 155  PonAbe_chrY_LOC129053409_-_129053409_-_LOC129053409_CDS__reversed_                             8.27%    passed     99.56%
 156  PonAbe_chrY_LOC129053413_-_129053413_-_LOC129053413_CDS__reversed_                             8.27%    passed     99.56%
 157  PonAbe_chrY_LOC129053414_-_129053414_-_LOC129053414_CDS__reversed_                             8.27%    passed     99.56%
 158  PonAbe_chrY_LOC129053415_-_129053415_-_LOC129053415_CDS__reversed_                             8.27%    passed     99.56%
 159  PonAbe_chrY_LOC129053416_-_129053416_-_LOC129053416_CDS__reversed_                             8.27%    passed     99.56%
 160  PonAbe_chrY_LOC129053419_-_129053419_-_LOC129053419_CDS__reversed_                             8.27%    passed     99.15%
 161  PonAbe_chrY_LOC129053420_-_129053420_-_LOC129053420_CDS__reversed_                             8.27%    passed     99.15%
 162  PonAbe_chrY_LOC129053427_-_129053427_-_LOC129053427_CDS__reversed_                             8.27%    passed     97.53%
 163  PonAbe_chrY_LOC129053478_-_129053478_-_LOC129053478_CDS__reversed_                             8.27%    passed     99.56%
****  TOTAL                                                                                          7.35%  0 sequences failed composition chi2 test (p-value<5%; df=3)


Create initial parsimony tree by phylogenetic likelihood library (PLL)... 0.003 seconds
Perform fast likelihood tree search using GTR+I+G model...
Estimate model parameters (epsilon = 5.000)
Perform nearest neighbor interchange...
Estimate model parameters (epsilon = 1.000)
1. Initial log-likelihood: -998.460
Optimal log-likelihood: -998.459
Rate parameters:  A-C: 2.10248  A-G: 2.05981  A-T: 0.57478  C-G: 1.61875  C-T: 3.84905  G-T: 1.00000
Base frequencies:  A: 0.190  C: 0.240  G: 0.418  T: 0.152
Proportion of invariable sites: 0.421
Gamma shape alpha: 998.329
Parameters optimization took 1 rounds (0.010 sec)
Time for fast ML tree search: 0.058 seconds

NOTE: ModelFinder requires 4 MB RAM!
ModelFinder will test up to 484 DNA models (sample size: 399 epsilon: 0.100) ...
 No. Model         -LnL         df  AIC          AICc         BIC
  1  GTR+F         1000.328     331 2662.655     5943.013     3983.001
  2  GTR+F+I       998.451      332 2660.902     6011.083     3985.237
  3  GTR+F+G4      998.645      332 2661.290     6011.472     3985.625
  4  GTR+F+I+G4    998.458      333 2662.916     6085.131     3991.240
  5  GTR+F+R2      998.707      333 2663.414     6085.629     3991.738
+R3 reinitialized from +R2 with factor 0.500
+R3 reinitialized from +R2 with factor 0.250
  6  GTR+F+R3      998.755      335 2667.510     6240.843     4003.812
 14  GTR+F+I+R2    998.662      334 2665.323     6161.886     3997.637
 15  GTR+F+I+R3    998.534      336 2669.068     6321.713     4009.359
 23  SYM           1034.628     328 2725.256     5808.456     4033.635
 24  SYM+I         1032.843     329 2723.686     5870.642     4036.054
 25  SYM+G4        1032.951     329 2723.903     5870.859     4036.271
 26  SYM+I+G4      1032.846     330 2725.691     5938.338     4042.048
 27  SYM+R2        1033.027     330 2726.054     5938.701     4042.411
 45  TVM+F         1001.842     330 2663.684     5876.331     3980.041
 46  TVM+F+I       999.945      331 2661.889     5942.247     3982.236
 47  TVM+F+G4      1000.081     331 2662.161     5942.520     3982.508
 48  TVM+F+I+G4    999.953      332 2663.906     6014.088     3988.241
 49  TVM+F+R2      1000.167     332 2664.334     6014.516     3988.670
 67  TVMe          1034.922     327 2723.845     5745.140     4028.235
 68  TVMe+I        1033.110     328 2722.220     5805.420     4030.599
 69  TVMe+G4       1033.185     328 2722.369     5805.569     4030.749
 70  TVMe+I+G4     1033.113     329 2724.227     5871.183     4036.595
 71  TVMe+R2       1033.273     329 2724.545     5871.502     4036.914
 89  TIM3+F        1000.752     329 2659.505     5806.461     3971.873
 90  TIM3+F+I      998.888      330 2657.775     5870.422     3974.132
 91  TIM3+F+G4     999.075      330 2658.150     5870.798     3974.508
 92  TIM3+F+I+G4   998.893      331 2659.785     5940.143     3980.131
 93  TIM3+F+R2     999.106      331 2660.212     5940.570     3980.558
111  TIM3e         1035.247     326 2722.494     5683.661     4022.895
112  TIM3e+I       1033.494     327 2720.989     5742.285     4025.379
113  TIM3e+G4      1033.622     327 2721.244     5742.540     4025.634
114  TIM3e+I+G4    1033.495     328 2722.990     5806.190     4031.370
115  TIM3e+R2      1033.650     328 2723.300     5806.500     4031.680
133  TIM2+F        1002.773     329 2663.546     5810.502     3975.914
134  TIM2+F+I      1000.739     330 2661.479     5874.126     3977.836
135  TIM2+F+G4     1000.888     330 2661.777     5874.424     3978.134
136  TIM2+F+I+G4   1000.756     331 2663.511     5943.869     3983.857
137  TIM2+F+R2     1000.976     331 2663.952     5944.311     3984.299
155  TIM2e         1039.013     326 2730.026     5691.193     4030.428
156  TIM2e+I       1037.187     327 2728.374     5749.670     4032.764
157  TIM2e+G4      1037.233     327 2728.465     5749.761     4032.856
158  TIM2e+I+G4    1037.190     328 2730.380     5813.580     4038.759
159  TIM2e+R2      1037.316     328 2730.633     5813.833     4039.012
177  TIM+F         1002.789     329 2663.579     5810.535     3975.947
178  TIM+F+I       1000.763     330 2661.527     5874.174     3977.884
179  TIM+F+G4      1000.909     330 2661.819     5874.466     3978.176
180  TIM+F+I+G4    1000.778     331 2663.557     5943.915     3983.903
181  TIM+F+R2      1000.980     331 2663.959     5944.318     3984.306
199  TIMe          1039.216     326 2730.433     5691.599     4030.834
200  TIMe+I        1037.415     327 2728.829     5750.125     4033.220
201  TIMe+G4       1037.482     327 2728.963     5750.259     4033.354
202  TIMe+I+G4     1037.417     328 2730.834     5814.034     4039.214
203  TIMe+R2       1037.534     328 2731.067     5814.267     4039.447
221  TPM3u+F       1002.268     328 2660.535     5743.735     3968.914
222  TPM3u+F+I     1000.387     329 2658.774     5805.730     3971.142
223  TPM3u+F+G4    1000.515     329 2659.031     5805.987     3971.399
224  TPM3u+F+I+G4  1000.392     330 2660.783     5873.430     3977.141
225  TPM3u+F+R2    1000.544     330 2661.088     5873.735     3977.445
243  TPM3          1035.548     325 2721.097     5623.837     4017.509
244  TPM3+I        1033.774     326 2719.548     5680.715     4019.950
245  TPM3+G4       1033.869     326 2719.738     5680.905     4020.139
246  TPM3+I+G4     1033.775     327 2721.550     5742.846     4025.940
247  TPM3+R2       1033.886     327 2721.772     5743.068     4026.162
265  TPM2u+F       1004.261     328 2664.522     5747.722     3972.901
266  TPM2u+F+I     1002.242     329 2662.484     5809.441     3974.852
267  TPM2u+F+G4    1002.335     329 2662.671     5809.627     3975.039
268  TPM2u+F+I+G4  1002.253     330 2664.506     5877.153     3980.863
269  TPM2u+F+R2    1002.408     330 2664.816     5877.463     3981.173
287  TPM2          1039.299     325 2728.597     5631.337     4025.009
288  TPM2+I        1037.429     326 2726.857     5688.024     4027.259
289  TPM2+G4       1037.445     326 2726.889     5688.056     4027.291
290  TPM2+I+G4     1037.429     327 2728.857     5750.153     4033.247
291  TPM2+R2       1037.517     327 2729.034     5750.330     4033.424
309  K3Pu+F        1004.275     328 2664.549     5747.749     3972.929
310  K3Pu+F+I      1002.270     329 2662.540     5809.496     3974.908
311  K3Pu+F+G4     1002.359     329 2662.718     5809.675     3975.087
312  K3Pu+F+I+G4   1002.279     330 2664.559     5877.206     3980.916
313  K3Pu+F+R2     1002.416     330 2664.832     5877.479     3981.189
331  K3P           1039.505     325 2729.009     5631.749     4025.422
332  K3P+I         1037.667     326 2727.334     5688.501     4027.735
333  K3P+G4        1037.705     326 2727.409     5688.576     4027.811
334  K3P+I+G4      1037.668     327 2729.337     5750.633     4033.727
335  K3P+R2        1037.747     327 2729.495     5750.790     4033.885
353  TN+F          1002.799     328 2661.598     5744.798     3969.977
354  TN+F+I        1000.779     329 2659.558     5806.514     3971.926
355  TN+F+G4       1000.926     329 2659.851     5806.808     3972.219
356  TN+F+I+G4     1000.791     330 2661.582     5874.229     3977.939
357  TN+F+R2       1000.942     330 2661.884     5874.531     3978.241
375  TNe           1039.293     325 2728.586     5631.326     4024.998
376  TNe+I         1037.495     326 2726.989     5688.156     4027.391
377  TNe+G4        1037.563     326 2727.126     5688.292     4027.527
378  TNe+I+G4      1037.496     327 2728.992     5750.288     4033.383
379  TNe+R2        1037.574     327 2729.147     5750.443     4033.538
397  HKY+F         1004.283     327 2662.566     5683.862     3966.957
398  HKY+F+I       1002.285     328 2660.569     5743.769     3968.949
399  HKY+F+G4      1002.375     328 2660.749     5743.949     3969.128
400  HKY+F+I+G4    1002.293     329 2662.587     5809.543     3974.955
401  HKY+F+R2      1002.408     329 2662.816     5809.773     3975.185
419  K2P           1039.579     324 2727.158     5573.104     4019.581
420  K2P+I         1037.745     325 2725.489     5628.229     4021.902
421  K2P+G4        1037.783     325 2725.566     5628.306     4021.979
422  K2P+I+G4      1037.746     326 2727.492     5688.659     4027.893
423  K2P+R2        1037.808     326 2727.615     5688.782     4028.017
441  F81+F         1007.404     326 2666.807     5627.974     3967.208
442  F81+F+I       1005.509     327 2665.017     5686.313     3969.408
443  F81+F+G4      1005.621     327 2665.243     5686.539     3969.633
444  F81+F+I+G4    1005.513     328 2667.025     5750.225     3975.405
445  F81+F+R2      1005.615     328 2667.229     5750.429     3975.609
463  JC            1042.466     323 2730.931     5521.651     4019.366
464  JC+I          1040.635     324 2729.271     5575.217     4021.694
465  JC+G4         1040.678     324 2729.356     5575.302     4021.779
466  JC+I+G4       1040.637     325 2731.273     5634.013     4027.686
467  JC+R2         1040.693     325 2731.386     5634.126     4027.798
Akaike Information Criterion:           TIM3+F+I
Corrected Akaike Information Criterion: JC
Bayesian Information Criterion:         HKY+F
Best-fit model: HKY+F chosen according to BIC

All model information printed to output/TSPY_nodomain/tree.model.gz
CPU time for ModelFinder: 1.115 seconds (0h:0m:1s)
Wall-clock time for ModelFinder: 1.135 seconds (0h:0m:1s)
Generating 1000 samples for ultrafast bootstrap (seed: 393800)...

NOTE: 0 MB RAM (0 GB) is required!
Estimate model parameters (epsilon = 0.100)
1. Initial log-likelihood: -1007.408
2. Current log-likelihood: -1004.288
Optimal log-likelihood: -1004.284
Rate parameters:  A-C: 1.00000  A-G: 1.82046  A-T: 1.00000  C-G: 1.00000  C-T: 1.82046  G-T: 1.00000
Base frequencies:  A: 0.190  C: 0.240  G: 0.418  T: 0.152
Parameters optimization took 2 rounds (0.004 sec)
Wrote distance file to... 
Computing ML distances based on estimated model parameters...
Calculating distance matrix: done in 0.01824 secs using 99.81% CPU
Computing ML distances took 0.018296 sec (of wall-clock time) 0.018250 sec (of CPU time)
Setting up auxiliary I and S matrices: done in 0.000338078 secs using 86.67% CPU
Computing RapidNJ tree took 0.001085 sec (of wall-clock time) 0.001005 sec (of CPU time)
Log-likelihood of RapidNJ tree: -1004.296
--------------------------------------------------------------------
|             INITIALIZING CANDIDATE TREE SET                      |
--------------------------------------------------------------------
Generating 98 parsimony trees... 0.302 second
Computing log-likelihood of 98 initial trees ... 0.119 seconds
Current best score: -1003.651

Do NNI search on 20 best initial trees
Estimate model parameters (epsilon = 0.100)
BETTER TREE FOUND at iteration 1: -1003.650
Iteration 10 / LogL: -1003.650 / Time: 0h:0m:2s
BETTER TREE FOUND at iteration 12: -1003.650
Iteration 20 / LogL: -1003.650 / Time: 0h:0m:2s
Finish initializing candidate tree set (20)
Current best tree score: -1003.650 / CPU time: 1.346
Number of iterations: 20
--------------------------------------------------------------------
|               OPTIMIZING CANDIDATE TREE SET                      |
--------------------------------------------------------------------
Iteration 30 / LogL: -1003.653 / Time: 0h:0m:3s (0h:0m:5s left)
Iteration 40 / LogL: -1003.655 / Time: 0h:0m:3s (0h:0m:4s left)
Iteration 50 / LogL: -1003.657 / Time: 0h:0m:4s (0h:0m:3s left)
Log-likelihood cutoff on original alignment: -1025.363
Iteration 60 / LogL: -1003.653 / Time: 0h:0m:5s (0h:0m:3s left)
Iteration 70 / LogL: -1009.998 / Time: 0h:0m:5s (0h:0m:2s left)
Iteration 80 / LogL: -1003.656 / Time: 0h:0m:6s (0h:0m:2s left)
Iteration 90 / LogL: -1017.481 / Time: 0h:0m:7s (0h:0m:1s left)
Iteration 100 / LogL: -1003.653 / Time: 0h:0m:7s (0h:0m:0s left)
Log-likelihood cutoff on original alignment: -1026.089
NOTE: Bootstrap correlation coefficient of split occurrence frequencies: 0.817
NOTE: UFBoot does not converge, continue at least 100 more iterations
Iteration 110 / LogL: -1003.654 / Time: 0h:0m:8s (0h:0m:6s left)
Iteration 120 / LogL: -1003.657 / Time: 0h:0m:9s (0h:0m:5s left)
Iteration 130 / LogL: -1003.653 / Time: 0h:0m:10s (0h:0m:5s left)
Iteration 140 / LogL: -1021.506 / Time: 0h:0m:11s (0h:0m:4s left)
Iteration 150 / LogL: -1026.413 / Time: 0h:0m:12s (0h:0m:3s left)
Log-likelihood cutoff on original alignment: -1027.008
Iteration 160 / LogL: -1003.653 / Time: 0h:0m:13s (0h:0m:3s left)
Iteration 170 / LogL: -1036.195 / Time: 0h:0m:14s (0h:0m:2s left)
Iteration 180 / LogL: -1003.654 / Time: 0h:0m:15s (0h:0m:1s left)
Iteration 190 / LogL: -1003.651 / Time: 0h:0m:16s (0h:0m:0s left)
Iteration 200 / LogL: -1003.653 / Time: 0h:0m:17s (0h:0m:0s left)
Log-likelihood cutoff on original alignment: -1029.856
NOTE: Bootstrap correlation coefficient of split occurrence frequencies: 0.942
NOTE: UFBoot does not converge, continue at least 100 more iterations
Iteration 210 / LogL: -1003.653 / Time: 0h:0m:18s (0h:0m:7s left)
Iteration 220 / LogL: -1010.486 / Time: 0h:0m:19s (0h:0m:6s left)
Iteration 230 / LogL: -1003.658 / Time: 0h:0m:21s (0h:0m:6s left)
Iteration 240 / LogL: -1003.656 / Time: 0h:0m:22s (0h:0m:5s left)
Iteration 250 / LogL: -1003.655 / Time: 0h:0m:23s (0h:0m:4s left)
Log-likelihood cutoff on original alignment: -1030.720
Iteration 260 / LogL: -1003.659 / Time: 0h:0m:24s (0h:0m:3s left)
Iteration 270 / LogL: -1003.652 / Time: 0h:0m:26s (0h:0m:2s left)
Iteration 280 / LogL: -1003.656 / Time: 0h:0m:27s (0h:0m:1s left)
Iteration 290 / LogL: -1003.654 / Time: 0h:0m:29s (0h:0m:0s left)
Iteration 300 / LogL: -1038.139 / Time: 0h:0m:30s (0h:0m:0s left)
Log-likelihood cutoff on original alignment: -1031.943
NOTE: Bootstrap correlation coefficient of split occurrence frequencies: 0.894
NOTE: UFBoot does not converge, continue at least 100 more iterations
Iteration 310 / LogL: -1003.652 / Time: 0h:0m:31s (0h:0m:8s left)
Iteration 320 / LogL: -1003.650 / Time: 0h:0m:33s (0h:0m:8s left)
Iteration 330 / LogL: -1003.655 / Time: 0h:0m:34s (0h:0m:7s left)
Iteration 340 / LogL: -1003.660 / Time: 0h:0m:36s (0h:0m:6s left)
Iteration 350 / LogL: -1003.658 / Time: 0h:0m:37s (0h:0m:5s left)
Log-likelihood cutoff on original alignment: -1032.253
Iteration 360 / LogL: -1003.657 / Time: 0h:0m:39s (0h:0m:4s left)
Iteration 370 / LogL: -1010.570 / Time: 0h:0m:41s (0h:0m:3s left)
Iteration 380 / LogL: -1018.425 / Time: 0h:0m:42s (0h:0m:2s left)
Iteration 390 / LogL: -1009.340 / Time: 0h:0m:44s (0h:0m:1s left)
Iteration 400 / LogL: -1003.655 / Time: 0h:0m:45s (0h:0m:0s left)
Log-likelihood cutoff on original alignment: -1032.935
NOTE: Bootstrap correlation coefficient of split occurrence frequencies: 0.910
NOTE: UFBoot does not converge, continue at least 100 more iterations
BETTER TREE FOUND at iteration 403: -1003.650
Iteration 410 / LogL: -1009.932 / Time: 0h:0m:47s (0h:0m:10s left)
Iteration 420 / LogL: -1036.194 / Time: 0h:0m:49s (0h:0m:9s left)
Iteration 430 / LogL: -1010.719 / Time: 0h:0m:51s (0h:0m:8s left)
Iteration 440 / LogL: -1003.651 / Time: 0h:0m:53s (0h:0m:7s left)
Iteration 450 / LogL: -1003.654 / Time: 0h:0m:54s (0h:0m:6s left)
Log-likelihood cutoff on original alignment: -1033.848
Iteration 460 / LogL: -1003.652 / Time: 0h:0m:56s (0h:0m:5s left)
Iteration 470 / LogL: -1003.657 / Time: 0h:0m:58s (0h:0m:4s left)
Iteration 480 / LogL: -1009.929 / Time: 0h:1m:0s (0h:0m:2s left)
Iteration 490 / LogL: -1003.655 / Time: 0h:1m:2s (0h:0m:1s left)
Iteration 500 / LogL: -1003.653 / Time: 0h:1m:4s (0h:0m:0s left)
Log-likelihood cutoff on original alignment: -1035.394
NOTE: Bootstrap correlation coefficient of split occurrence frequencies: 0.919
NOTE: UFBoot does not converge, continue at least 100 more iterations
Iteration 510 / LogL: -1016.024 / Time: 0h:1m:7s (0h:0m:11s left)
Iteration 520 / LogL: -1003.655 / Time: 0h:1m:9s (0h:0m:10s left)
Iteration 530 / LogL: -1003.651 / Time: 0h:1m:11s (0h:0m:9s left)
Iteration 540 / LogL: -1003.652 / Time: 0h:1m:13s (0h:0m:8s left)
Iteration 550 / LogL: -1003.653 / Time: 0h:1m:15s (0h:0m:6s left)
Log-likelihood cutoff on original alignment: -1035.394
Iteration 560 / LogL: -1003.656 / Time: 0h:1m:18s (0h:0m:5s left)
Iteration 570 / LogL: -1005.800 / Time: 0h:1m:20s (0h:0m:4s left)
Iteration 580 / LogL: -1003.657 / Time: 0h:1m:23s (0h:0m:2s left)
Iteration 590 / LogL: -1010.345 / Time: 0h:1m:25s (0h:0m:1s left)
Iteration 600 / LogL: -1003.655 / Time: 0h:1m:27s (0h:0m:0s left)
Log-likelihood cutoff on original alignment: -1035.394
NOTE: Bootstrap correlation coefficient of split occurrence frequencies: 0.967
NOTE: UFBoot does not converge, continue at least 100 more iterations
Iteration 610 / LogL: -1003.656 / Time: 0h:1m:30s (0h:0m:13s left)
Iteration 620 / LogL: -1003.654 / Time: 0h:1m:32s (0h:0m:11s left)
Iteration 630 / LogL: -1003.657 / Time: 0h:1m:35s (0h:0m:10s left)
Iteration 640 / LogL: -1003.653 / Time: 0h:1m:38s (0h:0m:9s left)
Iteration 650 / LogL: -1003.656 / Time: 0h:1m:40s (0h:0m:7s left)
Log-likelihood cutoff on original alignment: -1035.394
Iteration 660 / LogL: -1012.918 / Time: 0h:1m:43s (0h:0m:6s left)
Iteration 670 / LogL: -1003.656 / Time: 0h:1m:46s (0h:0m:4s left)
Iteration 680 / LogL: -1003.651 / Time: 0h:1m:48s (0h:0m:3s left)
Iteration 690 / LogL: -1003.655 / Time: 0h:1m:51s (0h:0m:1s left)
Iteration 700 / LogL: -1051.867 / Time: 0h:1m:54s (0h:0m:0s left)
Log-likelihood cutoff on original alignment: -1035.655
NOTE: Bootstrap correlation coefficient of split occurrence frequencies: 0.958
NOTE: UFBoot does not converge, continue at least 100 more iterations
Iteration 710 / LogL: -1003.658 / Time: 0h:1m:57s (0h:0m:14s left)
Iteration 720 / LogL: -1003.657 / Time: 0h:2m:0s (0h:0m:13s left)
Iteration 730 / LogL: -1003.654 / Time: 0h:2m:3s (0h:0m:11s left)
Iteration 740 / LogL: -1003.657 / Time: 0h:2m:5s (0h:0m:10s left)
Iteration 750 / LogL: -1003.652 / Time: 0h:2m:8s (0h:0m:8s left)
Log-likelihood cutoff on original alignment: -1035.655
Iteration 760 / LogL: -1003.651 / Time: 0h:2m:12s (0h:0m:6s left)
Iteration 770 / LogL: -1003.655 / Time: 0h:2m:15s (0h:0m:5s left)
Iteration 780 / LogL: -1003.654 / Time: 0h:2m:18s (0h:0m:3s left)
Iteration 790 / LogL: -1003.654 / Time: 0h:2m:21s (0h:0m:1s left)
Iteration 800 / LogL: -1003.656 / Time: 0h:2m:24s (0h:0m:0s left)
Log-likelihood cutoff on original alignment: -1035.655
NOTE: Bootstrap correlation coefficient of split occurrence frequencies: 0.961
NOTE: UFBoot does not converge, continue at least 100 more iterations
Iteration 810 / LogL: -1003.658 / Time: 0h:2m:28s (0h:0m:16s left)
Iteration 820 / LogL: -1011.344 / Time: 0h:2m:31s (0h:0m:14s left)
Iteration 830 / LogL: -1044.490 / Time: 0h:2m:34s (0h:0m:12s left)
Iteration 840 / LogL: -1003.658 / Time: 0h:2m:38s (0h:0m:11s left)
Iteration 850 / LogL: -1012.335 / Time: 0h:2m:41s (0h:0m:9s left)
Log-likelihood cutoff on original alignment: -1035.655
Iteration 860 / LogL: -1003.658 / Time: 0h:2m:45s (0h:0m:7s left)
Iteration 870 / LogL: -1009.889 / Time: 0h:2m:48s (0h:0m:5s left)
Iteration 880 / LogL: -1003.658 / Time: 0h:2m:51s (0h:0m:3s left)
Iteration 890 / LogL: -1003.653 / Time: 0h:2m:55s (0h:0m:1s left)
Iteration 900 / LogL: -1003.655 / Time: 0h:2m:58s (0h:0m:0s left)
Log-likelihood cutoff on original alignment: -1035.655
NOTE: Bootstrap correlation coefficient of split occurrence frequencies: 0.957
NOTE: UFBoot does not converge, continue at least 100 more iterations
Iteration 910 / LogL: -1009.890 / Time: 0h:3m:2s (0h:0m:17s left)
Iteration 920 / LogL: -1003.657 / Time: 0h:3m:6s (0h:0m:16s left)
Iteration 930 / LogL: -1003.658 / Time: 0h:3m:9s (0h:0m:14s left)
Iteration 940 / LogL: -1003.655 / Time: 0h:3m:13s (0h:0m:12s left)
Iteration 950 / LogL: -1003.656 / Time: 0h:3m:17s (0h:0m:10s left)
Log-likelihood cutoff on original alignment: -1035.403
Iteration 960 / LogL: -1003.658 / Time: 0h:3m:21s (0h:0m:8s left)
Iteration 970 / LogL: -1010.342 / Time: 0h:3m:25s (0h:0m:6s left)
Iteration 980 / LogL: -1003.652 / Time: 0h:3m:29s (0h:0m:4s left)
Iteration 990 / LogL: -1003.655 / Time: 0h:3m:32s (0h:0m:2s left)
Iteration 1000 / LogL: -1003.653 / Time: 0h:3m:36s (0h:0m:0s left)
Log-likelihood cutoff on original alignment: -1035.403
NOTE: Bootstrap correlation coefficient of split occurrence frequencies: 0.954
NOTE: UFBoot does not converge, continue at least 100 more iterations
WARNING: bootstrap analysis did not converge. You should rerun with higher number of iterations (-nm option)
TREE SEARCH COMPLETED AFTER 1001 ITERATIONS / Time: 0h:3m:37s

--------------------------------------------------------------------
|                    FINALIZING TREE SEARCH                        |
--------------------------------------------------------------------
Performs final model parameters optimization
Estimate model parameters (epsilon = 0.010)
1. Initial log-likelihood: -1003.650
Optimal log-likelihood: -1003.650
Rate parameters:  A-C: 1.00000  A-G: 1.82276  A-T: 1.00000  C-G: 1.00000  C-T: 1.82276  G-T: 1.00000
Base frequencies:  A: 0.190  C: 0.240  G: 0.418  T: 0.152
Parameters optimization took 1 rounds (0.003 sec)
BEST SCORE FOUND : -1003.650
Creating bootstrap support values...
Split supports printed to NEXUS file output/TSPY_nodomain/tree.splits.nex
Total tree length: 0.204

Total number of iterations: 1001
CPU time used for tree search: 212.862 sec (0h:3m:32s)
Wall-clock time used for tree search: 216.305 sec (0h:3m:36s)
Total CPU time used: 214.544 sec (0h:3m:34s)
Total wall-clock time used: 218.046 sec (0h:3m:38s)

Computing bootstrap consensus tree...
Reading input file output/TSPY_nodomain/tree.splits.nex...
163 taxa and 7407 splits.
Consensus tree written to output/TSPY_nodomain/tree.contree
Reading input trees file output/TSPY_nodomain/tree.contree
Log-likelihood of consensus tree: -1003.796

Analysis results written to: 
  IQ-TREE report:                output/TSPY_nodomain/tree.iqtree
  Maximum-likelihood tree:       output/TSPY_nodomain/tree.treefile
  Likelihood distances:          output/TSPY_nodomain/tree.mldist

Ultrafast bootstrap approximation results written to:
  Split support values:          output/TSPY_nodomain/tree.splits.nex
  Consensus tree:                output/TSPY_nodomain/tree.contree
  Screen log file:               output/TSPY_nodomain/tree.log

Date and Time: Wed Apr 22 18:35:59 2026
