
Loaded 'libv3/all-terms.bf' from '/usr/local/share/hyphy/TemplateBatchFiles/libv3/all-terms.bf'
Loaded 'libv3/UtilityFunctions.bf' from '/usr/local/share/hyphy/TemplateBatchFiles/libv3/UtilityFunctions.bf'
Loaded 'IOFunctions.bf' from '/usr/local/share/hyphy/TemplateBatchFiles/libv3/IOFunctions.bf'
Already loaded 'libv3/UtilityFunctions.bf' from /usr/local/share/hyphy/TemplateBatchFiles/libv3/UtilityFunctions.bf
Loaded 'convenience/regexp.bf' from '/usr/local/share/hyphy/TemplateBatchFiles/libv3/convenience/regexp.bf'
Already loaded 'libv3/all-terms.bf' from /usr/local/share/hyphy/TemplateBatchFiles/libv3/all-terms.bf
Already loaded 'libv3/IOFunctions.bf' from /usr/local/share/hyphy/TemplateBatchFiles/libv3/IOFunctions.bf
Loaded 'libv3/tasks/estimators.bf' from '/usr/local/share/hyphy/TemplateBatchFiles/libv3/tasks/estimators.bf'
Already loaded 'libv3/all-terms.bf' from /usr/local/share/hyphy/TemplateBatchFiles/libv3/all-terms.bf
Loaded '../models/model_functions.bf' from '/usr/local/share/hyphy/TemplateBatchFiles/libv3/models/model_functions.bf'
Loaded 'DNA.bf' from '/usr/local/share/hyphy/TemplateBatchFiles/libv3/models/DNA.bf'
Loaded 'frequencies.bf' from '/usr/local/share/hyphy/TemplateBatchFiles/libv3/models/frequencies.bf'
Already loaded '../all-terms.bf' from /usr/local/share/hyphy/TemplateBatchFiles/libv3/all-terms.bf
Loaded 'parameters.bf' from '/usr/local/share/hyphy/TemplateBatchFiles/libv3/models/parameters.bf'
Loaded 'GrabBag' from '/usr/local/share/hyphy/TemplateBatchFiles/Utility/GrabBag.bf'
Overwritten previously defined function:'_sortStringsAux'
Already loaded 'libv3/all-terms.bf' from /usr/local/share/hyphy/TemplateBatchFiles/libv3/all-terms.bf
Already loaded '../UtilityFunctions.bf' from /usr/local/share/hyphy/TemplateBatchFiles/libv3/UtilityFunctions.bf
Already loaded 'model_functions.bf' from /usr/local/share/hyphy/TemplateBatchFiles/libv3/models/model_functions.bf
Already loaded 'libv3/all-terms.bf' from /usr/local/share/hyphy/TemplateBatchFiles/libv3/all-terms.bf
Already loaded 'parameters.bf' from /usr/local/share/hyphy/TemplateBatchFiles/libv3/models/parameters.bf
Already loaded 'frequencies.bf' from /usr/local/share/hyphy/TemplateBatchFiles/libv3/models/frequencies.bf
Already loaded '../UtilityFunctions.bf' from /usr/local/share/hyphy/TemplateBatchFiles/libv3/UtilityFunctions.bf
Already loaded '../convenience/regexp.bf' from /usr/local/share/hyphy/TemplateBatchFiles/libv3/convenience/regexp.bf
Loaded '../models/DNA/GTR.bf' from '/usr/local/share/hyphy/TemplateBatchFiles/libv3/models/DNA/GTR.bf'
Already loaded '../DNA.bf' from /usr/local/share/hyphy/TemplateBatchFiles/libv3/models/DNA.bf
Already loaded '../parameters.bf' from /usr/local/share/hyphy/TemplateBatchFiles/libv3/models/parameters.bf
Already loaded '../frequencies.bf' from /usr/local/share/hyphy/TemplateBatchFiles/libv3/models/frequencies.bf
Already loaded '../../UtilityFunctions.bf' from /usr/local/share/hyphy/TemplateBatchFiles/libv3/UtilityFunctions.bf
Already loaded 'libv3/all-terms.bf' from /usr/local/share/hyphy/TemplateBatchFiles/libv3/all-terms.bf
Already loaded '../convenience/regexp.bf' from /usr/local/share/hyphy/TemplateBatchFiles/libv3/convenience/regexp.bf
Loaded 'mpi.bf' from '/usr/local/share/hyphy/TemplateBatchFiles/libv3/tasks/mpi.bf'
Already loaded '../all-terms.bf' from /usr/local/share/hyphy/TemplateBatchFiles/libv3/all-terms.bf
Already loaded '../models/parameters.bf' from /usr/local/share/hyphy/TemplateBatchFiles/libv3/models/parameters.bf
Already loaded '../IOFunctions.bf' from /usr/local/share/hyphy/TemplateBatchFiles/libv3/IOFunctions.bf
Loaded 'libv3/convenience/math.bf' from '/usr/local/share/hyphy/TemplateBatchFiles/libv3/convenience/math.bf'
Already loaded 'libv3/UtilityFunctions.bf' from /usr/local/share/hyphy/TemplateBatchFiles/libv3/UtilityFunctions.bf
Already loaded 'libv3/IOFunctions.bf' from /usr/local/share/hyphy/TemplateBatchFiles/libv3/IOFunctions.bf
Loaded 'libv3/tasks/alignments.bf' from '/usr/local/share/hyphy/TemplateBatchFiles/libv3/tasks/alignments.bf'
Already loaded '../IOFunctions.bf' from /usr/local/share/hyphy/TemplateBatchFiles/libv3/IOFunctions.bf
Already loaded '../all-terms.bf' from /usr/local/share/hyphy/TemplateBatchFiles/libv3/all-terms.bf
Loaded 'libv3/tasks/trees.bf' from '/usr/local/share/hyphy/TemplateBatchFiles/libv3/tasks/trees.bf'
Already loaded '../IOFunctions.bf' from /usr/local/share/hyphy/TemplateBatchFiles/libv3/IOFunctions.bf
Already loaded '../all-terms.bf' from /usr/local/share/hyphy/TemplateBatchFiles/libv3/all-terms.bf
Already loaded '../convenience/regexp.bf' from /usr/local/share/hyphy/TemplateBatchFiles/libv3/convenience/regexp.bf
Already loaded '../UtilityFunctions.bf' from /usr/local/share/hyphy/TemplateBatchFiles/libv3/UtilityFunctions.bf
Loaded 'TreeTools' from '/usr/local/share/hyphy/TemplateBatchFiles/TreeTools.ibf'
Loaded 'distances.bf' from '/usr/local/share/hyphy/TemplateBatchFiles/libv3/tasks/distances.bf'
Already loaded '../IOFunctions.bf' from /usr/local/share/hyphy/TemplateBatchFiles/libv3/IOFunctions.bf
Already loaded '../all-terms.bf' from /usr/local/share/hyphy/TemplateBatchFiles/libv3/all-terms.bf
Already loaded '../models/frequencies.bf' from /usr/local/share/hyphy/TemplateBatchFiles/libv3/models/frequencies.bf
Already loaded '../convenience/regexp.bf' from /usr/local/share/hyphy/TemplateBatchFiles/libv3/convenience/regexp.bf
Loaded 'libv3/models/codon/MG_REV.bf' from '/usr/local/share/hyphy/TemplateBatchFiles/libv3/models/codon/MG_REV.bf'
Loaded '../codon.bf' from '/usr/local/share/hyphy/TemplateBatchFiles/libv3/models/codon.bf'
Loaded '../tasks/genetic_code.bf' from '/usr/local/share/hyphy/TemplateBatchFiles/libv3/tasks/genetic_code.bf'
Loaded 'libv3/convenience/matrix.bf' from '/usr/local/share/hyphy/TemplateBatchFiles/libv3/convenience/matrix.bf'
Already loaded 'libv3/UtilityFunctions.bf' from /usr/local/share/hyphy/TemplateBatchFiles/libv3/UtilityFunctions.bf
Already loaded 'libv3/all-terms.bf' from /usr/local/share/hyphy/TemplateBatchFiles/libv3/all-terms.bf
Already loaded '../UtilityFunctions.bf' from /usr/local/share/hyphy/TemplateBatchFiles/libv3/UtilityFunctions.bf
Already loaded '../DNA.bf' from /usr/local/share/hyphy/TemplateBatchFiles/libv3/models/DNA.bf
Already loaded '../parameters.bf' from /usr/local/share/hyphy/TemplateBatchFiles/libv3/models/parameters.bf
Already loaded '../frequencies.bf' from /usr/local/share/hyphy/TemplateBatchFiles/libv3/models/frequencies.bf
Already loaded '../../UtilityFunctions.bf' from /usr/local/share/hyphy/TemplateBatchFiles/libv3/UtilityFunctions.bf
Loaded 'SelectionAnalyses/modules/io_functions.ibf' from '/usr/local/share/hyphy/TemplateBatchFiles/SelectionAnalyses/modules/io_functions.ibf'
Already loaded 'libv3/UtilityFunctions.bf' from /usr/local/share/hyphy/TemplateBatchFiles/libv3/UtilityFunctions.bf
Already loaded 'libv3/IOFunctions.bf' from /usr/local/share/hyphy/TemplateBatchFiles/libv3/IOFunctions.bf
Already loaded 'libv3/convenience/regexp.bf' from /usr/local/share/hyphy/TemplateBatchFiles/libv3/convenience/regexp.bf
Already loaded 'libv3/all-terms.bf' from /usr/local/share/hyphy/TemplateBatchFiles/libv3/all-terms.bf
Loaded 'SelectionAnalyses/modules/selection_lib.ibf' from '/usr/local/share/hyphy/TemplateBatchFiles/SelectionAnalyses/modules/selection_lib.ibf'
Variable 'NORMALIZE_SEQUENCE_NAMES' was not initialized prior to being used
Variable 'fitter.terms.dS' was not initialized prior to being used
Variable 'fitter.terms.dN' was not initialized prior to being used
Loaded 'SelectionAnalyses/modules/shared-load-file.bf' from '/usr/local/share/hyphy/TemplateBatchFiles/SelectionAnalyses/modules/shared-load-file.bf'
Variable 'MARKDOWN_OUTPUT' was not initialized prior to being used
Already loaded 'libv3/convenience/matrix.bf' from /usr/local/share/hyphy/TemplateBatchFiles/libv3/convenience/matrix.bf
Already loaded 'libv3/UtilityFunctions.bf' from /usr/local/share/hyphy/TemplateBatchFiles/libv3/UtilityFunctions.bf
Variable 'LJNUKzhR.skipCodeSelectionStep' was not initialized prior to being used
Rooted topology. Removing one branch - the left root child has been promoted to be the new root
Variable 'DATA_FILE_PARTITION_MATRIX' was not initialized prior to being used
Row and/or column partition is empty. All the data will be used by default.
'TAA' was encountered in sequence HOMSAP_CHRY_BPY2_23819939_Q8A_NONC_T at site pattern 59. All corresponding alignment columns will be removed from subsequent analyses.
The following sites are being omitted {318,319,320}
Row and/or column partition is empty. All the data will be used by default.
'TAA' was encountered in sequence HOMSAP_CHRY_BPY2_23819939_Q8A_NONC_T at site pattern 48. All corresponding alignment columns will be removed from subsequent analyses.
The following sites are being omitted {318,319,320}