IQ-TREE multicore version 2.3.6 for MacOS ARM 64-bit built Aug  1 2024
Developed by Bui Quang Minh, Nguyen Lam Tung, Olga Chernomor, Heiko Schmidt,
Dominik Schrempf, Michael Woodhams, Ly Trong Nhan, Thomas Wong

Host:    karol.bx.psu.edu (SSE4.2, 16 GB RAM)
Command: /Users/kxp5629/tools/iqtree-2.3.6-macOS/bin/iqtree2 -s output/HSFY_nodomain/alignment.dedup.fasta -bb 1000 --prefix output/HSFY_nodomain/tree -keep-ident --redo -o SymSyn_chrY_LOC129476741_21345383_Q6.5B_nonC_t
Seed:    571199 (Using SPRNG - Scalable Parallel Random Number Generator)
Time:    Thu Apr 23 17:32:05 2026
Kernel:  SSE2 - 1 threads (12 CPU cores detected)

HINT: Use -nt option to specify number of threads because your CPU has 12 cores!
HINT: -nt AUTO will automatically determine the best number of threads to use.

Reading alignment file output/HSFY_nodomain/alignment.dedup.fasta ... Fasta format detected
Reading fasta file: done in 0.000143051 secs using 78.99% CPU
Alignment most likely contains DNA/RNA sequences
Alignment has 12 sequences with 864 columns, 65 distinct patterns
22 parsimony-informative, 45 singleton sites, 797 constant sites
                                                                        Gap/Ambiguity  Composition  p-value
Analyzing sequences: done in 3.8147e-06 secs using 104.9% CPU
   1  HomSap_chrY_HSFY1_19436129_Q5A_nonC_t                                     1.04%    passed     89.52%
   2  PonPyg_chrY_LOC129025837_31859828_nonP-closest-Q14A-at-123709_nonC_-      0.00%    passed     94.70%
   3  PonPyg_chrY_LOC129025904_30564830_nonP-closest-Q12B-at-128475_nonC_t      0.00%    passed     93.92%
   4  PonPyg_chrY_LOC129025967_38005344_nonP-closest-Q25.2B-at-127993_nonC_t    0.00%    passed     93.11%
   5  PonAbe_chrY_LOC129053184_42690674_nonP-closest-Q16.2A-at-127319_nonC_-    0.00%    passed     90.99%
   6  PonAbe_chrY_LOC129053487_48814026_nonP-closest-Q1.2B-at-17323_nonC_-      0.00%    passed     93.95%
   7  SymSyn_chrY_LOC129476741_21345383_Q6.5B_nonC_t                            0.69%    passed     96.57%
   8  GorGor_chrY_LOC129530208_41620825_nonP-closest-Q17.1A-at-287859_nonC_t   62.15%    passed     82.40%
   9  GorGor_chrY_LOC129530236_19044257_nonP-closest-Q8B-at-70837_nonC_-       62.15%    passed     59.26%
  10  GorGor_chrY_LOC129530237_18802999_nonP-closest-Q8A-at-72618_nonC_t       62.15%    passed     57.03%
  11  GorGor_chrY_LOC129530294_17252746_Q5.1A_nonC_t                           62.15%    passed     59.49%
  12  GorGor_chrY_LOC129530295_17487915_Q5.1B_nonC_-                           62.15%    passed     52.96%
WARNING: 5 sequences contain more than 50% gaps/ambiguity
****  TOTAL                                                                    26.04%  0 sequences failed composition chi2 test (p-value<5%; df=3)


Create initial parsimony tree by phylogenetic likelihood library (PLL)... 0.000 seconds
Perform fast likelihood tree search using GTR+I+G model...
Estimate model parameters (epsilon = 5.000)
Perform nearest neighbor interchange...
Estimate model parameters (epsilon = 1.000)
1. Initial log-likelihood: -1599.182
Optimal log-likelihood: -1599.174
Rate parameters:  A-C: 1.65998  A-G: 3.23186  A-T: 0.06650  C-G: 1.89994  C-T: 2.56584  G-T: 1.00000
Base frequencies:  A: 0.298  C: 0.234  G: 0.175  T: 0.293
Proportion of invariable sites: 0.457
Gamma shape alpha: 998.445
Parameters optimization took 1 rounds (0.001 sec)
Time for fast ML tree search: 0.006 seconds

NOTE: ModelFinder requires 0 MB RAM!
ModelFinder will test up to 484 DNA models (sample size: 864 epsilon: 0.100) ...
 No. Model         -LnL         df  AIC          AICc         BIC
  1  GTR+F         1598.115     29  3254.230     3256.317     3392.316
  2  GTR+F+I       1598.115     30  3256.229     3258.462     3399.077
  3  GTR+F+G4      1598.116     30  3256.231     3258.464     3399.078
  4  GTR+F+I+G4    1599.165     31  3260.331     3262.716     3407.940
  5  GTR+F+R2      1598.115     31  3258.231     3260.615     3405.839
  6  GTR+F+R3      1598.115     33  3262.230     3264.934     3419.362
 14  GTR+F+I+R2    1599.179     32  3262.359     3264.900     3414.729
 15  GTR+F+I+R3    1599.157     34  3266.314     3269.185     3428.207
 23  SYM           1617.363     26  3286.725     3288.402     3410.526
 24  SYM+I         1617.362     27  3288.725     3290.534     3417.287
 25  SYM+G4        1617.363     27  3288.726     3290.535     3417.289
 45  TVM+F         1598.360     28  3252.719     3254.664     3386.043
 46  TVM+F+I       1598.360     29  3254.719     3256.805     3392.805
 47  TVM+F+G4      1598.360     29  3254.720     3256.807     3392.806
 67  TVMe          1617.379     25  3284.757     3286.308     3403.796
 68  TVMe+I        1617.379     26  3286.757     3288.434     3410.558
 69  TVMe+G4       1617.379     26  3286.758     3288.436     3410.559
 89  TIM3+F        1601.779     27  3257.558     3259.367     3386.120
 90  TIM3+F+I      1601.779     28  3259.558     3261.503     3392.882
 91  TIM3+F+G4     1601.780     28  3259.559     3261.504     3392.883
111  TIM3e         1620.055     24  3288.110     3289.540     3402.388
112  TIM3e+I       1620.055     25  3290.110     3291.661     3409.149
113  TIM3e+G4      1620.056     25  3290.111     3291.663     3409.151
133  TIM2+F        1606.474     27  3266.949     3268.758     3395.511
134  TIM2+F+I      1606.474     28  3268.949     3270.894     3402.273
135  TIM2+F+G4     1606.475     28  3268.951     3270.896     3402.275
155  TIM2e         1624.760     24  3297.519     3298.950     3411.797
156  TIM2e+I       1624.760     25  3299.519     3301.070     3418.558
157  TIM2e+G4      1624.760     25  3299.520     3301.072     3418.560
177  TIM+F         1606.040     27  3266.080     3267.888     3394.642
178  TIM+F+I       1606.040     28  3268.080     3270.025     3401.404
179  TIM+F+G4      1606.041     28  3268.081     3270.026     3401.405
199  TIMe          1623.696     24  3295.392     3296.823     3409.670
200  TIMe+I        1623.696     25  3297.391     3298.943     3416.431
201  TIMe+G4       1623.696     25  3297.392     3298.943     3416.431
221  TPM3u+F       1602.024     26  3256.048     3257.726     3379.849
222  TPM3u+F+I     1602.024     27  3258.048     3259.857     3386.611
223  TPM3u+F+G4    1602.025     27  3258.050     3259.858     3386.612
243  TPM3          1620.072     23  3286.144     3287.458     3395.660
244  TPM3+I        1620.072     24  3288.143     3289.574     3402.421
245  TPM3+G4       1620.072     24  3288.145     3289.575     3402.423
265  TPM2u+F       1606.724     26  3265.448     3267.126     3389.249
266  TPM2u+F+I     1606.724     27  3267.448     3269.257     3396.011
267  TPM2u+F+G4    1606.725     27  3267.450     3269.258     3396.012
287  TPM2          1624.778     23  3295.555     3296.869     3405.071
288  TPM2+I        1624.777     24  3297.555     3298.985     3411.833
289  TPM2+G4       1624.778     24  3297.556     3298.987     3411.834
309  K3Pu+F        1606.291     26  3264.582     3266.259     3388.382
310  K3Pu+F+I      1606.291     27  3266.582     3268.390     3395.144
311  K3Pu+F+G4     1606.292     27  3266.583     3268.392     3395.146
331  K3P           1623.712     23  3293.424     3294.738     3402.940
332  K3P+I         1623.712     24  3295.424     3296.854     3409.702
333  K3P+G4        1623.713     24  3295.425     3296.855     3409.703
353  TN+F          1607.759     26  3267.519     3269.196     3391.320
354  TN+F+I        1607.759     27  3269.519     3271.327     3398.081
355  TN+F+G4       1607.760     27  3269.520     3271.329     3398.083
375  TNe           1625.123     23  3296.246     3297.560     3405.762
376  TNe+I         1625.123     24  3298.246     3299.676     3412.524
377  TNe+G4        1625.124     24  3298.247     3299.677     3412.525
397  HKY+F         1608.009     25  3266.018     3267.569     3385.057
398  HKY+F+I       1608.009     26  3268.018     3269.695     3391.819
399  HKY+F+G4      1608.010     26  3268.019     3269.697     3391.820
419  K2P           1625.141     22  3294.282     3295.485     3399.036
420  K2P+I         1625.141     23  3296.282     3297.596     3405.798
421  K2P+G4        1625.141     23  3296.283     3297.597     3405.799
441  F81+F         1616.831     24  3281.661     3283.092     3395.939
442  F81+F+I       1616.831     25  3283.661     3285.213     3402.701
443  F81+F+G4      1616.831     25  3283.663     3285.214     3402.702
463  JC            1633.431     21  3308.863     3309.960     3408.856
464  JC+I          1633.431     22  3310.863     3312.066     3415.617
465  JC+G4         1633.432     22  3310.864     3312.067     3415.619
Akaike Information Criterion:           TVM+F
Corrected Akaike Information Criterion: TVM+F
Bayesian Information Criterion:         TPM3u+F
Best-fit model: TPM3u+F chosen according to BIC

All model information printed to output/HSFY_nodomain/tree.model.gz
CPU time for ModelFinder: 0.061 seconds (0h:0m:0s)
Wall-clock time for ModelFinder: 0.068 seconds (0h:0m:0s)
Generating 1000 samples for ultrafast bootstrap (seed: 571199)...

NOTE: 0 MB RAM (0 GB) is required!
Estimate model parameters (epsilon = 0.100)
1. Initial log-likelihood: -1616.831
2. Current log-likelihood: -1602.026
Optimal log-likelihood: -1602.024
Rate parameters:  A-C: 4.09132  A-G: 6.69555  A-T: 1.00000  C-G: 4.09132  C-T: 6.69555  G-T: 1.00000
Base frequencies:  A: 0.298  C: 0.234  G: 0.175  T: 0.293
Parameters optimization took 2 rounds (0.001 sec)
Wrote distance file to... 
Computing ML distances based on estimated model parameters...
Calculating distance matrix: done in 0.000363827 secs using 97.02% CPU
Computing ML distances took 0.000474 sec (of wall-clock time) 0.000399 sec (of CPU time)
Setting up auxiliary I and S matrices: done in 2.5034e-05 secs using 71.9% CPU
Computing RapidNJ tree took 0.000110 sec (of wall-clock time) 0.000061 sec (of CPU time)
Log-likelihood of RapidNJ tree: -1606.591
--------------------------------------------------------------------
|             INITIALIZING CANDIDATE TREE SET                      |
--------------------------------------------------------------------
Generating 98 parsimony trees... 0.017 second
Computing log-likelihood of 97 initial trees ... 0.010 seconds
Current best score: -1602.024

Do NNI search on 20 best initial trees
Estimate model parameters (epsilon = 0.100)
BETTER TREE FOUND at iteration 1: -1602.024
BETTER TREE FOUND at iteration 2: -1602.024
UPDATE BEST LOG-LIKELIHOOD: -1602.024
Iteration 10 / LogL: -1602.024 / Time: 0h:0m:0s
Iteration 20 / LogL: -1602.024 / Time: 0h:0m:0s
Finish initializing candidate tree set (3)
Current best tree score: -1602.024 / CPU time: 0.053
Number of iterations: 20
--------------------------------------------------------------------
|               OPTIMIZING CANDIDATE TREE SET                      |
--------------------------------------------------------------------
UPDATE BEST LOG-LIKELIHOOD: -1602.024
Iteration 30 / LogL: -1602.024 / Time: 0h:0m:0s (0h:0m:0s left)
Iteration 40 / LogL: -1602.073 / Time: 0h:0m:0s (0h:0m:0s left)
Iteration 50 / LogL: -1602.026 / Time: 0h:0m:0s (0h:0m:0s left)
Log-likelihood cutoff on original alignment: -1634.544
Iteration 60 / LogL: -1602.028 / Time: 0h:0m:0s (0h:0m:0s left)
UPDATE BEST LOG-LIKELIHOOD: -1602.024
UPDATE BEST LOG-LIKELIHOOD: -1602.024
Iteration 70 / LogL: -1602.025 / Time: 0h:0m:0s (0h:0m:0s left)
Iteration 80 / LogL: -1602.025 / Time: 0h:0m:0s (0h:0m:0s left)
Iteration 90 / LogL: -1606.588 / Time: 0h:0m:0s (0h:0m:0s left)
Iteration 100 / LogL: -1602.025 / Time: 0h:0m:0s (0h:0m:0s left)
Log-likelihood cutoff on original alignment: -1635.426
NOTE: Bootstrap correlation coefficient of split occurrence frequencies: 0.983
NOTE: UFBoot does not converge, continue at least 100 more iterations
Iteration 110 / LogL: -1602.025 / Time: 0h:0m:0s (0h:0m:0s left)
Iteration 120 / LogL: -1602.031 / Time: 0h:0m:0s (0h:0m:0s left)
Iteration 130 / LogL: -1602.024 / Time: 0h:0m:0s (0h:0m:0s left)
Iteration 140 / LogL: -1602.028 / Time: 0h:0m:0s (0h:0m:0s left)
Iteration 150 / LogL: -1602.026 / Time: 0h:0m:0s (0h:0m:0s left)
Log-likelihood cutoff on original alignment: -1635.426
Iteration 160 / LogL: -1602.025 / Time: 0h:0m:0s (0h:0m:0s left)
Iteration 170 / LogL: -1602.026 / Time: 0h:0m:0s (0h:0m:0s left)
Iteration 180 / LogL: -1602.027 / Time: 0h:0m:0s (0h:0m:0s left)
Iteration 190 / LogL: -1602.025 / Time: 0h:0m:0s (0h:0m:0s left)
Iteration 200 / LogL: -1602.028 / Time: 0h:0m:0s (0h:0m:0s left)
Log-likelihood cutoff on original alignment: -1635.426
NOTE: Bootstrap correlation coefficient of split occurrence frequencies: 0.997
TREE SEARCH COMPLETED AFTER 200 ITERATIONS / Time: 0h:0m:0s

--------------------------------------------------------------------
|                    FINALIZING TREE SEARCH                        |
--------------------------------------------------------------------
Performs final model parameters optimization
Estimate model parameters (epsilon = 0.010)
1. Initial log-likelihood: -1602.024
Optimal log-likelihood: -1602.024
Rate parameters:  A-C: 4.08282  A-G: 6.68018  A-T: 1.00000  C-G: 4.08282  C-T: 6.68018  G-T: 1.00000
Base frequencies:  A: 0.298  C: 0.234  G: 0.175  T: 0.293
Parameters optimization took 1 rounds (0.000 sec)
BEST SCORE FOUND : -1602.024
Creating bootstrap support values...
Split supports printed to NEXUS file output/HSFY_nodomain/tree.splits.nex
Total tree length: 0.104

Total number of iterations: 200
CPU time used for tree search: 0.580 sec (0h:0m:0s)
Wall-clock time used for tree search: 0.650 sec (0h:0m:0s)
Total CPU time used: 0.659 sec (0h:0m:0s)
Total wall-clock time used: 0.758 sec (0h:0m:0s)

Computing bootstrap consensus tree...
Reading input file output/HSFY_nodomain/tree.splits.nex...
12 taxa and 78 splits.
Consensus tree written to output/HSFY_nodomain/tree.contree
Reading input trees file output/HSFY_nodomain/tree.contree
Log-likelihood of consensus tree: -1602.029

Analysis results written to: 
  IQ-TREE report:                output/HSFY_nodomain/tree.iqtree
  Maximum-likelihood tree:       output/HSFY_nodomain/tree.treefile
  Likelihood distances:          output/HSFY_nodomain/tree.mldist

Ultrafast bootstrap approximation results written to:
  Split support values:          output/HSFY_nodomain/tree.splits.nex
  Consensus tree:                output/HSFY_nodomain/tree.contree
  Screen log file:               output/HSFY_nodomain/tree.log

Date and Time: Thu Apr 23 17:32:06 2026
