IQ-TREE multicore version 2.3.6 for MacOS ARM 64-bit built Aug  1 2024
Developed by Bui Quang Minh, Nguyen Lam Tung, Olga Chernomor, Heiko Schmidt,
Dominik Schrempf, Michael Woodhams, Ly Trong Nhan, Thomas Wong

Host:    E1-054262.local (SSE4.2, 16 GB RAM)
Command: /Users/kxp5629/tools/iqtree-2.3.6-macOS/bin/iqtree2 -s renamed/HSFY_alignment_v3.renamed.fasta -T 12 -bb 1000
Seed:    120823 (Using SPRNG - Scalable Parallel Random Number Generator)
Time:    Sun Aug  3 00:10:51 2025
Kernel:  SSE2 - 12 threads (12 CPU cores detected)

Reading alignment file renamed/HSFY_alignment_v3.renamed.fasta ... Fasta format detected
Reading fasta file: done in 0.000444889 secs using 53.27% CPU
Alignment most likely contains DNA/RNA sequences
Alignment has 21 sequences with 1209 columns, 79 distinct patterns
80 parsimony-informative, 12 singleton sites, 1117 constant sites
                                                                        Gap/Ambiguity  Composition  p-value
Analyzing sequences: done in 4.00543e-05 secs using 57.42% CPU
   1  HomSap_chrY_HSFY1_19436129_Q5A_nonC_t                                     0.74%    passed     94.98%
   2  HomSap_chrY_HSFY2_19637916_Q5B_nonC_-                                     0.74%    passed     94.98%
   3  PonPyg_chrY_LOC129025837_31859828_nonP-closest-Q14A-at-123709_nonC_-      0.00%    passed     97.26%
   4  PonPyg_chrY_LOC129025904_30564830_nonP-closest-Q12B-at-128475_nonC_t      0.00%    passed     94.94%
   5  PonPyg_chrY_LOC129025964_40237186_nonP-closest-Q27.2B-at-127218_nonC_t    0.00%    passed     95.50%
   6  PonPyg_chrY_LOC129025967_38005344_nonP-closest-Q25.2B-at-127993_nonC_t    0.00%    passed     94.24%
   7  PonAbe_chrY_LOC129053171_38381325_nonP-closest-Q10A-at-128446_nonC_-      0.00%    passed     94.24%
   8  PonAbe_chrY_LOC129053184_42690674_nonP-closest-Q16.2A-at-127319_nonC_-    0.00%    passed     93.02%
   9  PonAbe_chrY_LOC129053190_44866677_nonP-closest-Q19.3A-at-130677_nonC_-    0.00%    passed     94.24%
  10  PonAbe_chrY_LOC129053362_53211300_nonP-closest-Q7B-at-80767_nonC_t        0.00%    passed     93.02%
  11  PonAbe_chrY_LOC129053487_48814026_nonP-closest-Q1.2B-at-17323_nonC_-      0.00%    passed     95.34%
  12  SymSyn_chrY_LOC129476741_21345383_Q6.5B_nonC_t                            0.50%    passed     98.84%
  13  SymSyn_chrY_LOC129476748_19426501_Q6.1A_nonC_-                            0.50%    passed     98.84%
  14  SymSyn_chrY_LOC129476753_20045205_Q6.2A_nonC_t                            0.50%    passed     98.84%
  15  SymSyn_chrY_LOC129476760_20678509_Q6.2B_nonC_-                            0.50%    passed     98.84%
  16  SymSyn_chrY_LOC129476768_21978653_Q6.9B_nonC_-                            0.50%    passed     98.84%
  17  GorGor_chrY_LOC129530208_41620825_nonP-closest-Q17.B-at-374283_nonC_t    44.42%    passed     52.62%
  18  GorGor_chrY_LOC129530236_19044257_Q10.B_nonC_-                           44.42%    passed     32.45%
  19  GorGor_chrY_LOC129530237_18802999_Q10.A_nonC_t                           44.42%    passed     35.53%
  20  GorGor_chrY_LOC129530294_17252746_Q6.1.A_nonC_t                          44.42%    passed     35.45%
  21  GorGor_chrY_LOC129530295_17487915_Q6.1.B_nonC_-                          44.42%    passed     31.47%
****  TOTAL                                                                    10.76%  0 sequences failed composition chi2 test (p-value<5%; df=3)
NOTE: HomSap_chrY_HSFY2_19637916_Q5B_nonC_- is identical to HomSap_chrY_HSFY1_19436129_Q5A_nonC_t but kept for subsequent analysis
NOTE: PonAbe_chrY_LOC129053171_38381325_nonP-closest-Q10A-at-128446_nonC_- is identical to PonPyg_chrY_LOC129025967_38005344_nonP-closest-Q25.2B-at-127993_nonC_t but kept for subsequent analysis
NOTE: PonAbe_chrY_LOC129053362_53211300_nonP-closest-Q7B-at-80767_nonC_t is identical to PonAbe_chrY_LOC129053184_42690674_nonP-closest-Q16.2A-at-127319_nonC_- but kept for subsequent analysis
NOTE: SymSyn_chrY_LOC129476748_19426501_Q6.1A_nonC_- is identical to SymSyn_chrY_LOC129476741_21345383_Q6.5B_nonC_t but kept for subsequent analysis
NOTE: 4 identical sequences (see below) will be ignored for subsequent analysis
NOTE: PonAbe_chrY_LOC129053190_44866677_nonP-closest-Q19.3A-at-130677_nonC_- (identical to PonPyg_chrY_LOC129025967_38005344_nonP-closest-Q25.2B-at-127993_nonC_t) is ignored but added at the end
NOTE: SymSyn_chrY_LOC129476753_20045205_Q6.2A_nonC_t (identical to SymSyn_chrY_LOC129476741_21345383_Q6.5B_nonC_t) is ignored but added at the end
NOTE: SymSyn_chrY_LOC129476760_20678509_Q6.2B_nonC_- (identical to SymSyn_chrY_LOC129476741_21345383_Q6.5B_nonC_t) is ignored but added at the end
NOTE: SymSyn_chrY_LOC129476768_21978653_Q6.9B_nonC_- (identical to SymSyn_chrY_LOC129476741_21345383_Q6.5B_nonC_t) is ignored but added at the end
Alignment was printed to renamed/HSFY_alignment_v3.renamed.fasta.uniqueseq.phy

For your convenience alignment with unique sequences printed to renamed/HSFY_alignment_v3.renamed.fasta.uniqueseq.phy

WARNING: 12 threads for alignment length 79 will slow down analysis

Create initial parsimony tree by phylogenetic likelihood library (PLL)... 0.000 seconds
WARNING: Number of threads seems too high for short alignments. Use -T AUTO to determine best number of threads.
Perform fast likelihood tree search using GTR+I+G model...
Estimate model parameters (epsilon = 5.000)
Perform nearest neighbor interchange...
Estimate model parameters (epsilon = 1.000)
1. Initial log-likelihood: -2244.179
Optimal log-likelihood: -2244.177
Rate parameters:  A-C: 1.31882  A-G: 2.76125  A-T: 0.02951  C-G: 1.96295  C-T: 2.02504  G-T: 1.00000
Base frequencies:  A: 0.314  C: 0.215  G: 0.177  T: 0.293
Proportion of invariable sites: 0.460
Gamma shape alpha: 998.381
Parameters optimization took 1 rounds (0.013 sec)
Time for fast ML tree search: 0.084 seconds

NOTE: ModelFinder requires 0 MB RAM!
ModelFinder will test up to 484 DNA models (sample size: 1209 epsilon: 0.100) ...
 No. Model         -LnL         df  AIC          AICc         BIC
WARNING: 12 threads for alignment length 79 will slow down analysis
WARNING: Number of threads seems too high for short alignments. Use -T AUTO to determine best number of threads.
  1  GTR+F         2244.006     39  4566.012     4568.681     4764.817
WARNING: 12 threads for alignment length 79 will slow down analysis
WARNING: Number of threads seems too high for short alignments. Use -T AUTO to determine best number of threads.
  2  GTR+F+I       2243.910     40  4567.820     4570.629     4771.722
WARNING: 12 threads for alignment length 79 will slow down analysis
WARNING: Number of threads seems too high for short alignments. Use -T AUTO to determine best number of threads.
  3  GTR+F+G4      2243.749     40  4567.499     4570.307     4771.400
WARNING: 12 threads for alignment length 79 will slow down analysis
WARNING: Number of threads seems too high for short alignments. Use -T AUTO to determine best number of threads.
  4  GTR+F+I+G4    2244.176     41  4570.351     4573.302     4779.351
WARNING: 12 threads for alignment length 79 will slow down analysis
WARNING: Number of threads seems too high for short alignments. Use -T AUTO to determine best number of threads.
  5  GTR+F+R2      2243.797     41  4569.593     4572.545     4778.593
WARNING: 12 threads for alignment length 79 will slow down analysis
WARNING: Number of threads seems too high for short alignments. Use -T AUTO to determine best number of threads.
  6  GTR+F+R3      2243.817     43  4573.635     4576.883     4792.829
WARNING: 12 threads for alignment length 79 will slow down analysis
WARNING: Number of threads seems too high for short alignments. Use -T AUTO to determine best number of threads.
 14  GTR+F+I+R2    2244.435     42  4572.869     4575.967     4786.966
WARNING: 12 threads for alignment length 79 will slow down analysis
WARNING: Number of threads seems too high for short alignments. Use -T AUTO to determine best number of threads.
 15  GTR+F+I+R3    2244.281     44  4576.562     4579.964     4800.854
WARNING: 12 threads for alignment length 79 will slow down analysis
WARNING: Number of threads seems too high for short alignments. Use -T AUTO to determine best number of threads.
 23  SYM           2273.988     36  4619.976     4622.249     4803.487
WARNING: 12 threads for alignment length 79 will slow down analysis
WARNING: Number of threads seems too high for short alignments. Use -T AUTO to determine best number of threads.
 24  SYM+I         2273.924     37  4621.849     4624.250     4810.458
WARNING: 12 threads for alignment length 79 will slow down analysis
WARNING: Number of threads seems too high for short alignments. Use -T AUTO to determine best number of threads.
 25  SYM+G4        2273.778     37  4621.556     4623.957     4810.165
WARNING: 12 threads for alignment length 79 will slow down analysis
WARNING: Number of threads seems too high for short alignments. Use -T AUTO to determine best number of threads.
 45  TVM+F         2244.648     38  4565.297     4567.830     4759.003
WARNING: 12 threads for alignment length 79 will slow down analysis
WARNING: Number of threads seems too high for short alignments. Use -T AUTO to determine best number of threads.
 46  TVM+F+I       2244.538     39  4567.076     4569.745     4765.881
WARNING: 12 threads for alignment length 79 will slow down analysis
WARNING: Number of threads seems too high for short alignments. Use -T AUTO to determine best number of threads.
 47  TVM+F+G4      2244.377     39  4566.753     4569.422     4765.558
WARNING: 12 threads for alignment length 79 will slow down analysis
WARNING: Number of threads seems too high for short alignments. Use -T AUTO to determine best number of threads.
 67  TVMe          2274.306     35  4618.613     4620.761     4797.027
WARNING: 12 threads for alignment length 79 will slow down analysis
WARNING: Number of threads seems too high for short alignments. Use -T AUTO to determine best number of threads.
 68  TVMe+I        2274.233     36  4620.466     4622.739     4803.978
WARNING: 12 threads for alignment length 79 will slow down analysis
WARNING: Number of threads seems too high for short alignments. Use -T AUTO to determine best number of threads.
 69  TVMe+G4       2274.084     36  4620.169     4622.442     4803.681
WARNING: 12 threads for alignment length 79 will slow down analysis
WARNING: Number of threads seems too high for short alignments. Use -T AUTO to determine best number of threads.
 89  TIM3+F        2251.971     37  4577.941     4580.342     4766.550
WARNING: 12 threads for alignment length 79 will slow down analysis
WARNING: Number of threads seems too high for short alignments. Use -T AUTO to determine best number of threads.
 90  TIM3+F+I      2251.908     38  4579.815     4582.348     4773.522
WARNING: 12 threads for alignment length 79 will slow down analysis
WARNING: Number of threads seems too high for short alignments. Use -T AUTO to determine best number of threads.
 91  TIM3+F+G4     2251.766     38  4579.533     4582.066     4773.240
WARNING: 12 threads for alignment length 79 will slow down analysis
WARNING: Number of threads seems too high for short alignments. Use -T AUTO to determine best number of threads.
111  TIM3e         2279.664     34  4627.327     4629.354     4800.644
WARNING: 12 threads for alignment length 79 will slow down analysis
WARNING: Number of threads seems too high for short alignments. Use -T AUTO to determine best number of threads.
112  TIM3e+I       2279.606     35  4629.211     4631.360     4807.626
WARNING: 12 threads for alignment length 79 will slow down analysis
WARNING: Number of threads seems too high for short alignments. Use -T AUTO to determine best number of threads.
113  TIM3e+G4      2279.465     35  4628.931     4631.079     4807.345
WARNING: 12 threads for alignment length 79 will slow down analysis
WARNING: Number of threads seems too high for short alignments. Use -T AUTO to determine best number of threads.
133  TIM2+F        2256.772     37  4587.543     4589.945     4776.153
WARNING: 12 threads for alignment length 79 will slow down analysis
WARNING: Number of threads seems too high for short alignments. Use -T AUTO to determine best number of threads.
134  TIM2+F+I      2256.716     38  4589.432     4591.965     4783.138
WARNING: 12 threads for alignment length 79 will slow down analysis
WARNING: Number of threads seems too high for short alignments. Use -T AUTO to determine best number of threads.
135  TIM2+F+G4     2256.559     38  4589.117     4591.651     4782.824
WARNING: 12 threads for alignment length 79 will slow down analysis
WARNING: Number of threads seems too high for short alignments. Use -T AUTO to determine best number of threads.
155  TIM2e         2284.757     34  4637.514     4639.542     4810.831
WARNING: 12 threads for alignment length 79 will slow down analysis
WARNING: Number of threads seems too high for short alignments. Use -T AUTO to determine best number of threads.
156  TIM2e+I       2284.707     35  4639.414     4641.562     4817.828
WARNING: 12 threads for alignment length 79 will slow down analysis
WARNING: Number of threads seems too high for short alignments. Use -T AUTO to determine best number of threads.
157  TIM2e+G4      2284.557     35  4639.114     4641.263     4817.529
WARNING: 12 threads for alignment length 79 will slow down analysis
WARNING: Number of threads seems too high for short alignments. Use -T AUTO to determine best number of threads.
177  TIM+F         2258.360     37  4590.719     4593.120     4779.328
WARNING: 12 threads for alignment length 79 will slow down analysis
WARNING: Number of threads seems too high for short alignments. Use -T AUTO to determine best number of threads.
178  TIM+F+I       2258.316     38  4592.632     4595.165     4786.339
WARNING: 12 threads for alignment length 79 will slow down analysis
WARNING: Number of threads seems too high for short alignments. Use -T AUTO to determine best number of threads.
179  TIM+F+G4      2258.176     38  4592.353     4594.886     4786.059
WARNING: 12 threads for alignment length 79 will slow down analysis
WARNING: Number of threads seems too high for short alignments. Use -T AUTO to determine best number of threads.
199  TIMe          2284.742     34  4637.484     4639.511     4810.801
WARNING: 12 threads for alignment length 79 will slow down analysis
WARNING: Number of threads seems too high for short alignments. Use -T AUTO to determine best number of threads.
200  TIMe+I        2284.685     35  4639.370     4641.519     4817.785
WARNING: 12 threads for alignment length 79 will slow down analysis
WARNING: Number of threads seems too high for short alignments. Use -T AUTO to determine best number of threads.
201  TIMe+G4       2284.538     35  4639.075     4641.223     4817.489
WARNING: 12 threads for alignment length 79 will slow down analysis
WARNING: Number of threads seems too high for short alignments. Use -T AUTO to determine best number of threads.
221  TPM3u+F       2252.612     36  4577.224     4579.497     4760.736
WARNING: 12 threads for alignment length 79 will slow down analysis
WARNING: Number of threads seems too high for short alignments. Use -T AUTO to determine best number of threads.
222  TPM3u+F+I     2252.532     37  4579.065     4581.466     4767.674
WARNING: 12 threads for alignment length 79 will slow down analysis
WARNING: Number of threads seems too high for short alignments. Use -T AUTO to determine best number of threads.
223  TPM3u+F+G4    2252.388     37  4578.776     4581.178     4767.386
WARNING: 12 threads for alignment length 79 will slow down analysis
WARNING: Number of threads seems too high for short alignments. Use -T AUTO to determine best number of threads.
243  TPM3          2279.980     33  4625.960     4627.870     4794.179
WARNING: 12 threads for alignment length 79 will slow down analysis
WARNING: Number of threads seems too high for short alignments. Use -T AUTO to determine best number of threads.
244  TPM3+I        2279.915     34  4627.829     4629.856     4801.146
WARNING: 12 threads for alignment length 79 will slow down analysis
WARNING: Number of threads seems too high for short alignments. Use -T AUTO to determine best number of threads.
245  TPM3+G4       2279.773     34  4627.545     4629.572     4800.862
WARNING: 12 threads for alignment length 79 will slow down analysis
WARNING: Number of threads seems too high for short alignments. Use -T AUTO to determine best number of threads.
265  TPM2u+F       2257.424     36  4586.849     4589.122     4770.361
WARNING: 12 threads for alignment length 79 will slow down analysis
WARNING: Number of threads seems too high for short alignments. Use -T AUTO to determine best number of threads.
266  TPM2u+F+I     2257.363     37  4588.725     4591.127     4777.335
WARNING: 12 threads for alignment length 79 will slow down analysis
WARNING: Number of threads seems too high for short alignments. Use -T AUTO to determine best number of threads.
267  TPM2u+F+G4    2257.206     37  4588.411     4590.813     4777.021
WARNING: 12 threads for alignment length 79 will slow down analysis
WARNING: Number of threads seems too high for short alignments. Use -T AUTO to determine best number of threads.
287  TPM2          2285.085     33  4636.170     4638.079     4804.389
WARNING: 12 threads for alignment length 79 will slow down analysis
WARNING: Number of threads seems too high for short alignments. Use -T AUTO to determine best number of threads.
288  TPM2+I        2285.025     34  4638.050     4640.077     4811.367
WARNING: 12 threads for alignment length 79 will slow down analysis
WARNING: Number of threads seems too high for short alignments. Use -T AUTO to determine best number of threads.
289  TPM2+G4       2284.872     34  4637.744     4639.772     4811.061
WARNING: 12 threads for alignment length 79 will slow down analysis
WARNING: Number of threads seems too high for short alignments. Use -T AUTO to determine best number of threads.
309  K3Pu+F        2259.011     36  4590.022     4592.295     4773.534
WARNING: 12 threads for alignment length 79 will slow down analysis
WARNING: Number of threads seems too high for short alignments. Use -T AUTO to determine best number of threads.
310  K3Pu+F+I      2258.958     37  4591.917     4594.318     4780.526
WARNING: 12 threads for alignment length 79 will slow down analysis
WARNING: Number of threads seems too high for short alignments. Use -T AUTO to determine best number of threads.
311  K3Pu+F+G4     2258.816     37  4591.632     4594.034     4780.242
WARNING: 12 threads for alignment length 79 will slow down analysis
WARNING: Number of threads seems too high for short alignments. Use -T AUTO to determine best number of threads.
331  K3P           2285.066     33  4636.132     4638.042     4804.351
WARNING: 12 threads for alignment length 79 will slow down analysis
WARNING: Number of threads seems too high for short alignments. Use -T AUTO to determine best number of threads.
332  K3P+I         2285.001     34  4638.002     4640.029     4811.319
WARNING: 12 threads for alignment length 79 will slow down analysis
WARNING: Number of threads seems too high for short alignments. Use -T AUTO to determine best number of threads.
333  K3P+G4        2284.851     34  4637.701     4639.729     4811.018
WARNING: 12 threads for alignment length 79 will slow down analysis
WARNING: Number of threads seems too high for short alignments. Use -T AUTO to determine best number of threads.
353  TN+F          2260.682     36  4593.365     4595.638     4776.877
WARNING: 12 threads for alignment length 79 will slow down analysis
WARNING: Number of threads seems too high for short alignments. Use -T AUTO to determine best number of threads.
354  TN+F+I        2260.638     37  4595.276     4597.677     4783.885
WARNING: 12 threads for alignment length 79 will slow down analysis
WARNING: Number of threads seems too high for short alignments. Use -T AUTO to determine best number of threads.
355  TN+F+G4       2260.495     37  4594.991     4597.392     4783.600
WARNING: 12 threads for alignment length 79 will slow down analysis
WARNING: Number of threads seems too high for short alignments. Use -T AUTO to determine best number of threads.
375  TNe           2286.471     33  4638.941     4640.851     4807.160
WARNING: 12 threads for alignment length 79 will slow down analysis
WARNING: Number of threads seems too high for short alignments. Use -T AUTO to determine best number of threads.
376  TNe+I         2286.412     34  4640.823     4642.850     4814.140
WARNING: 12 threads for alignment length 79 will slow down analysis
WARNING: Number of threads seems too high for short alignments. Use -T AUTO to determine best number of threads.
377  TNe+G4        2286.262     34  4640.523     4642.550     4813.840
WARNING: 12 threads for alignment length 79 will slow down analysis
WARNING: Number of threads seems too high for short alignments. Use -T AUTO to determine best number of threads.
397  HKY+F         2261.333     35  4592.665     4594.813     4771.079
WARNING: 12 threads for alignment length 79 will slow down analysis
WARNING: Number of threads seems too high for short alignments. Use -T AUTO to determine best number of threads.
398  HKY+F+I       2261.278     36  4594.556     4596.829     4778.068
WARNING: 12 threads for alignment length 79 will slow down analysis
WARNING: Number of threads seems too high for short alignments. Use -T AUTO to determine best number of threads.
399  HKY+F+G4      2261.132     36  4594.265     4596.538     4777.777
WARNING: 12 threads for alignment length 79 will slow down analysis
WARNING: Number of threads seems too high for short alignments. Use -T AUTO to determine best number of threads.
419  K2P           2286.795     32  4637.590     4639.386     4800.712
WARNING: 12 threads for alignment length 79 will slow down analysis
WARNING: Number of threads seems too high for short alignments. Use -T AUTO to determine best number of threads.
420  K2P+I         2286.727     33  4639.454     4641.364     4807.673
WARNING: 12 threads for alignment length 79 will slow down analysis
WARNING: Number of threads seems too high for short alignments. Use -T AUTO to determine best number of threads.
421  K2P+G4        2286.575     33  4639.149     4641.059     4807.368
WARNING: 12 threads for alignment length 79 will slow down analysis
WARNING: Number of threads seems too high for short alignments. Use -T AUTO to determine best number of threads.
441  F81+F         2272.636     34  4613.271     4615.299     4786.588
WARNING: 12 threads for alignment length 79 will slow down analysis
WARNING: Number of threads seems too high for short alignments. Use -T AUTO to determine best number of threads.
442  F81+F+I       2272.599     35  4615.198     4617.347     4793.613
WARNING: 12 threads for alignment length 79 will slow down analysis
WARNING: Number of threads seems too high for short alignments. Use -T AUTO to determine best number of threads.
443  F81+F+G4      2272.465     35  4614.929     4617.077     4793.343
WARNING: 12 threads for alignment length 79 will slow down analysis
WARNING: Number of threads seems too high for short alignments. Use -T AUTO to determine best number of threads.
463  JC            2296.933     31  4655.866     4657.552     4813.890
WARNING: 12 threads for alignment length 79 will slow down analysis
WARNING: Number of threads seems too high for short alignments. Use -T AUTO to determine best number of threads.
464  JC+I          2296.886     32  4657.772     4659.568     4820.894
WARNING: 12 threads for alignment length 79 will slow down analysis
WARNING: Number of threads seems too high for short alignments. Use -T AUTO to determine best number of threads.
465  JC+G4         2296.744     32  4657.489     4659.285     4820.610
Akaike Information Criterion:           TVM+F
Corrected Akaike Information Criterion: TVM+F
Bayesian Information Criterion:         TVM+F
Best-fit model: TVM+F chosen according to BIC

All model information printed to renamed/HSFY_alignment_v3.renamed.fasta.model.gz
CPU time for ModelFinder: 0.600 seconds (0h:0m:0s)
Wall-clock time for ModelFinder: 0.912 seconds (0h:0m:0s)
Generating 1000 samples for ultrafast bootstrap (seed: 120823)...
WARNING: 12 threads for alignment length 79 will slow down analysis

NOTE: 0 MB RAM (0 GB) is required!
WARNING: Number of threads seems too high for short alignments. Use -T AUTO to determine best number of threads.
Estimate model parameters (epsilon = 0.100)
1. Initial log-likelihood: -2272.637
2. Current log-likelihood: -2244.651
Optimal log-likelihood: -2244.649
Rate parameters:  A-C: 1.31734  A-G: 2.33931  A-T: 0.04226  C-G: 1.93472  C-T: 2.33931  G-T: 1.00000
Base frequencies:  A: 0.314  C: 0.215  G: 0.177  T: 0.293
Parameters optimization took 2 rounds (0.031 sec)
Wrote distance file to... 
Computing ML distances based on estimated model parameters...
Calculating distance matrix: done in 0.000120878 secs using 363.2% CPU
Computing ML distances took 0.000283 sec (of wall-clock time) 0.000524 sec (of CPU time)
Setting up auxiliary I and S matrices: done in 0.000143051 secs using 85.98% CPU
Computing RapidNJ tree took 0.002251 sec (of wall-clock time) 0.001215 sec (of CPU time)
Log-likelihood of RapidNJ tree: -2244.663
--------------------------------------------------------------------
|             INITIALIZING CANDIDATE TREE SET                      |
--------------------------------------------------------------------
Generating 98 parsimony trees... 0.020 second
Computing log-likelihood of 98 initial trees ... 0.490 seconds
Current best score: -2244.649

Do NNI search on 20 best initial trees
Estimate model parameters (epsilon = 0.100)
BETTER TREE FOUND at iteration 1: -2244.648
BETTER TREE FOUND at iteration 3: -2244.648
Iteration 10 / LogL: -2244.648 / Time: 0h:0m:2s
Iteration 20 / LogL: -2244.648 / Time: 0h:0m:2s
Finish initializing candidate tree set (6)
Current best tree score: -2244.648 / CPU time: 1.798
Number of iterations: 20
--------------------------------------------------------------------
|               OPTIMIZING CANDIDATE TREE SET                      |
--------------------------------------------------------------------
Iteration 30 / LogL: -2244.653 / Time: 0h:0m:3s (0h:0m:7s left)
Iteration 40 / LogL: -2244.648 / Time: 0h:0m:5s (0h:0m:6s left)
Iteration 50 / LogL: -2244.654 / Time: 0h:0m:6s (0h:0m:5s left)
Log-likelihood cutoff on original alignment: -2271.420
Iteration 60 / LogL: -2244.650 / Time: 0h:0m:7s (0h:0m:4s left)
Iteration 70 / LogL: -2244.652 / Time: 0h:0m:8s (0h:0m:3s left)
Iteration 80 / LogL: -2244.656 / Time: 0h:0m:10s (0h:0m:2s left)
Iteration 90 / LogL: -2250.921 / Time: 0h:0m:11s (0h:0m:1s left)
Iteration 100 / LogL: -2244.654 / Time: 0h:0m:12s (0h:0m:0s left)
Log-likelihood cutoff on original alignment: -2271.802
NOTE: Bootstrap correlation coefficient of split occurrence frequencies: 0.983
NOTE: UFBoot does not converge, continue at least 100 more iterations
UPDATE BEST LOG-LIKELIHOOD: -2244.648
Iteration 110 / LogL: -2244.649 / Time: 0h:0m:14s (0h:0m:11s left)
Iteration 120 / LogL: -2244.655 / Time: 0h:0m:15s (0h:0m:9s left)
Iteration 130 / LogL: -2296.696 / Time: 0h:0m:17s (0h:0m:8s left)
Iteration 140 / LogL: -2244.648 / Time: 0h:0m:18s (0h:0m:7s left)
Iteration 150 / LogL: -2244.652 / Time: 0h:0m:19s (0h:0m:6s left)
Log-likelihood cutoff on original alignment: -2271.802
Iteration 160 / LogL: -2251.703 / Time: 0h:0m:20s (0h:0m:5s left)
Iteration 170 / LogL: -2244.655 / Time: 0h:0m:22s (0h:0m:3s left)
Iteration 180 / LogL: -2250.373 / Time: 0h:0m:23s (0h:0m:2s left)
Iteration 190 / LogL: -2244.652 / Time: 0h:0m:24s (0h:0m:1s left)
Iteration 200 / LogL: -2244.649 / Time: 0h:0m:25s (0h:0m:0s left)
Log-likelihood cutoff on original alignment: -2271.802
NOTE: Bootstrap correlation coefficient of split occurrence frequencies: 0.991
TREE SEARCH COMPLETED AFTER 200 ITERATIONS / Time: 0h:0m:25s

--------------------------------------------------------------------
|                    FINALIZING TREE SEARCH                        |
--------------------------------------------------------------------
Performs final model parameters optimization
Estimate model parameters (epsilon = 0.010)
1. Initial log-likelihood: -2244.648
Optimal log-likelihood: -2244.648
Rate parameters:  A-C: 1.31613  A-G: 2.34115  A-T: 0.04229  C-G: 1.93383  C-T: 2.34115  G-T: 1.00000
Base frequencies:  A: 0.314  C: 0.215  G: 0.177  T: 0.293
Parameters optimization took 1 rounds (0.006 sec)
BEST SCORE FOUND : -2244.648
Creating bootstrap support values...
Split supports printed to NEXUS file renamed/HSFY_alignment_v3.renamed.fasta.splits.nex
Total tree length: 0.093

Total number of iterations: 200
CPU time used for tree search: 12.073 sec (0h:0m:12s)
Wall-clock time used for tree search: 24.439 sec (0h:0m:24s)
Total CPU time used: 12.734 sec (0h:0m:12s)
Total wall-clock time used: 25.448 sec (0h:0m:25s)

Computing bootstrap consensus tree...
Reading input file renamed/HSFY_alignment_v3.renamed.fasta.splits.nex...
17 taxa and 130 splits.
Consensus tree written to renamed/HSFY_alignment_v3.renamed.fasta.contree
Reading input trees file renamed/HSFY_alignment_v3.renamed.fasta.contree
Log-likelihood of consensus tree: -2244.677

Analysis results written to: 
  IQ-TREE report:                renamed/HSFY_alignment_v3.renamed.fasta.iqtree
  Maximum-likelihood tree:       renamed/HSFY_alignment_v3.renamed.fasta.treefile
  Likelihood distances:          renamed/HSFY_alignment_v3.renamed.fasta.mldist

Ultrafast bootstrap approximation results written to:
  Split support values:          renamed/HSFY_alignment_v3.renamed.fasta.splits.nex
  Consensus tree:                renamed/HSFY_alignment_v3.renamed.fasta.contree
  Screen log file:               renamed/HSFY_alignment_v3.renamed.fasta.log

Date and Time: Sun Aug  3 00:11:16 2025
