IQ-TREE multicore version 2.3.6 for MacOS ARM 64-bit built Aug  1 2024
Developed by Bui Quang Minh, Nguyen Lam Tung, Olga Chernomor, Heiko Schmidt,
Dominik Schrempf, Michael Woodhams, Ly Trong Nhan, Thomas Wong

Host:    karol.bx.psu.edu (SSE4.2, 16 GB RAM)
Command: /Users/kxp5629/tools/iqtree-2.3.6-macOS/bin/iqtree2 -s output/TSPY_nodomain/alignment.dedup.fasta -bb 1000 --prefix output/TSPY_nodomain/tree -keep-ident --redo -o SymSyn_chrY_LOC129476679_19477741_Q6.1A_nonC_-
Seed:    879373 (Using SPRNG - Scalable Parallel Random Number Generator)
Time:    Thu Apr 23 17:30:51 2026
Kernel:  SSE2 - 1 threads (12 CPU cores detected)

HINT: Use -nt option to specify number of threads because your CPU has 12 cores!
HINT: -nt AUTO will automatically determine the best number of threads to use.

Reading alignment file output/TSPY_nodomain/alignment.dedup.fasta ... Fasta format detected
Reading fasta file: done in 0.000121117 secs using 87.52% CPU
Alignment most likely contains DNA/RNA sequences
Alignment has 28 sequences with 336 columns, 66 distinct patterns
19 parsimony-informative, 36 singleton sites, 281 constant sites
                                                                           Gap/Ambiguity  Composition  p-value
Analyzing sequences: done in 4.05312e-06 secs using 98.69% CPU
   1  GorGor_chrY_LOC129530254_15402543_nonP-closest-Q3.A-at-514381_nonC_-        14.58%    passed     96.47%
   2  GorGor_chrY_LOC129530275_34736504_nonP-closest-Q16.B-at-5719797_nonC_-      14.58%    passed     95.33%
   3  GorGor_chrY_LOC129530276_34777900_nonP-closest-Q16.B-at-5761193_nonC_-      14.58%    passed     92.72%
   4  HomSap_chrY_LOC124905614_9227720_nonP-closest-Q1A-at-5660082_nonC_t          1.79%    passed     92.51%
   5  HomSap_chrY_LOC124905617_9735051_nonP-closest-Q1A-at-5152751_nonC_t          7.14%    passed     98.05%
   6  HomSap_chrY_LOC124909306_9390011_nonP-closest-Q1A-at-5497791_nonC_t          7.14%    passed     97.34%
   7  HomSap_chrY_LOC124909330_9511760_nonP-closest-Q1A-at-5376042_nonC_t          7.14%    passed     99.11%
   8  HomSap_chrY_LOC124909332_9045198_nonP-closest-Q1A-at-5842586_nonC_t          1.79%    passed     88.81%
   9  HomSap_chrY_TSPY1_9653822_nonP-closest-Q1A-at-5233930_nonC_t                 7.14%    passed     97.59%
  10  PanPan_chrY_LOC129395564_27272636_nonP-closest-Q12.1A-at-28448_nonC_t        9.82%    passed    100.00%
  11  PanPan_chrY_LOC129395568_27251054_nonP-closest-Q12.1A-at-6866_nonC_t         8.04%    passed     99.80%
  12  PanPan_chrY_LOC129395585_18605271_nonP-closest-Q20.1A-at-6853_nonC_t         9.82%    passed     99.63%
  13  PanPan_chrY_LOC129395610_27283410_nonP-closest-Q12.1A-at-39222_nonC_t        9.82%    passed     99.94%
  14  PanPan_chrY_LOC129395754_23168148_Q15.5A_C3_t                                9.82%    passed     99.63%
  15  PanPan_chrY_LOC129395763_20903246_nonP-closest-Q18.1A-at-486_nonC_t          9.82%    passed     97.91%
  16  PanPan_chrY_LOC129395765_20892486_Q18.1A_C3_t                                9.82%    passed     99.88%
  17  PanTro_chrY_LOC737822_17214011_nonP-closest-Q10.1A-at-35165_nonC_t           9.82%    passed     99.72%
  18  PanTro_chrY_LOC129135297_6661276_nonP-closest-Q14A-at-16398_nonC_t           9.82%    passed     99.21%
  19  PonAbe_chrY_LOC129053418-exPG_14388482_nonP-closest-Q4B-at-2935890_nonC_-    9.82%    passed     99.32%
  20  PonAbe_chrY_LOC129053425-exPG_14442634_nonP-closest-Q4B-at-2990042_nonC_-    9.82%    passed     98.76%
  21  PonAbe_chrY_LOC129053458-exPG_14288339_nonP-closest-Q4B-at-2835747_nonC_-    9.82%    passed     92.60%
  22  PonAbe_chrY_LOC129053419_14465425_nonP-closest-Q4B-at-3012833_nonC_-         9.82%    passed     98.76%
  23  PonAbe_chrY_LOC129053427_14411276_nonP-closest-Q4B-at-2958684_nonC_-         9.82%    passed     97.94%
  24  PonPyg_chrY_LOC129025871-exPG_14133163_nonP-closest-Q4B-at-2808411_nonC_-    9.82%    passed     91.31%
  25  PonPyg_chrY_LOC129025885-exPG_14163182_nonP-closest-Q4B-at-2838430_nonC_-    9.82%    passed     88.95%
  26  PonPyg_chrY_LOC129025684_14988509_nonP-closest-Q4B-at-3663757_nonC_-         9.82%    passed     97.82%
  27  PonPyg_chrY_LOC129025859_14859269_nonP-closest-Q4B-at-3534517_nonC_-         9.82%    passed     98.76%
  28  SymSyn_chrY_LOC129476679_19477741_Q6.1A_nonC_-                               9.82%    passed     94.16%
****  TOTAL                                                                        9.31%  0 sequences failed composition chi2 test (p-value<5%; df=3)


Create initial parsimony tree by phylogenetic likelihood library (PLL)... 0.000 seconds
Perform fast likelihood tree search using GTR+I+G model...
Estimate model parameters (epsilon = 5.000)
Perform nearest neighbor interchange...
Estimate model parameters (epsilon = 1.000)
1. Initial log-likelihood: -838.971
Optimal log-likelihood: -838.969
Rate parameters:  A-C: 2.24081  A-G: 2.36189  A-T: 1.14265  C-G: 1.58052  C-T: 5.93170  G-T: 1.00000
Base frequencies:  A: 0.195  C: 0.211  G: 0.445  T: 0.149
Proportion of invariable sites: 0.413
Gamma shape alpha: 998.423
Parameters optimization took 1 rounds (0.002 sec)
Time for fast ML tree search: 0.010 seconds

NOTE: ModelFinder requires 0 MB RAM!
ModelFinder will test up to 484 DNA models (sample size: 336 epsilon: 0.100) ...
 No. Model         -LnL         df  AIC          AICc         BIC
  1  GTR+F         839.982      61  1801.964     1829.569     2034.807
  2  GTR+F+I       838.939      62  1801.878     1830.494     2038.539
  3  GTR+F+G4      839.066      62  1802.132     1830.748     2038.793
  4  GTR+F+I+G4    838.968      63  1803.935     1833.583     2044.413
  5  GTR+F+R2      839.068      63  1804.137     1833.784     2044.615
+R3 reinitialized from +R2 with factor 0.500
  6  GTR+F+R3      839.103      65  1808.206     1839.983     2056.318
 14  GTR+F+I+R2    839.120      64  1806.239     1836.941     2050.535
 15  GTR+F+I+R3    839.011      66  1810.021     1842.899     2061.951
 23  SYM           876.293      58  1868.587     1893.294     2089.979
 24  SYM+I         875.291      59  1868.583     1894.235     2093.792
 25  SYM+G4        875.337      59  1868.675     1894.327     2093.884
 26  SYM+I+G4      875.318      60  1870.636     1897.254     2099.663
 27  SYM+R2        875.353      60  1870.706     1897.325     2099.733
 45  TVM+F         843.217      60  1806.434     1833.052     2035.461
 46  TVM+F+I       842.054      61  1806.108     1833.714     2038.952
 47  TVM+F+G4      842.071      61  1806.141     1833.747     2038.985
 48  TVM+F+I+G4    842.060      62  1808.120     1836.736     2044.781
 49  TVM+F+R2      842.121      62  1808.241     1836.857     2044.902
 67  TVMe          877.162      57  1868.324     1892.108     2085.899
 68  TVMe+I        876.078      58  1868.156     1892.863     2089.548
 69  TVMe+G4       876.060      58  1868.121     1892.828     2089.513
 70  TVMe+I+G4     876.089      59  1870.177     1895.829     2095.387
 71  TVMe+R2       876.110      59  1870.219     1895.871     2095.429
 89  TIM3+F        840.242      59  1798.485     1824.137     2023.694
 90  TIM3+F+I      839.224      60  1798.447     1825.066     2027.474
 91  TIM3+F+G4     839.346      60  1798.692     1825.310     2027.719
 92  TIM3+F+I+G4   839.251      61  1800.502     1828.108     2033.346
 93  TIM3+F+R2     839.308      61  1800.616     1828.222     2033.460
111  TIM3e         876.322      56  1864.644     1887.526     2078.402
112  TIM3e+I       875.330      57  1864.659     1888.443     2082.235
113  TIM3e+G4      875.377      57  1864.754     1888.538     2082.329
114  TIM3e+I+G4    875.353      58  1866.707     1891.414     2088.099
115  TIM3e+R2      875.371      58  1866.742     1891.449     2088.134
133  TIM2+F        840.883      59  1799.767     1825.419     2024.976
134  TIM2+F+I      839.828      60  1799.657     1826.275     2028.683
135  TIM2+F+G4     839.942      60  1799.883     1826.502     2028.910
136  TIM2+F+I+G4   839.848      61  1801.696     1829.302     2034.540
137  TIM2+F+R2     839.912      61  1801.824     1829.430     2034.668
155  TIM2e         878.114      56  1868.228     1891.110     2081.986
156  TIM2e+I       877.137      57  1868.275     1892.059     2085.850
157  TIM2e+G4      877.165      57  1868.329     1892.113     2085.904
158  TIM2e+I+G4    877.160      58  1870.320     1895.028     2091.713
159  TIM2e+R2      877.165      58  1870.330     1895.038     2091.723
177  TIM+F         841.113      59  1800.227     1825.879     2025.436
178  TIM+F+I       840.079      60  1800.159     1826.777     2029.185
179  TIM+F+G4      840.191      60  1800.382     1827.000     2029.409
180  TIM+F+I+G4    840.100      61  1802.199     1829.805     2035.043
181  TIM+F+R2      840.157      61  1802.314     1829.920     2035.158
199  TIMe          878.053      56  1868.107     1890.989     2081.865
200  TIMe+I        877.083      57  1868.165     1891.949     2085.741
201  TIMe+G4       877.110      57  1868.221     1892.005     2085.796
202  TIMe+I+G4     877.104      58  1870.208     1894.916     2091.601
203  TIMe+R2       877.107      58  1870.215     1894.922     2091.607
221  TPM3u+F       843.476      58  1802.951     1827.659     2024.344
222  TPM3u+F+I     842.351      59  1802.703     1828.355     2027.912
223  TPM3u+F+G4    842.365      59  1802.729     1828.382     2027.939
224  TPM3u+F+I+G4  842.356      60  1804.713     1831.331     2033.740
225  TPM3u+F+R2    842.390      60  1804.781     1831.399     2033.807
243  TPM3          877.190      55  1864.381     1886.381     2074.322
244  TPM3+I        876.119      56  1864.238     1887.120     2077.996
245  TPM3+G4       876.104      56  1864.207     1887.089     2077.966
246  TPM3+I+G4     876.126      57  1866.252     1890.036     2083.828
247  TPM3+R2       876.133      57  1866.265     1890.049     2083.841
265  TPM2u+F       844.119      58  1804.238     1828.946     2025.630
266  TPM2u+F+I     842.961      59  1803.923     1829.575     2029.133
267  TPM2u+F+G4    842.968      59  1803.936     1829.588     2029.145
268  TPM2u+F+I+G4  842.965      60  1805.929     1832.547     2034.956
269  TPM2u+F+R2    842.999      60  1805.999     1832.617     2035.025
287  TPM2          878.984      55  1867.968     1889.968     2077.909
288  TPM2+I        877.918      56  1867.835     1890.717     2081.594
289  TPM2+G4       877.884      56  1867.768     1890.650     2081.527
290  TPM2+I+G4     877.924      57  1869.848     1893.632     2087.423
291  TPM2+R2       877.919      57  1869.838     1893.622     2087.413
309  K3Pu+F        844.346      58  1804.693     1829.400     2026.085
310  K3Pu+F+I      843.230      59  1804.459     1830.111     2029.669
311  K3Pu+F+G4     843.234      59  1804.467     1830.119     2029.677
312  K3Pu+F+I+G4   843.233      60  1806.466     1833.085     2035.493
313  K3Pu+F+R2     843.255      60  1806.510     1833.128     2035.536
331  K3P           878.924      55  1867.849     1889.849     2077.790
332  K3P+I         877.865      56  1867.730     1890.612     2081.489
333  K3P+G4        877.833      56  1867.665     1890.547     2081.424
334  K3P+I+G4      877.872      57  1869.744     1893.528     2087.319
335  K3P+R2        877.862      57  1869.723     1893.508     2087.299
353  TN+F          841.114      58  1798.228     1822.935     2019.620
354  TN+F+I        840.079      59  1798.159     1823.811     2023.368
355  TN+F+G4       840.191      59  1798.383     1824.035     2023.592
356  TN+F+I+G4     840.095      60  1800.190     1826.808     2029.217
357  TN+F+R2       840.148      60  1800.295     1826.913     2029.322
375  TNe           878.122      55  1866.244     1888.244     2076.185
376  TNe+I         877.152      56  1866.304     1889.186     2080.062
377  TNe+G4        877.182      56  1866.364     1889.246     2080.122
378  TNe+I+G4      877.169      57  1868.338     1892.122     2085.913
379  TNe+R2        877.169      57  1868.338     1892.122     2085.913
397  HKY+F         844.347      57  1802.693     1826.478     2020.269
398  HKY+F+I       843.229      58  1802.458     1827.165     2023.850
399  HKY+F+G4      843.234      58  1802.468     1827.176     2023.861
400  HKY+F+I+G4    843.232      59  1804.464     1830.116     2029.674
401  HKY+F+R2      843.249      59  1804.499     1830.151     2029.709
419  K2P           878.992      54  1865.985     1887.124     2072.109
420  K2P+I         877.935      55  1865.869     1887.869     2075.810
421  K2P+G4        877.904      55  1865.809     1887.809     2075.750
422  K2P+I+G4      877.940      56  1867.880     1890.762     2081.638
423  K2P+R2        877.927      56  1867.855     1890.736     2081.613
441  F81+F         849.285      56  1810.571     1833.452     2024.329
442  F81+F+I       848.304      57  1810.608     1834.392     2028.183
443  F81+F+G4      848.370      57  1810.740     1834.525     2028.316
444  F81+F+I+G4    848.320      58  1812.639     1837.347     2034.032
445  F81+F+R2      848.340      58  1812.680     1837.387     2034.072
463  JC            884.291      53  1874.582     1894.880     2076.889
464  JC+I          883.245      54  1874.490     1895.629     2080.614
465  JC+G4         883.230      54  1874.460     1895.599     2080.584
466  JC+I+G4       883.251      55  1876.501     1898.501     2086.442
467  JC+R2         883.243      55  1876.485     1898.485     2086.426
Akaike Information Criterion:           TN+F+I
Corrected Akaike Information Criterion: TN+F
Bayesian Information Criterion:         TN+F
Best-fit model: TN+F chosen according to BIC

All model information printed to output/TSPY_nodomain/tree.model.gz
CPU time for ModelFinder: 0.186 seconds (0h:0m:0s)
Wall-clock time for ModelFinder: 0.190 seconds (0h:0m:0s)
Generating 1000 samples for ultrafast bootstrap (seed: 879373)...

NOTE: 0 MB RAM (0 GB) is required!
Estimate model parameters (epsilon = 0.100)
1. Initial log-likelihood: -849.289
2. Current log-likelihood: -841.114
Optimal log-likelihood: -841.114
Rate parameters:  A-C: 1.00000  A-G: 1.59360  A-T: 1.00000  C-G: 1.00000  C-T: 3.93121  G-T: 1.00000
Base frequencies:  A: 0.195  C: 0.211  G: 0.445  T: 0.149
Parameters optimization took 2 rounds (0.001 sec)
Wrote distance file to... 
Computing ML distances based on estimated model parameters...
Calculating distance matrix: done in 0.000624895 secs using 99.22% CPU
Computing ML distances took 0.000647 sec (of wall-clock time) 0.000636 sec (of CPU time)
Setting up auxiliary I and S matrices: done in 2.19345e-05 secs using 72.94% CPU
Computing RapidNJ tree took 0.000084 sec (of wall-clock time) 0.000067 sec (of CPU time)
Log-likelihood of RapidNJ tree: -841.279
--------------------------------------------------------------------
|             INITIALIZING CANDIDATE TREE SET                      |
--------------------------------------------------------------------
Generating 98 parsimony trees... 0.031 second
Computing log-likelihood of 98 initial trees ... 0.022 seconds
Current best score: -840.680

Do NNI search on 20 best initial trees
Estimate model parameters (epsilon = 0.100)
BETTER TREE FOUND at iteration 1: -840.617
Iteration 10 / LogL: -840.894 / Time: 0h:0m:0s
Iteration 20 / LogL: -841.175 / Time: 0h:0m:0s
Finish initializing candidate tree set (20)
Current best tree score: -840.617 / CPU time: 0.110
Number of iterations: 20
--------------------------------------------------------------------
|               OPTIMIZING CANDIDATE TREE SET                      |
--------------------------------------------------------------------
Iteration 30 / LogL: -840.618 / Time: 0h:0m:0s (0h:0m:0s left)
Iteration 40 / LogL: -846.738 / Time: 0h:0m:0s (0h:0m:0s left)
Iteration 50 / LogL: -840.822 / Time: 0h:0m:0s (0h:0m:0s left)
Log-likelihood cutoff on original alignment: -860.960
Iteration 60 / LogL: -846.330 / Time: 0h:0m:0s (0h:0m:0s left)
BETTER TREE FOUND at iteration 68: -840.617
Iteration 70 / LogL: -846.033 / Time: 0h:0m:0s (0h:0m:0s left)
Iteration 80 / LogL: -840.619 / Time: 0h:0m:0s (0h:0m:0s left)
Iteration 90 / LogL: -840.618 / Time: 0h:0m:0s (0h:0m:0s left)
Iteration 100 / LogL: -840.822 / Time: 0h:0m:0s (0h:0m:0s left)
Log-likelihood cutoff on original alignment: -860.983
NOTE: Bootstrap correlation coefficient of split occurrence frequencies: 0.994
Iteration 110 / LogL: -846.592 / Time: 0h:0m:0s (0h:0m:0s left)
Iteration 120 / LogL: -840.823 / Time: 0h:0m:1s (0h:0m:0s left)
Iteration 130 / LogL: -840.621 / Time: 0h:0m:1s (0h:0m:0s left)
Iteration 140 / LogL: -840.619 / Time: 0h:0m:1s (0h:0m:0s left)
Iteration 150 / LogL: -840.618 / Time: 0h:0m:1s (0h:0m:0s left)
Log-likelihood cutoff on original alignment: -860.983
Iteration 160 / LogL: -840.621 / Time: 0h:0m:1s (0h:0m:0s left)
TREE SEARCH COMPLETED AFTER 169 ITERATIONS / Time: 0h:0m:1s

--------------------------------------------------------------------
|                    FINALIZING TREE SEARCH                        |
--------------------------------------------------------------------
Performs final model parameters optimization
Estimate model parameters (epsilon = 0.010)
1. Initial log-likelihood: -840.617
Optimal log-likelihood: -840.617
Rate parameters:  A-C: 1.00000  A-G: 1.50753  A-T: 1.00000  C-G: 1.00000  C-T: 4.20154  G-T: 1.00000
Base frequencies:  A: 0.195  C: 0.211  G: 0.445  T: 0.149
Parameters optimization took 1 rounds (0.000 sec)
BEST SCORE FOUND : -840.617
Creating bootstrap support values...
Split supports printed to NEXUS file output/TSPY_nodomain/tree.splits.nex
Total tree length: 0.215

Total number of iterations: 169
CPU time used for tree search: 1.150 sec (0h:0m:1s)
Wall-clock time used for tree search: 1.187 sec (0h:0m:1s)
Total CPU time used: 1.369 sec (0h:0m:1s)
Total wall-clock time used: 1.432 sec (0h:0m:1s)

Computing bootstrap consensus tree...
Reading input file output/TSPY_nodomain/tree.splits.nex...
28 taxa and 435 splits.
Consensus tree written to output/TSPY_nodomain/tree.contree
Reading input trees file output/TSPY_nodomain/tree.contree
Log-likelihood of consensus tree: -840.831

Analysis results written to: 
  IQ-TREE report:                output/TSPY_nodomain/tree.iqtree
  Maximum-likelihood tree:       output/TSPY_nodomain/tree.treefile
  Likelihood distances:          output/TSPY_nodomain/tree.mldist

Ultrafast bootstrap approximation results written to:
  Split support values:          output/TSPY_nodomain/tree.splits.nex
  Consensus tree:                output/TSPY_nodomain/tree.contree
  Screen log file:               output/TSPY_nodomain/tree.log

Date and Time: Thu Apr 23 17:30:53 2026
