IQ-TREE multicore version 2.3.6 for MacOS ARM 64-bit built Aug  1 2024
Developed by Bui Quang Minh, Nguyen Lam Tung, Olga Chernomor, Heiko Schmidt,
Dominik Schrempf, Michael Woodhams, Ly Trong Nhan, Thomas Wong

Host:    karol.bx.psu.edu (SSE4.2, 16 GB RAM)
Command: /Users/kxp5629/tools/iqtree-2.3.6-macOS/bin/iqtree2 -s output_full/CDY/alignment.dedup.fasta -bb 1000 --prefix output_full/CDY/tree -keep-ident --redo
Seed:    733978 (Using SPRNG - Scalable Parallel Random Number Generator)
Time:    Thu Apr 23 15:09:28 2026
Kernel:  SSE2 - 1 threads (12 CPU cores detected)

HINT: Use -nt option to specify number of threads because your CPU has 12 cores!
HINT: -nt AUTO will automatically determine the best number of threads to use.

Reading alignment file output_full/CDY/alignment.dedup.fasta ... Nexus format detected
Alignment has 44 sequences with 1611 columns, 290 distinct patterns
543 parsimony-informative, 65 singleton sites, 1002 constant sites
                                                                         Gap/Ambiguity  Composition  p-value
Analyzing sequences: done in 5.79357e-05 secs using 41.43% CPU
   1  GorGor_chrY_exPG_LOC129530301_-_129530301_-_LOC129530247_CDS               0.56%    passed     79.37%
   2  GorGor_chrY_exPG_LOC129530299_-_129530299_-_LOC129530247_CDS               0.56%    passed     84.53%
   3  GorGor_chrY_exPG_LOC129530297_-_129530297__reversed__-_LOC129530247_CDS    0.56%    passed     83.82%
   4  GorGor_chrY_LOC129530247_-_129530247_-_LOC129530247_CDS__reversed_         0.56%    passed     84.88%
   5  GorGor_chr5_CDYL_-_101136497_-_CDYL_CDS                                    0.19%    failed      0.00%
   6  HomSap_chr6_CDYL_-_9425_-_CDYL_CDS                                         0.19%    failed      0.00%
   7  PanPan_chr5_CDYL_-_100977728_-_CDYL_CDS                                    0.19%    failed      0.00%
   8  PanTro_chr5_CDYL_-_462408_-_CDYL_CDS                                       0.19%    failed      0.00%
   9  PonAbe_chr5_CDYL_-_100431626_-_CDYL_CDS                                    0.19%    failed      0.00%
  10  PonPyg_chr5_CDYL_-_129039498_-_CDYL_CDS                                    0.19%    failed      0.00%
  11  SymSyn_chr23_CDYL_-_129473299_-_CDYL_CDS__reversed_                        0.19%    failed      0.00%
  12  PanTro_chrY_exPG_LOC129388401_-_129388401__reversed__-_LOC745547_CDS       0.56%    passed     99.22%
  13  PanTro_crhY_LOC745547_-_745547_-_LOC745547_CDS                             0.56%    passed     98.49%
  14  PanTro_chrY_LOC744070_-_744070_-_LOC745547_CDS__reversed_                  0.56%    passed     99.27%
  15  PanTro_chrY_LOC739157_-_739157_-_LOC745547_CDS                             0.56%    passed     98.69%
  16  SymSyn_chrY_LOC129476678_-_129476678_-_LOC129476678_CDS__reversed_         0.56%    passed     68.81%
  17  PanPan_chrY_exPG_LOC129395542_-_129395542_-_LOC129395731_CDS               0.56%    passed     98.86%
  18  PanPan_chrY_LOC129395731_-_129395731                                       0.56%    passed     99.37%
  19  HomSap_chrY_CDY1_-_9085_-_CDY1_CDS                                         0.74%    passed     86.73%
  20  HomSap_chrY_CDY2A_-_9426_-_CDY2A_CDS                                       0.56%    passed     89.47%
  21  PonPyg_chrY_exPG_LOC129025721_-_129025721_-_LOC129025889_CDS               0.56%    passed     67.44%
  22  PonPyg_chrY_LOC129025917_-_129025917_-_LOC129025879_CDS__reversed_         0.56%    passed     34.28%
  23  PonPyg_chrY_LOC129025903_-_129025903_-_LOC129025887_CDS                    0.74%    passed     50.01%
  24  PonPyg_chrY_LOC129025902_-_129025902_-_LOC129025887_CDS                    0.56%    passed     72.45%
  25  PonPyg_chrY_LOC129025901_-_129025901_-_LOC129025888_CDS                    0.56%    passed     27.25%
  26  PonPyg_chrY_LOC129025898_-_129025898_-_LOC129025890_CDS__reversed_         0.56%    passed     27.90%
  27  PonPyg_chrY_LOC129025896_-_129025896__reversed_                            3.91%    passed     63.42%
  28  PonPyg_chrY_LOC129025890_-_129025890_-_LOC129025890_CDS__reversed_         0.56%    passed     75.41%
  29  PonPyg_chrY_LOC129025889_-_129025889_-_LOC129025889_CDS__reversed_         0.56%    passed     75.53%
  30  PonPyg_chrY_LOC129025882_-_129025882_-_LOC129025882_CDS                    0.56%    passed     77.42%
  31  PonAbe_chrY_LOC129053503_-_129053503_-_LOC129053503_CDS                    0.56%    passed     29.91%
  32  PonAbe_chrY_LOC129053496_-_129053496_-_LOC129053502_CDS__reversed_         0.56%    passed     32.45%
  33  PonAbe_chrY_LOC129053492_-_129053492_-_LOC129053492_CDS__reversed_        69.65%    passed      6.49%
  34  PonAbe_chrY_LOC129053476_-_129053476_-_LOC129053476_CDS                    0.56%    passed     64.53%
  35  PonAbe_chrY_LOC129053453_-_129053453_-_LOC129053460_CDS__reversed_         0.56%    passed     30.43%
  36  PonAbe_chrY_LOC129053442_-_129053442_-_LOC129053442_CDS                    0.56%    passed     66.66%
  37  PonAbe_chrY_LOC129053440_-_129053440_-_LOC129053440_CDS                    0.74%    passed     50.01%
  38  PonAbe_chrY_LOC129053439_-_129053439_-_LOC129053439_CDS__reversed_         0.74%    passed     50.32%
  39  PonAbe_chrY_LOC129053358_-_129053358_-_LOC129053358_CDS                    0.56%    passed     75.14%
  40  PonAbe_chrY_LOC129053357_-_129053357_-_LOC129053357_CDS__reversed_         0.56%    passed     75.21%
  41  PonAbe_chrY_LOC129053199_-_129053199_-_LOC129053199_CDS                    0.56%    passed     80.21%
  42  PonAbe_chrY_LOC129053180_-_129053180_-_LOC129053180_CDS                    0.56%    passed     73.02%
  43  PonAbe_chrY_LOC129053145_-_129053145_-_LOC129053145_CDS                    0.56%    passed     79.76%
  44  PonAbe_chrY_LOC129053139_-_129053139_-_LOC129053144_CDS__reversed_         0.56%    passed     41.72%
WARNING: 1 sequences contain more than 50% gaps/ambiguity
****  TOTAL                                                                      2.16%  7 sequences failed composition chi2 test (p-value<5%; df=3)


Create initial parsimony tree by phylogenetic likelihood library (PLL)... 0.002 seconds
Perform fast likelihood tree search using GTR+I+G model...
Estimate model parameters (epsilon = 5.000)
Perform nearest neighbor interchange...
Estimate model parameters (epsilon = 1.000)
1. Initial log-likelihood: -5883.007
Optimal log-likelihood: -5882.525
Rate parameters:  A-C: 1.10104  A-G: 4.25548  A-T: 0.41684  C-G: 1.85531  C-T: 4.75755  G-T: 1.00000
Base frequencies:  A: 0.327  C: 0.202  G: 0.237  T: 0.233
Proportion of invariable sites: 0.307
Gamma shape alpha: 10.378
Parameters optimization took 1 rounds (0.020 sec)
Time for fast ML tree search: 0.123 seconds

NOTE: ModelFinder requires 5 MB RAM!
ModelFinder will test up to 484 DNA models (sample size: 1611 epsilon: 0.100) ...
 No. Model         -LnL         df  AIC          AICc         BIC
  1  GTR+F         5895.704     93  11977.408    11988.933    12478.177
  2  GTR+F+I       5882.776     94  11953.551    11965.332    12459.705
  3  GTR+F+G4      5879.288     94  11946.576    11958.357    12452.729
  4  GTR+F+I+G4    5882.079     95  11954.158    11966.198    12465.696
  5  GTR+F+R2      5880.410     95  11950.820    11962.859    12462.358
  6  GTR+F+R3      5879.156     97  11952.312    11964.878    12474.620
 14  GTR+F+I+R2    5881.245     96  11954.491    11966.792    12471.414
 15  GTR+F+I+R3    5880.213     98  11956.426    11969.260    12484.118
 24  SYM+I         5904.780     91  11991.561    12002.584    12481.560
 25  SYM+G4        5901.145     91  11984.291    11995.314    12474.290
 27  SYM+R2        5902.260     92  11988.519    11999.792    12483.903
 46  TVM+F+I       5883.308     93  11952.616    11964.142    12453.385
 47  TVM+F+G4      5879.763     93  11945.525    11957.051    12446.294
 49  TVM+F+R2      5880.794     94  11949.588    11961.369    12455.741
 68  TVMe+I        5905.525     90  11991.051    12001.827    12475.666
 69  TVMe+G4       5902.031     90  11984.062    11994.838    12468.677
 71  TVMe+R2       5903.024     91  11988.048    11999.071    12478.048
 90  TIM3+F+I      5891.556     92  11967.113    11978.386    12462.497
 91  TIM3+F+G4     5887.813     92  11959.626    11970.899    12455.010
 93  TIM3+F+R2     5888.863     93  11963.726    11975.251    12464.495
112  TIM3e+I       5909.633     89  11997.267    12007.799    12476.497
113  TIM3e+G4      5905.761     89  11989.522    12000.054    12468.752
115  TIM3e+R2      5906.851     90  11993.701    12004.478    12478.316
134  TIM2+F+I      5894.998     92  11973.996    11985.269    12469.380
135  TIM2+F+G4     5891.732     92  11967.465    11978.737    12462.849
137  TIM2+F+R2     5892.579     93  11971.157    11982.683    12471.926
156  TIM2e+I       5914.186     89  12006.373    12016.905    12485.603
157  TIM2e+G4      5910.738     89  11999.476    12010.009    12478.706
159  TIM2e+R2      5911.631     90  12003.263    12014.039    12487.878
178  TIM+F+I       5902.474     92  11988.947    12000.220    12484.331
179  TIM+F+G4      5898.937     92  11981.875    11993.147    12477.259
181  TIM+F+R2      5899.795     93  11985.590    11997.116    12486.359
200  TIMe+I        5918.034     89  12014.069    12024.601    12493.299
201  TIMe+G4       5914.292     89  12006.583    12017.116    12485.814
203  TIMe+R2       5915.224     90  12010.447    12021.224    12495.062
222  TPM3u+F+I     5892.178     91  11966.355    11977.378    12456.355
223  TPM3u+F+G4    5888.354     91  11958.709    11969.732    12448.708
225  TPM3u+F+R2    5889.288     92  11962.576    11973.849    12457.960
244  TPM3+I        5910.347     88  11996.693    12006.985    12470.539
245  TPM3+G4       5906.609     88  11989.219    11999.511    12463.065
247  TPM3+R2       5907.515     89  11993.029    12003.562    12472.260
266  TPM2u+F+I     5895.536     91  11973.071    11984.094    12463.071
267  TPM2u+F+G4    5892.220     91  11966.441    11977.464    12456.440
269  TPM2u+F+R2    5892.956     92  11969.912    11981.185    12465.296
288  TPM2+I        5914.904     88  12005.809    12016.100    12479.654
289  TPM2+G4       5911.577     88  11999.153    12009.445    12472.999
291  TPM2+R2       5912.306     89  12002.611    12013.144    12481.842
310  K3Pu+F+I      5903.097     91  11988.195    11999.218    12478.194
311  K3Pu+F+G4     5899.484     91  11980.967    11991.990    12470.967
313  K3Pu+F+R2     5900.230     92  11984.459    11995.732    12479.843
332  K3P+I         5918.715     88  12013.430    12023.722    12487.276
333  K3P+G4        5915.106     88  12006.212    12016.504    12480.058
335  K3P+R2        5915.859     89  12009.717    12020.250    12488.947
354  TN+F+I        5903.081     91  11988.163    11999.186    12478.162
355  TN+F+G4       5899.588     91  11981.175    11992.198    12471.175
357  TN+F+R2       5900.270     92  11984.540    11995.813    12479.924
376  TNe+I         5918.369     88  12012.738    12023.030    12486.584
377  TNe+G4        5914.670     88  12005.340    12015.632    12479.186
379  TNe+R2        5915.412     89  12008.823    12019.356    12488.053
398  HKY+F+I       5903.719     90  11987.438    11998.214    12472.053
399  HKY+F+G4      5900.143     90  11980.286    11991.062    12464.901
401  HKY+F+R2      5900.804     91  11983.607    11994.630    12473.607
420  K2P+I         5919.043     87  12012.086    12022.140    12480.548
421  K2P+G4        5915.479     87  12004.957    12015.011    12473.418
423  K2P+R2        5916.141     88  12008.283    12018.575    12482.129
442  F81+F+I       6054.976     89  12287.953    12298.485    12767.183
443  F81+F+G4      6052.363     89  12282.726    12293.259    12761.957
445  F81+F+R2      6052.744     90  12285.488    12296.264    12770.102
464  JC+I          6073.823     86  12319.646    12329.465    12782.723
465  JC+G4         6071.148     86  12314.295    12324.114    12777.372
467  JC+R2         6071.542     87  12317.083    12327.137    12785.544
Akaike Information Criterion:           TVM+F+G4
Corrected Akaike Information Criterion: TVM+F+G4
Bayesian Information Criterion:         TVM+F+G4
Best-fit model: TVM+F+G4 chosen according to BIC

All model information printed to output_full/CDY/tree.model.gz
CPU time for ModelFinder: 1.167 seconds (0h:0m:1s)
Wall-clock time for ModelFinder: 1.184 seconds (0h:0m:1s)
Generating 1000 samples for ultrafast bootstrap (seed: 733978)...

NOTE: 2 MB RAM (0 GB) is required!
Estimate model parameters (epsilon = 0.100)
1. Initial log-likelihood: -6052.394
2. Current log-likelihood: -5880.322
3. Current log-likelihood: -5879.799
Optimal log-likelihood: -5879.770
Rate parameters:  A-C: 1.08766  A-G: 4.22000  A-T: 0.40940  C-G: 1.73849  C-T: 4.22000  G-T: 1.00000
Base frequencies:  A: 0.327  C: 0.202  G: 0.237  T: 0.233
Gamma shape alpha: 1.317
Parameters optimization took 3 rounds (0.049 sec)
Wrote distance file to... 
Computing ML distances based on estimated model parameters...
Calculating distance matrix: done in 0.00413513 secs using 99.83% CPU
Computing ML distances took 0.004177 sec (of wall-clock time) 0.004163 sec (of CPU time)
Setting up auxiliary I and S matrices: done in 3.8147e-05 secs using 78.64% CPU
Computing RapidNJ tree took 0.000140 sec (of wall-clock time) 0.000117 sec (of CPU time)
Log-likelihood of RapidNJ tree: -5891.163
--------------------------------------------------------------------
|             INITIALIZING CANDIDATE TREE SET                      |
--------------------------------------------------------------------
Generating 98 parsimony trees... 0.103 second
Computing log-likelihood of 98 initial trees ... 0.173 seconds
Current best score: -5879.770

Do NNI search on 20 best initial trees
Estimate model parameters (epsilon = 0.100)
BETTER TREE FOUND at iteration 1: -5879.769
BETTER TREE FOUND at iteration 3: -5879.768
Iteration 10 / LogL: -5879.768 / Time: 0h:0m:1s
UPDATE BEST LOG-LIKELIHOOD: -5879.768
UPDATE BEST LOG-LIKELIHOOD: -5879.768
UPDATE BEST LOG-LIKELIHOOD: -5879.768
Iteration 20 / LogL: -5879.768 / Time: 0h:0m:2s
Finish initializing candidate tree set (8)
Current best tree score: -5879.768 / CPU time: 1.043
Number of iterations: 20
--------------------------------------------------------------------
|               OPTIMIZING CANDIDATE TREE SET                      |
--------------------------------------------------------------------
Iteration 30 / LogL: -5879.773 / Time: 0h:0m:2s (0h:0m:4s left)
Iteration 40 / LogL: -5879.771 / Time: 0h:0m:3s (0h:0m:3s left)
UPDATE BEST LOG-LIKELIHOOD: -5879.768
Iteration 50 / LogL: -5879.769 / Time: 0h:0m:3s (0h:0m:2s left)
Log-likelihood cutoff on original alignment: -5934.249
UPDATE BEST LOG-LIKELIHOOD: -5879.767
Iteration 60 / LogL: -5879.769 / Time: 0h:0m:4s (0h:0m:2s left)
Iteration 70 / LogL: -5879.768 / Time: 0h:0m:4s (0h:0m:1s left)
Iteration 80 / LogL: -5879.773 / Time: 0h:0m:5s (0h:0m:1s left)
Iteration 90 / LogL: -5879.772 / Time: 0h:0m:5s (0h:0m:0s left)
BETTER TREE FOUND at iteration 93: -5879.767
Iteration 100 / LogL: -5905.444 / Time: 0h:0m:6s (0h:0m:4s left)
Log-likelihood cutoff on original alignment: -5934.401
NOTE: Bootstrap correlation coefficient of split occurrence frequencies: 0.996
Iteration 110 / LogL: -5957.946 / Time: 0h:0m:6s (0h:0m:4s left)
Iteration 120 / LogL: -5879.773 / Time: 0h:0m:7s (0h:0m:4s left)
Iteration 130 / LogL: -5879.769 / Time: 0h:0m:7s (0h:0m:3s left)
Iteration 140 / LogL: -5879.774 / Time: 0h:0m:8s (0h:0m:3s left)
Iteration 150 / LogL: -5905.437 / Time: 0h:0m:8s (0h:0m:2s left)
Log-likelihood cutoff on original alignment: -5934.239
Iteration 160 / LogL: -5879.772 / Time: 0h:0m:9s (0h:0m:2s left)
Iteration 170 / LogL: -5879.774 / Time: 0h:0m:10s (0h:0m:1s left)
Iteration 180 / LogL: -5879.770 / Time: 0h:0m:10s (0h:0m:1s left)
Iteration 190 / LogL: -5879.776 / Time: 0h:0m:10s (0h:0m:0s left)
TREE SEARCH COMPLETED AFTER 194 ITERATIONS / Time: 0h:0m:11s

--------------------------------------------------------------------
|                    FINALIZING TREE SEARCH                        |
--------------------------------------------------------------------
Performs final model parameters optimization
Estimate model parameters (epsilon = 0.010)
1. Initial log-likelihood: -5879.767
Optimal log-likelihood: -5879.764
Rate parameters:  A-C: 1.08819  A-G: 4.25413  A-T: 0.41185  C-G: 1.75175  C-T: 4.25413  G-T: 1.00000
Base frequencies:  A: 0.327  C: 0.202  G: 0.237  T: 0.233
Gamma shape alpha: 1.307
Parameters optimization took 1 rounds (0.008 sec)
BEST SCORE FOUND : -5879.764
Creating bootstrap support values...
Split supports printed to NEXUS file output_full/CDY/tree.splits.nex
Total tree length: 0.631

Total number of iterations: 194
CPU time used for tree search: 9.776 sec (0h:0m:9s)
Wall-clock time used for tree search: 9.864 sec (0h:0m:9s)
Total CPU time used: 11.064 sec (0h:0m:11s)
Total wall-clock time used: 11.184 sec (0h:0m:11s)

Computing bootstrap consensus tree...
Reading input file output_full/CDY/tree.splits.nex...
44 taxa and 246 splits.
Consensus tree written to output_full/CDY/tree.contree
Reading input trees file output_full/CDY/tree.contree
Log-likelihood of consensus tree: -5879.796

Analysis results written to: 
  IQ-TREE report:                output_full/CDY/tree.iqtree
  Maximum-likelihood tree:       output_full/CDY/tree.treefile
  Likelihood distances:          output_full/CDY/tree.mldist

Ultrafast bootstrap approximation results written to:
  Split support values:          output_full/CDY/tree.splits.nex
  Consensus tree:                output_full/CDY/tree.contree
  Screen log file:               output_full/CDY/tree.log

Date and Time: Thu Apr 23 15:09:39 2026
