IQ-TREE multicore version 2.3.6 for MacOS ARM 64-bit built Aug  1 2024
Developed by Bui Quang Minh, Nguyen Lam Tung, Olga Chernomor, Heiko Schmidt,
Dominik Schrempf, Michael Woodhams, Ly Trong Nhan, Thomas Wong

Host:    karol.bx.psu.edu (SSE4.2, 16 GB RAM)
Command: /Users/kxp5629/tools/iqtree-2.3.6-macOS/bin/iqtree2 -s output/TSPY_NAP-S_domain/alignment.clean.fasta -bb 1000 --prefix output/TSPY_NAP-S_domain/tree -keep-ident --redo -o SymSyn_chrY_LOC129476679_-_129476679_Mod_RF_-_LOC129476679_CDS__reversed_,SymSyn_chrY_LOC129476680_-_129476680_Mod_RF_-_LOC129476680_CDS__reversed_,SymSyn_chrY_LOC129476681_-_129476681_Mod_RF_-_LOC129476681_CDS__reversed_,SymSyn_chrY_LOC129476682_-_NC_072448.2_extraction__reversed__-_LOC129476742_CDS,SymSyn_chrY_LOC129476683_-_NC_072448.2_extraction__reversed__-_LOC129476742_CDS,SymSyn_chrY_LOC129476684_-_NC_072448.2_extraction__reversed__-_LOC129476742_CDS,SymSyn_chrY_LOC129476742_-_129476742_Mod_RF_-_LOC129476742_CDS,SymSyn_chrY_LOC129476743_-_NC_072448.2_extraction_-_LOC129476742_CDS,SymSyn_chrY_LOC129476754_-_129476754_Mod_RF_-_LOC129476754_CDS,SymSyn_chrY_LOC129476756_-_NC_072448.2_extraction_-_LOC129476742_CDS
Seed:    118328 (Using SPRNG - Scalable Parallel Random Number Generator)
Time:    Tue Apr 21 14:48:23 2026
Kernel:  SSE2 - 1 threads (12 CPU cores detected)

HINT: Use -nt option to specify number of threads because your CPU has 12 cores!
HINT: -nt AUTO will automatically determine the best number of threads to use.

Reading alignment file output/TSPY_NAP-S_domain/alignment.clean.fasta ... Fasta format detected
Reading fasta file: done in 0.000824928 secs using 90.31% CPU
Alignment most likely contains DNA/RNA sequences
Alignment has 163 sequences with 489 columns, 82 distinct patterns
61 parsimony-informative, 25 singleton sites, 403 constant sites
                                                                                             Gap/Ambiguity  Composition  p-value
Analyzing sequences: done in 1.69277e-05 secs using 94.52% CPU
   1  PanTro_chrY_LOC737822_extraction_-_LOC739765_CDS                                               0.00%    passed     99.92%
   2  PanTro_chrY_LOC739765_-_739765_-_LOC739765_CDS                                                 0.00%    passed     99.74%
   3  PanTro_chrY_LOC745089_-_745089_Mod_RF_-_LOC745089_CDS                                          0.00%    passed     99.74%
   4  PanTro_chrY_LOC745124_-_745124_-_LOC745124_CDS                                                 0.00%    passed     99.74%
   5  PanTro_chrY_LOC745154_-_745154_-_LOC745154_CDS                                                 0.00%    passed     99.74%
   6  PanTro_chrY_LOC107973386_-_107973386_-_LOC107973386_CDS                                        0.00%    passed     99.74%
   7  PanTro_chrY_LOC112207444_-_112207444_Mod_RF_-_LOC112207444_CDS                                 0.00%    passed     99.85%
   8  PanTro_chrY_LOC112207446_-_112207446_-_LOC112207446_CDS                                        0.00%    passed     99.74%
   9  PanTro_chrY_LOC129135297_-_129135297_-_LOC129135297_CDS                                        0.00%    passed     99.74%
  10  PanTro_chrY_LOC129135429_-_129135429_-_LOC129135429_CDS                                        0.00%    passed     99.74%
  11  PanTro_chrY_LOC129138941_-_129138941_-_LOC129138941_CDS                                        0.00%    passed     99.74%
  12  PanTro_chrY_LOC129138942_-_129138942_-_LOC129138942_CDS                                        0.00%    passed     99.74%
  13  PanTro_chrY_LOC129138948_-_129138948_-_LOC129138948_CDS                                        0.00%    passed     99.74%
  14  PanTro_chrY_LOC129138949_-_129138949_-_LOC129138949_CDS                                        0.00%    passed     99.74%
  15  PanTro_chrY_LOC129138954_-_129138954_-_LOC129138954_CDS                                        0.00%    passed     99.74%
  16  PanTro_chrY_LOC129138955_-_129138955_-_LOC129138955_CDS                                        0.00%    passed     99.74%
  17  PanTro_chrY_LOC129138956_-_129138956_-_LOC129138956_CDS                                        0.00%    passed     99.74%
  18  PanTro_chrY_LOC129138957_-_129138957_-_LOC129138957_CDS                                        0.00%    passed     99.74%
  19  PanTro_chrY_LOC129138958_-_129138958_-_LOC129138958_CDS                                        0.00%    passed     99.74%
  20  PanTro_chrY_LOC129138959_-_129138959_-_LOC129138959_CDS                                        0.00%    passed     99.74%
  21  PanTro_chrY_LOC129138960_-_129138960_-_LOC129138960_CDS                                        0.00%    passed     99.74%
  22  PanPan_chrY_LOC129395564__pseudo__-_LOC129395764_CDS                                           0.00%    passed     99.78%
  23  PanPan_chrY_LOC129395568__pseudo__-_LOC129395764_CDS                                           0.00%    passed     99.96%
  24  PanPan_chrY_LOC129395572_-_129395572_-_LOC129395572_CDS__reversed_                             0.00%    passed     99.39%
  25  PanPan_chrY_LOC129395585_-_129395585_Mod_RF_-_LOC129395585_CDS                                 0.00%    passed     99.78%
  26  PanPan_chrY_LOC129395599__pseudo__-_LOC129395764_CDS                                           0.00%    passed     99.96%
  27  PanPan_chrY_LOC129395602_-_129395602_-_LOC129395602_CDS__reversed_                             0.00%    passed     99.39%
  28  PanPan_chrY_LOC129395610__pseudo__-_LOC129395764_CDS                                           0.00%    passed     99.78%
  29  PanPan_chrY_LOC129395718__pseudo__-_LOC129395764_CDS                                           0.00%    passed     99.12%
  30  PanPan_chrY_LOC129395748_-_129395748_-_LOC129395748_CDS                                        0.00%    passed     99.39%
  31  PanPan_chrY_LOC129395750_-_129395750_-_LOC129395750_CDS                                        0.00%    passed     99.39%
  32  PanPan_chrY_LOC129395751_-_129395751_-_LOC129395751_CDS                                        0.00%    passed     99.39%
  33  PanPan_chrY_LOC129395752_-_129395752_-_LOC129395752_CDS                                        0.00%    passed     99.39%
  34  PanPan_chrY_LOC129395753_-_129395753_-_LOC129395753_CDS                                        0.00%    passed     99.39%
  35  PanPan_chrY_LOC129395754__pseudo__-_LOC129395764_CDS                                           0.00%    passed     99.39%
  36  PanPan_chrY_LOC129395755_-_129395755_-_LOC129395755_CDS                                        0.00%    passed     99.39%
  37  PanPan_chrY_LOC129395758_-_129395758_Mod_RF_-_LOC129395758_CDS__reversed_                      0.00%    passed     99.78%
  38  PanPan_chrY_LOC129395763__pseudo__-_LOC129395764_CDS                                           0.00%    passed     99.78%
  39  PanPan_chrY_LOC129395764_-_129395764_-_LOC129395764_CDS                                        0.00%    passed     99.39%
  40  PanPan_chrY_LOC129395765__pseudo__-_LOC129395764_CDS                                           0.00%    passed     99.39%
  41  PanPan_chrY_LOC129395766_-_129395766_-_LOC129395766_CDS                                        0.00%    passed     99.72%
  42  PanPan_chrY_LOC129395767_-_extraction_Mod_RF_-_LOC129395764_CDS                                0.00%    passed     99.72%
  43  PanPan_chrY_LOC129395769__pseudo__-_LOC129395764_CDS                                           0.00%    passed     99.39%
  44  PanPan_chrY_LOC129395772_-_129395772_Mod_RF_-_LOC129395772_CDS__reversed_                      0.00%    passed     99.78%
  45  PanPan_chrY_LOC129395775_-_129395775_Mod_RF_-_LOC129395775_CDS                                 0.00%    passed     99.78%
  46  PanPan_chrY_LOC129395781_-_129395781_Mod_RF_-_LOC129395781_CDS__reversed_                      0.00%    passed     99.78%
  47  HomSap_chrY_LOC124905614_-_124905614_-_LOC124905614_CDS                                        0.00%    passed     99.49%
  48  HomSap_chrY_LOC124905615_-_124905615_-_LOC124905615_CDS                                        0.00%    passed     99.46%
  49  HomSap_chrY_LOC124905616_-_124905616_-_LOC124905616_CDS                                        0.00%    passed     99.59%
  50  HomSap_chrY_LOC124905617_-_124905617_-_LOC124905617_CDS                                        0.00%    passed     99.46%
  51  HomSap_chrY_LOC124905618_-_124905618_-_LOC124905618_CDS                                        0.00%    passed     99.59%
  52  HomSap_chrY_LOC124905619_-_124905619_-_LOC124905619_CDS                                        0.00%    passed     99.59%
  53  HomSap_chrY_LOC124905620_-_124905620_-_LOC124905620_CDS                                        0.00%    passed     99.59%
  54  HomSap_chrY_LOC124905621_-_124905621_-_LOC124905621_CDS                                        0.00%    passed     99.59%
  55  HomSap_chrY_LOC124905624_-_124905624_-_LOC124905624_CDS                                        0.00%    passed     99.59%
  56  HomSap_chrY_LOC124905625_-_124905625_-_LOC124905625_CDS                                        0.00%    passed     99.59%
  57  HomSap_chrY_LOC124905627_-_124905627_-_LOC124905627_CDS                                        0.00%    passed     99.88%
  58  HomSap_chrY_LOC124905628_-_124905628_-_LOC124905628_CDS                                        0.00%    passed     99.53%
  59  HomSap_chrY_LOC124908978_-_124908978_-_LOC124908978_CDS                                        0.00%    passed     99.46%
  60  HomSap_chrY_LOC124908979_-_124908979_-_LOC124908979_CDS                                        0.00%    passed     99.46%
  61  HomSap_chrY_LOC124908980_-_124908980_-_LOC124908980_CDS                                        0.00%    passed     99.46%
  62  HomSap_chrY_LOC124908981_-_124908981_-_LOC124908981_CDS                                        0.00%    passed     99.46%
  63  HomSap_chrY_LOC124908988_-_124908988_-_LOC124908988_CDS                                        0.00%    passed     99.46%
  64  HomSap_chrY_LOC124909015_-_124909015_-_LOC124909015_CDS                                        0.00%    passed     99.59%
  65  HomSap_chrY_LOC124909084_-_124909084_-_LOC124909084_CDS                                        0.00%    passed     99.79%
  66  HomSap_chrY_LOC124909093_-_124909093_-_LOC124909093_CDS                                        0.00%    passed     99.88%
  67  HomSap_chrY_LOC124909293_-_124909293_-_LOC124909293_CDS                                        0.00%    passed     99.46%
  68  HomSap_chrY_LOC124909294_-_124909294_-_LOC124909294_CDS                                        0.00%    passed     99.46%
  69  HomSap_chrY_LOC124909305_-_124909305_-_LOC124909305_CDS                                        0.00%    passed     99.53%
  70  HomSap_chrY_LOC124909306_-_124909306_-_LOC124909306_CDS                                        0.00%    passed     99.46%
  71  HomSap_chrY_LOC124909317_-_124909317_-_LOC124909317_CDS                                        0.00%    passed     99.59%
  72  HomSap_chrY_LOC124909318_-_124909318_-_LOC124909318_CDS                                        0.00%    passed     99.59%
  73  HomSap_chrY_LOC124909320_-_124909320_-_LOC124909320_CDS                                        0.00%    passed     99.38%
  74  HomSap_chrY_LOC124909329_-_124909329_-_LOC124909329_CDS                                        0.00%    passed     99.53%
  75  HomSap_chrY_LOC124909330_-_124909330_-_LOC124909330_CDS                                        0.00%    passed     99.38%
  76  HomSap_chrY_LOC124909332_-_124909332_-_LOC124909332_CDS                                        0.00%    passed     99.38%
  77  HomSap_chrY_LOC128966591_-_128966591_-_LOC128966591_CDS                                        0.00%    passed     99.59%
  78  HomSap_chrY_LOC128966595_-_128966595_-_LOC128966595_CDS                                        0.00%    passed     99.46%
  79  HomSap_chrY_LOC128966599_-_128966599_-_LOC128966599_CDS                                        0.00%    passed     99.46%
  80  HomSap_chrY_LOC128966647_-_128966647_-_LOC128966647_CDS                                        0.00%    passed     99.46%
  81  HomSap_chrY_LOC128966655_-_128966655_-_LOC128966655_CDS                                        0.00%    passed     99.46%
  82  HomSap_chrY_LOC128966656_-_128966656_-_LOC128966656_CDS                                        0.00%    passed     99.59%
  83  HomSap_chrY_TSPY1_-_7258_-_TSPY1_CDS                                                           0.00%    passed     99.53%
  84  HomSap_chrY_TSPY2_-_64591_-_TSPY2_CDS                                                          0.00%    passed     99.59%
  85  HomSap_chrY_TSPY3_-_728137_-_TSPY3_CDS                                                         0.00%    passed     99.59%
  86  HomSap_chrY_TSPY4_-_728395_-_TSPY4_CDS                                                         0.00%    passed     99.46%
  87  HomSap_chrY_TSPY6P_-_annotation_from_Arang                                                     0.00%    passed     99.53%
  88  HomSap_chrY_TSPY7P_-_annotation_from_Arang                                                     0.00%    passed     99.46%
  89  HomSap_chrY_TSPY8_-_728403_-_TSPY8_CDS                                                         0.00%    passed     99.88%
  90  HomSap_chrY_TSPY9_-_728132_-_TSPY9_CDS                                                         0.00%    passed     99.59%
  91  HomSap_chrY_TSPY10_-_100289087_-_TSPY10_CDS                                                    0.00%    passed     99.46%
  92  PonPyg_chrY_exPG_LOC129025842_-_129025842_-_LOC129025684_CDS__reversed_                        0.00%    passed     99.28%
  93  PonPyg_chrY_exPG_LOC129025843_-_129025843_-_LOC129025684_CDS__reversed_                        0.00%    passed     98.65%
  94  PonPyg_chrY_exPG_LOC129025844_-_129025844_-_LOC129025684_CDS__reversed_                        0.00%    passed     98.65%
  95  PonPyg_chrY_exPG_LOC129025871_-_129025871_-_LOC129025684_CDS__reversed_                        0.00%    passed     80.09%
  96  PonPyg_chrY_exPG_LOC129025885_-_129025885_-_LOC129025684_CDS__reversed_                        0.00%    passed     83.39%
  97  PonPyg_chrY_exPG_LOC129025988_-_129025988_-_LOC129025684_CDS__reversed_                        0.00%    passed     99.28%
  98  PonPyg_chrY_LOC129025684_-_129025684_-_LOC129025684_CDS__reversed_                             0.00%    passed     97.39%
  99  PonPyg_chrY_LOC129025810_-_129025810_-_LOC129025810_CDS__reversed_                             0.00%    passed     99.18%
 100  PonPyg_chrY_LOC129025811_-_129025811_-_LOC129025811_CDS__reversed_                             0.00%    passed     99.18%
 101  PonPyg_chrY_LOC129025812_-_129025812_-_LOC129025812_CDS__reversed_                             0.00%    passed     99.18%
 102  PonPyg_chrY_LOC129025813_-_129025813_-_LOC129025813_CDS__reversed_                             0.00%    passed     99.18%
 103  PonPyg_chrY_LOC129025814_-_129025814_-_LOC129025814_CDS__reversed_                             0.00%    passed     99.18%
 104  PonPyg_chrY_LOC129025815_-_129025815_-_LOC129025815_CDS__reversed_                             0.00%    passed     99.18%
 105  PonPyg_chrY_LOC129025816_-_129025816_-_LOC129025816_CDS__reversed_                             0.00%    passed     99.18%
 106  PonPyg_chrY_LOC129025817_-_129025817_-_LOC129025817_CDS__reversed_                             0.00%    passed     99.18%
 107  PonPyg_chrY_LOC129025818_-_129025818_-_LOC129025818_CDS__reversed_                             0.00%    passed     99.18%
 108  PonPyg_chrY_LOC129025819_-_129025819_-_LOC129025819_CDS__reversed_                             0.00%    passed     99.18%
 109  PonPyg_chrY_LOC129025820_-_129025820_-_LOC129025820_CDS__reversed_                             0.00%    passed     99.18%
 110  PonPyg_chrY_LOC129025822_-_129025822_-_LOC129025822_CDS__reversed_                             0.00%    passed     99.28%
 111  PonPyg_chrY_LOC129025823_-_129025823_-_LOC129025823_CDS__reversed_                             0.00%    passed     99.28%
 112  PonPyg_chrY_LOC129025824_-_129025824_-_LOC129025824_CDS__reversed_                             0.00%    passed     99.18%
 113  PonPyg_chrY_LOC129025825_-_129025825_-_LOC129025825_CDS__reversed_                             0.00%    passed     99.18%
 114  PonPyg_chrY_LOC129025826_-_129025826_-_LOC129025826_CDS__reversed_                             0.00%    passed     99.28%
 115  PonPyg_chrY_LOC129025827_-_129025827_-_LOC129025827_CDS__reversed_                             0.00%    passed     99.28%
 116  PonPyg_chrY_LOC129025829_-_129025829_-_LOC129025829_CDS__reversed_                             0.00%    passed     99.28%
 117  PonPyg_chrY_LOC129025830_-_129025830_-_LOC129025830_CDS__reversed_                             0.00%    passed     99.28%
 118  PonPyg_chrY_LOC129025834_-_129025834_-_LOC129025834_CDS__reversed_                             0.00%    passed     99.28%
 119  PonPyg_chrY_LOC129025859_-_129025859_-_LOC129025859_CDS__reversed_                             0.00%    passed     98.65%
 120  PonPyg_chrY_LOC129025869_-_129025869_-_LOC129025869_CDS__reversed_                             0.00%    passed     99.28%
 121  PonPyg_chrY_LOC129025922_-_129025922_-_LOC129025922_CDS__reversed_                             0.00%    passed     99.18%
 122  PonPyg_chrY_LOC129025949_-_129025949_-_LOC129025949_CDS__reversed_                             0.00%    passed     99.18%
 123  PonPyg_chrY_LOC129025974_-_129025974_-_LOC129025974_CDS__reversed__Mod_RF__last_ex_removed_   38.65%    passed     81.49%
 124  SymSyn_chrY_LOC129476679_-_129476679_Mod_RF_-_LOC129476679_CDS__reversed_                      0.00%    passed     98.99%
 125  SymSyn_chrY_LOC129476680_-_129476680_Mod_RF_-_LOC129476680_CDS__reversed_                      0.00%    passed     98.99%
 126  SymSyn_chrY_LOC129476681_-_129476681_Mod_RF_-_LOC129476681_CDS__reversed_                      0.00%    passed     98.99%
 127  SymSyn_chrY_LOC129476682_-_NC_072448.2_extraction__reversed__-_LOC129476742_CDS                0.00%    passed     98.20%
 128  SymSyn_chrY_LOC129476683_-_NC_072448.2_extraction__reversed__-_LOC129476742_CDS                0.00%    passed     98.20%
 129  SymSyn_chrY_LOC129476684_-_NC_072448.2_extraction__reversed__-_LOC129476742_CDS                0.00%    passed     98.22%
 130  SymSyn_chrY_LOC129476742_-_129476742_Mod_RF_-_LOC129476742_CDS                                 0.00%    passed     98.99%
 131  SymSyn_chrY_LOC129476743_-_NC_072448.2_extraction_-_LOC129476742_CDS                           0.00%    passed     98.20%
 132  SymSyn_chrY_LOC129476754_-_129476754_Mod_RF_-_LOC129476754_CDS                                 0.00%    passed     98.99%
 133  SymSyn_chrY_LOC129476756_-_NC_072448.2_extraction_-_LOC129476742_CDS                           0.00%    passed     98.22%
 134  GorGor_chrY_LOC129530254_-_129530254_trim_-_LOC129530254_CDS__reversed_                        0.00%    passed     99.69%
 135  GorGor_chrY_LOC129530275_-_129530275_-_LOC129530275_CDS__reversed_                             0.00%    passed     98.81%
 136  GorGor_chrY_LOC129530276_-_129530276_Mod_RF_-_LOC129530276_CDS__reversed_                      0.00%    passed     98.81%
 137  GorGor_chrY_LOC129530277_-_129530277_-_LOC129530277_CDS__reversed_                             0.00%    passed     98.81%
 138  GorGor_chrY_LOC129530278_-_129530278_-_LOC129530278_CDS__reversed_                             0.00%    passed     98.81%
 139  GorGor_chrY_LOC129530279_-_129530279_-_LOC129530279_CDS__reversed_                             0.00%    passed     98.81%
 140  GorGor_chrY_LOC129530280_-_129530280_-_LOC129530280_CDS__reversed_                             0.00%    passed     98.81%
 141  PonAbe_chrY_exPG_LOC129053418_-_129053418_-_LOC129053385_CDS__reversed_                        0.00%    passed     99.18%
 142  PonAbe_chrY_exPG_LOC129053421_-_129053421_-_LOC129053385_CDS__reversed_                        0.00%    passed     99.47%
 143  PonAbe_chrY_exPG_LOC129053425_-_129053425_-_LOC129053385_CDS__reversed_                        0.00%    passed     98.99%
 144  PonAbe_chrY_exPG_LOC129053428_-_129053428_-_LOC129053385_CDS__reversed_                        0.00%    passed     99.36%
 145  PonAbe_chrY_exPG_LOC129053458_-_129053458_-_LOC129053385_CDS__reversed_                        0.00%    passed     82.69%
 146  PonAbe_chrY_LOC129053384_-_129053384_-_LOC129053384_CDS__reversed_                             0.00%    passed     99.76%
 147  PonAbe_chrY_LOC129053385_-_129053385_-_LOC129053385_CDS__reversed_                             0.00%    passed     99.76%
 148  PonAbe_chrY_LOC129053386_-_129053386_-_LOC129053386_CDS__reversed_                             0.00%    passed     99.76%
 149  PonAbe_chrY_LOC129053387_-_129053387_-_LOC129053387_CDS__reversed_                             0.00%    passed     99.76%
 150  PonAbe_chrY_LOC129053388_-_129053388_-_LOC129053388_CDS__reversed_                             0.00%    passed     99.76%
 151  PonAbe_chrY_LOC129053389_-_129053389_-_LOC129053389_CDS__reversed_                             0.00%    passed     99.76%
 152  PonAbe_chrY_LOC129053405_-_129053405_-_LOC129053405_CDS__reversed_                             0.00%    passed     98.99%
 153  PonAbe_chrY_LOC129053407_-_129053407_-_LOC129053407_CDS__reversed_                             0.00%    passed     98.99%
 154  PonAbe_chrY_LOC129053408_-_129053408_-_LOC129053408_CDS__reversed_                             0.00%    passed     98.99%
 155  PonAbe_chrY_LOC129053409_-_129053409_-_LOC129053409_CDS__reversed_                             0.00%    passed     98.99%
 156  PonAbe_chrY_LOC129053413_-_129053413_-_LOC129053413_CDS__reversed_                             0.00%    passed     99.36%
 157  PonAbe_chrY_LOC129053414_-_129053414_-_LOC129053414_CDS__reversed_                             0.00%    passed     99.36%
 158  PonAbe_chrY_LOC129053415_-_129053415_-_LOC129053415_CDS__reversed_                             0.00%    passed     99.18%
 159  PonAbe_chrY_LOC129053416_-_129053416_-_LOC129053416_CDS__reversed_                             0.00%    passed     99.71%
 160  PonAbe_chrY_LOC129053419_-_129053419_-_LOC129053419_CDS__reversed_                             0.00%    passed     99.18%
 161  PonAbe_chrY_LOC129053420_-_129053420_-_LOC129053420_CDS__reversed_                             0.00%    passed     99.18%
 162  PonAbe_chrY_LOC129053427_-_129053427_-_LOC129053427_CDS__reversed_                             0.00%    passed     98.66%
 163  PonAbe_chrY_LOC129053478_-_129053478_-_LOC129053478_CDS__reversed_                             0.00%    passed     98.65%
****  TOTAL                                                                                          0.24%  0 sequences failed composition chi2 test (p-value<5%; df=3)


Create initial parsimony tree by phylogenetic likelihood library (PLL)... 0.003 seconds
Perform fast likelihood tree search using GTR+I+G model...
Estimate model parameters (epsilon = 5.000)
Perform nearest neighbor interchange...
Estimate model parameters (epsilon = 1.000)
1. Initial log-likelihood: -1388.755
Optimal log-likelihood: -1388.755
Rate parameters:  A-C: 0.55420  A-G: 2.96512  A-T: 0.05718  C-G: 2.19158  C-T: 2.61479  G-T: 1.00000
Base frequencies:  A: 0.268  C: 0.267  G: 0.242  T: 0.223
Proportion of invariable sites: 0.409
Gamma shape alpha: 1.359
Parameters optimization took 1 rounds (0.010 sec)
Time for fast ML tree search: 0.136 seconds

NOTE: ModelFinder requires 4 MB RAM!
ModelFinder will test up to 484 DNA models (sample size: 489 epsilon: 0.100) ...
 No. Model         -LnL         df  AIC          AICc         BIC
  1  GTR+F         1398.947     331 3459.894     4859.792     4847.566
  2  GTR+F+I       1389.964     332 3443.927     4861.312     4835.792
  3  GTR+F+G4      1388.861     332 3441.723     4859.107     4833.587
  4  GTR+F+I+G4    1388.755     333 3443.509     4878.632     4839.566
  5  GTR+F+R2      1389.792     333 3445.584     4880.707     4841.641
  6  GTR+F+R3      1388.628     335 3447.256     4918.628     4851.697
 14  GTR+F+I+R2    1389.346     334 3446.692     4899.809     4846.941
 15  GTR+F+I+R3    1388.853     336 3449.706     4939.601     4858.340
 24  SYM+I         1389.965     329 3437.930     4803.590     4817.217
 25  SYM+G4        1388.849     329 3435.699     4801.359     4814.986
 26  SYM+I+G4      1388.776     330 3437.552     4820.211     4821.032
 27  SYM+R2        1389.675     330 3439.350     4822.008     4822.829
 46  TVM+F+I       1390.062     331 3442.125     4842.023     4829.797
 47  TVM+F+G4      1388.957     331 3439.914     4839.812     4827.586
 48  TVM+F+I+G4    1388.855     332 3441.710     4859.095     4833.574
 49  TVM+F+R2      1389.756     332 3443.512     4860.897     4835.376
 68  TVMe+I        1390.148     328 3436.296     4785.196     4811.391
 69  TVMe+G4       1389.026     328 3434.053     4782.953     4809.148
 70  TVMe+I+G4     1388.961     329 3435.921     4801.582     4815.208
 71  TVMe+R2       1389.748     329 3437.497     4803.157     4816.784
 90  TIM3+F+I      1401.061     330 3462.121     4844.780     4845.601
 91  TIM3+F+G4     1399.939     330 3459.879     4842.537     4843.358
 92  TIM3+F+I+G4   1399.821     331 3461.643     4861.541     4849.315
 93  TIM3+F+R2     1400.662     331 3463.324     4863.222     4850.996
112  TIM3e+I       1400.195     327 3454.391     4786.763     4825.293
113  TIM3e+G4      1399.057     327 3452.114     4784.486     4823.016
114  TIM3e+I+G4    1398.963     328 3453.925     4802.825     4829.020
115  TIM3e+R2      1399.729     328 3455.458     4804.358     4830.553
134  TIM2+F+I      1394.708     330 3449.417     4832.075     4832.896
135  TIM2+F+G4     1393.623     330 3447.246     4829.904     4830.725
136  TIM2+F+I+G4   1393.431     331 3448.861     4848.759     4836.533
137  TIM2+F+R2     1394.307     331 3450.613     4850.511     4838.285
156  TIM2e+I       1395.716     327 3445.432     4777.805     4816.335
157  TIM2e+G4      1394.626     327 3443.251     4775.624     4814.154
158  TIM2e+I+G4    1394.466     328 3444.932     4793.832     4820.026
159  TIM2e+R2      1395.235     328 3446.470     4795.370     4821.564
178  TIM+F+I       1404.018     330 3468.036     4850.695     4851.516
179  TIM+F+G4      1402.940     330 3465.879     4848.537     4849.359
180  TIM+F+I+G4    1402.735     331 3467.470     4867.368     4855.142
181  TIM+F+R2      1403.537     331 3469.074     4868.972     4856.746
200  TIMe+I        1404.264     327 3462.528     4794.901     4833.430
201  TIMe+G4       1403.168     327 3460.337     4792.709     4831.239
202  TIMe+I+G4     1402.987     328 3461.975     4810.875     4837.070
203  TIMe+R2       1403.714     328 3463.428     4812.328     4838.523
222  TPM3u+F+I     1401.158     329 3460.315     4825.976     4839.603
223  TPM3u+F+G4    1400.036     329 3458.072     4823.733     4837.360
224  TPM3u+F+I+G4  1399.922     330 3459.843     4842.501     4843.323
225  TPM3u+F+R2    1400.530     330 3461.059     4843.718     4844.539
244  TPM3+I        1400.392     326 3452.785     4768.859     4819.495
245  TPM3+G4       1399.251     326 3450.502     4766.576     4817.212
246  TPM3+I+G4     1399.165     327 3452.331     4784.703     4823.233
247  TPM3+R2       1399.705     327 3453.410     4785.782     4824.312
266  TPM2u+F+I     1394.796     329 3447.592     4813.252     4826.879
267  TPM2u+F+G4    1393.713     329 3445.426     4811.086     4824.713
268  TPM2u+F+I+G4  1393.523     330 3447.047     4829.705     4830.526
269  TPM2u+F+R2    1394.149     330 3448.298     4830.956     4831.777
288  TPM2+I        1395.907     326 3443.813     4759.887     4810.524
289  TPM2+G4       1394.817     326 3441.634     4757.708     4808.344
290  TPM2+I+G4     1394.664     327 3443.328     4775.700     4814.230
291  TPM2+R2       1395.198     327 3444.396     4776.769     4815.299
310  K3Pu+F+I      1404.108     329 3466.215     4831.876     4845.502
311  K3Pu+F+G4     1403.033     329 3464.066     4829.727     4843.354
312  K3Pu+F+I+G4   1402.833     330 3465.667     4848.325     4849.147
313  K3Pu+F+R2     1403.392     330 3466.785     4849.443     4850.264
332  K3P+I         1404.474     326 3460.949     4777.023     4827.659
333  K3P+G4        1403.382     326 3458.763     4774.837     4825.473
334  K3P+I+G4      1403.213     327 3460.425     4792.798     4831.328
335  K3P+R2        1403.692     327 3461.384     4793.756     4832.286
354  TN+F+I        1405.153     329 3468.307     4833.967     4847.594
355  TN+F+G4       1404.064     329 3466.127     4831.787     4845.414
356  TN+F+I+G4     1403.849     330 3467.698     4850.356     4851.178
357  TN+F+R2       1404.346     330 3468.692     4851.350     4852.172
376  TNe+I         1405.319     326 3462.637     4778.711     4829.347
377  TNe+G4        1404.216     326 3460.431     4776.505     4827.142
378  TNe+I+G4      1404.023     327 3462.047     4794.419     4832.949
379  TNe+R2        1404.450     327 3462.899     4795.272     4833.802
398  HKY+F+I       1405.244     328 3466.489     4815.389     4841.584
399  HKY+F+G4      1404.159     328 3464.318     4813.218     4839.413
400  HKY+F+I+G4    1403.952     329 3465.903     4831.564     4845.191
401  HKY+F+R2      1404.351     329 3466.701     4832.362     4845.988
420  K2P+I         1405.530     325 3461.061     4761.061     4823.578
421  K2P+G4        1404.431     325 3458.862     4758.862     4821.379
422  K2P+I+G4      1404.253     326 3460.505     4776.579     4827.215
423  K2P+R2        1404.573     326 3461.146     4777.220     4827.856
442  F81+F+I       1420.528     327 3495.057     4827.429     4865.959
443  F81+F+G4      1419.416     327 3492.833     4825.205     4863.735
444  F81+F+I+G4    1419.231     328 3494.462     4843.362     4869.557
445  F81+F+R2      1419.516     328 3495.032     4843.932     4870.127
464  JC+I          1420.559     324 3489.117     4773.264     4847.443
465  JC+G4         1419.441     324 3486.882     4771.029     4845.208
466  JC+I+G4       1419.272     325 3488.544     4788.544     4851.062
467  JC+R2         1419.492     325 3488.985     4788.985     4851.503
Akaike Information Criterion:           TVMe+G4
Corrected Akaike Information Criterion: TPM2+G4
Bayesian Information Criterion:         TPM2+G4
Best-fit model: TPM2+G4 chosen according to BIC

All model information printed to output/TSPY_NAP-S_domain/tree.model.gz
CPU time for ModelFinder: 1.548 seconds (0h:0m:1s)
Wall-clock time for ModelFinder: 1.573 seconds (0h:0m:1s)
Generating 1000 samples for ultrafast bootstrap (seed: 118328)...

NOTE: 2 MB RAM (0 GB) is required!
Estimate model parameters (epsilon = 0.100)
1. Initial log-likelihood: -1419.440
2. Current log-likelihood: -1394.834
Optimal log-likelihood: -1394.817
Rate parameters:  A-C: 0.21780  A-G: 1.71495  A-T: 0.21780  C-G: 1.00000  C-T: 1.71495  G-T: 1.00000
Base frequencies:  A: 0.250  C: 0.250  G: 0.250  T: 0.250
Gamma shape alpha: 0.396
Parameters optimization took 2 rounds (0.022 sec)
Wrote distance file to... 
Computing ML distances based on estimated model parameters...
Calculating distance matrix: done in 0.0595219 secs using 99.93% CPU
Computing ML distances took 0.059585 sec (of wall-clock time) 0.059534 sec (of CPU time)
Setting up auxiliary I and S matrices: done in 0.000335932 secs using 87.52% CPU
Computing RapidNJ tree took 0.001081 sec (of wall-clock time) 0.001002 sec (of CPU time)
Log-likelihood of RapidNJ tree: -1399.636
--------------------------------------------------------------------
|             INITIALIZING CANDIDATE TREE SET                      |
--------------------------------------------------------------------
Generating 98 parsimony trees... 0.312 second
Computing log-likelihood of 98 initial trees ... 0.233 seconds
Current best score: -1392.080

Do NNI search on 20 best initial trees
Estimate model parameters (epsilon = 0.100)
BETTER TREE FOUND at iteration 1: -1391.894
Iteration 10 / LogL: -1392.507 / Time: 0h:0m:2s
Iteration 20 / LogL: -1392.614 / Time: 0h:0m:3s
Finish initializing candidate tree set (20)
Current best tree score: -1391.894 / CPU time: 1.542
Number of iterations: 20
--------------------------------------------------------------------
|               OPTIMIZING CANDIDATE TREE SET                      |
--------------------------------------------------------------------
Iteration 30 / LogL: -1391.909 / Time: 0h:0m:4s (0h:0m:6s left)
Iteration 40 / LogL: -1392.171 / Time: 0h:0m:5s (0h:0m:6s left)
Iteration 50 / LogL: -1391.910 / Time: 0h:0m:6s (0h:0m:5s left)
Log-likelihood cutoff on original alignment: -1431.231
Iteration 60 / LogL: -1425.367 / Time: 0h:0m:8s (0h:0m:4s left)
Iteration 70 / LogL: -1391.903 / Time: 0h:0m:9s (0h:0m:3s left)
Iteration 80 / LogL: -1399.417 / Time: 0h:0m:10s (0h:0m:2s left)
Iteration 90 / LogL: -1391.908 / Time: 0h:0m:12s (0h:0m:1s left)
Iteration 100 / LogL: -1391.903 / Time: 0h:0m:13s (0h:0m:0s left)
Log-likelihood cutoff on original alignment: -1431.231
NOTE: Bootstrap correlation coefficient of split occurrence frequencies: 0.993
TREE SEARCH COMPLETED AFTER 102 ITERATIONS / Time: 0h:0m:13s

--------------------------------------------------------------------
|                    FINALIZING TREE SEARCH                        |
--------------------------------------------------------------------
Performs final model parameters optimization
Estimate model parameters (epsilon = 0.010)
1. Initial log-likelihood: -1391.894
Optimal log-likelihood: -1391.893
Rate parameters:  A-C: 0.22746  A-G: 1.87519  A-T: 0.22746  C-G: 1.00000  C-T: 1.87519  G-T: 1.00000
Base frequencies:  A: 0.250  C: 0.250  G: 0.250  T: 0.250
Gamma shape alpha: 0.417
Parameters optimization took 1 rounds (0.008 sec)
BEST SCORE FOUND : -1391.893
Creating bootstrap support values...
Split supports printed to NEXUS file output/TSPY_NAP-S_domain/tree.splits.nex
Total tree length: 0.235

Total number of iterations: 102
CPU time used for tree search: 12.043 sec (0h:0m:12s)
Wall-clock time used for tree search: 12.159 sec (0h:0m:12s)
Total CPU time used: 13.904 sec (0h:0m:13s)
Total wall-clock time used: 14.079 sec (0h:0m:14s)

Computing bootstrap consensus tree...
Reading input file output/TSPY_NAP-S_domain/tree.splits.nex...
163 taxa and 4798 splits.
Consensus tree written to output/TSPY_NAP-S_domain/tree.contree
Reading input trees file output/TSPY_NAP-S_domain/tree.contree
Log-likelihood of consensus tree: -1392.749

Analysis results written to: 
  IQ-TREE report:                output/TSPY_NAP-S_domain/tree.iqtree
  Maximum-likelihood tree:       output/TSPY_NAP-S_domain/tree.treefile
  Likelihood distances:          output/TSPY_NAP-S_domain/tree.mldist

Ultrafast bootstrap approximation results written to:
  Split support values:          output/TSPY_NAP-S_domain/tree.splits.nex
  Consensus tree:                output/TSPY_NAP-S_domain/tree.contree
  Screen log file:               output/TSPY_NAP-S_domain/tree.log

Date and Time: Tue Apr 21 14:48:37 2026
