IQ-TREE multicore version 2.3.6 for MacOS ARM 64-bit built Aug  1 2024
Developed by Bui Quang Minh, Nguyen Lam Tung, Olga Chernomor, Heiko Schmidt,
Dominik Schrempf, Michael Woodhams, Ly Trong Nhan, Thomas Wong

Host:    karol.bx.psu.edu (SSE4.2, 16 GB RAM)
Command: /Users/kxp5629/tools/iqtree-2.3.6-macOS/bin/iqtree2 -s output/RBMY_nodomain/alignment.clean.fasta -bb 1000 --prefix output/RBMY_nodomain/tree -keep-ident --redo -o GorGor_chrX_RBMX_-_101125233_-_RBMX_CDS__reversed_,HomSap_chrX_RBMX_-_27316_-_RBMX_CDS__reversed_,PanPan_chrX_RBMX_-_100973957_-_RBMX_CDS__reversed_,PanTro_chrX_RBMX_-_738482_-_RBMX_CDS__reversed_,PonAbe_chrX_RBMX_-_100436251_-_RBMX_CDS__reversed_,PonPyg_chrX_RBMX_-_129024023_-_RBMX_CDS__reversed_,SymSyn_chrX_RBMX_-_129476313_-_RBMX_CDS__reversed_
Seed:    652059 (Using SPRNG - Scalable Parallel Random Number Generator)
Time:    Thu Apr 23 10:27:20 2026
Kernel:  SSE2 - 1 threads (12 CPU cores detected)

HINT: Use -nt option to specify number of threads because your CPU has 12 cores!
HINT: -nt AUTO will automatically determine the best number of threads to use.

Reading alignment file output/RBMY_nodomain/alignment.clean.fasta ... Fasta format detected
Reading fasta file: done in 0.000775814 secs using 73.99% CPU
Alignment most likely contains DNA/RNA sequences
Alignment has 76 sequences with 831 columns, 391 distinct patterns
375 parsimony-informative, 45 singleton sites, 411 constant sites
                                                                     Gap/Ambiguity  Composition  p-value
Analyzing sequences: done in 2.69413e-05 secs using 100.2% CPU
   1  _PonAbe_chrY_LOC129053402_-_129053402__reversed__-_LOC129053402_CDS    5.78%    passed     58.61%
   2  _PonAbe_chrY_LOC129053437_-_129053437__reversed__-_LOC129053437_CDS    5.78%    passed     58.61%
   3  _PonPyg_chrY_LOC129025831_-_129025831__reversed__-_LOC129025831_CDS    7.94%    passed     63.93%
   4  _PonPyg_chrY_LOC129025850_-_129025850__reversed__-_LOC129025850_CDS    7.94%    passed     69.82%
   5  _PonPyg_chrY_LOC129025851_-_129025851__reversed__-_LOC129025851_CDS    7.94%    passed     69.82%
   6  _PonPyg_chrY_LOC129025867_-_129025867__reversed__-_LOC129025867_CDS    7.94%    passed     68.64%
   7  _PonPyg_chrY_LOC129025935_-_129025935__reversed__-_LOC129025935_CDS    7.94%    passed     68.64%
   8  _PonPyg_crhY_LOC129025866_-_129025866__reversed__-_LOC129025866_CDS    7.94%    passed     68.64%
   9  HomSap_chrY_RBMY1A1_-_5940_-_RBMY1A1_CDS                               4.69%    passed     97.40%
  10  HomSap_chrY_RBMY1B_-_378948_-_RBMY1B_CDS                               4.69%    passed     96.88%
  11  HomSap_chrY_RBMY1D_-_378949_-_RBMY1D_CDS__reversed_                    4.69%    passed     98.82%
  12  HomSap_chrY_RBMY1E_-_378950_-_RBMY1E_CDS__reversed_                    4.69%    passed     99.35%
  13  HomSap_chrY_RBMY1F_-_159163_-_RBMY1F_CDS__reversed_                    4.69%    passed     97.40%
  14  HomSap_chrY_RBMY1J_-_378951_-_RBMY1J_CDS                               4.69%    passed     96.58%
  15  PonAbe_chrY_LOC129053464_-_129053464_-_LOC129053464_mRNA               4.33%    passed     84.12%
  16  PonAbe_chrY_LOC129053479_-_129053479__reversed__-_LOC129053479_CDS     4.33%    passed     84.12%
  17  SymSyn_chrY_LOC129476690_-_129476690_-_LOC129476690_CDS               16.61%    passed     94.38%
  18  SymSyn_chrY_LOC129476701_-_129476701_-_LOC129476701_CDS               16.61%    passed     94.38%
  19  SymSyn_chrY_LOC129476703_-_129476703__reversed__-_LOC129476703_CDS    50.90%    passed     91.60%
  20  SymSyn_chrY_LOC129476739_-_129476739__reversed__-_LOC129476739_CDS    16.61%    passed     94.38%
  21  SymSyn_chrY_LOC129476740_-_129476740__reversed__-_LOC129476740_CDS    16.61%    passed     94.38%
  22  PanTro_chrY_LOC736145_-_736145_-_LOC736145_CDS                         4.33%    passed     94.94%
  23  PanTro_chrY_LOC736159_-_736159__reversed__-_LOC736159_CDS             64.98%    passed     85.96%
  24  PanTro_chrY_LOC736268_-_736268_-_LOC736268_CDS                         4.33%    passed     94.94%
  25  PanTro_chrY_LOC736860_-_736860__reversed__-_LOC736860_CDS              4.33%    passed     94.94%
  26  PanTro_chrY_LOC740336_-_740336__reversed__-_LOC740336_CDS              4.33%    passed     97.33%
  27  PanTro_chrY_LOC100609298_-_100609298__reversed__-_LOC100609298_CDS     4.33%    passed     94.94%
  28  PanTro_chrY_LOC100615847_-_100615847_-_LOC100615847_CDS               33.94%    passed     90.14%
  29  PanTro_chrY_LOC112208098_-_112208098_-_LOC112208098_CDS                4.33%    passed     94.94%
  30  PonPyg_chrY_LOC129025821_-_129025821_-_LOC129025821_CDS                4.33%    passed     84.12%
  31  PonPyg_chrY_LOC129025833_-_129025833__reversed__-_LOC129025833_CDS     4.33%    passed     84.12%
  32  GorGor_chrY_LOC129530238_-_129530238_-_LOC129530238_CDS__reversed_     4.33%    passed     96.78%
  33  GorGor_chrY_LOC129530239_-_129530239_-_LOC129530239_CDS__reversed_     4.33%    passed     96.78%
  34  GorGor_chrY_LOC129530240_-_129530240_-_LOC129530240_CDS__reversed_     4.33%    passed     96.78%
  35  GorGor_chrY_LOC129530241_-_129530241_-_LOC129530241_CDS__reversed_     4.33%    passed     96.91%
  36  GorGor_chrY_LOC129530242_-_129530242_-_LOC129530242_CDS__reversed_     4.33%    passed     98.31%
  37  GorGor_chrY_LOC129530243_-_129530243_-_LOC129530243_CDS__reversed_     4.33%    passed     96.71%
  38  GorGor_chrY_LOC129530249_-_129530249_-_LOC129530249_CDS__reversed_     4.33%    passed     94.77%
  39  GorGor_chrY_LOC129530256_-_129530256_-_LOC129530256_CDS                4.33%    passed     82.86%
  40  GorGor_chrY_LOC129530259_-_129530259_-_LOC129530259_CDS__reversed_    50.90%    passed     72.19%
  41  GorGor_chrY_LOC129530261_-_129530261_-_LOC129530261_CDS__reversed_     4.33%    passed     95.83%
  42  GorGor_chrY_LOC129530264_-_129530264_-_LOC129530264_CDS                5.05%    passed     94.56%
  43  GorGor_chrY_LOC129530266_-_129530266_-_LOC129530266_CDS                4.33%    passed     97.42%
  44  GorGor_chrY_LOC129530267_-_129530267_-_LOC129530267_CDS               37.18%    passed     78.29%
  45  GorGor_chrX_RBMX_-_101125233_-_RBMX_CDS__reversed_                     4.33%    passed     14.88%
  46  HomSap_chrX_RBMX_-_27316_-_RBMX_CDS__reversed_                         4.33%    passed     17.75%
  47  PanPan_chrX_RBMX_-_100973957_-_RBMX_CDS__reversed_                     4.33%    passed     12.32%
  48  PanTro_chrX_RBMX_-_738482_-_RBMX_CDS__reversed_                        4.33%    passed     12.32%
  49  PonAbe_chrX_RBMX_-_100436251_-_RBMX_CDS__reversed_                     4.33%    passed     17.75%
  50  PonPyg_chrX_RBMX_-_129024023_-_RBMX_CDS__reversed_                     4.33%    passed     17.75%
  51  SymSyn_chrX_RBMX_-_129476313_-_RBMX_CDS__reversed_                     4.33%    passed     17.75%
  52  PanPan_chrY_LOC129395525_-_129395525__reversed__-_LOC129395525_CDS     4.33%    passed     99.60%
  53  PanPan_chrY_LOC129395540_-_129395540_-_LOC129395540_CDS                4.33%    passed     99.60%
  54  PanPan_chrY_LOC129395558_-_129395558__reversed__-_LOC129395558_CDS     4.33%    passed     98.13%
  55  PanPan_chrY_LOC129395562_-_129395562_-_LOC129395562_mRNA               4.33%    passed     95.22%
  56  PanPan_chrY_LOC129395611_-_129395611__reversed__-_LOC129395611_CDS     4.33%    passed     95.22%
  57  PanPan_chrY_LOC129395613_-_129395613__reversed__-_LOC129395613_CDS     4.33%    passed     95.22%
  58  PanPan_chrY_LOC129395618_-_129395618__reversed__-_LOC129395618_CDS     4.33%    passed     95.22%
  59  PanPan_chrY_LOC129395720_-_129395720_-_LOC129395720_CDS                4.33%    passed     96.62%
  60  PanPan_chrY_LOC129395722_-_129395722__reversed__-_LOC129395722_CDS     4.33%    passed     97.86%
  61  PanPan_chrY_LOC129395723_-_129395723_-_LOC129395723_CDS                4.33%    passed     98.13%
  62  PanPan_chrY_LOC129395724_-_129395724_-_LOC129395724_CDS                4.33%    passed     97.25%
  63  PanPan_chrY_LOC129395725_-_129395725_-_LOC129395725_CDS                4.33%    passed     97.86%
  64  PanPan_chrY_LOC129395726_-_129395726__reversed__-_LOC129395726_CDS     4.33%    passed     96.62%
  65  PanPan_chrY_LOC129395729_-_129395729__reversed__-_LOC129395729_CDS     4.33%    passed     96.62%
  66  PanPan_chrY_LOC129395732_-_129395732__reversed__-_LOC129395732_CDS     4.33%    passed     96.77%
  67  PanPan_chrY_LOC129395734_-_129395734_-_LOC129395734_CDS                4.33%    passed     98.98%
  68  PanPan_chrY_LOC129395739_-_129395739_-_LOC129395739_CDS                4.33%    passed     98.13%
  69  PanPan_chrY_LOC129395756_-_129395756__reversed__-_LOC129395756_CDS     4.33%    passed     95.22%
  70  PanPan_chrY_LOC129395757_-_129395757_-_LOC129395757_CDS                4.33%    passed     95.22%
  71  PanPan_chrY_LOC129395770_-_129395770__reversed__-_LOC129395770_CDS     4.33%    passed     95.22%
  72  PanPan_chrY_LOC129395771_-_129395771_-_LOC129395771_CDS                4.33%    passed     95.22%
  73  PanPan_chrY_LOC129395776_-_129395776__reversed__-_LOC129395776_CDS     4.33%    passed     98.54%
  74  PanPan_chrY_LOC129395777_-_129395777__reversed__-_LOC129395777_CDS     4.33%    passed     97.86%
  75  PanPan_chrY_LOC129395778_-_129395778__reversed__-_LOC129395778_CDS     4.33%    passed     96.11%
  76  PanPan_chrY_LOC129395779_-_129395779_-_LOC129395779_CDS                4.33%    passed     97.27%
WARNING: 3 sequences contain more than 50% gaps/ambiguity
****  TOTAL                                                                  8.18%  0 sequences failed composition chi2 test (p-value<5%; df=3)


Create initial parsimony tree by phylogenetic likelihood library (PLL)... 0.002 seconds
Perform fast likelihood tree search using GTR+I+G model...
Estimate model parameters (epsilon = 5.000)
Perform nearest neighbor interchange...
Estimate model parameters (epsilon = 1.000)
1. Initial log-likelihood: -4065.813
Optimal log-likelihood: -4065.561
Rate parameters:  A-C: 1.47255  A-G: 3.10354  A-T: 0.98654  C-G: 1.74474  C-T: 4.68846  G-T: 1.00000
Base frequencies:  A: 0.290  C: 0.199  G: 0.270  T: 0.242
Proportion of invariable sites: 0.221
Gamma shape alpha: 998.311
Parameters optimization took 1 rounds (0.021 sec)
Time for fast ML tree search: 0.212 seconds

NOTE: ModelFinder requires 11 MB RAM!
ModelFinder will test up to 484 DNA models (sample size: 831 epsilon: 0.100) ...
 No. Model         -LnL         df  AIC          AICc         BIC
  1  GTR+F         4070.701     157 8455.401     8529.119     9196.854
  2  GTR+F+I       4064.834     158 8445.668     8520.435     9191.843
  3  GTR+F+G4      4063.334     158 8442.668     8517.436     9188.843
  4  GTR+F+I+G4    4064.731     159 8447.462     8523.289     9198.360
  5  GTR+F+R2      4063.711     159 8445.423     8521.250     9196.321
  6  GTR+F+R3      4063.470     161 8448.941     8526.914     9209.284
 14  GTR+F+I+R2    4064.267     160 8448.534     8525.430     9204.155
 15  GTR+F+I+R3    4064.261     162 8452.523     8531.582     9217.589
 23  SYM           4081.196     154 8470.391     8541.013     9197.676
 24  SYM+I         4076.040     155 8462.080     8533.725     9194.088
 25  SYM+G4        4074.308     155 8458.616     8530.260     9190.623
 26  SYM+I+G4      4075.838     156 8463.677     8536.353     9200.407
 27  SYM+R2        4074.660     156 8461.320     8533.997     9198.051
 45  TVM+F         4075.928     156 8463.855     8536.532     9200.585
 46  TVM+F+I       4070.150     157 8454.301     8528.018     9195.754
 47  TVM+F+G4      4068.265     157 8450.529     8524.247     9191.982
 48  TVM+F+I+G4    4069.613     158 8455.227     8529.994     9201.402
 49  TVM+F+R2      4068.651     158 8453.301     8528.069     9199.477
 67  TVMe          4081.785     153 8469.569     8539.176     9192.132
 68  TVMe+I        4076.587     154 8461.174     8531.795     9188.459
 69  TVMe+G4       4074.742     154 8457.484     8528.105     9184.769
 70  TVMe+I+G4     4076.126     155 8462.251     8533.896     9194.259
 71  TVMe+R2       4075.092     155 8460.183     8531.828     9192.191
 89  TIM3+F        4071.030     155 8452.060     8523.704     9184.067
 90  TIM3+F+I      4065.194     156 8442.387     8515.064     9179.117
 91  TIM3+F+G4     4063.769     156 8439.538     8512.215     9176.268
 92  TIM3+F+I+G4   4064.713     157 8443.425     8517.143     9184.878
 93  TIM3+F+R2     4064.073     157 8442.146     8515.864     9183.599
111  TIM3e         4081.423     152 8466.846     8535.448     9184.685
112  TIM3e+I       4076.264     153 8458.529     8528.136     9181.091
113  TIM3e+G4      4074.588     153 8455.177     8524.784     9177.739
114  TIM3e+I+G4    4075.765     154 8459.529     8530.151     9186.814
115  TIM3e+R2      4074.908     154 8457.816     8528.437     9185.101
133  TIM2+F        4075.170     155 8460.340     8531.984     9192.348
134  TIM2+F+I      4069.938     156 8451.875     8524.552     9188.605
135  TIM2+F+G4     4068.137     156 8448.275     8520.951     9185.005
136  TIM2+F+I+G4   4069.344     157 8452.688     8526.405     9194.141
137  TIM2+F+R2     4068.468     157 8450.935     8524.653     9192.388
155  TIM2e         4083.601     152 8471.203     8539.805     9189.043
156  TIM2e+I       4078.660     153 8463.319     8532.926     9185.881
157  TIM2e+G4      4076.735     153 8459.470     8529.077     9182.032
158  TIM2e+I+G4    4078.019     154 8464.037     8534.659     9191.322
159  TIM2e+R2      4077.073     154 8462.145     8532.767     9189.430
177  TIM+F         4075.132     155 8460.263     8531.908     9192.271
178  TIM+F+I       4069.982     156 8451.965     8524.641     9188.695
179  TIM+F+G4      4068.277     156 8448.555     8521.231     9185.285
180  TIM+F+I+G4    4069.346     157 8452.693     8526.411     9194.146
181  TIM+F+R2      4068.581     157 8451.162     8524.880     9192.615
199  TIMe          4083.442     152 8470.884     8539.485     9188.723
200  TIMe+I        4078.549     153 8463.098     8532.705     9185.660
201  TIMe+G4       4076.687     153 8459.375     8528.982     9181.937
202  TIMe+I+G4     4077.853     154 8463.705     8534.326     9190.990
203  TIMe+R2       4077.002     154 8462.005     8532.626     9189.290
221  TPM3u+F       4076.279     154 8460.559     8531.180     9187.844
222  TPM3u+F+I     4070.557     155 8451.114     8522.758     9183.121
223  TPM3u+F+G4    4068.762     155 8447.524     8519.168     9179.531
224  TPM3u+F+I+G4  4069.686     156 8451.373     8524.049     9188.103
225  TPM3u+F+R2    4069.084     156 8450.169     8522.845     9186.899
243  TPM3          4082.020     151 8466.040     8533.645     9179.157
244  TPM3+I        4076.823     152 8457.647     8526.248     9175.486
245  TPM3+G4       4075.037     152 8454.074     8522.676     9171.914
246  TPM3+I+G4     4076.016     153 8458.032     8527.639     9180.595
247  TPM3+R2       4075.340     153 8456.681     8526.288     9179.243
265  TPM2u+F       4080.334     154 8468.668     8539.290     9195.953
266  TPM2u+F+I     4075.067     155 8460.134     8531.778     9192.142
267  TPM2u+F+G4    4072.937     155 8455.874     8527.518     9187.881
268  TPM2u+F+I+G4  4074.055     156 8460.110     8532.786     9196.840
269  TPM2u+F+R2    4073.272     156 8458.544     8531.221     9195.275
287  TPM2          4084.167     151 8470.334     8537.939     9183.451
288  TPM2+I        4079.181     152 8462.362     8530.964     9180.202
289  TPM2+G4       4077.154     152 8458.308     8526.910     9176.148
290  TPM2+I+G4     4078.238     153 8462.476     8532.083     9185.038
291  TPM2+R2       4077.469     153 8460.938     8530.545     9183.501
309  K3Pu+F        4080.316     154 8468.632     8539.253     9195.917
310  K3Pu+F+I      4075.153     155 8460.306     8531.950     9192.313
311  K3Pu+F+G4     4073.135     155 8456.270     8527.915     9188.278
312  K3Pu+F+I+G4   4074.147     156 8460.293     8532.970     9197.024
313  K3Pu+F+R2     4073.439     156 8458.879     8531.555     9195.609
331  K3P           4084.011     151 8470.021     8537.627     9183.139
332  K3P+I         4079.077     152 8462.155     8530.757     9179.995
333  K3P+G4        4077.118     152 8458.235     8526.837     9176.075
334  K3P+I+G4      4078.111     153 8462.223     8531.830     9184.785
335  K3P+R2        4077.409     153 8460.817     8530.424     9183.380
353  TN+F          4075.336     154 8458.671     8529.293     9185.956
354  TN+F+I        4070.167     155 8450.334     8521.978     9182.341
355  TN+F+G4       4068.454     155 8446.907     8518.552     9178.915
356  TN+F+I+G4     4069.259     156 8450.518     8523.194     9187.248
357  TN+F+R2       4068.720     156 8449.440     8522.116     9186.170
375  TNe           4083.661     151 8469.322     8536.927     9182.439
376  TNe+I         4078.750     152 8461.501     8530.103     9179.341
377  TNe+G4        4076.885     152 8457.770     8526.372     9175.610
378  TNe+I+G4      4077.781     153 8461.563     8531.170     9184.125
379  TNe+R2        4077.156     153 8460.313     8529.920     9182.875
397  HKY+F         4080.519     153 8467.038     8536.645     9189.600
398  HKY+F+I       4075.335     154 8458.671     8529.292     9185.956
399  HKY+F+G4      4073.310     154 8454.620     8525.242     9181.905
400  HKY+F+I+G4    4074.210     155 8458.419     8530.064     9190.427
401  HKY+F+R2      4073.594     155 8457.187     8528.832     9189.195
419  K2P           4084.230     150 8468.460     8535.078     9176.854
420  K2P+I         4079.278     151 8460.557     8528.162     9173.674
421  K2P+G4        4077.316     151 8456.632     8524.238     9169.749
422  K2P+I+G4      4078.200     152 8460.399     8529.001     9178.239
423  K2P+R2        4077.584     152 8459.168     8527.769     9177.007
441  F81+F         4148.545     152 8601.090     8669.692     9318.930
442  F81+F+I       4144.528     153 8595.057     8664.664     9317.619
443  F81+F+G4      4142.847     153 8591.695     8661.302     9314.257
444  F81+F+I+G4    4143.754     154 8595.509     8666.130     9322.794
445  F81+F+R2      4143.070     154 8594.140     8664.761     9321.425
463  JC            4156.145     149 8610.290     8675.929     9313.962
464  JC+I          4152.132     150 8604.264     8670.881     9312.658
465  JC+G4         4150.351     150 8600.703     8667.320     9309.097
466  JC+I+G4       4151.285     151 8604.570     8672.175     9317.687
467  JC+R2         4150.557     151 8603.113     8670.718     9316.230
Akaike Information Criterion:           TIM3+F+G4
Corrected Akaike Information Criterion: TIM3+F+G4
Bayesian Information Criterion:         K2P+G4
Best-fit model: K2P+G4 chosen according to BIC

All model information printed to output/RBMY_nodomain/tree.model.gz
CPU time for ModelFinder: 2.866 seconds (0h:0m:2s)
Wall-clock time for ModelFinder: 2.901 seconds (0h:0m:2s)
Generating 1000 samples for ultrafast bootstrap (seed: 652059)...

NOTE: 5 MB RAM (0 GB) is required!
Estimate model parameters (epsilon = 0.100)
1. Initial log-likelihood: -4150.351
2. Current log-likelihood: -4077.521
3. Current log-likelihood: -4077.317
Optimal log-likelihood: -4077.315
Rate parameters:  A-C: 1.00000  A-G: 2.97184  A-T: 1.00000  C-G: 1.00000  C-T: 2.97184  G-T: 1.00000
Base frequencies:  A: 0.250  C: 0.250  G: 0.250  T: 0.250
Gamma shape alpha: 2.642
Parameters optimization took 3 rounds (0.061 sec)
Wrote distance file to... 
Computing ML distances based on estimated model parameters...
Calculating distance matrix: done in 0.0126121 secs using 99.76% CPU
Computing ML distances took 0.012690 sec (of wall-clock time) 0.012648 sec (of CPU time)
Setting up auxiliary I and S matrices: done in 8.41618e-05 secs using 84.36% CPU
Computing RapidNJ tree took 0.000288 sec (of wall-clock time) 0.000253 sec (of CPU time)
Log-likelihood of RapidNJ tree: -4092.760
--------------------------------------------------------------------
|             INITIALIZING CANDIDATE TREE SET                      |
--------------------------------------------------------------------
Generating 98 parsimony trees... 0.216 second
Computing log-likelihood of 98 initial trees ... 0.392 seconds
Current best score: -4073.647

Do NNI search on 20 best initial trees
Estimate model parameters (epsilon = 0.100)
BETTER TREE FOUND at iteration 1: -4072.853
Estimate model parameters (epsilon = 0.100)
BETTER TREE FOUND at iteration 2: -4072.298
BETTER TREE FOUND at iteration 8: -4072.298
Iteration 10 / LogL: -4072.852 / Time: 0h:0m:4s
Estimate model parameters (epsilon = 0.100)
BETTER TREE FOUND at iteration 11: -4072.192
BETTER TREE FOUND at iteration 16: -4072.191
Iteration 20 / LogL: -4072.862 / Time: 0h:0m:5s
Finish initializing candidate tree set (20)
Current best tree score: -4072.191 / CPU time: 2.945
Number of iterations: 20
--------------------------------------------------------------------
|               OPTIMIZING CANDIDATE TREE SET                      |
--------------------------------------------------------------------
Iteration 30 / LogL: -4197.120 / Time: 0h:0m:7s (0h:0m:12s left)
Iteration 40 / LogL: -4072.200 / Time: 0h:0m:8s (0h:0m:11s left)
Iteration 50 / LogL: -4072.204 / Time: 0h:0m:10s (0h:0m:9s left)
Log-likelihood cutoff on original alignment: -4100.725
Iteration 60 / LogL: -4072.761 / Time: 0h:0m:11s (0h:0m:8s left)
Iteration 70 / LogL: -4072.200 / Time: 0h:0m:12s (0h:0m:6s left)
Iteration 80 / LogL: -4072.199 / Time: 0h:0m:14s (0h:0m:5s left)
Iteration 90 / LogL: -4079.781 / Time: 0h:0m:15s (0h:0m:3s left)
Iteration 100 / LogL: -4072.199 / Time: 0h:0m:17s (0h:0m:2s left)
Log-likelihood cutoff on original alignment: -4100.725
NOTE: Bootstrap correlation coefficient of split occurrence frequencies: 0.994
Iteration 110 / LogL: -4072.202 / Time: 0h:0m:18s (0h:0m:13s left)
TREE SEARCH COMPLETED AFTER 117 ITERATIONS / Time: 0h:0m:19s

--------------------------------------------------------------------
|                    FINALIZING TREE SEARCH                        |
--------------------------------------------------------------------
Performs final model parameters optimization
Estimate model parameters (epsilon = 0.010)
1. Initial log-likelihood: -4072.191
Optimal log-likelihood: -4072.190
Rate parameters:  A-C: 1.00000  A-G: 3.06847  A-T: 1.00000  C-G: 1.00000  C-T: 3.06847  G-T: 1.00000
Base frequencies:  A: 0.250  C: 0.250  G: 0.250  T: 0.250
Gamma shape alpha: 2.566
Parameters optimization took 1 rounds (0.011 sec)
BEST SCORE FOUND : -4072.190
Creating bootstrap support values...
Split supports printed to NEXUS file output/RBMY_nodomain/tree.splits.nex
Total tree length: 0.907

Total number of iterations: 117
CPU time used for tree search: 16.643 sec (0h:0m:16s)
Wall-clock time used for tree search: 16.732 sec (0h:0m:16s)
Total CPU time used: 19.684 sec (0h:0m:19s)
Total wall-clock time used: 19.832 sec (0h:0m:19s)

Computing bootstrap consensus tree...
Reading input file output/RBMY_nodomain/tree.splits.nex...
76 taxa and 734 splits.
Consensus tree written to output/RBMY_nodomain/tree.contree
Reading input trees file output/RBMY_nodomain/tree.contree
Log-likelihood of consensus tree: -4072.261

Analysis results written to: 
  IQ-TREE report:                output/RBMY_nodomain/tree.iqtree
  Maximum-likelihood tree:       output/RBMY_nodomain/tree.treefile
  Likelihood distances:          output/RBMY_nodomain/tree.mldist

Ultrafast bootstrap approximation results written to:
  Split support values:          output/RBMY_nodomain/tree.splits.nex
  Consensus tree:                output/RBMY_nodomain/tree.contree
  Screen log file:               output/RBMY_nodomain/tree.log

Date and Time: Thu Apr 23 10:27:40 2026
