IQ-TREE multicore version 2.3.6 for MacOS ARM 64-bit built Aug  1 2024
Developed by Bui Quang Minh, Nguyen Lam Tung, Olga Chernomor, Heiko Schmidt,
Dominik Schrempf, Michael Woodhams, Ly Trong Nhan, Thomas Wong

Host:    karol.bx.psu.edu (SSE4.2, 16 GB RAM)
Command: /Users/kxp5629/tools/iqtree-2.3.6-macOS/bin/iqtree2 -s output/RBMY_RBMX_nodomain/alignment.dedup.fasta -bb 1000 --prefix output/RBMY_RBMX_nodomain/tree -keep-ident --redo -o GorGor_chrX_RBMX_148580455_nonP-closest-Q18.2B-at-983454_nonC_-,HomSap_chrX_RBMX_135177914_nonP-closest-Q17.6B-at-979846_nonC_-,PanPan_chrX_RBMX_136287749_nonP-closest-Q18B-at-924545_nonC_-,PonAbe_chrX_RBMX_142960192_nonP-closest-Q15.1B-at-1624736_nonC_-,SymSyn_chrX_RBMX_139740568_nonP-closest-Q21.1B-at-957459_nonC_-
Seed:    790037 (Using SPRNG - Scalable Parallel Random Number Generator)
Time:    Thu Apr 23 17:32:06 2026
Kernel:  SSE2 - 1 threads (12 CPU cores detected)

HINT: Use -nt option to specify number of threads because your CPU has 12 cores!
HINT: -nt AUTO will automatically determine the best number of threads to use.

Reading alignment file output/RBMY_RBMX_nodomain/alignment.dedup.fasta ... Fasta format detected
Reading fasta file: done in 0.00102711 secs using 87.14% CPU
Alignment most likely contains DNA/RNA sequences
WARNING: 2 sites contain only gaps or ambiguous characters.
Alignment has 54 sequences with 945 columns, 433 distinct patterns
400 parsimony-informative, 70 singleton sites, 475 constant sites
                                                                           Gap/Ambiguity  Composition  p-value
Analyzing sequences: done in 2.47955e-05 secs using 92.76% CPU
   1  GorGor_chrY_LOC129530238_19671638_nonP-closest-Q10B-at-60465_nonC_-          4.44%    passed     94.88%
   2  GorGor_chrY_LOC129530239_19625715_nonP-closest-Q10B-at-14542_nonC_-          4.44%    passed     96.12%
   3  GorGor_chrY_LOC129530241_19694606_nonP-closest-Q10B-at-83433_nonC_-          4.44%    passed     96.12%
   4  GorGor_chrY_LOC129530240_19648670_nonP-closest-Q10B-at-37497_nonC_-          4.44%    passed     95.83%
   5  GorGor_chrY_LOC129530242_19717578_nonP-closest-Q10B-at-106405_nonC_-         4.44%    passed     96.12%
   6  GorGor_chrY_LOC129530249_25725362_nonP-closest-Q13A-at-289492_nonC_-         4.44%    passed     91.20%
   7  GorGor_chrY_LOC129530256_15477440_nonP-closest-Q2A-at-428101_nonC_t          4.44%    passed     86.14%
   8  GorGor_chrY_LOC129530261_16137383_nonP-closest-Q2A-at-9455_nonC_-           16.19%    passed     99.13%
   9  GorGor_chrY_LOC129530243_19602754_Q10B_nonC_-                                4.44%    passed     95.83%
  10  GorGor_chrY_LOC129530266_16415999_Q2B_nonC_t                                 4.44%    passed     96.06%
  11  HomSap_chrY_RBMY1A1_22410130_Q7.3A_nonC_t                                    4.76%    passed     98.41%
  12  HomSap_chrY_RBMY1B_22386600_Q7.1A_nonC_t                                     4.76%    passed     98.80%
  13  HomSap_chrY_RBMY1D_22703948_Q7.3B_nonC_-                                     4.76%    passed     99.60%
  14  HomSap_chrY_RBMY1E_22737692_Q7.3B_nonC_-                                     4.76%    passed     99.68%
  15  HomSap_chrY_RBMY1F_23239128_Q7.7B_nonC_t                                     4.76%    passed     97.73%
  16  HomSap_chrY_RBMY1J_22997071_Q7.7A_nonC_-                                     4.76%    passed     97.59%
  17  PanPan_chrY_LOC129395525_32259993_Q7A_C3_-                                   4.44%    passed     99.43%
  18  PanPan_chrY_LOC129395732_27226925_Q12.1A_C3_-                                4.44%    passed     96.83%
  19  PanPan_chrY_LOC129395562_31972820_Q7B_C3_t                                   4.44%    passed     93.77%
  20  PanPan_chrY_LOC129395611_18581135_Q20.1A_C3_-                                4.44%    passed     92.20%
  21  PanPan_chrY_LOC129395776_29776779_Q9.1A_C3_-                                 4.44%    passed     97.46%
  22  PanPan_chrY_LOC129395777_29753578_Q9.2A_C3_-                                 4.44%    passed     96.97%
  23  PanPan_chrY_LOC129395778_29730086_Q9.3A_C3_-                                 4.44%    passed     94.91%
  24  PanPan_chrY_LOC129395779_29435508_Q9.3B_C3_t                                 4.44%    passed     96.12%
  25  PanPan_chrY_LOC129395558_34784065_Q5A_C3_-                                   4.44%    passed     98.70%
  26  PanPan_chrY_LOC129395720_18242344_Q20.4A_C3_t                                4.44%    passed     97.47%
  27  PanPan_chrY_LOC129395722_17798006_Q20.6A_C3_-                                4.44%    passed     98.41%
  28  PanPan_chrY_LOC129395734_26933077_Q12.3A_C3_t                                4.44%    passed     99.31%
  29  PanPan_chrY_LOC129395723_17504218_Q20.4B_C3_t                                4.44%    passed     98.70%
  30  PanPan_chrY_LOC129395725_17460315_Q20.9A_C3_t                                4.44%    passed     98.41%
  31  PanPan_chrY_LOC129395724_17483270_Q20.9A_C3_t                                4.44%    passed     98.29%
  32  PanTro_chrY_LOC736145_15412683_Q10.3B_C3_t                                   4.44%    passed     92.99%
  33  PanTro_chrY_LOC112208098_16149486_Q10.3A_C3_t                                4.44%    passed     92.99%
  34  PanTro_chrY_LOC740336_24040994_Q4A_C3_-                                      4.44%    passed     95.11%
  35  PanPan_chrY_LOC129395733_26495121_Q12.6A_C3_-                                4.44%    passed     99.26%
  36  GorGor_chrY_LOC129530259_15918165_Q2A_nonC_-                                16.51%    passed     76.24%
  37  GorGor_chrY_LOC129530267_16438966_nonP-closest-Q2B-at-11653_nonC_t          54.39%    passed     44.42%
  38  PanTro_chrY_LOC736268_16884285_Q10.2A_C3_t                                   4.44%    passed     97.76%
  39  PanTro_chrY_LOC100609298_15707137_Q10.3B_C3_-                                4.44%    passed     96.53%
  40  PonAbe_chrY_LOC129053464_11360201_Q4A_C3_t                                   4.44%    passed     65.23%
  41  PanTro_chrY_LOC736159_14955856_nonP-closest-Q10.3B-at-11243_nonC_-          45.93%    passed     22.79%
  42  SymSyn_chrY_LOC129476690_19589548_Q6.1A_nonC_t                              14.92%    passed     92.22%
  43  PanTro_chrY_LOC100615847_11838124_nonP-closest-Q11A-at-673714_nonC_t        34.50%    passed     71.67%
  44  GorGor_chrY_LOC129530264_16264504_Q2B_nonC_t                                85.71%    passed     48.50%
  45  PonPyg_chrY_LOC129025868-exPG_15712776_nonP-closest-Q4B-at-4388024_nonC_-   29.21%    passed     34.76%
  46  PonPyg_chrY_LOC129025831_15958158_nonP-closest-Q4B-at-4633406_nonC_-         7.30%    passed     54.88%
  47  PonPyg_chrY_LOC129025850_15761558_nonP-closest-Q4B-at-4436806_nonC_-         7.30%    passed     60.68%
  48  PonPyg_chrY_LOC129025867_15614148_nonP-closest-Q4B-at-4289396_nonC_-         7.30%    passed     60.43%
  49  PonAbe_chrY_LOC129053429-exPG_15573855_nonP-closest-Q4B-at-4121263_nonC_-    5.08%    passed     58.95%
  50  GorGor_chrX_RBMX_148580455_nonP-closest-Q18.2B-at-983454_nonC_-              2.86%    passed     14.34%
  51  HomSap_chrX_RBMX_135177914_nonP-closest-Q17.6B-at-979846_nonC_-              2.86%    passed     20.25%
  52  PanPan_chrX_RBMX_136287749_nonP-closest-Q18B-at-924545_nonC_-                2.86%    passed     11.88%
  53  PonAbe_chrX_RBMX_142960192_nonP-closest-Q15.1B-at-1624736_nonC_-             2.86%    passed     17.82%
  54  SymSyn_chrX_RBMX_139740568_nonP-closest-Q21.1B-at-957459_nonC_-              2.86%    passed     17.82%
WARNING: 2 sequences contain more than 50% gaps/ambiguity
****  TOTAL                                                                        9.35%  0 sequences failed composition chi2 test (p-value<5%; df=3)


Create initial parsimony tree by phylogenetic likelihood library (PLL)... 0.002 seconds
Perform fast likelihood tree search using GTR+I+G model...
Estimate model parameters (epsilon = 5.000)
Perform nearest neighbor interchange...
Estimate model parameters (epsilon = 1.000)
1. Initial log-likelihood: -4738.791
Optimal log-likelihood: -4737.798
Rate parameters:  A-C: 1.74173  A-G: 3.19085  A-T: 1.04235  C-G: 1.32045  C-T: 4.57486  G-T: 1.00000
Base frequencies:  A: 0.287  C: 0.204  G: 0.271  T: 0.238
Proportion of invariable sites: 0.223
Gamma shape alpha: 9.471
Parameters optimization took 1 rounds (0.022 sec)
Time for fast ML tree search: 0.209 seconds

NOTE: ModelFinder requires 9 MB RAM!
ModelFinder will test up to 484 DNA models (sample size: 945 epsilon: 0.100) ...
 No. Model         -LnL         df  AIC          AICc         BIC
  1  GTR+F         4748.637     113 9723.274     9754.278     10271.458
  2  GTR+F+I       4738.950     114 9705.900     9737.490     10258.935
  3  GTR+F+G4      4733.554     114 9695.107     9726.698     10248.142
  4  GTR+F+I+G4    4735.608     115 9701.217     9733.400     10259.103
  5  GTR+F+R2      4734.829     115 9699.659     9731.842     10257.545
  6  GTR+F+R3      4728.147     117 9690.293     9723.681     10257.882
 14  GTR+F+I+R2    4735.531     116 9703.062     9735.845     10265.800
 15  GTR+F+I+R3    4727.424     118 9690.849     9724.849     10263.289
 16  GTR+F+I+R4    4727.230     120 9694.461     9729.704     10276.603
 25  SYM+G4        4741.979     111 9705.958     9735.806     10244.439
 27  SYM+R2        4743.169     112 9710.338     9740.762     10253.671
 28  SYM+R3        4736.330     114 9700.661     9732.251     10253.696
 47  TVM+F+G4      4738.142     113 9702.285     9733.289     10250.469
 49  TVM+F+R2      4739.245     114 9706.491     9738.081     10259.526
 50  TVM+F+R3      4732.899     116 9697.798     9730.580     10260.535
 69  TVMe+G4       4742.252     110 9704.504     9733.784     10238.134
 71  TVMe+R2       4743.251     111 9708.501     9738.350     10246.983
 72  TVMe+R3       4736.602     113 9699.203     9730.207     10247.387
 91  TIM3+F+G4     4734.727     112 9693.455     9723.878     10236.788
 93  TIM3+F+R2     4735.669     113 9697.339     9728.342     10245.523
 94  TIM3+F+R3     4729.181     115 9688.362     9720.545     10246.248
113  TIM3e+G4      4743.504     109 9705.008     9733.727     10233.787
115  TIM3e+R2      4744.350     110 9708.701     9737.981     10242.331
116  TIM3e+R3      4737.900     112 9699.800     9730.223     10243.133
135  TIM2+F+G4     4737.358     112 9698.717     9729.140     10242.049
137  TIM2+F+R2     4738.135     113 9702.270     9733.273     10250.453
138  TIM2+F+R3     4731.305     115 9692.610     9724.794     10250.497
157  TIM2e+G4      4744.023     109 9706.047     9734.765     10234.826
159  TIM2e+R2      4744.718     110 9709.435     9738.716     10243.065
160  TIM2e+R3      4738.030     112 9700.060     9730.483     10243.392
179  TIM+F+G4      4737.838     112 9699.675     9730.098     10243.008
181  TIM+F+R2      4738.497     113 9702.993     9733.997     10251.177
182  TIM+F+R3      4731.801     115 9693.602     9725.785     10251.488
201  TIMe+G4       4744.880     109 9707.761     9736.479     10236.540
203  TIMe+R2       4745.452     110 9710.904     9740.185     10244.534
204  TIMe+R3       4738.925     112 9701.850     9732.273     10245.183
223  TPM3u+F+G4    4739.255     111 9700.509     9730.358     10238.991
225  TPM3u+F+R2    4739.743     112 9703.487     9733.910     10246.819
226  TPM3u+F+R3    4734.134     114 9696.269     9727.859     10249.304
245  TPM3+G4       4743.762     108 9703.524     9731.686     10227.452
247  TPM3+R2       4744.134     109 9706.268     9734.987     10235.047
248  TPM3+R3       4738.263     111 9698.526     9728.374     10237.007
267  TPM2u+F+G4    4741.806     111 9705.611     9735.460     10244.093
269  TPM2u+F+R2    4742.094     112 9708.189     9738.612     10251.521
270  TPM2u+F+R3    4736.248     114 9700.496     9732.087     10253.531
289  TPM2+G4       4744.281     108 9704.562     9732.724     10228.490
291  TPM2+R2       4744.467     109 9706.934     9735.653     10235.713
292  TPM2+R3       4738.407     111 9698.813     9728.662     10237.295
311  K3Pu+F+G4     4742.224     111 9706.448     9736.297     10244.930
313  K3Pu+F+R2     4742.383     112 9708.766     9739.189     10252.099
314  K3Pu+F+R3     4736.702     114 9701.403     9732.994     10254.438
333  K3P+G4        4745.123     108 9706.247     9734.409     10230.175
335  K3P+R2        4745.175     109 9708.350     9737.069     10237.129
336  K3P+R3        4739.283     111 9700.565     9730.414     10239.047
355  TN+F+G4       4738.234     111 9698.467     9728.316     10236.949
357  TN+F+R2       4738.241     112 9700.482     9730.905     10243.815
358  TN+F+R3       4732.273     114 9692.546     9724.137     10245.582
377  TNe+G4        4745.264     108 9706.527     9734.690     10230.455
379  TNe+R2        4745.155     109 9708.310     9737.028     10237.089
380  TNe+R3        4739.394     111 9700.788     9730.637     10239.269
399  HKY+F+G4      4742.627     110 9705.253     9734.534     10238.884
401  HKY+F+R2      4742.471     111 9706.941     9736.790     10245.423
402  HKY+F+R3      4737.168     113 9700.337     9731.340     10248.521
421  K2P+G4        4745.508     107 9705.016     9732.629     10224.092
423  K2P+R2        4745.239     108 9706.479     9734.641     10230.407
424  K2P+R3        4739.751     110 9699.501     9728.782     10233.131
443  F81+F+G4      4824.246     109 9866.492     9895.211     10395.271
445  F81+F+R2      4823.838     110 9867.675     9896.956     10401.305
446  F81+F+R3      4818.843     112 9861.686     9892.110     10405.019
465  JC+G4         4830.762     106 9873.523     9900.592     10387.749
467  JC+R2         4830.269     107 9874.538     9902.151     10393.615
468  JC+R3         4825.646     109 9869.291     9898.010     10398.071
Akaike Information Criterion:           TIM3+F+R3
Corrected Akaike Information Criterion: TIM3+F+R3
Bayesian Information Criterion:         K2P+G4
Best-fit model: K2P+G4 chosen according to BIC

All model information printed to output/RBMY_RBMX_nodomain/tree.model.gz
CPU time for ModelFinder: 5.509 seconds (0h:0m:5s)
Wall-clock time for ModelFinder: 5.715 seconds (0h:0m:5s)
Generating 1000 samples for ultrafast bootstrap (seed: 790037)...

NOTE: 4 MB RAM (0 GB) is required!
Estimate model parameters (epsilon = 0.100)
1. Initial log-likelihood: -4831.153
2. Current log-likelihood: -4815.739
3. Current log-likelihood: -4748.156
4. Current log-likelihood: -4745.564
Optimal log-likelihood: -4745.508
Rate parameters:  A-C: 1.00000  A-G: 3.01442  A-T: 1.00000  C-G: 1.00000  C-T: 3.01442  G-T: 1.00000
Base frequencies:  A: 0.250  C: 0.250  G: 0.250  T: 0.250
Gamma shape alpha: 1.907
Parameters optimization took 4 rounds (0.096 sec)
Wrote distance file to... 
Computing ML distances based on estimated model parameters...
Calculating distance matrix: done in 0.0127902 secs using 96.76% CPU
Computing ML distances took 0.012993 sec (of wall-clock time) 0.012543 sec (of CPU time)
Setting up auxiliary I and S matrices: done in 8.89301e-05 secs using 68.59% CPU
Computing RapidNJ tree took 0.000269 sec (of wall-clock time) 0.000212 sec (of CPU time)
Log-likelihood of RapidNJ tree: -4792.306
--------------------------------------------------------------------
|             INITIALIZING CANDIDATE TREE SET                      |
--------------------------------------------------------------------
Generating 98 parsimony trees... 0.217 second
Computing log-likelihood of 98 initial trees ... 0.347 seconds
Current best score: -4745.508

Do NNI search on 20 best initial trees
Estimate model parameters (epsilon = 0.100)
BETTER TREE FOUND at iteration 1: -4745.507
BETTER TREE FOUND at iteration 7: -4745.505
Iteration 10 / LogL: -4747.182 / Time: 0h:0m:7s
Iteration 20 / LogL: -4745.508 / Time: 0h:0m:8s
Finish initializing candidate tree set (19)
Current best tree score: -4745.505 / CPU time: 2.740
Number of iterations: 20
--------------------------------------------------------------------
|               OPTIMIZING CANDIDATE TREE SET                      |
--------------------------------------------------------------------
Iteration 30 / LogL: -4745.515 / Time: 0h:0m:10s (0h:0m:11s left)
Iteration 40 / LogL: -5004.244 / Time: 0h:0m:11s (0h:0m:9s left)
Iteration 50 / LogL: -4745.514 / Time: 0h:0m:12s (0h:0m:8s left)
Log-likelihood cutoff on original alignment: -4780.601
Iteration 60 / LogL: -4747.056 / Time: 0h:0m:14s (0h:0m:6s left)
Iteration 70 / LogL: -4745.511 / Time: 0h:0m:15s (0h:0m:5s left)
Iteration 80 / LogL: -4834.321 / Time: 0h:0m:17s (0h:0m:3s left)
Iteration 90 / LogL: -4829.598 / Time: 0h:0m:18s (0h:0m:2s left)
Iteration 100 / LogL: -4747.527 / Time: 0h:0m:19s (0h:0m:0s left)
Log-likelihood cutoff on original alignment: -4780.601
NOTE: Bootstrap correlation coefficient of split occurrence frequencies: 0.999
TREE SEARCH COMPLETED AFTER 108 ITERATIONS / Time: 0h:0m:20s

--------------------------------------------------------------------
|                    FINALIZING TREE SEARCH                        |
--------------------------------------------------------------------
Performs final model parameters optimization
Estimate model parameters (epsilon = 0.010)
1. Initial log-likelihood: -4745.505
Optimal log-likelihood: -4745.505
Rate parameters:  A-C: 1.00000  A-G: 3.01192  A-T: 1.00000  C-G: 1.00000  C-T: 3.01192  G-T: 1.00000
Base frequencies:  A: 0.250  C: 0.250  G: 0.250  T: 0.250
Gamma shape alpha: 1.914
Parameters optimization took 1 rounds (0.010 sec)
BEST SCORE FOUND : -4745.505
Creating bootstrap support values...
Split supports printed to NEXUS file output/RBMY_RBMX_nodomain/tree.splits.nex
Total tree length: 0.967

Total number of iterations: 108
CPU time used for tree search: 14.297 sec (0h:0m:14s)
Wall-clock time used for tree search: 15.052 sec (0h:0m:15s)
Total CPU time used: 20.024 sec (0h:0m:20s)
Total wall-clock time used: 21.019 sec (0h:0m:21s)

Computing bootstrap consensus tree...
Reading input file output/RBMY_RBMX_nodomain/tree.splits.nex...
54 taxa and 314 splits.
Consensus tree written to output/RBMY_RBMX_nodomain/tree.contree
Reading input trees file output/RBMY_RBMX_nodomain/tree.contree
Log-likelihood of consensus tree: -4745.529

Analysis results written to: 
  IQ-TREE report:                output/RBMY_RBMX_nodomain/tree.iqtree
  Maximum-likelihood tree:       output/RBMY_RBMX_nodomain/tree.treefile
  Likelihood distances:          output/RBMY_RBMX_nodomain/tree.mldist

Ultrafast bootstrap approximation results written to:
  Split support values:          output/RBMY_RBMX_nodomain/tree.splits.nex
  Consensus tree:                output/RBMY_RBMX_nodomain/tree.contree
  Screen log file:               output/RBMY_RBMX_nodomain/tree.log

Date and Time: Thu Apr 23 17:32:27 2026
