IQ-TREE multicore version 2.3.6 for MacOS ARM 64-bit built Aug  1 2024
Developed by Bui Quang Minh, Nguyen Lam Tung, Olga Chernomor, Heiko Schmidt,
Dominik Schrempf, Michael Woodhams, Ly Trong Nhan, Thomas Wong

Host:    karol.bx.psu.edu (SSE4.2, 16 GB RAM)
Command: /Users/kxp5629/tools/iqtree-2.3.6-macOS/bin/iqtree2 -s gene_data/renamed/CDY_CDYL.aligned_trimmed.renamed.fasta -bb 1000 -o GorGor_chr5_CDYL_22394017_NA_nonC_t,HomSap_chr6_CDYL_4575080_NA_nonC_t,PanPan_chr5_CDYL_19400677_NA_nonC_t,PanTro_chr5_CDYL_10660151_NA_nonC_t,PonAbe_chr5_CDYL_4587803_NA_nonC_t,PonPyg_chr5_CDYL_4592538_NA_nonC_t,SymSyn_chr23_CDYL_65930269_NA_nonC_- --prefix output/CDY_CDYL -keep-ident
Seed:    276325 (Using SPRNG - Scalable Parallel Random Number Generator)
Time:    Wed Dec 17 10:32:58 2025
Kernel:  SSE2 - 1 threads (12 CPU cores detected)

HINT: Use -nt option to specify number of threads because your CPU has 12 cores!
HINT: -nt AUTO will automatically determine the best number of threads to use.

Reading alignment file gene_data/renamed/CDY_CDYL.aligned_trimmed.renamed.fasta ... Fasta format detected
Reading fasta file: done in 0.00119781 secs using 80.56% CPU
Alignment most likely contains DNA/RNA sequences
Alignment has 63 sequences with 1620 columns, 294 distinct patterns
577 parsimony-informative, 28 singleton sites, 1015 constant sites
                                                                           Gap/Ambiguity  Composition  p-value
Analyzing sequences: done in 1.90735e-05 secs using 99.61% CPU
   1  GorGor_chrY_LOC129530301-exPG_16914474_nonP-closest-Q4.A-at-199039_nonC_t    0.56%    passed     90.06%
   2  GorGor_chrY_LOC129530299-exPG_18481620_nonP-closest-Q7.B-at-37060_nonC_t     0.56%    passed     93.44%
   3  GorGor_chrY_LOC129530297-exPG_17829216_nonP-closest-Q7.A-at-37178_nonC_-     0.56%    passed     93.53%
   4  GorGor_chrY_LOC129530247_19346920_nonP-closest-Q11.A-at-11045_nonC_-         0.56%    passed     93.64%
   5  HomSap_chrY_CDY1_26434508_nonP-closest-Q12B-at-66643_nonC_t                  0.74%    passed     94.92%
   6  HomSap_chrY_CDY1B_24814541_nonP-closest-Q10B-at-66639_nonC_t                 0.74%    passed     94.92%
   7  HomSap_chrY_CDY2A_18932262_Q4B_nonC_t                                        0.56%    passed     96.15%
   8  HomSap_chrY_CDY2B_18784818_Q4A_nonC_-                                        0.56%    passed     96.15%
   9  PanPan_chrY_LOC129395542-exPG_7871634_nonP-closest-Q22B-at-452392_nonC_t     0.56%    passed     99.99%
  10  PanPan_chrY_LOC129395731_10461020_Q21A_nonC_t                                0.56%    passed    100.00%
  11  PanPan_chrY_LOC129395566_10322121_Q21B_nonC_-                                0.56%    passed    100.00%
  12  PanTro_chrY_LOC129388401-exPG_20105906_Q7.1B_C38_-                           0.56%    passed     99.89%
  13  PanTro_crhY_LOC745547_5358723_nonP-closest-Q14B-at-988449_nonC_t             0.56%    passed     99.96%
  14  PanTro_chrY_LOC744070_10716099_Q11B_nonC_-                                   0.56%    passed     99.45%
  15  PanTro_chrY_LOC739157_10854594_Q11A_nonC_t                                   0.56%    passed     99.20%
  16  PanTro_chrY_CDY1_20320841_Q7.1A_C38_t                                        0.56%    passed     99.89%
  17  PonAbe_chrY_LOC129053503_51692121_Q30B_C1_t                                  0.56%    passed     45.65%
  18  PonAbe_chrY_LOC129053502_51580221_Q30A_C1_-                                  0.56%    passed     45.65%
  19  PonAbe_chrY_LOC129053496_50227701_nonP-closest-Q28A-at-16957_nonC_-          0.56%    passed     48.43%
  20  PonAbe_chrY_LOC129053476_45770263_Q20B_C1_t                                  0.56%    passed     82.85%
  21  PonAbe_chrY_LOC129053461_41259419_Q14B_C1_t                                  0.56%    passed     45.65%
  22  PonAbe_chrY_LOC129053460_41147495_Q14A_C1_-                                  0.56%    passed     45.65%
  23  PonAbe_chrY_LOC129053453_39794954_nonP-closest-Q12A-at-16947_nonC_-          0.56%    passed     46.17%
  24  PonAbe_chrY_LOC129053442_37080427_Q7B_C1_t                                   0.56%    passed     84.27%
  25  PonAbe_chrY_LOC129053441_36920924_Q7A_C1_-                                   0.56%    passed     84.27%
  26  PonAbe_chrY_LOC129053440_35954132_Q5.1B_C1_t                                 0.74%    passed     70.13%
  27  PonAbe_chrY_LOC129053439_35795298_Q5.1A_C1_-                                 0.74%    passed     70.39%
  28  PonAbe_chrY_LOC129053358_52467350_Q31B_C1_t                                  0.56%    passed     90.11%
  29  PonAbe_chrY_LOC129053357_52307689_Q4A_C3_-                                   0.56%    passed     90.28%
  30  PonAbe_chrY_LOC129053199_46540858_Q21.2B_C1_t                                0.56%    passed     93.27%
  31  PonAbe_chrY_LOC129053198_46381211_Q21.2A_C1_-                                0.56%    passed     93.27%
  32  PonAbe_chrY_LOC129053180_42034652_Q15B_C1_t                                  0.56%    passed     88.97%
  33  PonAbe_chrY_LOC129053178_41874974_Q15A_C1_-                                  0.56%    passed     90.50%
  34  PonAbe_chrY_LOC129053145_56048677_Q36B_C1_t                                  0.56%    passed     93.16%
  35  PonAbe_chrY_LOC129053144_55889000_Q36A_C1_-                                  1.48%    passed     90.74%
  36  PonAbe_chrY_LOC129053139_54584688_nonP-closest-Q34A-at-16949_nonC_-          0.56%    passed     58.85%
  37  PonAbe_chrY_LOC129053475-exPG_45610161_Q20A_C1_-                             0.56%    passed     90.50%
  38  PonPyg_chrY_LOC129025721-exPG_29831016_Q11B_C1_t                             0.56%    passed     85.01%
  39  PonPyg_chrY_LOC129025917_33323942_nonP-closest-Q16A-at-16966_nonC_-          0.56%    passed     50.61%
  40  PonPyg_chrY_LOC129025903_26050227_Q5.1B_C1_t                                 0.74%    passed     69.88%
  41  PonPyg_chrY_LOC129025902_29061134_Q10.1B_C1_t                                0.56%    passed     88.61%
  42  PonPyg_chrY_LOC129025901_36614912_Q23B_C1_t                                  0.56%    passed     42.44%
  43  PonPyg_chrY_LOC129025898_36502421_Q23A_C1_-                                  0.56%    passed     43.16%
  44  PonPyg_chrY_LOC129025896_25891571_Q5.1A_C1_-                                 3.89%    passed     78.91%
  45  PonPyg_chrY_LOC129025890_34656667_Q19A_C1_-                                  0.56%    passed     90.63%
  46  PonPyg_chrY_LOC129025889_39332081_Q26A_C1_-                                  0.56%    passed     90.50%
  47  PonPyg_chrY_LOC129025888_34816536_Q19B_C1_t                                  0.56%    passed     90.63%
  48  PonPyg_chrY_LOC129025887_39491754_Q26B_C1_t                                  0.56%    passed     90.50%
  49  PonPyg_chrY_LOC129025886_29671200_Q11A_C1_-                                 23.89%    passed     72.08%
  50  PonPyg_chrY_LOC129025882_41685721_Q29B_C1_t                                  0.56%    passed     91.58%
  51  PonPyg_chrY_LOC129025879_41525936_Q29A_C1_-                                  0.56%    passed     91.58%
  52  SymSyn_chrY_LOC129476678_19362995_Q6.1A_nonC_-                               0.56%    passed     83.44%
  53  SymSyn_chrY_LOC129476738_21408483_Q6.5B_nonC_t                               0.56%    passed     83.44%
  54  SymSyn_chrY_LOC129476749_20615009_Q6.2B_nonC_-                               0.56%    passed     83.44%
  55  SymSyn_chrY_LOC129476751_21915157_Q6.9B_nonC_-                               0.56%    passed     83.44%
  56  SymSyn_chrY_LOC129476752_20108307_Q6.2A_nonC_t                               0.56%    passed     83.44%
  57  GorGor_chr5_CDYL_22394017_NA_nonC_t                                          0.19%    failed      0.00%
  58  HomSap_chr6_CDYL_4575080_NA_nonC_t                                           0.19%    failed      0.00%
  59  PanPan_chr5_CDYL_19400677_NA_nonC_t                                          0.19%    failed      0.00%
  60  PanTro_chr5_CDYL_10660151_NA_nonC_t                                          0.19%    failed      0.00%
  61  PonAbe_chr5_CDYL_4587803_NA_nonC_t                                           0.19%    failed      0.00%
  62  PonPyg_chr5_CDYL_4592538_NA_nonC_t                                           0.19%    failed      0.00%
  63  SymSyn_chr23_CDYL_65930269_NA_nonC_-                                         0.19%    failed      0.00%
****  TOTAL                                                                        0.97%  7 sequences failed composition chi2 test (p-value<5%; df=3)


Create initial parsimony tree by phylogenetic likelihood library (PLL)... 0.001 seconds
Perform fast likelihood tree search using GTR+I+G model...
Estimate model parameters (epsilon = 5.000)
Perform nearest neighbor interchange...
Estimate model parameters (epsilon = 1.000)
1. Initial log-likelihood: -5882.968
Optimal log-likelihood: -5882.688
Rate parameters:  A-C: 1.11768  A-G: 4.26612  A-T: 0.45530  C-G: 1.95934  C-T: 4.87619  G-T: 1.00000
Base frequencies:  A: 0.329  C: 0.199  G: 0.235  T: 0.237
Proportion of invariable sites: 0.306
Gamma shape alpha: 9.738
Parameters optimization took 1 rounds (0.024 sec)
Time for fast ML tree search: 0.135 seconds

NOTE: ModelFinder requires 7 MB RAM!
ModelFinder will test up to 484 DNA models (sample size: 1620 epsilon: 0.100) ...
 No. Model         -LnL         df  AIC          AICc         BIC
  1  GTR+F         5895.969     131 12053.938    12077.180    12760.052
  2  GTR+F+I       5883.149     132 12030.299    12053.911    12741.803
  3  GTR+F+G4      5879.188     132 12022.376    12045.989    12733.880
  4  GTR+F+I+G4    5882.105     133 12030.211    12054.197    12747.105
  5  GTR+F+R2      5880.501     133 12027.002    12050.989    12743.897
  6  GTR+F+R3      5878.892     135 12027.785    12052.529    12755.459
 14  GTR+F+I+R2    5881.399     134 12030.798    12055.162    12753.083
 15  GTR+F+I+R3    5879.775     136 12031.550    12056.677    12764.614
 24  SYM+I         5905.195     129 12068.390    12090.900    12763.723
 25  SYM+G4        5901.040     129 12060.080    12082.590    12755.414
 46  TVM+F+I       5883.849     131 12029.698    12052.940    12735.812
 47  TVM+F+G4      5879.819     131 12021.639    12044.881    12727.752
 68  TVMe+I        5905.781     128 12067.561    12089.710    12757.504
 69  TVMe+G4       5901.765     128 12059.531    12081.680    12749.474
 90  TIM3+F+I      5891.703     130 12043.406    12066.280    12744.129
 91  TIM3+F+G4     5887.532     130 12035.063    12057.937    12735.787
112  TIM3e+I       5909.580     127 12073.160    12094.951    12757.713
113  TIM3e+G4      5905.214     127 12064.428    12086.218    12748.981
134  TIM2+F+I      5895.315     130 12050.631    12073.505    12751.354
135  TIM2+F+G4     5891.577     130 12043.154    12066.029    12743.878
156  TIM2e+I       5913.976     127 12081.953    12103.744    12766.506
157  TIM2e+G4      5909.992     127 12073.984    12095.775    12758.537
178  TIM+F+I       5903.176     130 12066.353    12089.227    12767.077
179  TIM+F+G4      5899.247     130 12058.493    12081.368    12759.217
200  TIMe+I        5917.894     127 12089.788    12111.578    12774.341
201  TIMe+G4       5913.686     127 12081.373    12103.164    12765.926
222  TPM3u+F+I     5892.507     129 12043.014    12065.524    12738.348
223  TPM3u+F+G4    5888.232     129 12034.463    12056.974    12729.797
244  TPM3+I        5910.140     126 12072.280    12093.716    12751.443
245  TPM3+G4       5905.910     126 12063.820    12085.256    12742.983
266  TPM2u+F+I     5896.013     129 12050.025    12072.535    12745.359
267  TPM2u+F+G4    5892.210     129 12042.420    12064.930    12737.753
288  TPM2+I        5914.543     126 12081.087    12102.523    12760.249
289  TPM2+G4       5910.682     126 12073.363    12094.799    12752.526
310  K3Pu+F+I      5903.980     129 12065.960    12088.470    12761.293
311  K3Pu+F+G4     5899.953     129 12057.905    12080.415    12753.239
332  K3P+I         5918.425     126 12088.850    12110.286    12768.013
333  K3P+G4        5914.351     126 12080.702    12102.138    12759.865
354  TN+F+I        5903.502     129 12065.003    12087.513    12760.336
355  TN+F+G4       5899.594     129 12057.188    12079.698    12752.522
376  TNe+I         5918.019     126 12088.037    12109.473    12767.200
377  TNe+G4        5913.831     126 12079.662    12101.098    12758.825
398  HKY+F+I       5904.315     128 12064.630    12086.779    12754.573
399  HKY+F+G4      5900.307     128 12056.615    12078.763    12746.558
420  K2P+I         5918.548     125 12087.095    12108.179    12760.868
421  K2P+G4        5914.493     125 12078.986    12100.070    12752.758
442  F81+F+I       6050.471     127 12354.943    12376.734    13039.496
443  F81+F+G4      6047.294     127 12348.587    12370.378    13033.140
464  JC+I          6068.032     124 12384.065    12404.800    13052.447
465  JC+G4         6064.728     124 12377.456    12398.192    13045.839
Akaike Information Criterion:           TVM+F+G4
Corrected Akaike Information Criterion: TVM+F+G4
Bayesian Information Criterion:         TVM+F+G4
Best-fit model: TVM+F+G4 chosen according to BIC

All model information printed to output/CDY_CDYL.model.gz
CPU time for ModelFinder: 1.449 seconds (0h:0m:1s)
Wall-clock time for ModelFinder: 1.470 seconds (0h:0m:1s)
Generating 1000 samples for ultrafast bootstrap (seed: 276325)...

NOTE: 3 MB RAM (0 GB) is required!
Estimate model parameters (epsilon = 0.100)
1. Initial log-likelihood: -6047.323
2. Current log-likelihood: -5880.283
3. Current log-likelihood: -5879.837
Optimal log-likelihood: -5879.816
Rate parameters:  A-C: 1.11566  A-G: 4.34710  A-T: 0.45306  C-G: 1.88597  C-T: 4.34710  G-T: 1.00000
Base frequencies:  A: 0.329  C: 0.199  G: 0.235  T: 0.237
Gamma shape alpha: 1.302
Parameters optimization took 3 rounds (0.080 sec)
Wrote distance file to... 
Computing ML distances based on estimated model parameters...
Calculating distance matrix: done in 0.00843811 secs using 99.15% CPU
Computing ML distances took 0.008491 sec (of wall-clock time) 0.008410 sec (of CPU time)
Setting up auxiliary I and S matrices: done in 6.91414e-05 secs using 75.21% CPU
Computing RapidNJ tree took 0.000228 sec (of wall-clock time) 0.000186 sec (of CPU time)
Log-likelihood of RapidNJ tree: -5887.706
--------------------------------------------------------------------
|             INITIALIZING CANDIDATE TREE SET                      |
--------------------------------------------------------------------
Generating 98 parsimony trees... 0.172 second
Computing log-likelihood of 98 initial trees ... 0.231 seconds
Current best score: -5879.816

Do NNI search on 20 best initial trees
Estimate model parameters (epsilon = 0.100)
BETTER TREE FOUND at iteration 1: -5879.815
BETTER TREE FOUND at iteration 2: -5879.807
BETTER TREE FOUND at iteration 4: -5879.807
BETTER TREE FOUND at iteration 5: -5879.807
Iteration 10 / LogL: -5879.807 / Time: 0h:0m:2s
BETTER TREE FOUND at iteration 12: -5879.807
BETTER TREE FOUND at iteration 17: -5879.807
BETTER TREE FOUND at iteration 18: -5879.807
BETTER TREE FOUND at iteration 20: -5879.807
Iteration 20 / LogL: -5879.807 / Time: 0h:0m:2s
Finish initializing candidate tree set (20)
Current best tree score: -5879.807 / CPU time: 1.289
Number of iterations: 20
--------------------------------------------------------------------
|               OPTIMIZING CANDIDATE TREE SET                      |
--------------------------------------------------------------------
Iteration 30 / LogL: -5879.819 / Time: 0h:0m:3s (0h:0m:6s left)
Iteration 40 / LogL: -5896.258 / Time: 0h:0m:4s (0h:0m:5s left)
Iteration 50 / LogL: -5879.811 / Time: 0h:0m:5s (0h:0m:5s left)
Log-likelihood cutoff on original alignment: -5908.835
Iteration 60 / LogL: -5879.829 / Time: 0h:0m:5s (0h:0m:4s left)
Iteration 70 / LogL: -5879.820 / Time: 0h:0m:6s (0h:0m:3s left)
Iteration 80 / LogL: -5879.817 / Time: 0h:0m:7s (0h:0m:2s left)
Iteration 90 / LogL: -5879.859 / Time: 0h:0m:8s (0h:0m:2s left)
Iteration 100 / LogL: -5879.817 / Time: 0h:0m:9s (0h:0m:1s left)
Log-likelihood cutoff on original alignment: -5909.032
NOTE: Bootstrap correlation coefficient of split occurrence frequencies: 0.995
Iteration 110 / LogL: -5879.823 / Time: 0h:0m:9s (0h:0m:6s left)
Iteration 120 / LogL: -5886.833 / Time: 0h:0m:10s (0h:0m:6s left)
TREE SEARCH COMPLETED AFTER 121 ITERATIONS / Time: 0h:0m:10s

--------------------------------------------------------------------
|                    FINALIZING TREE SEARCH                        |
--------------------------------------------------------------------
Performs final model parameters optimization
Estimate model parameters (epsilon = 0.010)
1. Initial log-likelihood: -5879.807
Optimal log-likelihood: -5879.806
Rate parameters:  A-C: 1.11375  A-G: 4.35047  A-T: 0.45063  C-G: 1.88168  C-T: 4.35047  G-T: 1.00000
Base frequencies:  A: 0.329  C: 0.199  G: 0.235  T: 0.237
Gamma shape alpha: 1.295
Parameters optimization took 1 rounds (0.010 sec)
BEST SCORE FOUND : -5879.806
Creating bootstrap support values...
Split supports printed to NEXUS file output/CDY_CDYL.splits.nex
Total tree length: 0.598

Total number of iterations: 121
CPU time used for tree search: 9.067 sec (0h:0m:9s)
Wall-clock time used for tree search: 9.171 sec (0h:0m:9s)
Total CPU time used: 10.692 sec (0h:0m:10s)
Total wall-clock time used: 10.847 sec (0h:0m:10s)

Computing bootstrap consensus tree...
Reading input file output/CDY_CDYL.splits.nex...
63 taxa and 466 splits.
Consensus tree written to output/CDY_CDYL.contree
Reading input trees file output/CDY_CDYL.contree
Log-likelihood of consensus tree: -5879.912

Analysis results written to: 
  IQ-TREE report:                output/CDY_CDYL.iqtree
  Maximum-likelihood tree:       output/CDY_CDYL.treefile
  Likelihood distances:          output/CDY_CDYL.mldist

Ultrafast bootstrap approximation results written to:
  Split support values:          output/CDY_CDYL.splits.nex
  Consensus tree:                output/CDY_CDYL.contree
  Screen log file:               output/CDY_CDYL.log

Date and Time: Wed Dec 17 10:33:09 2025
