IQ-TREE multicore version 2.3.6 for MacOS ARM 64-bit built Aug  1 2024
Developed by Bui Quang Minh, Nguyen Lam Tung, Olga Chernomor, Heiko Schmidt,
Dominik Schrempf, Michael Woodhams, Ly Trong Nhan, Thomas Wong

Host:    karol.bx.psu.edu (SSE4.2, 16 GB RAM)
Command: /Users/kxp5629/tools/iqtree-2.3.6-macOS/bin/iqtree2 -s gene_data/renamed/HSFY_alignment_v3.renamed.fasta -bb 1000 -o SymSyn_chrY_LOC129476741_21345383_Q6.5B_nonC_t,SymSyn_chrY_LOC129476748_19426501_Q6.1A_nonC_-,SymSyn_chrY_LOC129476753_20045205_Q6.2A_nonC_t,SymSyn_chrY_LOC129476760_20678509_Q6.2B_nonC_-,SymSyn_chrY_LOC129476768_21978653_Q6.9B_nonC_- --prefix output/HSFY -keep-ident
Seed:    610038 (Using SPRNG - Scalable Parallel Random Number Generator)
Time:    Wed Dec 17 10:37:14 2025
Kernel:  SSE2 - 1 threads (12 CPU cores detected)

HINT: Use -nt option to specify number of threads because your CPU has 12 cores!
HINT: -nt AUTO will automatically determine the best number of threads to use.

Reading alignment file gene_data/renamed/HSFY_alignment_v3.renamed.fasta ... Fasta format detected
Reading fasta file: done in 0.000560999 secs using 73.8% CPU
Alignment most likely contains DNA/RNA sequences
Alignment has 21 sequences with 1209 columns, 79 distinct patterns
80 parsimony-informative, 12 singleton sites, 1117 constant sites
                                                                        Gap/Ambiguity  Composition  p-value
Analyzing sequences: done in 6.91414e-06 secs using 101.2% CPU
   1  HomSap_chrY_HSFY1_19436129_Q5A_nonC_t                                     0.74%    passed     94.98%
   2  HomSap_chrY_HSFY2_19637916_Q5B_nonC_-                                     0.74%    passed     94.98%
   3  PonPyg_chrY_LOC129025837_31859828_nonP-closest-Q14A-at-123709_nonC_-      0.00%    passed     97.26%
   4  PonPyg_chrY_LOC129025904_30564830_nonP-closest-Q12B-at-128475_nonC_t      0.00%    passed     94.94%
   5  PonPyg_chrY_LOC129025964_40237186_nonP-closest-Q27.2B-at-127218_nonC_t    0.00%    passed     95.50%
   6  PonPyg_chrY_LOC129025967_38005344_nonP-closest-Q25.2B-at-127993_nonC_t    0.00%    passed     94.24%
   7  PonAbe_chrY_LOC129053171_38381325_nonP-closest-Q10A-at-128446_nonC_-      0.00%    passed     94.24%
   8  PonAbe_chrY_LOC129053184_42690674_nonP-closest-Q16.2A-at-127319_nonC_-    0.00%    passed     93.02%
   9  PonAbe_chrY_LOC129053190_44866677_nonP-closest-Q19.3A-at-130677_nonC_-    0.00%    passed     94.24%
  10  PonAbe_chrY_LOC129053362_53211300_nonP-closest-Q7B-at-80767_nonC_t        0.00%    passed     93.02%
  11  PonAbe_chrY_LOC129053487_48814026_nonP-closest-Q1.2B-at-17323_nonC_-      0.00%    passed     95.34%
  12  SymSyn_chrY_LOC129476741_21345383_Q6.5B_nonC_t                            0.50%    passed     98.84%
  13  SymSyn_chrY_LOC129476748_19426501_Q6.1A_nonC_-                            0.50%    passed     98.84%
  14  SymSyn_chrY_LOC129476753_20045205_Q6.2A_nonC_t                            0.50%    passed     98.84%
  15  SymSyn_chrY_LOC129476760_20678509_Q6.2B_nonC_-                            0.50%    passed     98.84%
  16  SymSyn_chrY_LOC129476768_21978653_Q6.9B_nonC_-                            0.50%    passed     98.84%
  17  GorGor_chrY_LOC129530208_41620825_nonP-closest-Q17.1A-at-287859_nonC_t   44.42%    passed     52.62%
  18  GorGor_chrY_LOC129530236_19044257_nonP-closest-Q8B-at-70837_nonC_-       44.42%    passed     32.45%
  19  GorGor_chrY_LOC129530237_18802999_nonP-closest-Q8A-at-72618_nonC_t       44.42%    passed     35.53%
  20  GorGor_chrY_LOC129530294_17252746_Q5.1A_nonC_t                           44.42%    passed     35.45%
  21  GorGor_chrY_LOC129530295_17487915_Q5.1B_nonC_-                           44.42%    passed     31.47%
****  TOTAL                                                                    10.76%  0 sequences failed composition chi2 test (p-value<5%; df=3)


Create initial parsimony tree by phylogenetic likelihood library (PLL)... 0.001 seconds
Perform fast likelihood tree search using GTR+I+G model...
Estimate model parameters (epsilon = 5.000)
Perform nearest neighbor interchange...
Estimate model parameters (epsilon = 1.000)
1. Initial log-likelihood: -2244.143
Optimal log-likelihood: -2244.141
Rate parameters:  A-C: 1.31464  A-G: 2.75980  A-T: 0.02949  C-G: 1.95352  C-T: 2.01914  G-T: 1.00000
Base frequencies:  A: 0.314  C: 0.216  G: 0.178  T: 0.293
Proportion of invariable sites: 0.460
Gamma shape alpha: 998.372
Parameters optimization took 1 rounds (0.002 sec)
Time for fast ML tree search: 0.018 seconds

NOTE: ModelFinder requires 0 MB RAM!
ModelFinder will test up to 484 DNA models (sample size: 1209 epsilon: 0.100) ...
 No. Model         -LnL         df  AIC          AICc         BIC
  1  GTR+F         2243.967     47  4581.934     4585.820     4821.519
  2  GTR+F+I       2243.872     48  4583.743     4587.798     4828.426
  3  GTR+F+G4      2243.711     48  4583.422     4587.477     4828.104
  4  GTR+F+I+G4    2244.140     49  4586.279     4590.507     4836.059
  5  GTR+F+R2      2243.758     49  4585.516     4589.744     4835.296
  6  GTR+F+R3      2243.778     51  4589.557     4594.141     4849.532
 14  GTR+F+I+R2    2244.397     50  4588.794     4593.198     4843.671
 15  GTR+F+I+R3    2244.243     52  4592.487     4597.255     4857.559
 23  SYM           2273.997     44  4635.994     4639.396     4860.287
 24  SYM+I         2273.934     45  4637.868     4641.427     4867.257
 25  SYM+G4        2273.787     45  4637.574     4641.134     4866.964
 45  TVM+F         2244.616     46  4581.233     4584.954     4815.720
 46  TVM+F+I       2244.507     47  4583.014     4586.900     4822.599
 47  TVM+F+G4      2244.346     47  4582.691     4586.577     4822.276
 67  TVMe          2274.316     43  4634.632     4637.880     4853.826
 68  TVMe+I        2274.242     44  4636.485     4639.887     4860.777
 69  TVMe+G4       2274.094     44  4636.188     4639.590     4860.480
 89  TIM3+F        2251.914     45  4593.828     4597.388     4823.218
 90  TIM3+F+I      2251.852     46  4595.703     4599.424     4830.190
 91  TIM3+F+G4     2251.710     46  4595.421     4599.142     4829.908
111  TIM3e         2279.673     42  4643.346     4646.444     4857.443
112  TIM3e+I       2279.615     43  4645.230     4648.478     4864.425
113  TIM3e+G4      2279.475     43  4644.950     4648.198     4864.144
133  TIM2+F        2256.702     45  4603.403     4606.963     4832.793
134  TIM2+F+I      2256.646     46  4605.292     4609.013     4839.779
135  TIM2+F+G4     2256.489     46  4604.978     4608.699     4839.465
155  TIM2e         2284.767     42  4653.533     4656.631     4867.630
156  TIM2e+I       2284.716     43  4655.433     4658.681     4874.627
157  TIM2e+G4      2284.567     43  4655.133     4658.381     4874.328
177  TIM+F         2258.279     45  4606.558     4610.118     4835.948
178  TIM+F+I       2258.236     46  4608.471     4612.192     4842.958
179  TIM+F+G4      2258.096     46  4608.192     4611.913     4842.679
199  TIMe          2284.752     42  4653.503     4656.601     4867.600
200  TIMe+I        2284.695     43  4655.390     4658.638     4874.584
201  TIMe+G4       2284.547     43  4655.094     4658.343     4874.289
221  TPM3u+F       2252.563     44  4593.126     4596.528     4817.418
222  TPM3u+F+I     2252.484     45  4594.967     4598.527     4824.357
223  TPM3u+F+G4    2252.340     45  4594.679     4598.239     4824.069
243  TPM3          2279.990     41  4641.979     4644.930     4850.979
244  TPM3+I        2279.924     42  4643.848     4646.946     4857.945
245  TPM3+G4       2279.782     42  4643.564     4646.662     4857.661
265  TPM2u+F       2257.363     44  4602.725     4606.127     4827.017
266  TPM2u+F+I     2257.301     45  4604.601     4608.161     4833.991
267  TPM2u+F+G4    2257.144     45  4604.287     4607.847     4833.677
287  TPM2          2285.094     41  4652.188     4655.140     4861.188
288  TPM2+I        2285.035     42  4654.069     4657.167     4868.166
289  TPM2+G4       2284.882     42  4653.763     4656.861     4867.860
309  K3Pu+F        2258.938     44  4605.876     4609.278     4830.168
310  K3Pu+F+I      2258.885     45  4607.771     4611.330     4837.160
311  K3Pu+F+G4     2258.743     45  4607.486     4611.046     4836.876
331  K3P           2285.076     41  4652.152     4655.103     4861.151
332  K3P+I         2285.011     42  4654.022     4657.119     4868.119
333  K3P+G4        2284.860     42  4653.721     4656.819     4867.818
353  TN+F          2260.595     44  4609.190     4612.593     4833.483
354  TN+F+I        2260.551     45  4611.101     4614.661     4840.491
355  TN+F+G4       2260.408     45  4610.816     4614.376     4840.206
375  TNe           2286.480     41  4654.960     4657.912     4863.960
376  TNe+I         2286.421     42  4656.842     4659.940     4870.940
377  TNe+G4        2286.271     42  4656.542     4659.640     4870.640
397  HKY+F         2261.253     43  4608.506     4611.754     4827.700
398  HKY+F+I       2261.198     44  4610.396     4613.798     4834.689
399  HKY+F+G4      2261.052     44  4610.105     4613.507     4834.397
419  K2P           2286.805     40  4653.610     4656.418     4857.512
420  K2P+I         2286.737     41  4655.474     4658.425     4864.473
421  K2P+G4        2286.584     41  4655.169     4658.120     4864.168
441  F81+F         2272.544     42  4629.088     4632.186     4843.185
442  F81+F+I       2272.508     43  4631.015     4634.263     4850.210
443  F81+F+G4      2272.373     43  4630.746     4633.994     4849.940
463  JC            2296.943     39  4671.886     4674.554     4870.690
464  JC+I          2296.896     40  4673.791     4676.600     4877.693
465  JC+G4         2296.754     40  4673.508     4676.316     4877.410
Akaike Information Criterion:           TVM+F
Corrected Akaike Information Criterion: TVM+F
Bayesian Information Criterion:         TVM+F
Best-fit model: TVM+F chosen according to BIC

All model information printed to output/HSFY.model.gz
CPU time for ModelFinder: 0.106 seconds (0h:0m:0s)
Wall-clock time for ModelFinder: 0.115 seconds (0h:0m:0s)
Generating 1000 samples for ultrafast bootstrap (seed: 610038)...

NOTE: 0 MB RAM (0 GB) is required!
Estimate model parameters (epsilon = 0.100)
1. Initial log-likelihood: -2272.545
2. Current log-likelihood: -2244.619
Optimal log-likelihood: -2244.616
Rate parameters:  A-C: 1.31653  A-G: 2.34742  A-T: 0.04247  C-G: 1.92881  C-T: 2.34742  G-T: 1.00000
Base frequencies:  A: 0.314  C: 0.216  G: 0.178  T: 0.293
Parameters optimization took 2 rounds (0.003 sec)
Wrote distance file to... 
Computing ML distances based on estimated model parameters...
Calculating distance matrix: done in 0.00040102 secs using 99% CPU
Computing ML distances took 0.000426 sec (of wall-clock time) 0.000414 sec (of CPU time)
Setting up auxiliary I and S matrices: done in 1.71661e-05 secs using 75.73% CPU
Computing RapidNJ tree took 0.000062 sec (of wall-clock time) 0.000047 sec (of CPU time)
Log-likelihood of RapidNJ tree: -2244.636
--------------------------------------------------------------------
|             INITIALIZING CANDIDATE TREE SET                      |
--------------------------------------------------------------------
Generating 98 parsimony trees... 0.022 second
Computing log-likelihood of 98 initial trees ... 0.015 seconds
Current best score: -2244.616

Do NNI search on 20 best initial trees
Estimate model parameters (epsilon = 0.100)
BETTER TREE FOUND at iteration 1: -2244.616
BETTER TREE FOUND at iteration 3: -2244.616
BETTER TREE FOUND at iteration 7: -2244.616
Iteration 10 / LogL: -2244.616 / Time: 0h:0m:0s
BETTER TREE FOUND at iteration 13: -2244.616
Iteration 20 / LogL: -2244.616 / Time: 0h:0m:0s
Finish initializing candidate tree set (20)
Current best tree score: -2244.616 / CPU time: 0.088
Number of iterations: 20
--------------------------------------------------------------------
|               OPTIMIZING CANDIDATE TREE SET                      |
--------------------------------------------------------------------
Iteration 30 / LogL: -2244.627 / Time: 0h:0m:0s (0h:0m:0s left)
Iteration 40 / LogL: -2250.336 / Time: 0h:0m:0s (0h:0m:0s left)
BETTER TREE FOUND at iteration 41: -2244.616
Iteration 50 / LogL: -2244.624 / Time: 0h:0m:0s (0h:0m:0s left)
Log-likelihood cutoff on original alignment: -2272.271
Iteration 60 / LogL: -2251.705 / Time: 0h:0m:0s (0h:0m:0s left)
Iteration 70 / LogL: -2244.633 / Time: 0h:0m:0s (0h:0m:0s left)
Iteration 80 / LogL: -2244.621 / Time: 0h:0m:0s (0h:0m:0s left)
Iteration 90 / LogL: -2244.618 / Time: 0h:0m:0s (0h:0m:0s left)
Iteration 100 / LogL: -2244.619 / Time: 0h:0m:0s (0h:0m:0s left)
Log-likelihood cutoff on original alignment: -2273.193
NOTE: Bootstrap correlation coefficient of split occurrence frequencies: 0.958
NOTE: UFBoot does not converge, continue at least 100 more iterations
Iteration 110 / LogL: -2244.620 / Time: 0h:0m:0s (0h:0m:0s left)
Iteration 120 / LogL: -2244.617 / Time: 0h:0m:0s (0h:0m:0s left)
Iteration 130 / LogL: -2244.626 / Time: 0h:0m:0s (0h:0m:0s left)
BETTER TREE FOUND at iteration 132: -2244.616
Iteration 140 / LogL: -2257.921 / Time: 0h:0m:0s (0h:0m:0s left)
Iteration 150 / LogL: -2244.624 / Time: 0h:0m:0s (0h:0m:0s left)
Log-likelihood cutoff on original alignment: -2272.271
Iteration 160 / LogL: -2244.623 / Time: 0h:0m:0s (0h:0m:0s left)
Iteration 170 / LogL: -2244.620 / Time: 0h:0m:0s (0h:0m:0s left)
Iteration 180 / LogL: -2244.619 / Time: 0h:0m:0s (0h:0m:0s left)
BETTER TREE FOUND at iteration 186: -2244.616
Iteration 190 / LogL: -2244.616 / Time: 0h:0m:1s (0h:0m:0s left)
Iteration 200 / LogL: -2244.627 / Time: 0h:0m:1s (0h:0m:0s left)
Log-likelihood cutoff on original alignment: -2273.866
NOTE: Bootstrap correlation coefficient of split occurrence frequencies: 0.982
NOTE: UFBoot does not converge, continue at least 100 more iterations
Iteration 210 / LogL: -2244.620 / Time: 0h:0m:1s (0h:0m:0s left)
Iteration 220 / LogL: -2244.621 / Time: 0h:0m:1s (0h:0m:0s left)
Iteration 230 / LogL: -2244.622 / Time: 0h:0m:1s (0h:0m:0s left)
Iteration 240 / LogL: -2244.626 / Time: 0h:0m:1s (0h:0m:0s left)
Iteration 250 / LogL: -2244.619 / Time: 0h:0m:1s (0h:0m:0s left)
Log-likelihood cutoff on original alignment: -2273.866
Iteration 260 / LogL: -2244.626 / Time: 0h:0m:1s (0h:0m:0s left)
Iteration 270 / LogL: -2244.619 / Time: 0h:0m:1s (0h:0m:0s left)
Iteration 280 / LogL: -2244.621 / Time: 0h:0m:1s (0h:0m:0s left)
Iteration 290 / LogL: -2244.618 / Time: 0h:0m:1s (0h:0m:0s left)
Iteration 300 / LogL: -2244.621 / Time: 0h:0m:1s (0h:0m:0s left)
Log-likelihood cutoff on original alignment: -2272.989
NOTE: Bootstrap correlation coefficient of split occurrence frequencies: 0.983
NOTE: UFBoot does not converge, continue at least 100 more iterations
Iteration 310 / LogL: -2244.620 / Time: 0h:0m:1s (0h:0m:0s left)
Iteration 320 / LogL: -2244.622 / Time: 0h:0m:1s (0h:0m:0s left)
Iteration 330 / LogL: -2244.622 / Time: 0h:0m:1s (0h:0m:0s left)
Iteration 340 / LogL: -2244.621 / Time: 0h:0m:1s (0h:0m:0s left)
BETTER TREE FOUND at iteration 343: -2244.616
Iteration 350 / LogL: -2244.630 / Time: 0h:0m:1s (0h:0m:0s left)
Log-likelihood cutoff on original alignment: -2273.950
Iteration 360 / LogL: -2244.621 / Time: 0h:0m:1s (0h:0m:0s left)
BETTER TREE FOUND at iteration 363: -2244.616
Iteration 370 / LogL: -2244.618 / Time: 0h:0m:1s (0h:0m:0s left)
Iteration 380 / LogL: -2244.620 / Time: 0h:0m:1s (0h:0m:0s left)
Iteration 390 / LogL: -2244.621 / Time: 0h:0m:2s (0h:0m:0s left)
Iteration 400 / LogL: -2244.622 / Time: 0h:0m:2s (0h:0m:0s left)
Log-likelihood cutoff on original alignment: -2273.850
NOTE: Bootstrap correlation coefficient of split occurrence frequencies: 0.980
NOTE: UFBoot does not converge, continue at least 100 more iterations
Iteration 410 / LogL: -2244.625 / Time: 0h:0m:2s (0h:0m:0s left)
Iteration 420 / LogL: -2244.617 / Time: 0h:0m:2s (0h:0m:0s left)
Iteration 430 / LogL: -2244.620 / Time: 0h:0m:2s (0h:0m:0s left)
Iteration 440 / LogL: -2244.620 / Time: 0h:0m:2s (0h:0m:0s left)
Iteration 450 / LogL: -2244.616 / Time: 0h:0m:2s (0h:0m:0s left)
Log-likelihood cutoff on original alignment: -2273.850
Iteration 460 / LogL: -2244.616 / Time: 0h:0m:2s (0h:0m:0s left)
Iteration 470 / LogL: -2244.623 / Time: 0h:0m:2s (0h:0m:0s left)
Iteration 480 / LogL: -2253.021 / Time: 0h:0m:2s (0h:0m:0s left)
Iteration 490 / LogL: -2292.503 / Time: 0h:0m:2s (0h:0m:0s left)
Iteration 500 / LogL: -2244.661 / Time: 0h:0m:2s (0h:0m:0s left)
Log-likelihood cutoff on original alignment: -2274.482
NOTE: Bootstrap correlation coefficient of split occurrence frequencies: 0.985
NOTE: UFBoot does not converge, continue at least 100 more iterations
Iteration 510 / LogL: -2244.619 / Time: 0h:0m:2s (0h:0m:0s left)
Iteration 520 / LogL: -2244.616 / Time: 0h:0m:2s (0h:0m:0s left)
Iteration 530 / LogL: -2244.619 / Time: 0h:0m:2s (0h:0m:0s left)
Iteration 540 / LogL: -2244.619 / Time: 0h:0m:2s (0h:0m:0s left)
Iteration 550 / LogL: -2253.058 / Time: 0h:0m:2s (0h:0m:0s left)
Log-likelihood cutoff on original alignment: -2274.482
Iteration 560 / LogL: -2248.587 / Time: 0h:0m:2s (0h:0m:0s left)
Iteration 570 / LogL: -2244.624 / Time: 0h:0m:3s (0h:0m:0s left)
Iteration 580 / LogL: -2244.620 / Time: 0h:0m:3s (0h:0m:0s left)
Iteration 590 / LogL: -2244.616 / Time: 0h:0m:3s (0h:0m:0s left)
BETTER TREE FOUND at iteration 598: -2244.616
Iteration 600 / LogL: -2254.847 / Time: 0h:0m:3s (0h:0m:0s left)
Log-likelihood cutoff on original alignment: -2274.482
NOTE: Bootstrap correlation coefficient of split occurrence frequencies: 0.989
NOTE: UFBoot does not converge, continue at least 100 more iterations
Iteration 610 / LogL: -2244.617 / Time: 0h:0m:3s (0h:0m:0s left)
Iteration 620 / LogL: -2244.616 / Time: 0h:0m:3s (0h:0m:0s left)
Iteration 630 / LogL: -2244.616 / Time: 0h:0m:3s (0h:0m:0s left)
Iteration 640 / LogL: -2244.625 / Time: 0h:0m:3s (0h:0m:0s left)
Iteration 650 / LogL: -2264.454 / Time: 0h:0m:3s (0h:0m:0s left)
Log-likelihood cutoff on original alignment: -2274.482
Iteration 660 / LogL: -2244.619 / Time: 0h:0m:3s (0h:0m:0s left)
Iteration 670 / LogL: -2244.627 / Time: 0h:0m:3s (0h:0m:0s left)
Iteration 680 / LogL: -2244.625 / Time: 0h:0m:3s (0h:0m:0s left)
Iteration 690 / LogL: -2244.626 / Time: 0h:0m:3s (0h:0m:0s left)
BETTER TREE FOUND at iteration 692: -2244.616
Iteration 700 / LogL: -2244.617 / Time: 0h:0m:3s (0h:0m:0s left)
Log-likelihood cutoff on original alignment: -2275.169
NOTE: Bootstrap correlation coefficient of split occurrence frequencies: 0.992
Iteration 710 / LogL: -2244.619 / Time: 0h:0m:3s (0h:0m:0s left)
BETTER TREE FOUND at iteration 720: -2244.616
Iteration 720 / LogL: -2244.616 / Time: 0h:0m:3s (0h:0m:0s left)
Iteration 730 / LogL: -2244.627 / Time: 0h:0m:3s (0h:0m:0s left)
Iteration 740 / LogL: -2244.619 / Time: 0h:0m:4s (0h:0m:0s left)
Iteration 750 / LogL: -2244.620 / Time: 0h:0m:4s (0h:0m:0s left)
Log-likelihood cutoff on original alignment: -2275.917
Iteration 760 / LogL: -2244.625 / Time: 0h:0m:4s (0h:0m:0s left)
Iteration 770 / LogL: -2244.622 / Time: 0h:0m:4s (0h:0m:0s left)
Iteration 780 / LogL: -2244.631 / Time: 0h:0m:4s (0h:0m:0s left)
BETTER TREE FOUND at iteration 788: -2244.616
Iteration 790 / LogL: -2248.587 / Time: 0h:0m:4s (0h:0m:0s left)
Iteration 800 / LogL: -2250.337 / Time: 0h:0m:4s (0h:0m:0s left)
Log-likelihood cutoff on original alignment: -2275.917
NOTE: Bootstrap correlation coefficient of split occurrence frequencies: 0.984
NOTE: UFBoot does not converge, continue at least 100 more iterations
Iteration 810 / LogL: -2244.624 / Time: 0h:0m:4s (0h:0m:0s left)
BETTER TREE FOUND at iteration 820: -2244.616
Iteration 820 / LogL: -2244.616 / Time: 0h:0m:4s (0h:0m:0s left)
Iteration 830 / LogL: -2253.573 / Time: 0h:0m:4s (0h:0m:0s left)
Iteration 840 / LogL: -2244.624 / Time: 0h:0m:4s (0h:0m:0s left)
Iteration 850 / LogL: -2244.622 / Time: 0h:0m:4s (0h:0m:0s left)
Log-likelihood cutoff on original alignment: -2274.691
Iteration 860 / LogL: -2244.621 / Time: 0h:0m:4s (0h:0m:0s left)
Iteration 870 / LogL: -2244.616 / Time: 0h:0m:4s (0h:0m:0s left)
Iteration 880 / LogL: -2244.622 / Time: 0h:0m:5s (0h:0m:0s left)
Iteration 890 / LogL: -2244.624 / Time: 0h:0m:5s (0h:0m:0s left)
Iteration 900 / LogL: -2244.625 / Time: 0h:0m:5s (0h:0m:0s left)
Log-likelihood cutoff on original alignment: -2274.691
NOTE: Bootstrap correlation coefficient of split occurrence frequencies: 0.985
NOTE: UFBoot does not converge, continue at least 100 more iterations
Iteration 910 / LogL: -2244.620 / Time: 0h:0m:5s (0h:0m:0s left)
Iteration 920 / LogL: -2244.621 / Time: 0h:0m:5s (0h:0m:0s left)
Iteration 930 / LogL: -2244.622 / Time: 0h:0m:5s (0h:0m:0s left)
Iteration 940 / LogL: -2244.620 / Time: 0h:0m:5s (0h:0m:0s left)
Iteration 950 / LogL: -2244.616 / Time: 0h:0m:5s (0h:0m:0s left)
Log-likelihood cutoff on original alignment: -2274.691
Iteration 960 / LogL: -2244.624 / Time: 0h:0m:5s (0h:0m:0s left)
Iteration 970 / LogL: -2244.623 / Time: 0h:0m:5s (0h:0m:0s left)
Iteration 980 / LogL: -2244.619 / Time: 0h:0m:5s (0h:0m:0s left)
Iteration 990 / LogL: -2244.623 / Time: 0h:0m:5s (0h:0m:0s left)
Iteration 1000 / LogL: -2244.629 / Time: 0h:0m:5s (0h:0m:0s left)
Log-likelihood cutoff on original alignment: -2274.691
NOTE: Bootstrap correlation coefficient of split occurrence frequencies: 0.981
NOTE: UFBoot does not converge, continue at least 100 more iterations
WARNING: bootstrap analysis did not converge. You should rerun with higher number of iterations (-nm option)
TREE SEARCH COMPLETED AFTER 1001 ITERATIONS / Time: 0h:0m:5s

--------------------------------------------------------------------
|                    FINALIZING TREE SEARCH                        |
--------------------------------------------------------------------
Performs final model parameters optimization
Estimate model parameters (epsilon = 0.010)
1. Initial log-likelihood: -2244.616
Optimal log-likelihood: -2244.616
Rate parameters:  A-C: 1.31659  A-G: 2.34754  A-T: 0.04247  C-G: 1.92878  C-T: 2.34754  G-T: 1.00000
Base frequencies:  A: 0.314  C: 0.216  G: 0.178  T: 0.293
Parameters optimization took 1 rounds (0.000 sec)
BEST SCORE FOUND : -2244.616
Creating bootstrap support values...
Split supports printed to NEXUS file output/HSFY.splits.nex
Total tree length: 0.093

Total number of iterations: 1001
CPU time used for tree search: 5.596 sec (0h:0m:5s)
Wall-clock time used for tree search: 5.723 sec (0h:0m:5s)
Total CPU time used: 5.732 sec (0h:0m:5s)
Total wall-clock time used: 5.881 sec (0h:0m:5s)

Computing bootstrap consensus tree...
Reading input file output/HSFY.splits.nex...
21 taxa and 221 splits.
Consensus tree written to output/HSFY.contree
Reading input trees file output/HSFY.contree
Log-likelihood of consensus tree: -2244.660

Analysis results written to: 
  IQ-TREE report:                output/HSFY.iqtree
  Maximum-likelihood tree:       output/HSFY.treefile
  Likelihood distances:          output/HSFY.mldist

Ultrafast bootstrap approximation results written to:
  Split support values:          output/HSFY.splits.nex
  Consensus tree:                output/HSFY.contree
  Screen log file:               output/HSFY.log

Date and Time: Wed Dec 17 10:37:20 2025
