IQ-TREE multicore version 2.3.6 for MacOS ARM 64-bit built Aug  1 2024
Developed by Bui Quang Minh, Nguyen Lam Tung, Olga Chernomor, Heiko Schmidt,
Dominik Schrempf, Michael Woodhams, Ly Trong Nhan, Thomas Wong

Host:    karol.bx.psu.edu (SSE4.2, 16 GB RAM)
Command: /Users/kxp5629/tools/iqtree-2.3.6-macOS/bin/iqtree2 -s output/CDY_CDYL_crotonase_domain/alignment.dedup.fasta -bb 1000 --prefix output/CDY_CDYL_crotonase_domain/tree -keep-ident --redo -o GorGor_chr5_CDYL_22394017_NA_nonC_t,HomSap_chr6_CDYL_4575080_NA_nonC_t,PanPan_chr5_CDYL_19400677_NA_nonC_t,PonAbe_chr5_CDYL_4587803_NA_nonC_t,PonPyg_chr5_CDYL_4592538_NA_nonC_t,SymSyn_chr23_CDYL_65930269_NA_nonC_-
Seed:    665915 (Using SPRNG - Scalable Parallel Random Number Generator)
Time:    Thu Apr 23 17:25:37 2026
Kernel:  SSE2 - 1 threads (12 CPU cores detected)

HINT: Use -nt option to specify number of threads because your CPU has 12 cores!
HINT: -nt AUTO will automatically determine the best number of threads to use.

Reading alignment file output/CDY_CDYL_crotonase_domain/alignment.dedup.fasta ... Fasta format detected
Reading fasta file: done in 0.00022912 secs using 85.54% CPU
Alignment most likely contains DNA/RNA sequences
Alignment has 34 sequences with 594 columns, 97 distinct patterns
175 parsimony-informative, 23 singleton sites, 396 constant sites
                                                                           Gap/Ambiguity  Composition  p-value
Analyzing sequences: done in 5.00679e-06 secs using 99.86% CPU
   1  GorGor_chrY_LOC129530301-exPG_16914474_nonP-closest-Q4.A-at-199039_nonC_t    0.00%    passed     97.43%
   2  GorGor_chrY_LOC129530299-exPG_18481620_nonP-closest-Q7.B-at-37060_nonC_t     0.00%    passed     98.77%
   3  GorGor_chrY_LOC129530297-exPG_17829216_nonP-closest-Q7.A-at-37178_nonC_-     0.00%    passed     96.80%
   4  HomSap_chrY_CDY1_26434508_nonP-closest-Q12B-at-66643_nonC_t                  0.00%    passed     96.92%
   5  HomSap_chrY_CDY2A_18932262_Q4B_nonC_t                                        0.00%    passed     99.43%
   6  PanPan_chrY_LOC129395542-exPG_7871634_nonP-closest-Q22B-at-452392_nonC_t     0.00%    passed     99.40%
   7  PanPan_chrY_LOC129395731_10461020_Q21A_nonC_t                                0.00%    passed     98.98%
   8  PanTro_chrY_LOC129388401-exPG_20105906_Q7.1B_C38_-                           0.00%    passed     97.76%
   9  PanTro_chrY_LOC745547_5358723_nonP-closest-Q14B-at-988449_nonC_t             0.00%    passed     98.44%
  10  PanTro_chrY_LOC744070_10716099_Q11B_nonC_-                                   0.00%    passed     95.35%
  11  PonAbe_chrY_LOC129053503_51692121_Q30B_C1_t                                  0.00%    passed     89.49%
  12  PonAbe_chrY_LOC129053496_50227701_nonP-closest-Q28A-at-16957_nonC_-          0.00%    passed     78.33%
  13  PonAbe_chrY_LOC129053476_45770263_Q20B_C1_t                                  0.00%    passed     95.40%
  14  PonAbe_chrY_LOC129053453_39794954_nonP-closest-Q12A-at-16947_nonC_-          0.00%    passed     75.18%
  15  PonAbe_chrY_LOC129053442_37080427_Q7B_C1_t                                   0.00%    passed     88.29%
  16  PonAbe_chrY_LOC129053440_35954132_Q5.1B_C1_t                                 0.00%    passed     89.16%
  17  PonAbe_chrY_LOC129053439_35795298_Q5.1A_C1_-                                 0.00%    passed     89.60%
  18  PonAbe_chrY_LOC129053357_52307689_Q4A_C3_-                                   0.00%    passed     93.52%
  19  PonAbe_chrY_LOC129053199_46540858_Q21.2B_C1_t                                0.00%    passed     97.24%
  20  PonAbe_chrY_LOC129053139_54584688_nonP-closest-Q34A-at-16949_nonC_-          0.00%    passed     85.64%
  21  PonPyg_chrY_LOC129025917_33323942_nonP-closest-Q16A-at-16966_nonC_-          0.00%    passed     79.77%
  22  PonPyg_chrY_LOC129025903_26050227_Q5.1B_C1_t                                 0.00%    passed     90.73%
  23  PonPyg_chrY_LOC129025902_29061134_Q10.1B_C1_t                                0.00%    passed     92.06%
  24  PonPyg_chrY_LOC129025898_36502421_Q23A_C1_-                                  0.00%    passed     86.95%
  25  PonPyg_chrY_LOC129025896_25891571_Q5.1A_C1_-                                 0.00%    passed     84.39%
  26  PonPyg_chrY_LOC129025890_34656667_Q19A_C1_-                                  0.00%    passed     96.53%
  27  PonPyg_chrY_LOC129025882_41685721_Q29B_C1_t                                  0.00%    passed     97.24%
  28  SymSyn_chrY_LOC129476678_19362995_Q6.1A_nonC_-                               0.00%    passed     93.75%
  29  GorGor_chr5_CDYL_22394017_NA_nonC_t                                          0.00%    passed     10.74%
  30  HomSap_chr6_CDYL_4575080_NA_nonC_t                                           0.00%    passed      9.13%
  31  PanPan_chr5_CDYL_19400677_NA_nonC_t                                          0.00%    passed      9.13%
  32  PonAbe_chr5_CDYL_4587803_NA_nonC_t                                           0.00%    passed      9.37%
  33  PonPyg_chr5_CDYL_4592538_NA_nonC_t                                           0.00%    passed      9.39%
  34  SymSyn_chr23_CDYL_65930269_NA_nonC_-                                         0.00%    passed     10.59%
****  TOTAL                                                                        0.00%  0 sequences failed composition chi2 test (p-value<5%; df=3)


Create initial parsimony tree by phylogenetic likelihood library (PLL)... 0.001 seconds
Perform fast likelihood tree search using GTR+I+G model...
Estimate model parameters (epsilon = 5.000)
Perform nearest neighbor interchange...
Estimate model parameters (epsilon = 1.000)
1. Initial log-likelihood: -2000.797
Optimal log-likelihood: -2000.740
Rate parameters:  A-C: 1.85371  A-G: 6.63058  A-T: 0.88075  C-G: 2.57596  C-T: 6.36985  G-T: 1.00000
Base frequencies:  A: 0.288  C: 0.196  G: 0.243  T: 0.273
Proportion of invariable sites: 0.326
Gamma shape alpha: 4.091
Parameters optimization took 1 rounds (0.005 sec)
Time for fast ML tree search: 0.035 seconds

NOTE: ModelFinder requires 1 MB RAM!
ModelFinder will test up to 484 DNA models (sample size: 594 epsilon: 0.100) ...
 No. Model         -LnL         df  AIC          AICc         BIC
  1  GTR+F         2007.704     73  4161.408     4182.184     4481.650
  2  GTR+F+I       2001.446     74  4150.892     4172.279     4475.521
  3  GTR+F+G4      1999.724     74  4147.448     4168.836     4472.078
  4  GTR+F+I+G4    2000.638     75  4151.276     4173.284     4480.292
  5  GTR+F+R2      2000.619     75  4151.237     4173.245     4480.253
  6  GTR+F+R3      1999.546     77  4153.092     4176.371     4490.882
 14  GTR+F+I+R2    2000.616     76  4153.231     4175.870     4486.634
 15  GTR+F+I+R3    2000.438     78  4156.876     4180.806     4499.053
 23  SYM           2013.533     70  4167.065     4186.071     4474.147
 24  SYM+I         2007.248     71  4156.496     4176.083     4467.965
 25  SYM+G4        2005.373     71  4152.746     4172.333     4464.215
 26  SYM+I+G4      2006.277     72  4156.554     4176.730     4472.409
 27  SYM+R2        2006.246     72  4156.493     4176.669     4472.348
 45  TVM+F         2007.696     72  4159.393     4179.569     4475.248
 46  TVM+F+I       2001.458     73  4148.916     4169.693     4469.158
 47  TVM+F+G4      1999.744     73  4145.487     4166.264     4465.729
 48  TVM+F+I+G4    2000.609     74  4149.219     4170.606     4473.848
 49  TVM+F+R2      2000.399     74  4148.798     4170.186     4473.427
 67  TVMe          2013.979     69  4165.959     4184.394     4468.654
 68  TVMe+I        2007.708     70  4155.416     4174.422     4462.498
 69  TVMe+G4       2005.932     70  4151.864     4170.870     4458.946
 70  TVMe+I+G4     2006.747     71  4155.494     4175.080     4466.962
 71  TVMe+R2       2006.566     71  4155.132     4174.718     4466.600
 89  TIM3+F        2008.078     71  4158.156     4177.742     4469.624
 90  TIM3+F+I      2001.958     72  4147.916     4168.092     4463.771
 91  TIM3+F+G4     2000.144     72  4144.288     4164.465     4460.143
 92  TIM3+F+I+G4   2001.016     73  4148.033     4168.810     4468.275
 93  TIM3+F+R2     2000.686     73  4147.372     4168.149     4467.614
111  TIM3e         2013.689     68  4163.378     4181.253     4461.686
112  TIM3e+I       2007.461     69  4152.923     4171.358     4455.618
113  TIM3e+G4      2005.526     69  4149.053     4167.488     4451.748
114  TIM3e+I+G4    2006.365     70  4152.729     4171.735     4459.811
115  TIM3e+R2      2006.074     70  4152.148     4171.154     4459.230
133  TIM2+F        2012.711     71  4167.423     4187.009     4478.891
134  TIM2+F+I      2006.183     72  4156.365     4176.542     4472.221
135  TIM2+F+G4     2004.359     72  4152.717     4172.894     4468.573
136  TIM2+F+I+G4   2005.114     73  4156.228     4177.005     4476.470
137  TIM2+F+R2     2004.839     73  4155.678     4176.455     4475.920
155  TIM2e         2016.486     68  4168.971     4186.846     4467.279
156  TIM2e+I       2009.850     69  4157.700     4176.135     4460.395
157  TIM2e+G4      2007.888     69  4153.775     4172.210     4456.470
158  TIM2e+I+G4    2008.633     70  4157.266     4176.272     4464.348
159  TIM2e+R2      2008.363     70  4156.726     4175.732     4463.807
177  TIM+F         2013.072     71  4168.145     4187.731     4479.613
178  TIM+F+I       2006.667     72  4157.334     4177.511     4473.190
179  TIM+F+G4      2004.770     72  4153.539     4173.716     4469.394
180  TIM+F+I+G4    2005.520     73  4157.039     4177.816     4477.281
181  TIM+F+R2      2005.174     73  4156.349     4177.126     4476.591
199  TIMe          2016.634     68  4169.267     4187.141     4467.575
200  TIMe+I        2010.032     69  4158.063     4176.499     4460.758
201  TIMe+G4       2008.021     69  4154.041     4172.477     4456.736
202  TIMe+I+G4     2008.740     70  4157.481     4176.486     4464.562
203  TIMe+R2       2008.442     70  4156.885     4175.890     4463.966
221  TPM3u+F       2008.082     70  4156.164     4175.170     4463.245
222  TPM3u+F+I     2001.967     71  4145.933     4165.520     4457.402
223  TPM3u+F+G4    2000.170     71  4142.340     4161.926     4453.808
224  TPM3u+F+I+G4  2000.916     72  4145.832     4166.008     4461.687
225  TPM3u+F+R2    2000.488     72  4144.976     4165.153     4460.832
243  TPM3          2014.134     67  4162.268     4179.591     4456.189
244  TPM3+I        2007.921     68  4151.842     4169.716     4450.150
245  TPM3+G4       2006.090     68  4148.179     4166.054     4446.487
246  TPM3+I+G4     2006.778     69  4151.556     4169.991     4454.250
247  TPM3+R2       2006.408     69  4150.816     4169.251     4453.511
265  TPM2u+F       2012.716     70  4165.431     4184.437     4472.513
266  TPM2u+F+I     2006.194     71  4154.388     4173.974     4465.856
267  TPM2u+F+G4    2004.385     71  4150.770     4170.356     4462.238
268  TPM2u+F+I+G4  2005.039     72  4154.078     4174.254     4469.933
269  TPM2u+F+R2    2004.659     72  4153.318     4173.494     4469.173
287  TPM2          2016.945     67  4167.889     4185.212     4461.810
288  TPM2+I        2010.282     68  4156.563     4174.438     4454.871
289  TPM2+G4       2008.419     68  4152.838     4170.712     4451.146
290  TPM2+I+G4     2009.032     69  4156.064     4174.499     4458.759
291  TPM2+R2       2008.702     69  4155.404     4173.839     4458.099
309  K3Pu+F        2013.076     70  4166.152     4185.158     4473.234
310  K3Pu+F+I      2006.678     71  4155.355     4174.941     4466.824
311  K3Pu+F+G4     2004.795     71  4151.590     4171.177     4463.059
312  K3Pu+F+I+G4   2005.450     72  4154.899     4175.076     4470.755
313  K3Pu+F+R2     2005.028     72  4154.056     4174.233     4469.911
331  K3P           2017.090     67  4168.181     4185.504     4462.102
332  K3P+I         2010.460     68  4156.920     4174.795     4455.228
333  K3P+G4        2008.551     68  4153.103     4170.977     4451.411
334  K3P+I+G4      2009.151     69  4156.301     4174.736     4458.996
335  K3P+R2        2008.782     69  4155.565     4174.000     4458.259
353  TN+F          2013.089     70  4166.177     4185.183     4473.259
354  TN+F+I        2006.668     71  4155.335     4174.921     4466.803
355  TN+F+G4       2004.770     71  4151.540     4171.126     4463.008
356  TN+F+I+G4     2005.402     72  4154.805     4174.981     4470.660
357  TN+F+R2       2004.943     72  4153.887     4174.063     4469.742
375  TNe           2016.634     67  4167.268     4184.591     4461.189
376  TNe+I         2010.041     68  4156.081     4173.955     4454.389
377  TNe+G4        2008.028     68  4152.056     4169.930     4450.364
378  TNe+I+G4      2008.641     69  4155.282     4173.717     4457.977
379  TNe+R2        2008.196     69  4154.393     4172.828     4457.087
397  HKY+F         2013.093     69  4164.185     4182.620     4466.880
398  HKY+F+I       2006.678     70  4153.355     4172.361     4460.437
399  HKY+F+G4      2004.796     70  4149.592     4168.597     4456.673
400  HKY+F+I+G4    2005.399     71  4152.799     4172.385     4464.267
401  HKY+F+R2      2004.904     71  4151.807     4171.393     4463.276
419  K2P           2017.091     66  4166.182     4182.964     4455.716
420  K2P+I         2010.471     67  4154.941     4172.264     4448.862
421  K2P+G4        2008.560     67  4151.121     4168.444     4445.042
422  K2P+I+G4      2009.116     68  4154.232     4172.106     4452.540
423  K2P+R2        2008.661     68  4153.323     4171.197     4451.630
441  F81+F         2061.532     68  4259.064     4276.938     4557.371
442  F81+F+I       2055.176     69  4248.352     4266.788     4551.047
443  F81+F+G4      2054.058     69  4246.117     4264.552     4548.811
444  F81+F+I+G4    2054.456     70  4248.913     4267.918     4555.994
445  F81+F+R2      2054.051     70  4248.102     4267.107     4555.183
463  JC            2064.884     65  4259.768     4276.018     4544.915
464  JC+I          2058.360     66  4248.720     4265.502     4538.254
465  JC+G4         2057.193     66  4246.387     4263.168     4535.921
466  JC+I+G4       2057.581     67  4249.162     4266.485     4543.083
467  JC+R2         2057.186     67  4248.373     4265.696     4542.294
Akaike Information Criterion:           TPM3u+F+G4
Corrected Akaike Information Criterion: TPM3u+F+G4
Bayesian Information Criterion:         K2P+G4
Best-fit model: K2P+G4 chosen according to BIC

All model information printed to output/CDY_CDYL_crotonase_domain/tree.model.gz
CPU time for ModelFinder: 0.409 seconds (0h:0m:0s)
Wall-clock time for ModelFinder: 0.421 seconds (0h:0m:0s)
Generating 1000 samples for ultrafast bootstrap (seed: 665915)...

NOTE: 0 MB RAM (0 GB) is required!
Estimate model parameters (epsilon = 0.100)
1. Initial log-likelihood: -2057.194
2. Current log-likelihood: -2035.832
3. Current log-likelihood: -2010.950
4. Current log-likelihood: -2008.911
5. Current log-likelihood: -2008.606
Optimal log-likelihood: -2008.561
Rate parameters:  A-C: 1.00000  A-G: 4.41874  A-T: 1.00000  C-G: 1.00000  C-T: 4.41874  G-T: 1.00000
Base frequencies:  A: 0.250  C: 0.250  G: 0.250  T: 0.250
Gamma shape alpha: 0.869
Parameters optimization took 5 rounds (0.016 sec)
Wrote distance file to... 
Computing ML distances based on estimated model parameters...
Calculating distance matrix: done in 0.00267792 secs using 99.59% CPU
Computing ML distances took 0.002705 sec (of wall-clock time) 0.002687 sec (of CPU time)
Setting up auxiliary I and S matrices: done in 2.88486e-05 secs using 72.79% CPU
Computing RapidNJ tree took 0.000098 sec (of wall-clock time) 0.000080 sec (of CPU time)
Log-likelihood of RapidNJ tree: -2015.635
--------------------------------------------------------------------
|             INITIALIZING CANDIDATE TREE SET                      |
--------------------------------------------------------------------
Generating 98 parsimony trees... 0.064 second
Computing log-likelihood of 98 initial trees ... 0.056 seconds
Current best score: -2008.561

Do NNI search on 20 best initial trees
Estimate model parameters (epsilon = 0.100)
BETTER TREE FOUND at iteration 1: -2008.560
Estimate model parameters (epsilon = 0.100)
BETTER TREE FOUND at iteration 6: -2006.485
Iteration 10 / LogL: -2010.114 / Time: 0h:0m:0s
Iteration 20 / LogL: -2006.486 / Time: 0h:0m:0s
Finish initializing candidate tree set (13)
Current best tree score: -2006.485 / CPU time: 0.303
Number of iterations: 20
--------------------------------------------------------------------
|               OPTIMIZING CANDIDATE TREE SET                      |
--------------------------------------------------------------------
Iteration 30 / LogL: -2008.597 / Time: 0h:0m:0s (0h:0m:1s left)
Iteration 40 / LogL: -2006.487 / Time: 0h:0m:1s (0h:0m:1s left)
Iteration 50 / LogL: -2006.486 / Time: 0h:0m:1s (0h:0m:1s left)
Log-likelihood cutoff on original alignment: -2037.946
Iteration 60 / LogL: -2006.488 / Time: 0h:0m:1s (0h:0m:0s left)
Iteration 70 / LogL: -2006.491 / Time: 0h:0m:1s (0h:0m:0s left)
Iteration 80 / LogL: -2006.496 / Time: 0h:0m:1s (0h:0m:0s left)
Iteration 90 / LogL: -2006.487 / Time: 0h:0m:2s (0h:0m:0s left)
Iteration 100 / LogL: -2006.488 / Time: 0h:0m:2s (0h:0m:0s left)
Log-likelihood cutoff on original alignment: -2037.866
NOTE: Bootstrap correlation coefficient of split occurrence frequencies: 0.989
NOTE: UFBoot does not converge, continue at least 100 more iterations
Iteration 110 / LogL: -2008.787 / Time: 0h:0m:2s (0h:0m:1s left)
Iteration 120 / LogL: -2009.996 / Time: 0h:0m:2s (0h:0m:1s left)
Iteration 130 / LogL: -2006.486 / Time: 0h:0m:2s (0h:0m:1s left)
Iteration 140 / LogL: -2006.485 / Time: 0h:0m:2s (0h:0m:1s left)
Iteration 150 / LogL: -2006.487 / Time: 0h:0m:3s (0h:0m:0s left)
Log-likelihood cutoff on original alignment: -2037.866
Iteration 160 / LogL: -2006.489 / Time: 0h:0m:3s (0h:0m:0s left)
Iteration 170 / LogL: -2006.488 / Time: 0h:0m:3s (0h:0m:0s left)
Iteration 180 / LogL: -2006.486 / Time: 0h:0m:3s (0h:0m:0s left)
Iteration 190 / LogL: -2006.486 / Time: 0h:0m:3s (0h:0m:0s left)
Iteration 200 / LogL: -2006.488 / Time: 0h:0m:3s (0h:0m:0s left)
Log-likelihood cutoff on original alignment: -2037.866
NOTE: Bootstrap correlation coefficient of split occurrence frequencies: 0.999
TREE SEARCH COMPLETED AFTER 200 ITERATIONS / Time: 0h:0m:4s

--------------------------------------------------------------------
|                    FINALIZING TREE SEARCH                        |
--------------------------------------------------------------------
Performs final model parameters optimization
Estimate model parameters (epsilon = 0.010)
1. Initial log-likelihood: -2006.485
Optimal log-likelihood: -2006.485
Rate parameters:  A-C: 1.00000  A-G: 4.52627  A-T: 1.00000  C-G: 1.00000  C-T: 4.52627  G-T: 1.00000
Base frequencies:  A: 0.250  C: 0.250  G: 0.250  T: 0.250
Gamma shape alpha: 0.912
Parameters optimization took 1 rounds (0.002 sec)
BEST SCORE FOUND : -2006.485
Creating bootstrap support values...
Split supports printed to NEXUS file output/CDY_CDYL_crotonase_domain/tree.splits.nex
Total tree length: 0.538

Total number of iterations: 200
CPU time used for tree search: 3.490 sec (0h:0m:3s)
Wall-clock time used for tree search: 3.538 sec (0h:0m:3s)
Total CPU time used: 3.957 sec (0h:0m:3s)
Total wall-clock time used: 4.038 sec (0h:0m:4s)

Computing bootstrap consensus tree...
Reading input file output/CDY_CDYL_crotonase_domain/tree.splits.nex...
34 taxa and 259 splits.
Consensus tree written to output/CDY_CDYL_crotonase_domain/tree.contree
Reading input trees file output/CDY_CDYL_crotonase_domain/tree.contree
Log-likelihood of consensus tree: -2006.498

Analysis results written to: 
  IQ-TREE report:                output/CDY_CDYL_crotonase_domain/tree.iqtree
  Maximum-likelihood tree:       output/CDY_CDYL_crotonase_domain/tree.treefile
  Likelihood distances:          output/CDY_CDYL_crotonase_domain/tree.mldist

Ultrafast bootstrap approximation results written to:
  Split support values:          output/CDY_CDYL_crotonase_domain/tree.splits.nex
  Consensus tree:                output/CDY_CDYL_crotonase_domain/tree.contree
  Screen log file:               output/CDY_CDYL_crotonase_domain/tree.log

Date and Time: Thu Apr 23 17:25:41 2026
