IQ-TREE multicore version 2.3.6 for MacOS ARM 64-bit built Aug  1 2024
Developed by Bui Quang Minh, Nguyen Lam Tung, Olga Chernomor, Heiko Schmidt,
Dominik Schrempf, Michael Woodhams, Ly Trong Nhan, Thomas Wong

Host:    karol.bx.psu.edu (SSE4.2, 16 GB RAM)
Command: /Users/kxp5629/tools/iqtree-2.3.6-macOS/bin/iqtree2 -s gene_data/DAZ/renamed/DAZ_DAZL_repeats.alignment.20240924.renamed.fasta -bb 1000 -o --prefix output/DAZ_DAZL_repeats -keep-ident
Seed:    632253 (Using SPRNG - Scalable Parallel Random Number Generator)
Time:    Wed Dec 17 10:25:18 2025
Kernel:  SSE2 - 1 threads (12 CPU cores detected)

HINT: Use -nt option to specify number of threads because your CPU has 12 cores!
HINT: -nt AUTO will automatically determine the best number of threads to use.

Reading alignment file gene_data/DAZ/renamed/DAZ_DAZL_repeats.alignment.20240924.renamed.fasta ... Fasta format detected
Reading fasta file: done in 0.00109792 secs using 45.45% CPU
Alignment most likely contains DNA/RNA sequences
Alignment has 256 sequences with 90 columns, 58 distinct patterns
46 parsimony-informative, 5 singleton sites, 39 constant sites
                                                         Gap/Ambiguity  Composition  p-value
Analyzing sequences: done in 2.90871e-05 secs using 89.39% CPU
   1  GorGor_chr2_DAZL-E72_26423032_NA_nonC_-                   20.00%    passed     98.32%
   2  HomSap_chr3_DAZL-E72_16587918_NA_nonC_-                   20.00%    passed     98.32%
   3  PanPan_chr2_DAZL-E72_16570582_NA_nonC_-                   20.00%    passed     98.32%
   4  PanTro_chr2_DAZL-E72_20590218_NA_nonC_-                   20.00%    passed     98.32%
   5  PonAbe_chr2_DAZL-E72_138140947_NA_nonC_t                  20.00%    passed     94.37%
   6  PonPyg_chr2_DAZL-E72_137333547_NA_nonC_t                  20.00%    passed     94.37%
   7  SymSyn_chr10_DAZL-E72_109881390_NA_nonC_-                 20.00%    passed     90.90%
   8  GorGor_chrY_DAZ1-E72.1_42783133_Q18.1.A_nonC_-            20.00%    passed     95.66%
   9  GorGor_chrY_LOC129530216-E72.2_42879918_Q18.1.B_nonC_t    20.00%    passed     95.66%
  10  GorGor_chrY_DAZ1-E72.3_42783133_Q18.1.A_nonC_-            20.00%    passed     99.21%
  11  GorGor_chrY_DAZ1-E72.6_42783133_Q18.1.A_nonC_-            20.00%    passed     99.21%
  12  GorGor_chrY_LOC129530216-E72.4_42879918_Q18.1.B_nonC_t    20.00%    passed     99.21%
  13  HomSap_chrY_DAZ1-E72.8_23965003_Q8A_nonC_-                20.00%    passed     97.58%
  14  HomSap_chrY_DAZ2-E72.12_25661821_Q11.3B_nonC_t            20.00%    passed     97.58%
  15  HomSap_chrY_DAZ2-E72.13_25661821_Q11.3B_nonC_t            20.00%    passed     97.58%
  16  HomSap_chrY_DAZ2-E72.14_25661821_Q11.3B_nonC_t            20.00%    passed     97.58%
  17  HomSap_chrY_DAZ2-E72.15_25661821_Q11.3B_nonC_t            20.00%    passed     97.58%
  18  HomSap_chrY_DAZ4-E72.9_25571713_Q11.1A_nonC_-             20.00%    passed     97.58%
  19  HomSap_chrY_DAZ4-E72.10_25571713_Q11.1A_nonC_-            20.00%    passed     97.58%
  20  HomSap_chrY_DAZ4-E72.11_25571713_Q11.1A_nonC_-            20.00%    passed     97.58%
  21  HomSap_chrY_DAZ4-E72.12_25571713_Q11.1A_nonC_-            20.00%    passed     97.58%
  22  HomSap_chrY_DAZ4-E72.13_25571713_Q11.1A_nonC_-            20.00%    passed     97.58%
  23  PanPan_chrY_LOC129395530-E72.2_9036315_Q23B_C2_-          20.00%    passed     97.58%
  24  PanPan_chrY_LOC129395530-E72.3_9036315_Q23B_C2_-          20.00%    passed     97.58%
  25  PanPan_chrY_LOC129395621-E72.2_9107812_Q22A_nonC_t        20.00%    passed     97.58%
  26  PanPan_chrY_LOC129395621-E72.3_9107812_Q22A_nonC_t        20.00%    passed     97.58%
  27  PanTro_chrY_LOC738636-E72.2_19278362_Q8.1A_C2_t           20.00%    passed     97.58%
  28  PanTro_chrY_LOC738636-E72.3_19278362_Q8.1A_C2_t           20.00%    passed     97.58%
  29  PanTro_chrY_LOC738636-E72.10_19278362_Q8.1A_C2_t          20.00%    passed     97.58%
  30  PanTro_chrY_LOC744621-E72.2_9432523_Q12.2B_C2_-           20.00%    passed     97.58%
  31  PanTro_chrY_LOC744621-E72.5_9432523_Q12.2B_C2_-           20.00%    passed     97.58%
  32  PanTro_chrY_LOC749905-E72.2_9511429_Q12.1A_C2_t           20.00%    passed     97.58%
  33  PanTro_chrY_LOC749905-E72.5_9511429_Q12.1A_C2_t           20.00%    passed     97.58%
  34  PanTro_chrY_LOC112208053-E72.2_19207853_Q8.2B_C2_-        20.00%    passed     97.58%
  35  PanTro_chrY_LOC112208053-E72.3_19207853_Q8.2B_C2_-        20.00%    passed     97.58%
  36  PanTro_chrY_LOC112208053-E72.7_19207853_Q8.2B_C2_-        20.00%    passed     97.58%
  37  PanPan_chrY_LOC129395530-E72.7_9036315_Q23B_C2_-          20.00%    passed     89.30%
  38  GorGor_chrY_DAZ1-E72.9_42783133_Q18.1.A_nonC_-            20.00%    passed     96.67%
  39  GorGor_chrY_LOC129530216-E72.9_42879918_Q18.1.B_nonC_t    20.00%    passed     96.67%
  40  HomSap_chrY_DAZ1-E72.7_23965003_Q8A_nonC_-                20.00%    passed     97.98%
  41  HomSap_chrY_DAZ2-E72.9_25661821_Q11.3B_nonC_t             20.00%    passed     97.98%
  42  HomSap_chrY_DAZ2-E72.11_25661821_Q11.3B_nonC_t            20.00%    passed     97.98%
  43  HomSap_chrY_DAZ3-E72.5_24046728_Q9.2B_nonC_t              20.00%    passed     97.98%
  44  HomSap_chrY_DAZ3-E72.7_24046728_Q9.2B_nonC_t              20.00%    passed     97.98%
  45  HomSap_chrY_DAZ3-E72.9_24046728_Q9.2B_nonC_t              20.00%    passed     97.98%
  46  HomSap_chrY_DAZ4-E72.6_25571713_Q11.1A_nonC_-             20.00%    passed     97.98%
  47  HomSap_chrY_DAZ4-E72.8_25571713_Q11.1A_nonC_-             20.00%    passed     97.98%
  48  PanPan_chrY_LOC129395530-E72.5_9036315_Q23B_C2_-          20.00%    passed     97.98%
  49  PanPan_chrY_LOC129395530-E72.6_9036315_Q23B_C2_-          20.00%    passed     97.98%
  50  PanPan_chrY_LOC129395621-E72.5_9107812_Q22A_nonC_t        20.00%    passed     97.98%
  51  PanTro_chrY_LOC738636-E72.4_19278362_Q8.1A_C2_t           20.00%    passed     97.98%
  52  PanTro_chrY_LOC738636-E72.5_19278362_Q8.1A_C2_t           20.00%    passed     97.98%
  53  PanTro_chrY_LOC738636-E72.6_19278362_Q8.1A_C2_t           20.00%    passed     97.98%
  54  PanTro_chrY_LOC738636-E72.7_19278362_Q8.1A_C2_t           20.00%    passed     97.98%
  55  PanTro_chrY_LOC738636-E72.8_19278362_Q8.1A_C2_t           20.00%    passed     97.98%
  56  PanTro_chrY_LOC738636-E72.9_19278362_Q8.1A_C2_t           20.00%    passed     97.98%
  57  PanTro_chrY_LOC744621-E72.3_9432523_Q12.2B_C2_-           20.00%    passed     97.98%
  58  PanTro_chrY_LOC749905-E72.3_9511429_Q12.1A_C2_t           20.00%    passed     97.98%
  59  PanTro_chrY_LOC112208053-E72.5_19207853_Q8.2B_C2_-        20.00%    passed     97.98%
  60  PanTro_chrY_LOC112208053-E72.6_19207853_Q8.2B_C2_-        20.00%    passed     97.98%
  61  PonAbe_chrY_LOC129053177-E72.2_40287231_Q13A_C2_-         20.00%    passed     99.71%
  62  PonAbe_chrY_LOC129053245-E72.5_40367975_Q13B_C2_t         20.00%    passed     99.71%
  63  PonAbe_chrY_LOC129053304-E72.5_50717647_Q29A_C2_-         20.00%    passed     99.71%
  64  PonAbe_chrY_LOC129053305-E72.5_50800706_Q29B_C2_t         20.00%    passed     99.71%
  65  PonPyg_chrY_LOC129025913-E72.4_33814768_Q18A_C2_-         20.00%    passed     99.71%
  66  PonPyg_chrY_LOC129025961-E72.11_26220121_Q7.1A_C2_-       20.00%    passed     99.71%
  67  PonPyg_chrY_LOC129025914-E72.3_33882908_Q18B_C2_t         20.00%    passed     99.80%
  68  PonPyg_chrY_LOC129025914-E72.7_33882908_Q18B_C2_t         20.00%    passed     99.80%
  69  PonAbe_chrY_LOC129053177-E72.6_40287231_Q13A_C2_-         20.00%    passed     99.80%
  70  PonAbe_chrY_LOC129053245-E72.9_40367975_Q13B_C2_t         20.00%    passed     99.80%
  71  PonAbe_chrY_LOC129053304-E72.9_50717647_Q29A_C2_-         20.00%    passed     99.80%
  72  PonAbe_chrY_LOC129053305-E72.9_50800706_Q29B_C2_t         20.00%    passed     99.80%
  73  PonPyg_chrY_LOC129025914-E72.9_33882908_Q18B_C2_t         20.00%    passed     99.80%
  74  PonPyg_chrY_LOC129025942-E72.10_28033868_Q9.3B_C2_t       20.00%    passed     99.80%
  75  PonPyg_chrY_LOC129025944-E72.11_27937117_Q9.2A_C2_-       20.00%    passed     99.80%
  76  PonPyg_chrY_LOC129025947-E72.9_35731655_Q22.3B_C2_t       20.00%    passed     99.80%
  77  PonPyg_chrY_LOC129025960-E72.5_42384755_Q30A_C35_-        20.00%    passed     99.80%
  78  PonPyg_chrY_LOC129025963-E72.4_26306805_Q7.3B_C2_t        20.00%    passed     99.80%
  79  PonAbe_chrY_LOC129053200-E72.5_47246963_Q23.1A_C2_-       20.00%    passed     95.66%
  80  SymSyn_chrY_LOC129476757-E72.3_18127859_Q5B_nonC_t        20.00%    passed     81.43%
  81  SymSyn_chrY_LOC129476758-E72.3_18081065_Q5A_nonC_-        20.00%    passed     81.43%
  82  PonPyg_chrY_LOC129025923-E72.16_42461501_Q31B_C2_t        20.00%    passed     97.58%
  83  HomSap_chrY_DAZ1-E72.3_23965003_Q8A_nonC_-                20.00%    passed     97.58%
  84  HomSap_chrY_DAZ2-E72.3_25661821_Q11.3B_nonC_t             20.00%    passed     97.58%
  85  HomSap_chrY_DAZ3-E72.3_24046728_Q9.2B_nonC_t              20.00%    passed     97.58%
  86  HomSap_chrY_DAZ4-E72.3_25571713_Q11.1A_nonC_-             20.00%    passed     97.58%
  87  HomSap_chrY_DAZ1-E72.5_23965003_Q8A_nonC_-                20.00%    passed     90.63%
  88  HomSap_chrY_DAZ2-E72.5_25661821_Q11.3B_nonC_t             20.00%    passed     90.63%
  89  HomSap_chrY_DAZ2-E72.7_25661821_Q11.3B_nonC_t             20.00%    passed     90.63%
  90  GorGor_chrY_DAZ1-E72.7_42783133_Q18.1.A_nonC_-            20.00%    passed     88.07%
  91  GorGor_chrY_LOC129530216-E72.7_42879918_Q18.1.B_nonC_t    20.00%    passed     88.07%
  92  GorGor_chrY_DAZ1-E72.2_42783133_Q18.1.A_nonC_-            20.00%    passed     94.98%
  93  GorGor_chrY_LOC129530216-E72.3_42879918_Q18.1.B_nonC_t    20.00%    passed     94.98%
  94  GorGor_chrY_DAZ1-E72.8_42783133_Q18.1.A_nonC_-            20.00%    passed     85.73%
  95  GorGor_chrY_DAZ1-E72.10_42783133_Q18.1.A_nonC_-           20.00%    passed     85.73%
  96  GorGor_chrY_LOC129530216-E72.8_42879918_Q18.1.B_nonC_t    20.00%    passed     85.73%
  97  GorGor_chrY_LOC129530216-E72.10_42879918_Q18.1.B_nonC_t   20.00%    passed     85.73%
  98  PanPan_chrY_LOC129395530-E72.8_9036315_Q23B_C2_-          20.00%    passed     57.93%
  99  PanPan_chrY_LOC129395621-E72.6_9107812_Q22A_nonC_t        20.00%    passed     57.93%
 100  PanTro_chrY_LOC738636-E72.11_19278362_Q8.1A_C2_t          20.00%    passed     57.93%
 101  PanTro_chrY_LOC744621-E72.4_9432523_Q12.2B_C2_-           20.00%    passed     57.93%
 102  PanTro_chrY_LOC744621-E72.6_9432523_Q12.2B_C2_-           20.00%    passed     57.93%
 103  PanTro_chrY_LOC749905-E72.4_9511429_Q12.1A_C2_t           20.00%    passed     57.93%
 104  PanTro_chrY_LOC749905-E72.6_9511429_Q12.1A_C2_t           20.00%    passed     57.93%
 105  PanTro_chrY_LOC112208053-E72.8_19207853_Q8.2B_C2_-        20.00%    passed     57.93%
 106  PanPan_chrY_LOC129395530-E72.4_9036315_Q23B_C2_-          20.00%    passed     73.87%
 107  PanPan_chrY_LOC129395621-E72.4_9107812_Q22A_nonC_t        20.00%    passed     73.87%
 108  PanTro_chrY_LOC112208053-E72.4_19207853_Q8.2B_C2_-        20.00%    passed     73.87%
 109  GorGor_chrY_DAZ1-E72.5_42783133_Q18.1.A_nonC_-            20.00%    passed     88.32%
 110  GorGor_chrY_LOC129530216-E72.6_42879918_Q18.1.B_nonC_t    20.00%    passed     88.32%
 111  HomSap_chrY_DAZ1-E72.4_23965003_Q8A_nonC_-                20.00%    passed     90.69%
 112  HomSap_chrY_DAZ1-E72.6_23965003_Q8A_nonC_-                20.00%    passed     90.69%
 113  HomSap_chrY_DAZ2-E72.4_25661821_Q11.3B_nonC_t             20.00%    passed     90.69%
 114  HomSap_chrY_DAZ2-E72.6_25661821_Q11.3B_nonC_t             20.00%    passed     90.69%
 115  HomSap_chrY_DAZ2-E72.8_25661821_Q11.3B_nonC_t             20.00%    passed     90.69%
 116  HomSap_chrY_DAZ2-E72.10_25661821_Q11.3B_nonC_t            20.00%    passed     90.69%
 117  HomSap_chrY_DAZ3-E72.4_24046728_Q9.2B_nonC_t              20.00%    passed     90.69%
 118  HomSap_chrY_DAZ3-E72.6_24046728_Q9.2B_nonC_t              20.00%    passed     90.69%
 119  HomSap_chrY_DAZ3-E72.8_24046728_Q9.2B_nonC_t              20.00%    passed     90.69%
 120  HomSap_chrY_DAZ4-E72.4_25571713_Q11.1A_nonC_-             20.00%    passed     90.69%
 121  HomSap_chrY_DAZ4-E72.5_25571713_Q11.1A_nonC_-             20.00%    passed     90.69%
 122  HomSap_chrY_DAZ4-E72.7_25571713_Q11.1A_nonC_-             20.00%    passed     90.69%
 123  GorGor_chrY_DAZ1-E72.4_42783133_Q18.1.A_nonC_-            20.00%    passed     95.78%
 124  GorGor_chrY_LOC129530216-E72.5_42879918_Q18.1.B_nonC_t    20.00%    passed     95.78%
 125  HomSap_chrY_DAZ1-E72.2_23965003_Q8A_nonC_-                20.00%    passed     99.70%
 126  HomSap_chrY_DAZ2-E72.2_25661821_Q11.3B_nonC_t             20.00%    passed     99.70%
 127  HomSap_chrY_DAZ3-E72.2_24046728_Q9.2B_nonC_t              20.00%    passed     99.70%
 128  HomSap_chrY_DAZ4-E72.2_25571713_Q11.1A_nonC_-             20.00%    passed     99.70%
 129  PanPan_chrY_LOC129395530-E72.1_9036315_Q23B_C2_-          20.00%    passed     98.14%
 130  PanPan_chrY_LOC129395621-E72.1_9107812_Q22A_nonC_t        20.00%    passed     98.14%
 131  PanTro_chrY_LOC738636-E72.1_19278362_Q8.1A_C2_t           20.00%    passed     98.14%
 132  PanTro_chrY_LOC744621-E72.1_9432523_Q12.2B_C2_-           20.00%    passed     98.14%
 133  PanTro_chrY_LOC749905-E72.1_9511429_Q12.1A_C2_t           20.00%    passed     98.14%
 134  PanTro_chrY_LOC112208053-E72.1_19207853_Q8.2B_C2_-        20.00%    passed     98.14%
 135  PonAbe_chrY_LOC129053177-E72.1_40287231_Q13A_C2_-         20.00%    passed     92.20%
 136  PonAbe_chrY_LOC129053177-E72.3_40287231_Q13A_C2_-         20.00%    passed     92.20%
 137  PonAbe_chrY_LOC129053177-E72.5_40287231_Q13A_C2_-         20.00%    passed     92.20%
 138  PonAbe_chrY_LOC129053200-E72.4_47246963_Q23.1A_C2_-       20.00%    passed     92.20%
 139  PonAbe_chrY_LOC129053245-E72.2_40367975_Q13B_C2_t         20.00%    passed     92.20%
 140  PonAbe_chrY_LOC129053245-E72.4_40367975_Q13B_C2_t         20.00%    passed     92.20%
 141  PonAbe_chrY_LOC129053245-E72.6_40367975_Q13B_C2_t         20.00%    passed     92.20%
 142  PonAbe_chrY_LOC129053245-E72.8_40367975_Q13B_C2_t         20.00%    passed     92.20%
 143  PonAbe_chrY_LOC129053304-E72.2_50717647_Q29A_C2_-         20.00%    passed     92.20%
 144  PonAbe_chrY_LOC129053304-E72.4_50717647_Q29A_C2_-         20.00%    passed     92.20%
 145  PonAbe_chrY_LOC129053304-E72.6_50717647_Q29A_C2_-         20.00%    passed     92.20%
 146  PonAbe_chrY_LOC129053304-E72.8_50717647_Q29A_C2_-         20.00%    passed     92.20%
 147  PonAbe_chrY_LOC129053305-E72.2_50800706_Q29B_C2_t         20.00%    passed     92.20%
 148  PonAbe_chrY_LOC129053305-E72.4_50800706_Q29B_C2_t         20.00%    passed     92.20%
 149  PonAbe_chrY_LOC129053305-E72.6_50800706_Q29B_C2_t         20.00%    passed     92.20%
 150  PonAbe_chrY_LOC129053305-E72.8_50800706_Q29B_C2_t         20.00%    passed     92.20%
 151  PonPyg_chrY_LOC129025914-E72.2_33882908_Q18B_C2_t         20.00%    passed     92.20%
 152  PonPyg_chrY_LOC129025914-E72.4_33882908_Q18B_C2_t         20.00%    passed     92.20%
 153  PonPyg_chrY_LOC129025914-E72.6_33882908_Q18B_C2_t         20.00%    passed     92.20%
 154  PonPyg_chrY_LOC129025914-E72.8_33882908_Q18B_C2_t         20.00%    passed     92.20%
 155  PonPyg_chrY_LOC129025942-E72.2_28033868_Q9.3B_C2_t        20.00%    passed     92.20%
 156  PonPyg_chrY_LOC129025942-E72.4_28033868_Q9.3B_C2_t        20.00%    passed     92.20%
 157  PonPyg_chrY_LOC129025942-E72.6_28033868_Q9.3B_C2_t        20.00%    passed     92.20%
 158  PonPyg_chrY_LOC129025942-E72.9_28033868_Q9.3B_C2_t        20.00%    passed     92.20%
 159  PonPyg_chrY_LOC129025944-E72.2_27937117_Q9.2A_C2_-        20.00%    passed     92.20%
 160  PonPyg_chrY_LOC129025944-E72.4_27937117_Q9.2A_C2_-        20.00%    passed     92.20%
 161  PonPyg_chrY_LOC129025944-E72.6_27937117_Q9.2A_C2_-        20.00%    passed     92.20%
 162  PonPyg_chrY_LOC129025944-E72.8_27937117_Q9.2A_C2_-        20.00%    passed     92.20%
 163  PonPyg_chrY_LOC129025944-E72.10_27937117_Q9.2A_C2_-       20.00%    passed     92.20%
 164  PonPyg_chrY_LOC129025945-E72.4_35664344_Q22.2A_C2_-       20.00%    passed     92.20%
 165  PonPyg_chrY_LOC129025947-E72.4_35731655_Q22.3B_C2_t       20.00%    passed     92.20%
 166  PonPyg_chrY_LOC129025947-E72.6_35731655_Q22.3B_C2_t       20.00%    passed     92.20%
 167  PonPyg_chrY_LOC129025947-E72.8_35731655_Q22.3B_C2_t       20.00%    passed     92.20%
 168  PonPyg_chrY_LOC129025960-E72.4_42384755_Q30A_C35_-        20.00%    passed     92.20%
 169  PonPyg_chrY_LOC129025913-E72.3_33814768_Q18A_C2_-         20.00%    passed     92.05%
 170  PonPyg_chrY_LOC129025923-E72.4_42461501_Q31B_C2_t         20.00%    passed     92.05%
 171  PonPyg_chrY_LOC129025923-E72.5_42461501_Q31B_C2_t         20.00%    passed     92.05%
 172  PonPyg_chrY_LOC129025923-E72.6_42461501_Q31B_C2_t         20.00%    passed     92.05%
 173  PonPyg_chrY_LOC129025923-E72.8_42461501_Q31B_C2_t         20.00%    passed     92.05%
 174  PonPyg_chrY_LOC129025923-E72.9_42461501_Q31B_C2_t         20.00%    passed     92.05%
 175  PonPyg_chrY_LOC129025923-E72.10_42461501_Q31B_C2_t        20.00%    passed     92.05%
 176  PonPyg_chrY_LOC129025923-E72.11_42461501_Q31B_C2_t        20.00%    passed     92.05%
 177  PonPyg_chrY_LOC129025923-E72.12_42461501_Q31B_C2_t        20.00%    passed     92.05%
 178  PonPyg_chrY_LOC129025923-E72.13_42461501_Q31B_C2_t        20.00%    passed     92.05%
 179  PonPyg_chrY_LOC129025923-E72.14_42461501_Q31B_C2_t        20.00%    passed     92.05%
 180  PonPyg_chrY_LOC129025923-E72.15_42461501_Q31B_C2_t        20.00%    passed     92.05%
 181  PonPyg_chrY_LOC129025961-E72.8_26220121_Q7.1A_C2_-        20.00%    passed     92.05%
 182  PonPyg_chrY_LOC129025961-E72.10_26220121_Q7.1A_C2_-       20.00%    passed     92.05%
 183  PonPyg_chrY_LOC129025961-E72.4_26220121_Q7.1A_C2_-        20.00%    passed     92.24%
 184  PonPyg_chrY_LOC129025961-E72.6_26220121_Q7.1A_C2_-        20.00%    passed     92.24%
 185  SymSyn_chrY_LOC129476757-E72.2_18127859_Q5B_nonC_t        20.00%    passed     98.14%
 186  SymSyn_chrY_LOC129476758-E72.2_18081065_Q5A_nonC_-        20.00%    passed     98.14%
 187  PanPan_chrY_LOC129395621-E72.8_9107812_Q22A_nonC_t        20.00%    passed     94.40%
 188  PonAbe_chrY_LOC129053200-E72.2_47246963_Q23.1A_C2_-       20.00%    passed     98.16%
 189  PonPyg_chrY_LOC129025945-E72.2_35664344_Q22.2A_C2_-       20.00%    passed     98.16%
 190  PonPyg_chrY_LOC129025947-E72.2_35731655_Q22.3B_C2_t       20.00%    passed     98.16%
 191  PonPyg_chrY_LOC129025961-E72.2_26220121_Q7.1A_C2_-        20.00%    passed     98.16%
 192  PonPyg_chrY_LOC129025963-E72.2_26306805_Q7.3B_C2_t        20.00%    passed     98.16%
 193  PonPyg_chrY_LOC129025960-E72.2_42384755_Q30A_C35_-        20.00%    passed     92.89%
 194  PonPyg_chrY_LOC129025913-E72.1_33814768_Q18A_C2_-         20.00%    passed     79.54%
 195  PonPyg_chrY_LOC129025923-E72.1_42461501_Q31B_C2_t         20.00%    passed     92.89%
 196  PonPyg_chrY_LOC129025963-E72.3_26306805_Q7.3B_C2_t        20.00%    passed     94.71%
 197  GorGor_chrY_LOC129530216-E72.1_42879918_Q18.1.B_nonC_t    20.00%    passed     88.05%
 198  HomSap_chrY_DAZ2-E72.1_25661821_Q11.3B_nonC_t             20.00%    passed     73.80%
 199  HomSap_chrY_DAZ1-E72.1_23965003_Q8A_nonC_-                20.00%    passed     79.97%
 200  HomSap_chrY_DAZ3-E72.1_24046728_Q9.2B_nonC_t              20.00%    passed     79.97%
 201  HomSap_chrY_DAZ4-E72.1_25571713_Q11.1A_nonC_-             20.00%    passed     79.97%
 202  PonAbe_chrY_LOC129053200-E72.1_47246963_Q23.1A_C2_-       20.00%    passed     85.99%
 203  PonPyg_chrY_LOC129025945-E72.1_35664344_Q22.2A_C2_-       20.00%    passed     85.99%
 204  PonPyg_chrY_LOC129025947-E72.1_35731655_Q22.3B_C2_t       20.00%    passed     85.99%
 205  PonPyg_chrY_LOC129025960-E72.1_42384755_Q30A_C35_-        20.00%    passed     85.99%
 206  PonPyg_chrY_LOC129025961-E72.1_26220121_Q7.1A_C2_-        20.00%    passed     85.99%
 207  PonPyg_chrY_LOC129025963-E72.1_26306805_Q7.3B_C2_t        20.00%    passed     85.99%
 208  PonPyg_chrY_LOC129025923-E72.2_42461501_Q31B_C2_t         20.00%    passed     99.20%
 209  GorGor_chrY_DAZ1-E72.11_42783133_Q18.1.A_nonC_-           20.00%    passed     92.02%
 210  GorGor_chrY_LOC129530216-E72.11_42879918_Q18.1.B_nonC_t   20.00%    passed     92.02%
 211  HomSap_chrY_DAZ1-E72.9_23965003_Q8A_nonC_-                20.00%    passed     96.13%
 212  HomSap_chrY_DAZ2-E72.16_25661821_Q11.3B_nonC_t            20.00%    passed     96.13%
 213  HomSap_chrY_DAZ3-E72.10_24046728_Q9.2B_nonC_t             20.00%    passed     96.13%
 214  HomSap_chrY_DAZ4-E72.14_25571713_Q11.1A_nonC_-            20.00%    passed     96.13%
 215  PanTro_chrY_LOC738636-E72.12_19278362_Q8.1A_C2_t          20.00%    passed     96.13%
 216  PanTro_chrY_LOC744621-E72.7_9432523_Q12.2B_C2_-           20.00%    passed     96.13%
 217  PanTro_chrY_LOC749905-E72.7_9511429_Q12.1A_C2_t           20.00%    passed     96.13%
 218  PanTro_chrY_LOC112208053-E72.9_19207853_Q8.2B_C2_-        20.00%    passed     96.13%
 219  PanPan_chrY_LOC129395530-E72.9_9036315_Q23B_C2_-          21.11%    passed     97.90%
 220  PanPan_chrY_LOC129395621-E72.7_9107812_Q22A_nonC_t        20.00%    passed     94.40%
 221  PonAbe_chrY_LOC129053177-E72.4_40287231_Q13A_C2_-          0.00%    passed     86.98%
 222  PonAbe_chrY_LOC129053245-E72.7_40367975_Q13B_C2_t          0.00%    passed     86.98%
 223  PonAbe_chrY_LOC129053304-E72.3_50717647_Q29A_C2_-          0.00%    passed     86.98%
 224  PonAbe_chrY_LOC129053304-E72.7_50717647_Q29A_C2_-          0.00%    passed     86.98%
 225  PonAbe_chrY_LOC129053305-E72.3_50800706_Q29B_C2_t          0.00%    passed     86.98%
 226  PonAbe_chrY_LOC129053305-E72.7_50800706_Q29B_C2_t          0.00%    passed     86.98%
 227  PonPyg_chrY_LOC129025914-E72.5_33882908_Q18B_C2_t          0.00%    passed     86.98%
 228  PonPyg_chrY_LOC129025942-E72.3_28033868_Q9.3B_C2_t         0.00%    passed     86.98%
 229  PonPyg_chrY_LOC129025942-E72.5_28033868_Q9.3B_C2_t         0.00%    passed     86.98%
 230  PonPyg_chrY_LOC129025942-E72.7_28033868_Q9.3B_C2_t         0.00%    passed     86.98%
 231  PonPyg_chrY_LOC129025944-E72.3_27937117_Q9.2A_C2_-         0.00%    passed     86.98%
 232  PonPyg_chrY_LOC129025944-E72.5_27937117_Q9.2A_C2_-         0.00%    passed     86.98%
 233  PonPyg_chrY_LOC129025944-E72.7_27937117_Q9.2A_C2_-         0.00%    passed     86.98%
 234  PonPyg_chrY_LOC129025944-E72.9_27937117_Q9.2A_C2_-         0.00%    passed     86.98%
 235  PonPyg_chrY_LOC129025947-E72.5_35731655_Q22.3B_C2_t        0.00%    passed     86.98%
 236  PonPyg_chrY_LOC129025947-E72.7_35731655_Q22.3B_C2_t        0.00%    passed     86.98%
 237  PonAbe_chrY_LOC129053245-E72.3_40367975_Q13B_C2_t          0.00%    passed     77.95%
 238  PonAbe_chrY_LOC129053200-E72.3_47246963_Q23.1A_C2_-        0.00%    passed     66.67%
 239  PonAbe_chrY_LOC129053245-E72.1_40367975_Q13B_C2_t          0.00%    passed     66.67%
 240  PonAbe_chrY_LOC129053304-E72.1_50717647_Q29A_C2_-          0.00%    passed     66.67%
 241  PonPyg_chrY_LOC129025914-E72.1_33882908_Q18B_C2_t          0.00%    passed     66.67%
 242  PonPyg_chrY_LOC129025942-E72.1_28033868_Q9.3B_C2_t         0.00%    passed     66.67%
 243  PonPyg_chrY_LOC129025944-E72.1_27937117_Q9.2A_C2_-         0.00%    passed     66.67%
 244  PonPyg_chrY_LOC129025945-E72.3_35664344_Q22.2A_C2_-        0.00%    passed     66.67%
 245  PonPyg_chrY_LOC129025947-E72.3_35731655_Q22.3B_C2_t        0.00%    passed     66.67%
 246  PonPyg_chrY_LOC129025960-E72.3_42384755_Q30A_C35_-         0.00%    passed     66.67%
 247  PonPyg_chrY_LOC129025961-E72.3_26220121_Q7.1A_C2_-         0.00%    passed     66.67%
 248  PonPyg_chrY_LOC129025913-E72.2_33814768_Q18A_C2_-          0.00%    passed     77.95%
 249  PonPyg_chrY_LOC129025923-E72.3_42461501_Q31B_C2_t          0.00%    passed     77.95%
 250  PonPyg_chrY_LOC129025923-E72.7_42461501_Q31B_C2_t          0.00%    passed     77.95%
 251  PonPyg_chrY_LOC129025961-E72.5_26220121_Q7.1A_C2_-         0.00%    passed     77.95%
 252  PonPyg_chrY_LOC129025961-E72.7_26220121_Q7.1A_C2_-         0.00%    passed     77.95%
 253  PonPyg_chrY_LOC129025961-E72.9_26220121_Q7.1A_C2_-         0.00%    passed     86.98%
 254  PonAbe_chrY_LOC129053305-E72.1_50800706_Q29B_C2_t          0.00%    passed     68.47%
 255  SymSyn_chrY_LOC129476757-E72.1_18127859_Q5B_nonC_t         0.00%    passed     83.87%
 256  SymSyn_chrY_LOC129476758-E72.1_18081065_Q5A_nonC_-         0.00%    passed     83.87%
****  TOTAL                                                     17.19%  0 sequences failed composition chi2 test (p-value<5%; df=3)
ERROR: Alignment does not have specified outgroup taxon --prefix
