IQ-TREE multicore version 2.3.6 for MacOS ARM 64-bit built Aug  1 2024
Developed by Bui Quang Minh, Nguyen Lam Tung, Olga Chernomor, Heiko Schmidt,
Dominik Schrempf, Michael Woodhams, Ly Trong Nhan, Thomas Wong

Host:    karol.bx.psu.edu (SSE4.2, 16 GB RAM)
Command: /Users/kxp5629/tools/iqtree-2.3.6-macOS/bin/iqtree2 -s output/CDY_CDYL_nodomain/alignment.dedup.fasta -bb 1000 --prefix output/CDY_CDYL_nodomain/tree -keep-ident --redo -o GorGor_chr5_CDYL_22394017_NA_nonC_t,HomSap_chr6_CDYL_4575080_NA_nonC_t,PanPan_chr5_CDYL_19400677_NA_nonC_t,PanTro_chr5_CDYL_10660151_NA_nonC_t,PonAbe_chr5_CDYL_4587803_NA_nonC_t,PonPyg_chr5_CDYL_4592538_NA_nonC_t,SymSyn_chr23_CDYL_65930269_NA_nonC_-
Seed:    754152 (Using SPRNG - Scalable Parallel Random Number Generator)
Time:    Thu Apr 23 17:25:41 2026
Kernel:  SSE2 - 1 threads (12 CPU cores detected)

HINT: Use -nt option to specify number of threads because your CPU has 12 cores!
HINT: -nt AUTO will automatically determine the best number of threads to use.

Reading alignment file output/CDY_CDYL_nodomain/alignment.dedup.fasta ... Fasta format detected
Reading fasta file: done in 0.000406981 secs using 84.77% CPU
Alignment most likely contains DNA/RNA sequences
Alignment has 37 sequences with 870 columns, 168 distinct patterns
324 parsimony-informative, 33 singleton sites, 513 constant sites
                                                                           Gap/Ambiguity  Composition  p-value
Analyzing sequences: done in 1.00136e-05 secs using 79.89% CPU
   1  GorGor_chrY_LOC129530301-exPG_16914474_nonP-closest-Q4.A-at-199039_nonC_t    1.03%    passed     77.83%
   2  GorGor_chrY_LOC129530299-exPG_18481620_nonP-closest-Q7.B-at-37060_nonC_t     1.03%    passed     81.47%
   3  GorGor_chrY_LOC129530297-exPG_17829216_nonP-closest-Q7.A-at-37178_nonC_-     1.03%    passed     85.49%
   4  HomSap_chrY_CDY1_26434508_nonP-closest-Q12B-at-66643_nonC_t                  1.38%    passed     84.95%
   5  HomSap_chrY_CDY2A_18932262_Q4B_nonC_t                                        1.03%    passed     80.68%
   6  PanPan_chrY_LOC129395542-exPG_7871634_nonP-closest-Q22B-at-452392_nonC_t     1.03%    passed     96.72%
   7  PanTro_chrY_LOC129388401-exPG_20105906_Q7.1B_C38_-                           1.03%    passed     96.79%
   8  PanTro_chrY_LOC745547_5358723_nonP-closest-Q14B-at-988449_nonC_t             1.03%    passed     97.70%
   9  PanTro_chrY_LOC744070_10716099_Q11B_nonC_-                                   1.03%    passed     97.93%
  10  PanTro_chrY_LOC739157_10854594_Q11A_nonC_t                                   1.03%    passed     96.75%
  11  PonAbe_chrY_LOC129053503_51692121_Q30B_C1_t                                  1.03%    passed     26.02%
  12  PonAbe_chrY_LOC129053496_50227701_nonP-closest-Q28A-at-16957_nonC_-          1.03%    passed     43.01%
  13  PonAbe_chrY_LOC129053476_45770263_Q20B_C1_t                                  1.03%    passed     59.06%
  14  PonAbe_chrY_LOC129053442_37080427_Q7B_C1_t                                   1.03%    passed     75.65%
  15  PonAbe_chrY_LOC129053440_35954132_Q5.1B_C1_t                                 1.38%    passed     46.04%
  16  PonAbe_chrY_LOC129053358_52467350_Q31B_C1_t                                  1.03%    passed     65.32%
  17  PonAbe_chrY_LOC129053357_52307689_Q4A_C3_-                                   1.03%    passed     69.78%
  18  PonAbe_chrY_LOC129053199_46540858_Q21.2B_C1_t                                1.03%    passed     79.68%
  19  PonAbe_chrY_LOC129053180_42034652_Q15B_C1_t                                  1.03%    passed     62.87%
  20  PonAbe_chrY_LOC129053178_41874974_Q15A_C1_-                                  1.03%    passed     66.33%
  21  PonAbe_chrY_LOC129053145_56048677_Q36B_C1_t                                  1.03%    passed     77.69%
  22  PonAbe_chrY_LOC129053139_54584688_nonP-closest-Q34A-at-16949_nonC_-          1.03%    passed     47.14%
  23  PonPyg_chrY_LOC129025721-exPG_29831016_Q11B_C1_t                             1.03%    passed     54.90%
  24  PonPyg_chrY_LOC129025917_33323942_nonP-closest-Q16A-at-16966_nonC_-          1.03%    passed     43.33%
  25  PonPyg_chrY_LOC129025902_29061134_Q10.1B_C1_t                                1.03%    passed     75.56%
  26  PonPyg_chrY_LOC129025901_36614912_Q23B_C1_t                                  1.03%    passed     23.11%
  27  PonPyg_chrY_LOC129025898_36502421_Q23A_C1_-                                  1.03%    passed     26.02%
  28  PonPyg_chrY_LOC129025896_25891571_Q5.1A_C1_-                                 7.24%    passed     60.20%
  29  PonPyg_chrY_LOC129025890_34656667_Q19A_C1_-                                  1.03%    passed     67.01%
  30  SymSyn_chrY_LOC129476678_19362995_Q6.1A_nonC_-                               1.03%    passed     62.28%
  31  GorGor_chr5_CDYL_22394017_NA_nonC_t                                          0.34%    failed      0.00%
  32  HomSap_chr6_CDYL_4575080_NA_nonC_t                                           0.34%    failed      0.00%
  33  PanPan_chr5_CDYL_19400677_NA_nonC_t                                          0.34%    failed      0.00%
  34  PanTro_chr5_CDYL_10660151_NA_nonC_t                                          0.34%    failed      0.00%
  35  PonAbe_chr5_CDYL_4587803_NA_nonC_t                                           0.34%    failed      0.01%
  36  PonPyg_chr5_CDYL_4592538_NA_nonC_t                                           0.34%    failed      0.00%
  37  SymSyn_chr23_CDYL_65930269_NA_nonC_-                                         0.34%    failed      0.00%
****  TOTAL                                                                        1.09%  7 sequences failed composition chi2 test (p-value<5%; df=3)


Create initial parsimony tree by phylogenetic likelihood library (PLL)... 0.001 seconds
Perform fast likelihood tree search using GTR+I+G model...
Estimate model parameters (epsilon = 5.000)
Perform nearest neighbor interchange...
Estimate model parameters (epsilon = 1.000)
1. Initial log-likelihood: -3210.820
Optimal log-likelihood: -3210.577
Rate parameters:  A-C: 0.76379  A-G: 3.17419  A-T: 0.28053  C-G: 1.28506  C-T: 3.60788  G-T: 1.00000
Base frequencies:  A: 0.344  C: 0.220  G: 0.231  T: 0.206
Proportion of invariable sites: 0.278
Gamma shape alpha: 998.213
Parameters optimization took 1 rounds (0.005 sec)
Time for fast ML tree search: 0.060 seconds

NOTE: ModelFinder requires 2 MB RAM!
ModelFinder will test up to 484 DNA models (sample size: 870 epsilon: 0.100) ...
 No. Model         -LnL         df  AIC          AICc         BIC
  1  GTR+F         3213.051     79  6584.103     6600.103     6960.814
  2  GTR+F+I       3209.662     80  6579.323     6595.749     6960.803
  3  GTR+F+G4      3208.629     80  6577.257     6593.683     6958.737
  4  GTR+F+I+G4    3210.207     81  6582.413     6599.271     6968.661
  5  GTR+F+R2      3208.846     81  6579.692     6596.550     6965.940
  6  GTR+F+R3      3208.698     83  6583.397     6601.137     6979.182
 14  GTR+F+I+R2    3209.594     82  6583.188     6600.485     6974.205
 15  GTR+F+I+R3    3209.534     84  6587.068     6605.259     6987.621
 23  SYM           3230.778     76  6613.555     6628.314     6975.961
 24  SYM+I         3228.005     77  6610.010     6625.176     6977.184
 25  SYM+G4        3226.866     77  6607.732     6622.899     6974.906
 26  SYM+I+G4      3228.572     78  6613.143     6628.724     6985.086
 27  SYM+R2        3227.067     78  6610.135     6625.715     6982.077
 45  TVM+F         3213.633     78  6583.266     6598.846     6955.209
 46  TVM+F+I       3210.100     79  6578.200     6594.200     6954.911
 47  TVM+F+G4      3209.068     79  6576.137     6592.137     6952.848
 48  TVM+F+I+G4    3210.402     80  6580.803     6597.229     6962.283
 49  TVM+F+R2      3209.249     80  6578.497     6594.923     6959.977
 67  TVMe          3231.207     75  6612.414     6626.771     6970.050
 68  TVMe+I        3228.449     76  6608.898     6623.657     6971.304
 69  TVMe+G4       3227.342     76  6606.683     6621.442     6969.089
 70  TVMe+I+G4     3228.884     77  6611.769     6626.935     6978.943
 71  TVMe+R2       3227.527     77  6609.054     6624.220     6976.228
 89  TIM3+F        3220.812     77  6595.624     6610.790     6962.798
 90  TIM3+F+I      3217.953     78  6591.905     6607.486     6963.848
 91  TIM3+F+G4     3216.858     78  6589.716     6605.296     6961.658
 92  TIM3+F+I+G4   3218.317     79  6594.634     6610.634     6971.345
 93  TIM3+F+R2     3217.047     79  6592.094     6608.094     6968.805
111  TIM3e         3235.904     74  6619.809     6633.771     6972.677
112  TIM3e+I       3233.219     75  6616.438     6630.795     6974.075
113  TIM3e+G4      3231.989     75  6613.978     6628.336     6971.615
114  TIM3e+I+G4    3233.570     76  6619.140     6633.899     6981.545
115  TIM3e+R2      3232.208     76  6616.416     6631.175     6978.821
133  TIM2+F        3218.172     77  6590.345     6605.512     6957.519
134  TIM2+F+I      3214.493     78  6584.986     6600.567     6956.929
135  TIM2+F+G4     3213.531     78  6583.063     6598.643     6955.005
136  TIM2+F+I+G4   3214.571     79  6587.143     6603.143     6963.854
137  TIM2+F+R2     3213.695     79  6585.391     6601.391     6962.102
155  TIM2e         3236.568     74  6621.136     6635.099     6974.005
156  TIM2e+I       3233.535     75  6617.070     6631.428     6974.707
157  TIM2e+G4      3232.473     75  6614.945     6629.303     6972.582
158  TIM2e+I+G4    3233.699     76  6619.398     6634.157     6981.803
159  TIM2e+R2      3232.644     76  6617.288     6632.047     6979.694
177  TIM+F         3223.195     77  6600.391     6615.558     6967.565
178  TIM+F+I       3220.358     78  6596.717     6612.297     6968.659
179  TIM+F+G4      3219.272     78  6594.544     6610.124     6966.486
180  TIM+F+I+G4    3220.574     79  6599.147     6615.147     6975.858
181  TIM+F+R2      3219.439     79  6596.878     6612.878     6973.589
199  TIMe          3238.897     74  6625.793     6639.755     6978.662
200  TIMe+I        3236.262     75  6622.525     6636.882     6980.162
201  TIMe+G4       3235.046     75  6620.092     6634.449     6977.729
202  TIMe+I+G4     3236.468     76  6624.936     6639.695     6987.341
203  TIMe+R2       3235.247     76  6622.494     6637.253     6984.900
221  TPM3u+F       3221.422     76  6594.844     6609.603     6957.250
222  TPM3u+F+I     3218.477     77  6590.954     6606.120     6958.128
223  TPM3u+F+G4    3217.362     77  6588.723     6603.890     6955.897
224  TPM3u+F+I+G4  3218.596     78  6593.192     6608.772     6965.134
225  TPM3u+F+R2    3217.537     78  6591.073     6606.654     6963.016
243  TPM3          3236.289     73  6618.579     6632.152     6966.679
244  TPM3+I        3233.618     74  6615.235     6629.198     6968.104
245  TPM3+G4       3232.429     74  6612.859     6626.821     6965.727
246  TPM3+I+G4     3233.745     75  6617.489     6631.847     6975.126
247  TPM3+R2       3232.621     75  6615.242     6629.600     6972.879
265  TPM2u+F       3218.765     76  6589.530     6604.289     6951.936
266  TPM2u+F+I     3214.947     77  6583.894     6599.061     6951.068
267  TPM2u+F+G4    3213.994     77  6581.989     6597.156     6949.163
268  TPM2u+F+I+G4  3214.848     78  6585.696     6601.276     6957.638
269  TPM2u+F+R2    3214.150     78  6584.300     6599.880     6956.242
287  TPM2          3236.979     73  6619.957     6633.530     6968.057
288  TPM2+I        3233.951     74  6615.903     6629.865     6968.771
289  TPM2+G4       3232.917     74  6613.833     6627.796     6966.702
290  TPM2+I+G4     3233.942     75  6617.884     6632.241     6975.521
291  TPM2+R2       3233.068     75  6616.136     6630.494     6973.773
309  K3Pu+F        3223.818     76  6599.635     6614.394     6962.041
310  K3Pu+F+I      3220.901     77  6595.802     6610.969     6962.976
311  K3Pu+F+G4     3219.800     77  6593.601     6608.767     6960.775
312  K3Pu+F+I+G4   3220.916     78  6597.832     6613.412     6969.774
313  K3Pu+F+R2     3219.955     78  6595.911     6611.491     6967.853
331  K3P           3239.260     73  6624.521     6638.094     6972.621
332  K3P+I         3236.634     74  6621.267     6635.230     6974.136
333  K3P+G4        3235.454     74  6618.907     6632.869     6971.776
334  K3P+I+G4      3236.659     75  6623.318     6637.676     6980.955
335  K3P+R2        3235.628     75  6621.255     6635.613     6978.892
353  TN+F          3224.287     76  6600.575     6615.334     6962.980
354  TN+F+I        3221.339     77  6596.677     6611.844     6963.851
355  TN+F+G4       3220.284     77  6594.569     6609.735     6961.742
356  TN+F+I+G4     3221.295     78  6598.589     6614.169     6970.532
357  TN+F+R2       3220.431     78  6596.862     6612.442     6968.804
375  TNe           3240.008     73  6626.016     6639.589     6974.116
376  TNe+I         3237.244     74  6622.488     6636.450     6975.356
377  TNe+G4        3236.065     74  6620.130     6634.092     6972.999
378  TNe+I+G4      3237.178     75  6624.356     6638.714     6981.993
379  TNe+R2        3236.238     75  6622.475     6636.833     6980.112
397  HKY+F         3224.918     75  6599.836     6614.193     6957.473
398  HKY+F+I       3221.892     76  6595.784     6610.543     6958.190
399  HKY+F+G4      3220.824     76  6593.649     6608.408     6956.054
400  HKY+F+I+G4    3221.788     77  6597.577     6612.743     6964.751
401  HKY+F+R2      3220.969     77  6595.939     6611.105     6963.112
419  K2P           3240.370     72  6624.740     6637.930     6968.072
420  K2P+I         3237.612     73  6621.224     6634.797     6969.324
421  K2P+G4        3236.469     73  6618.938     6632.510     6967.038
422  K2P+I+G4      3237.508     74  6623.016     6636.978     6975.884
423  K2P+R2        3236.630     74  6621.259     6635.221     6974.128
441  F81+F         3308.805     74  6765.609     6779.571     7118.478
442  F81+F+I       3305.975     75  6761.950     6776.308     7119.587
443  F81+F+G4      3304.766     75  6759.532     6773.890     7117.169
444  F81+F+I+G4    3305.811     76  6763.621     6778.381     7126.027
445  F81+F+R2      3304.926     76  6761.852     6776.611     7124.258
463  JC            3327.020     71  6796.041     6808.853     7134.604
464  JC+I          3324.276     72  6792.552     6805.742     7135.884
465  JC+G4         3323.040     72  6790.080     6803.269     7133.411
466  JC+I+G4       3324.092     73  6794.185     6807.758     7142.285
467  JC+R2         3323.205     73  6792.410     6805.983     7140.510
Akaike Information Criterion:           TVM+F+G4
Corrected Akaike Information Criterion: TVM+F+G4
Bayesian Information Criterion:         TPM2u+F+G4
Best-fit model: TPM2u+F+G4 chosen according to BIC

All model information printed to output/CDY_CDYL_nodomain/tree.model.gz
CPU time for ModelFinder: 0.671 seconds (0h:0m:0s)
Wall-clock time for ModelFinder: 0.682 seconds (0h:0m:0s)
Generating 1000 samples for ultrafast bootstrap (seed: 754152)...

NOTE: 1 MB RAM (0 GB) is required!
Estimate model parameters (epsilon = 0.100)
1. Initial log-likelihood: -3304.790
2. Current log-likelihood: -3214.425
3. Current log-likelihood: -3214.012
Optimal log-likelihood: -3213.987
Rate parameters:  A-C: 0.47056  A-G: 2.89713  A-T: 0.47056  C-G: 1.00000  C-T: 2.89713  G-T: 1.00000
Base frequencies:  A: 0.344  C: 0.220  G: 0.231  T: 0.206
Gamma shape alpha: 2.009
Parameters optimization took 3 rounds (0.018 sec)
Wrote distance file to... 
Computing ML distances based on estimated model parameters...
Calculating distance matrix: done in 0.00266099 secs using 99.17% CPU
Computing ML distances took 0.002693 sec (of wall-clock time) 0.002666 sec (of CPU time)
Setting up auxiliary I and S matrices: done in 3.79086e-05 secs using 65.95% CPU
Computing RapidNJ tree took 0.000122 sec (of wall-clock time) 0.000091 sec (of CPU time)
Log-likelihood of RapidNJ tree: -3231.579
--------------------------------------------------------------------
|             INITIALIZING CANDIDATE TREE SET                      |
--------------------------------------------------------------------
Generating 98 parsimony trees... 0.070 second
Computing log-likelihood of 98 initial trees ... 0.089 seconds
Current best score: -3213.957

Do NNI search on 20 best initial trees
Estimate model parameters (epsilon = 0.100)
BETTER TREE FOUND at iteration 1: -3213.888
Iteration 10 / LogL: -3213.888 / Time: 0h:0m:1s
Iteration 20 / LogL: -3213.888 / Time: 0h:0m:1s
Finish initializing candidate tree set (8)
Current best tree score: -3213.888 / CPU time: 0.462
Number of iterations: 20
--------------------------------------------------------------------
|               OPTIMIZING CANDIDATE TREE SET                      |
--------------------------------------------------------------------
Iteration 30 / LogL: -3215.701 / Time: 0h:0m:1s (0h:0m:1s left)
Iteration 40 / LogL: -3213.890 / Time: 0h:0m:1s (0h:0m:1s left)
Iteration 50 / LogL: -3215.706 / Time: 0h:0m:1s (0h:0m:1s left)
Log-likelihood cutoff on original alignment: -3239.578
Iteration 60 / LogL: -3213.890 / Time: 0h:0m:2s (0h:0m:1s left)
Iteration 70 / LogL: -3213.893 / Time: 0h:0m:2s (0h:0m:0s left)
UPDATE BEST LOG-LIKELIHOOD: -3213.888
Iteration 80 / LogL: -3213.891 / Time: 0h:0m:2s (0h:0m:0s left)
Iteration 90 / LogL: -3213.948 / Time: 0h:0m:3s (0h:0m:0s left)
Iteration 100 / LogL: -3213.892 / Time: 0h:0m:3s (0h:0m:0s left)
Log-likelihood cutoff on original alignment: -3240.477
NOTE: Bootstrap correlation coefficient of split occurrence frequencies: 0.996
TREE SEARCH COMPLETED AFTER 102 ITERATIONS / Time: 0h:0m:3s

--------------------------------------------------------------------
|                    FINALIZING TREE SEARCH                        |
--------------------------------------------------------------------
Performs final model parameters optimization
Estimate model parameters (epsilon = 0.010)
1. Initial log-likelihood: -3213.888
Optimal log-likelihood: -3213.888
Rate parameters:  A-C: 0.45939  A-G: 2.87254  A-T: 0.45939  C-G: 1.00000  C-T: 2.87254  G-T: 1.00000
Base frequencies:  A: 0.344  C: 0.220  G: 0.231  T: 0.206
Gamma shape alpha: 1.964
Parameters optimization took 1 rounds (0.004 sec)
BEST SCORE FOUND : -3213.888
Creating bootstrap support values...
Split supports printed to NEXUS file output/CDY_CDYL_nodomain/tree.splits.nex
Total tree length: 0.657

Total number of iterations: 102
CPU time used for tree search: 2.701 sec (0h:0m:2s)
Wall-clock time used for tree search: 2.738 sec (0h:0m:2s)
Total CPU time used: 3.442 sec (0h:0m:3s)
Total wall-clock time used: 3.512 sec (0h:0m:3s)

Computing bootstrap consensus tree...
Reading input file output/CDY_CDYL_nodomain/tree.splits.nex...
37 taxa and 218 splits.
Consensus tree written to output/CDY_CDYL_nodomain/tree.contree
Reading input trees file output/CDY_CDYL_nodomain/tree.contree
Log-likelihood of consensus tree: -3213.907

Analysis results written to: 
  IQ-TREE report:                output/CDY_CDYL_nodomain/tree.iqtree
  Maximum-likelihood tree:       output/CDY_CDYL_nodomain/tree.treefile
  Likelihood distances:          output/CDY_CDYL_nodomain/tree.mldist

Ultrafast bootstrap approximation results written to:
  Split support values:          output/CDY_CDYL_nodomain/tree.splits.nex
  Consensus tree:                output/CDY_CDYL_nodomain/tree.contree
  Screen log file:               output/CDY_CDYL_nodomain/tree.log

Date and Time: Thu Apr 23 17:25:45 2026
